

================================================================
== Vivado HLS Report for 'rgb2yuv'
================================================================
* Date:           Thu May 13 18:22:38 2021

* Version:        2017.1 (Build 1846317 on Fri Apr 14 19:19:38 MDT 2017)
* Project:        yuv_filter.prj
* Solution:       solution2
* Product family: zynq
* Target device:  xc7z010clg400-1


================================================================
== Performance Estimates
================================================================
+ Timing (ns): 
    * Summary: 
    +--------+-------+----------+------------+
    |  Clock | Target| Estimated| Uncertainty|
    +--------+-------+----------+------------+
    |ap_clk  |   8.00|      9.34|        1.00|
    +--------+-------+----------+------------+

+ Latency (clock cycles): 
    * Summary: 
    +-------+---------+-------+---------+---------+
    |     Latency     |     Interval    | Pipeline|
    |  min  |   max   |  min  |   max   |   Type  |
    +-------+---------+-------+---------+---------+
    |  40012|  2457612|  40012|  2457612|   none  |
    +-------+---------+-------+---------+---------+

    + Detail: 
        * Instance: 
        N/A

        * Loop: 
        +---------------------------------+-------+---------+----------+-----------+-----------+-----------------+----------+
        |                                 |     Latency     | Iteration|  Initiation Interval  |       Trip      |          |
        |            Loop Name            |  min  |   max   |  Latency |  achieved |   target  |      Count      | Pipelined|
        +---------------------------------+-------+---------+----------+-----------+-----------+-----------------+----------+
        |- RGB2YUV_LOOP_X_RGB2YUV_LOOP_Y  |  40010|  2457610|        12|          1|          1| 40000 ~ 2457600 |    yes   |
        +---------------------------------+-------+---------+----------+-----------+-----------+-----------------+----------+

============================================================
+ Verbose Summary: Synthesis Manager
============================================================
InlineROM: 1
ExposeGlobal: 0
============================================================
+ Verbose Summary: CDFG Model
============================================================
IsTopModel: 0
ResetActiveHigh: 1
IsCombinational: 0
IsDatapathOnly: 0
HasWiredReturn: 1
HasMFsm: 0
HasVarLatency: 1
IsPipeline: 0
IsRtlPipelined: 0
IsInstanceOverlapped: 0
IsDontTouch: 0
HasImplIP: 0
IsGatedGlobalClock: 0

+ Individual pipeline summary: 
  * Pipeline-0: initiation interval (II) = 1, depth = 12


============================================================
+ Verbose Summary: Schedule
============================================================
* Number of FSM states: 14
* Pipeline: 1
  Pipeline-0: II = 1, D = 12, States = { 2 3 4 5 6 7 8 9 10 11 12 13 }
* Dataflow Pipeline: 0

* FSM state transitions: 
1 --> 
	2  / true
2 --> 
	14  / (exitcond_flatten)
	3  / (!exitcond_flatten)
3 --> 
	4  / true
4 --> 
	5  / true
5 --> 
	6  / true
6 --> 
	7  / true
7 --> 
	8  / true
8 --> 
	9  / true
9 --> 
	10  / true
10 --> 
	11  / true
11 --> 
	12  / true
12 --> 
	13  / true
13 --> 
	2  / true
14 --> 
* FSM state operations: 

 <State 1>: 6.38ns
ST_1: in_height_read11 (9)  [1/1] 0.00ns
:0  %in_height_read11 = call i16 @_ssdm_op_Read.ap_auto.i16(i16 %in_height_read)

ST_1: in_width_read_3 (10)  [1/1] 0.00ns
:1  %in_width_read_3 = call i16 @_ssdm_op_Read.ap_auto.i16(i16 %in_width_read)

ST_1: cast (11)  [1/1] 0.00ns
:2  %cast = zext i16 %in_width_read_3 to i32

ST_1: cast1 (12)  [1/1] 0.00ns
:3  %cast1 = zext i16 %in_height_read11 to i32

ST_1: bound (13)  [1/1] 6.38ns
:4  %bound = mul i32 %cast1, %cast

ST_1: StgValue_20 (14)  [1/1] 1.77ns  loc: yuv_filter.c:49
:5  br label %1


 <State 2>: 5.10ns
ST_2: indvar_flatten (16)  [1/1] 0.00ns
:0  %indvar_flatten = phi i32 [ 0, %0 ], [ %indvar_flatten_next, %.reset ]

ST_2: x (17)  [1/1] 0.00ns  loc: yuv_filter.c:54
:1  %x = phi i16 [ 0, %0 ], [ %tmp_mid2_v, %.reset ]

ST_2: y (18)  [1/1] 0.00ns
:2  %y = phi i16 [ 0, %0 ], [ %y_3, %.reset ]

ST_2: exitcond_flatten (19)  [1/1] 3.26ns
:3  %exitcond_flatten = icmp eq i32 %indvar_flatten, %bound

ST_2: indvar_flatten_next (20)  [1/1] 3.44ns
:4  %indvar_flatten_next = add i32 %indvar_flatten, 1

ST_2: StgValue_26 (21)  [1/1] 0.00ns
:5  br i1 %exitcond_flatten, label %2, label %.reset

ST_2: x_3 (23)  [1/1] 2.96ns  loc: yuv_filter.c:49
.reset:0  %x_3 = add i16 1, %x

ST_2: exitcond9 (26)  [1/1] 3.03ns  loc: yuv_filter.c:52
.reset:3  %exitcond9 = icmp eq i16 %y, %in_height_read11

ST_2: y_mid2 (27)  [1/1] 2.07ns  loc: yuv_filter.c:52
.reset:4  %y_mid2 = select i1 %exitcond9, i16 0, i16 %y

ST_2: tmp_mid2_v (28)  [1/1] 2.07ns  loc: yuv_filter.c:54
.reset:5  %tmp_mid2_v = select i1 %exitcond9, i16 %x_3, i16 %x

ST_2: tmp (29)  [1/1] 0.00ns  loc: yuv_filter.c:54
.reset:6  %tmp = trunc i16 %tmp_mid2_v to i13

ST_2: tmp_21 (31)  [1/1] 0.00ns  loc: yuv_filter.c:54
.reset:8  %tmp_21 = trunc i16 %tmp_mid2_v to i15


 <State 3>: 4.11ns
ST_3: p_shl_cast (30)  [1/1] 0.00ns  loc: yuv_filter.c:54
.reset:7  %p_shl_cast = call i23 @_ssdm_op_BitConcatenate.i23.i13.i10(i13 %tmp, i10 0)

ST_3: p_shl7_cast (32)  [1/1] 0.00ns  loc: yuv_filter.c:54
.reset:9  %p_shl7_cast = call i23 @_ssdm_op_BitConcatenate.i23.i15.i8(i15 %tmp_21, i8 0)

ST_3: tmp_s (33)  [1/1] 2.05ns  loc: yuv_filter.c:54
.reset:10  %tmp_s = add i23 %p_shl_cast, %p_shl7_cast

ST_3: tmp_cast (37)  [1/1] 0.00ns  loc: yuv_filter.c:54
.reset:14  %tmp_cast = zext i16 %y_mid2 to i23

ST_3: tmp_20 (38)  [1/1] 2.05ns  loc: yuv_filter.c:54
.reset:15  %tmp_20 = add i23 %tmp_cast, %tmp_s

ST_3: y_3 (102)  [1/1] 2.96ns  loc: yuv_filter.c:52
.reset:79  %y_3 = add i16 1, %y_mid2


 <State 4>: 3.25ns
ST_4: tmp_42_cast (39)  [1/1] 0.00ns  loc: yuv_filter.c:54
.reset:16  %tmp_42_cast = zext i23 %tmp_20 to i64

ST_4: in_channels_ch1_addr (40)  [1/1] 0.00ns  loc: yuv_filter.c:54
.reset:17  %in_channels_ch1_addr = getelementptr [2457600 x i8]* %in_channels_ch1, i64 0, i64 %tmp_42_cast

ST_4: in_channels_ch2_addr (41)  [1/1] 0.00ns  loc: yuv_filter.c:55
.reset:18  %in_channels_ch2_addr = getelementptr [2457600 x i8]* %in_channels_ch2, i64 0, i64 %tmp_42_cast

ST_4: R (46)  [4/4] 3.25ns  loc: yuv_filter.c:54
.reset:23  %R = load i8* %in_channels_ch1_addr, align 1

ST_4: G (47)  [4/4] 3.25ns  loc: yuv_filter.c:55
.reset:24  %G = load i8* %in_channels_ch2_addr, align 1


 <State 5>: 3.25ns
ST_5: R (46)  [3/4] 3.25ns  loc: yuv_filter.c:54
.reset:23  %R = load i8* %in_channels_ch1_addr, align 1

ST_5: G (47)  [3/4] 3.25ns  loc: yuv_filter.c:55
.reset:24  %G = load i8* %in_channels_ch2_addr, align 1


 <State 6>: 3.25ns
ST_6: in_channels_ch3_addr (42)  [1/1] 0.00ns  loc: yuv_filter.c:56
.reset:19  %in_channels_ch3_addr = getelementptr [2457600 x i8]* %in_channels_ch3, i64 0, i64 %tmp_42_cast

ST_6: R (46)  [2/4] 3.25ns  loc: yuv_filter.c:54
.reset:23  %R = load i8* %in_channels_ch1_addr, align 1

ST_6: G (47)  [2/4] 3.25ns  loc: yuv_filter.c:55
.reset:24  %G = load i8* %in_channels_ch2_addr, align 1

ST_6: B (48)  [4/4] 3.25ns  loc: yuv_filter.c:56
.reset:25  %B = load i8* %in_channels_ch3_addr, align 1


 <State 7>: 3.25ns
ST_7: R (46)  [1/4] 3.25ns  loc: yuv_filter.c:54
.reset:23  %R = load i8* %in_channels_ch1_addr, align 1

ST_7: G (47)  [1/4] 3.25ns  loc: yuv_filter.c:55
.reset:24  %G = load i8* %in_channels_ch2_addr, align 1

ST_7: B (48)  [3/4] 3.25ns  loc: yuv_filter.c:56
.reset:25  %B = load i8* %in_channels_ch3_addr, align 1


 <State 8>: 5.51ns
ST_8: B (48)  [2/4] 3.25ns  loc: yuv_filter.c:56
.reset:25  %B = load i8* %in_channels_ch3_addr, align 1

ST_8: tmp_40_cast1 (49)  [1/1] 0.00ns  loc: yuv_filter.c:57
.reset:26  %tmp_40_cast1 = zext i8 %R to i16

ST_8: tmp_42_cast1 (55)  [1/1] 0.00ns  loc: yuv_filter.c:57
.reset:32  %tmp_42_cast1 = zext i8 %G to i16

ST_8: tmp_26 (73)  [3/3] 5.51ns  loc: yuv_filter.c:58
.reset:50  %tmp_26 = mul i16 -74, %tmp_42_cast1

ST_8: tmp_30 (85)  [3/3] 5.51ns  loc: yuv_filter.c:59
.reset:62  %tmp_30 = mul i16 122, %tmp_40_cast1


 <State 9>: 5.51ns
ST_9: B (48)  [1/4] 3.25ns  loc: yuv_filter.c:56
.reset:25  %B = load i8* %in_channels_ch3_addr, align 1

ST_9: tmp_42_cast2 (56)  [1/1] 0.00ns  loc: yuv_filter.c:57
.reset:33  %tmp_42_cast2 = zext i8 %G to i9

ST_9: tmp4 (64)  [1/1] 2.82ns  loc: yuv_filter.c:57
.reset:41  %tmp4 = add i9 128, %tmp_42_cast2

ST_9: tmp_26 (73)  [2/3] 5.51ns  loc: yuv_filter.c:58
.reset:50  %tmp_26 = mul i16 -74, %tmp_42_cast1

ST_9: tmp_30 (85)  [2/3] 5.51ns  loc: yuv_filter.c:59
.reset:62  %tmp_30 = mul i16 122, %tmp_40_cast1


 <State 10>: 8.33ns
ST_10: p_shl5 (51)  [1/1] 0.00ns  loc: yuv_filter.c:57
.reset:28  %p_shl5 = call i14 @_ssdm_op_BitConcatenate.i14.i8.i6(i8 %R, i6 0)

ST_10: p_shl5_cast (52)  [1/1] 0.00ns  loc: yuv_filter.c:57
.reset:29  %p_shl5_cast = zext i14 %p_shl5 to i15

ST_10: p_shl6 (53)  [1/1] 0.00ns  loc: yuv_filter.c:57
.reset:30  %p_shl6 = call i9 @_ssdm_op_BitConcatenate.i9.i8.i1(i8 %R, i1 false)

ST_10: p_shl6_cast (54)  [1/1] 0.00ns  loc: yuv_filter.c:57
.reset:31  %p_shl6_cast = zext i9 %p_shl6 to i15

ST_10: p_shl4 (57)  [1/1] 0.00ns  loc: yuv_filter.c:57
.reset:34  %p_shl4 = call i15 @_ssdm_op_BitConcatenate.i15.i8.i7(i8 %G, i7 0)

ST_10: p_shl4_cast (58)  [1/1] 0.00ns  loc: yuv_filter.c:57
.reset:35  %p_shl4_cast = zext i15 %p_shl4 to i16

ST_10: tmp_44_cast1 (59)  [1/1] 0.00ns  loc: yuv_filter.c:57
.reset:36  %tmp_44_cast1 = zext i8 %B to i13

ST_10: tmp_22 (60)  [1/1] 3.36ns  loc: yuv_filter.c:57
.reset:37  %tmp_22 = mul i13 25, %tmp_44_cast1

ST_10: tmp2 (61)  [1/1] 2.92ns  loc: yuv_filter.c:57
.reset:38  %tmp2 = add i15 %p_shl6_cast, %p_shl5_cast

ST_10: tmp2_cast (62)  [1/1] 0.00ns  loc: yuv_filter.c:57
.reset:39  %tmp2_cast = zext i15 %tmp2 to i16

ST_10: tmp1 (63)  [1/1] 1.95ns  loc: yuv_filter.c:57
.reset:40  %tmp1 = add i16 %tmp2_cast, %p_shl4_cast

ST_10: tmp4_cast (65)  [1/1] 0.00ns  loc: yuv_filter.c:57
.reset:42  %tmp4_cast = zext i9 %tmp4 to i13

ST_10: tmp3 (66)  [1/1] 3.02ns  loc: yuv_filter.c:57
.reset:43  %tmp3 = add i13 %tmp4_cast, %tmp_22

ST_10: tmp3_cast (67)  [1/1] 0.00ns  loc: yuv_filter.c:57
.reset:44  %tmp3_cast = zext i13 %tmp3 to i16

ST_10: tmp_23 (68)  [1/1] 1.95ns  loc: yuv_filter.c:57
.reset:45  %tmp_23 = add i16 %tmp3_cast, %tmp1

ST_10: tmp_24 (69)  [1/1] 0.00ns  loc: yuv_filter.c:57
.reset:46  %tmp_24 = call i8 @_ssdm_op_PartSelect.i8.i16.i32.i32(i16 %tmp_23, i32 8, i32 15)

ST_10: tmp_26 (73)  [1/3] 5.51ns  loc: yuv_filter.c:58
.reset:50  %tmp_26 = mul i16 -74, %tmp_42_cast1

ST_10: p_shl2 (74)  [1/1] 0.00ns  loc: yuv_filter.c:58
.reset:51  %p_shl2 = call i15 @_ssdm_op_BitConcatenate.i15.i8.i7(i8 %B, i7 0)

ST_10: p_shl2_cast (75)  [1/1] 0.00ns  loc: yuv_filter.c:58
.reset:52  %p_shl2_cast = zext i15 %p_shl2 to i16

ST_10: p_shl3 (76)  [1/1] 0.00ns  loc: yuv_filter.c:58
.reset:53  %p_shl3 = call i12 @_ssdm_op_BitConcatenate.i12.i8.i4(i8 %B, i4 0)

ST_10: p_shl3_cast9 (77)  [1/1] 0.00ns  loc: yuv_filter.c:58
.reset:54  %p_shl3_cast9 = zext i12 %p_shl3 to i13

ST_10: p_shl3_cast (78)  [1/1] 0.00ns  loc: yuv_filter.c:58
.reset:55  %p_shl3_cast = zext i12 %p_shl3 to i16

ST_10: tmp_27 (79)  [1/1] 2.94ns  loc: yuv_filter.c:58
.reset:56  %tmp_27 = sub i16 %p_shl2_cast, %p_shl3_cast

ST_10: tmp_30 (85)  [1/3] 5.51ns  loc: yuv_filter.c:59
.reset:62  %tmp_30 = mul i16 122, %tmp_40_cast1

ST_10: p_neg (87)  [1/1] 2.88ns  loc: yuv_filter.c:58
.reset:64  %p_neg = sub i13 0, %p_shl3_cast9

ST_10: p_neg_cast (88)  [1/1] 0.00ns  loc: yuv_filter.c:58
.reset:65  %p_neg_cast = sext i13 %p_neg to i14

ST_10: p_shl1 (89)  [1/1] 0.00ns  loc: yuv_filter.c:59
.reset:66  %p_shl1 = call i9 @_ssdm_op_BitConcatenate.i9.i8.i1(i8 %B, i1 false)

ST_10: p_shl1_cast (90)  [1/1] 0.00ns  loc: yuv_filter.c:59
.reset:67  %p_shl1_cast = zext i9 %p_shl1 to i14

ST_10: tmp_32 (91)  [1/1] 1.92ns  loc: yuv_filter.c:59
.reset:68  %tmp_32 = sub i14 %p_neg_cast, %p_shl1_cast

ST_10: tmp8 (93)  [1/1] 1.92ns  loc: yuv_filter.c:59
.reset:70  %tmp8 = add i14 128, %tmp_32


 <State 11>: 9.34ns
ST_11: out_channels_ch1_add (43)  [1/1] 0.00ns  loc: yuv_filter.c:60
.reset:20  %out_channels_ch1_add = getelementptr [2457600 x i8]* %out_channels_ch1, i64 0, i64 %tmp_42_cast

ST_11: tmp_40_cast2 (50)  [1/1] 0.00ns  loc: yuv_filter.c:57
.reset:27  %tmp_40_cast2 = zext i8 %R to i15

ST_11: Y (70)  [1/1] 2.80ns  loc: yuv_filter.c:57
.reset:47  %Y = add i8 16, %tmp_24

ST_11: tmp_25 (71)  [1/1] 3.36ns  loc: yuv_filter.c:58
.reset:48  %tmp_25 = mul i15 -38, %tmp_40_cast2

ST_11: tmp_51_cast (72)  [1/1] 0.00ns  loc: yuv_filter.c:58
.reset:49  %tmp_51_cast = sext i15 %tmp_25 to i16

ST_11: tmp5 (80)  [1/1] 3.02ns  loc: yuv_filter.c:58
.reset:57  %tmp5 = add i16 %tmp_51_cast, %tmp_26

ST_11: tmp6 (81)  [1/1] 1.95ns  loc: yuv_filter.c:58
.reset:58  %tmp6 = add i16 128, %tmp_27

ST_11: tmp_28 (82)  [1/1] 1.95ns  loc: yuv_filter.c:58
.reset:59  %tmp_28 = add i16 %tmp6, %tmp5

ST_11: tmp_29 (83)  [1/1] 0.00ns  loc: yuv_filter.c:58
.reset:60  %tmp_29 = call i8 @_ssdm_op_PartSelect.i8.i16.i32.i32(i16 %tmp_28, i32 8, i32 15)

ST_11: tmp_31 (86)  [1/1] 3.36ns  loc: yuv_filter.c:59
.reset:63  %tmp_31 = mul i16 -94, %tmp_42_cast1

ST_11: tmp7 (92)  [1/1] 3.02ns  loc: yuv_filter.c:59
.reset:69  %tmp7 = add i16 %tmp_30, %tmp_31

ST_11: tmp8_cast (94)  [1/1] 0.00ns  loc: yuv_filter.c:59
.reset:71  %tmp8_cast = sext i14 %tmp8 to i16

ST_11: tmp_33 (95)  [1/1] 2.96ns  loc: yuv_filter.c:59
.reset:72  %tmp_33 = add i16 %tmp8_cast, %tmp7

ST_11: tmp_34 (96)  [1/1] 0.00ns  loc: yuv_filter.c:59
.reset:73  %tmp_34 = call i8 @_ssdm_op_PartSelect.i8.i16.i32.i32(i16 %tmp_33, i32 8, i32 15)

ST_11: StgValue_107 (98)  [2/2] 3.25ns  loc: yuv_filter.c:60
.reset:75  store i8 %Y, i8* %out_channels_ch1_add, align 1


 <State 12>: 5.32ns
ST_12: out_channels_ch2_add (44)  [1/1] 0.00ns  loc: yuv_filter.c:61
.reset:21  %out_channels_ch2_add = getelementptr [2457600 x i8]* %out_channels_ch2, i64 0, i64 %tmp_42_cast

ST_12: out_channels_ch3_add (45)  [1/1] 0.00ns  loc: yuv_filter.c:62
.reset:22  %out_channels_ch3_add = getelementptr [2457600 x i8]* %out_channels_ch3, i64 0, i64 %tmp_42_cast

ST_12: U (84)  [1/1] 2.07ns  loc: yuv_filter.c:58
.reset:61  %U = xor i8 %tmp_29, -128

ST_12: V (97)  [1/1] 2.07ns  loc: yuv_filter.c:59
.reset:74  %V = xor i8 %tmp_34, -128

ST_12: StgValue_112 (98)  [1/2] 3.25ns  loc: yuv_filter.c:60
.reset:75  store i8 %Y, i8* %out_channels_ch1_add, align 1

ST_12: StgValue_113 (99)  [2/2] 3.25ns  loc: yuv_filter.c:61
.reset:76  store i8 %U, i8* %out_channels_ch2_add, align 1

ST_12: StgValue_114 (100)  [2/2] 3.25ns  loc: yuv_filter.c:62
.reset:77  store i8 %V, i8* %out_channels_ch3_add, align 1


 <State 13>: 3.25ns
ST_13: StgValue_115 (24)  [1/1] 0.00ns
.reset:1  call void (...)* @_ssdm_op_SpecLoopName([30 x i8]* @RGB2YUV_LOOP_X_RGB2Y)

ST_13: StgValue_116 (25)  [1/1] 0.00ns
.reset:2  call void (...)* @_ssdm_op_SpecLoopTripCount(i64 40000, i64 2457600, i64 784400)

ST_13: StgValue_117 (34)  [1/1] 0.00ns  loc: yuv_filter.c:52
.reset:11  call void (...)* @_ssdm_op_SpecLoopName([15 x i8]* @p_str2) nounwind

ST_13: tmp_19 (35)  [1/1] 0.00ns  loc: yuv_filter.c:52
.reset:12  %tmp_19 = call i32 (...)* @_ssdm_op_SpecRegionBegin([15 x i8]* @p_str2)

ST_13: StgValue_119 (36)  [1/1] 0.00ns  loc: yuv_filter.c:53
.reset:13  call void (...)* @_ssdm_op_SpecPipeline(i32 -1, i32 1, i32 1, i32 0, [1 x i8]* @p_str1) nounwind

ST_13: StgValue_120 (99)  [1/2] 3.25ns  loc: yuv_filter.c:61
.reset:76  store i8 %U, i8* %out_channels_ch2_add, align 1

ST_13: StgValue_121 (100)  [1/2] 3.25ns  loc: yuv_filter.c:62
.reset:77  store i8 %V, i8* %out_channels_ch3_add, align 1

ST_13: empty (101)  [1/1] 0.00ns  loc: yuv_filter.c:63
.reset:78  %empty = call i32 (...)* @_ssdm_op_SpecRegionEnd([15 x i8]* @p_str2, i32 %tmp_19)

ST_13: StgValue_123 (103)  [1/1] 0.00ns  loc: yuv_filter.c:52
.reset:80  br label %1


 <State 14>: 0.00ns
ST_14: mrv (105)  [1/1] 0.00ns  loc: yuv_filter.c:65
:0  %mrv = insertvalue { i16, i16 } undef, i16 %in_width_read_3, 0

ST_14: mrv_1 (106)  [1/1] 0.00ns  loc: yuv_filter.c:65
:1  %mrv_1 = insertvalue { i16, i16 } %mrv, i16 %in_height_read11, 1

ST_14: StgValue_126 (107)  [1/1] 0.00ns  loc: yuv_filter.c:65
:2  ret { i16, i16 } %mrv_1



============================================================
+ Verbose Summary: Binding
============================================================
STG Binding: 
---------------- STG Properties BEGIN ----------------
- Is combinational: 0
- Is one-state seq: 0
- Is datapath-only: 0
- Is pipelined: 0
- Is top level: 0
Port [ Return ] is wired: 1; IO mode=ap_ctrl_hs:ce=0
Port [ in_channels_ch1]:  wired=1; compound=1; hidden=0; nouse=0; global=0; static=0; extern=0; dir=0; type=1; pingpong=0; private_global=0; MemPort=[13]; IO mode=ap_memory:ce=0
Port [ in_channels_ch2]:  wired=1; compound=1; hidden=0; nouse=0; global=0; static=0; extern=0; dir=0; type=1; pingpong=0; private_global=0; MemPort=[13]; IO mode=ap_memory:ce=0
Port [ in_channels_ch3]:  wired=1; compound=1; hidden=0; nouse=0; global=0; static=0; extern=0; dir=0; type=1; pingpong=0; private_global=0; MemPort=[13]; IO mode=ap_memory:ce=0
Port [ in_width_read]:  wired=1; compound=0; hidden=0; nouse=0; global=0; static=0; extern=0; dir=0; type=0; pingpong=0; private_global=0; IO mode=ap_none:ce=0
Port [ in_height_read]:  wired=1; compound=0; hidden=0; nouse=0; global=0; static=0; extern=0; dir=0; type=0; pingpong=0; private_global=0; IO mode=ap_none:ce=0
Port [ out_channels_ch1]:  wired=1; compound=1; hidden=0; nouse=0; global=0; static=0; extern=0; dir=1; type=1; pingpong=0; private_global=0; MemPort=[03]; IO mode=ap_memory:ce=0
Port [ out_channels_ch2]:  wired=1; compound=1; hidden=0; nouse=0; global=0; static=0; extern=0; dir=1; type=1; pingpong=0; private_global=0; MemPort=[03]; IO mode=ap_memory:ce=0
Port [ out_channels_ch3]:  wired=1; compound=1; hidden=0; nouse=0; global=0; static=0; extern=0; dir=1; type=1; pingpong=0; private_global=0; MemPort=[03]; IO mode=ap_memory:ce=0
---------------- STG Properties END ------------------

---------------- Datapath Model BEGIN ----------------

<LifeTime>
<method=bitvector/>
in_height_read11     (read             ) [ 001111111111111]
in_width_read_3      (read             ) [ 001111111111111]
cast                 (zext             ) [ 000000000000000]
cast1                (zext             ) [ 000000000000000]
bound                (mul              ) [ 001111111111110]
StgValue_20          (br               ) [ 011111111111110]
indvar_flatten       (phi              ) [ 001000000000000]
x                    (phi              ) [ 001000000000000]
y                    (phi              ) [ 001000000000000]
exitcond_flatten     (icmp             ) [ 001111111111110]
indvar_flatten_next  (add              ) [ 011111111111110]
StgValue_26          (br               ) [ 000000000000000]
x_3                  (add              ) [ 000000000000000]
exitcond9            (icmp             ) [ 000000000000000]
y_mid2               (select           ) [ 001100000000000]
tmp_mid2_v           (select           ) [ 011111111111110]
tmp                  (trunc            ) [ 001100000000000]
tmp_21               (trunc            ) [ 001100000000000]
p_shl_cast           (bitconcatenate   ) [ 000000000000000]
p_shl7_cast          (bitconcatenate   ) [ 000000000000000]
tmp_s                (add              ) [ 000000000000000]
tmp_cast             (zext             ) [ 000000000000000]
tmp_20               (add              ) [ 001010000000000]
y_3                  (add              ) [ 011011111111110]
tmp_42_cast          (zext             ) [ 001001111111100]
in_channels_ch1_addr (getelementptr    ) [ 001001110000000]
in_channels_ch2_addr (getelementptr    ) [ 001001110000000]
in_channels_ch3_addr (getelementptr    ) [ 001000011100000]
R                    (load             ) [ 001000001111000]
G                    (load             ) [ 001000001110000]
tmp_40_cast1         (zext             ) [ 001000000110000]
tmp_42_cast1         (zext             ) [ 001000000111000]
B                    (load             ) [ 001000000010000]
tmp_42_cast2         (zext             ) [ 000000000000000]
tmp4                 (add              ) [ 001000000010000]
p_shl5               (bitconcatenate   ) [ 000000000000000]
p_shl5_cast          (zext             ) [ 000000000000000]
p_shl6               (bitconcatenate   ) [ 000000000000000]
p_shl6_cast          (zext             ) [ 000000000000000]
p_shl4               (bitconcatenate   ) [ 000000000000000]
p_shl4_cast          (zext             ) [ 000000000000000]
tmp_44_cast1         (zext             ) [ 000000000000000]
tmp_22               (mul              ) [ 000000000000000]
tmp2                 (add              ) [ 000000000000000]
tmp2_cast            (zext             ) [ 000000000000000]
tmp1                 (add              ) [ 000000000000000]
tmp4_cast            (zext             ) [ 000000000000000]
tmp3                 (add              ) [ 000000000000000]
tmp3_cast            (zext             ) [ 000000000000000]
tmp_23               (add              ) [ 000000000000000]
tmp_24               (partselect       ) [ 001000000001000]
tmp_26               (mul              ) [ 001000000001000]
p_shl2               (bitconcatenate   ) [ 000000000000000]
p_shl2_cast          (zext             ) [ 000000000000000]
p_shl3               (bitconcatenate   ) [ 000000000000000]
p_shl3_cast9         (zext             ) [ 000000000000000]
p_shl3_cast          (zext             ) [ 000000000000000]
tmp_27               (sub              ) [ 001000000001000]
tmp_30               (mul              ) [ 001000000001000]
p_neg                (sub              ) [ 000000000000000]
p_neg_cast           (sext             ) [ 000000000000000]
p_shl1               (bitconcatenate   ) [ 000000000000000]
p_shl1_cast          (zext             ) [ 000000000000000]
tmp_32               (sub              ) [ 000000000000000]
tmp8                 (add              ) [ 001000000001000]
out_channels_ch1_add (getelementptr    ) [ 001000000000100]
tmp_40_cast2         (zext             ) [ 000000000000000]
Y                    (add              ) [ 001000000000100]
tmp_25               (mul              ) [ 000000000000000]
tmp_51_cast          (sext             ) [ 000000000000000]
tmp5                 (add              ) [ 000000000000000]
tmp6                 (add              ) [ 000000000000000]
tmp_28               (add              ) [ 000000000000000]
tmp_29               (partselect       ) [ 001000000000100]
tmp_31               (mul              ) [ 000000000000000]
tmp7                 (add              ) [ 000000000000000]
tmp8_cast            (sext             ) [ 000000000000000]
tmp_33               (add              ) [ 000000000000000]
tmp_34               (partselect       ) [ 001000000000100]
out_channels_ch2_add (getelementptr    ) [ 001000000000010]
out_channels_ch3_add (getelementptr    ) [ 001000000000010]
U                    (xor              ) [ 001000000000010]
V                    (xor              ) [ 001000000000010]
StgValue_112         (store            ) [ 000000000000000]
StgValue_115         (specloopname     ) [ 000000000000000]
StgValue_116         (speclooptripcount) [ 000000000000000]
StgValue_117         (specloopname     ) [ 000000000000000]
tmp_19               (specregionbegin  ) [ 000000000000000]
StgValue_119         (specpipeline     ) [ 000000000000000]
StgValue_120         (store            ) [ 000000000000000]
StgValue_121         (store            ) [ 000000000000000]
empty                (specregionend    ) [ 000000000000000]
StgValue_123         (br               ) [ 011111111111110]
mrv                  (insertvalue      ) [ 000000000000000]
mrv_1                (insertvalue      ) [ 000000000000000]
StgValue_126         (ret              ) [ 000000000000000]
</LifeTime>

<model>

<comp_list>
<comp id="0" class="1000" name="in_channels_ch1">
<pin_list>
<pin id="1" dir="1" index="0" bw="1" slack="0"/>
</pin_list>
<bind>
<StgValue><ssdm name="in_channels_ch1"/><MemPortTyVec>1 3 </MemPortTyVec>
</StgValue>
</bind>
</comp>

<comp id="2" class="1000" name="in_channels_ch2">
<pin_list>
<pin id="3" dir="1" index="0" bw="1" slack="0"/>
</pin_list>
<bind>
<StgValue><ssdm name="in_channels_ch2"/><MemPortTyVec>1 3 </MemPortTyVec>
</StgValue>
</bind>
</comp>

<comp id="4" class="1000" name="in_channels_ch3">
<pin_list>
<pin id="5" dir="1" index="0" bw="1" slack="0"/>
</pin_list>
<bind>
<StgValue><ssdm name="in_channels_ch3"/><MemPortTyVec>1 3 </MemPortTyVec>
</StgValue>
</bind>
</comp>

<comp id="6" class="1000" name="in_width_read">
<pin_list>
<pin id="7" dir="1" index="0" bw="1" slack="0"/>
</pin_list>
<bind>
<StgValue><ssdm name="in_width_read"/></StgValue>
</bind>
</comp>

<comp id="8" class="1000" name="in_height_read">
<pin_list>
<pin id="9" dir="1" index="0" bw="1" slack="0"/>
</pin_list>
<bind>
<StgValue><ssdm name="in_height_read"/></StgValue>
</bind>
</comp>

<comp id="10" class="1000" name="out_channels_ch1">
<pin_list>
<pin id="11" dir="1" index="0" bw="1" slack="0"/>
</pin_list>
<bind>
<StgValue><ssdm name="out_channels_ch1"/><MemPortTyVec>0 3 </MemPortTyVec>
</StgValue>
</bind>
</comp>

<comp id="12" class="1000" name="out_channels_ch2">
<pin_list>
<pin id="13" dir="1" index="0" bw="1" slack="0"/>
</pin_list>
<bind>
<StgValue><ssdm name="out_channels_ch2"/><MemPortTyVec>0 3 </MemPortTyVec>
</StgValue>
</bind>
</comp>

<comp id="14" class="1000" name="out_channels_ch3">
<pin_list>
<pin id="15" dir="1" index="0" bw="1" slack="0"/>
</pin_list>
<bind>
<StgValue><ssdm name="out_channels_ch3"/><MemPortTyVec>0 3 </MemPortTyVec>
</StgValue>
</bind>
</comp>

<comp id="16" class="1001" name="const_16">
<pin_list>
<pin id="17" dir="1" index="0" bw="1" slack="0"/>
</pin_list>
<bind>
<StgValue><ssdm name="_ssdm_op_Read.ap_auto.i16"/></StgValue>
</bind>
</comp>

<comp id="18" class="1001" name="const_18">
<pin_list>
<pin id="19" dir="1" index="0" bw="1" slack="1"/>
</pin_list>
<bind>
<StgValue><ssdm name=""/></StgValue>
</bind>
</comp>

<comp id="20" class="1001" name="const_20">
<pin_list>
<pin id="21" dir="1" index="0" bw="1" slack="0"/>
</pin_list>
<bind>
<StgValue><ssdm name=""/></StgValue>
</bind>
</comp>

<comp id="22" class="1001" name="const_22">
<pin_list>
<pin id="23" dir="1" index="0" bw="1" slack="0"/>
</pin_list>
<bind>
<StgValue><ssdm name=""/></StgValue>
</bind>
</comp>

<comp id="24" class="1001" name="const_24">
<pin_list>
<pin id="25" dir="1" index="0" bw="1" slack="0"/>
</pin_list>
<bind>
<StgValue><ssdm name=""/></StgValue>
</bind>
</comp>

<comp id="26" class="1001" name="const_26">
<pin_list>
<pin id="27" dir="1" index="0" bw="1" slack="0"/>
</pin_list>
<bind>
<StgValue><ssdm name="_ssdm_op_BitConcatenate.i23.i13.i10"/></StgValue>
</bind>
</comp>

<comp id="28" class="1001" name="const_28">
<pin_list>
<pin id="29" dir="1" index="0" bw="1" slack="0"/>
</pin_list>
<bind>
<StgValue><ssdm name=""/></StgValue>
</bind>
</comp>

<comp id="30" class="1001" name="const_30">
<pin_list>
<pin id="31" dir="1" index="0" bw="1" slack="0"/>
</pin_list>
<bind>
<StgValue><ssdm name="_ssdm_op_BitConcatenate.i23.i15.i8"/></StgValue>
</bind>
</comp>

<comp id="32" class="1001" name="const_32">
<pin_list>
<pin id="33" dir="1" index="0" bw="1" slack="0"/>
</pin_list>
<bind>
<StgValue><ssdm name=""/></StgValue>
</bind>
</comp>

<comp id="34" class="1001" name="const_34">
<pin_list>
<pin id="35" dir="1" index="0" bw="1" slack="0"/>
</pin_list>
<bind>
<StgValue><ssdm name=""/></StgValue>
</bind>
</comp>

<comp id="36" class="1001" name="const_36">
<pin_list>
<pin id="37" dir="1" index="0" bw="1" slack="0"/>
</pin_list>
<bind>
<StgValue><ssdm name=""/></StgValue>
</bind>
</comp>

<comp id="38" class="1001" name="const_38">
<pin_list>
<pin id="39" dir="1" index="0" bw="1" slack="0"/>
</pin_list>
<bind>
<StgValue><ssdm name=""/></StgValue>
</bind>
</comp>

<comp id="40" class="1001" name="const_40">
<pin_list>
<pin id="41" dir="1" index="0" bw="1" slack="0"/>
</pin_list>
<bind>
<StgValue><ssdm name=""/></StgValue>
</bind>
</comp>

<comp id="42" class="1001" name="const_42">
<pin_list>
<pin id="43" dir="1" index="0" bw="1" slack="0"/>
</pin_list>
<bind>
<StgValue><ssdm name="_ssdm_op_BitConcatenate.i14.i8.i6"/></StgValue>
</bind>
</comp>

<comp id="44" class="1001" name="const_44">
<pin_list>
<pin id="45" dir="1" index="0" bw="1" slack="0"/>
</pin_list>
<bind>
<StgValue><ssdm name=""/></StgValue>
</bind>
</comp>

<comp id="46" class="1001" name="const_46">
<pin_list>
<pin id="47" dir="1" index="0" bw="1" slack="0"/>
</pin_list>
<bind>
<StgValue><ssdm name="_ssdm_op_BitConcatenate.i9.i8.i1"/></StgValue>
</bind>
</comp>

<comp id="48" class="1001" name="const_48">
<pin_list>
<pin id="49" dir="1" index="0" bw="1" slack="0"/>
</pin_list>
<bind>
<StgValue><ssdm name=""/></StgValue>
</bind>
</comp>

<comp id="50" class="1001" name="const_50">
<pin_list>
<pin id="51" dir="1" index="0" bw="1" slack="0"/>
</pin_list>
<bind>
<StgValue><ssdm name="_ssdm_op_BitConcatenate.i15.i8.i7"/></StgValue>
</bind>
</comp>

<comp id="52" class="1001" name="const_52">
<pin_list>
<pin id="53" dir="1" index="0" bw="1" slack="0"/>
</pin_list>
<bind>
<StgValue><ssdm name=""/></StgValue>
</bind>
</comp>

<comp id="54" class="1001" name="const_54">
<pin_list>
<pin id="55" dir="1" index="0" bw="1" slack="0"/>
</pin_list>
<bind>
<StgValue><ssdm name=""/></StgValue>
</bind>
</comp>

<comp id="56" class="1001" name="const_56">
<pin_list>
<pin id="57" dir="1" index="0" bw="1" slack="0"/>
</pin_list>
<bind>
<StgValue><ssdm name="_ssdm_op_PartSelect.i8.i16.i32.i32"/></StgValue>
</bind>
</comp>

<comp id="58" class="1001" name="const_58">
<pin_list>
<pin id="59" dir="1" index="0" bw="1" slack="0"/>
</pin_list>
<bind>
<StgValue><ssdm name=""/></StgValue>
</bind>
</comp>

<comp id="60" class="1001" name="const_60">
<pin_list>
<pin id="61" dir="1" index="0" bw="1" slack="0"/>
</pin_list>
<bind>
<StgValue><ssdm name=""/></StgValue>
</bind>
</comp>

<comp id="62" class="1001" name="const_62">
<pin_list>
<pin id="63" dir="1" index="0" bw="1" slack="0"/>
</pin_list>
<bind>
<StgValue><ssdm name="_ssdm_op_BitConcatenate.i12.i8.i4"/></StgValue>
</bind>
</comp>

<comp id="64" class="1001" name="const_64">
<pin_list>
<pin id="65" dir="1" index="0" bw="1" slack="0"/>
</pin_list>
<bind>
<StgValue><ssdm name=""/></StgValue>
</bind>
</comp>

<comp id="66" class="1001" name="const_66">
<pin_list>
<pin id="67" dir="1" index="0" bw="1" slack="0"/>
</pin_list>
<bind>
<StgValue><ssdm name=""/></StgValue>
</bind>
</comp>

<comp id="68" class="1001" name="const_68">
<pin_list>
<pin id="69" dir="1" index="0" bw="1" slack="0"/>
</pin_list>
<bind>
<StgValue><ssdm name=""/></StgValue>
</bind>
</comp>

<comp id="70" class="1001" name="const_70">
<pin_list>
<pin id="71" dir="1" index="0" bw="1" slack="0"/>
</pin_list>
<bind>
<StgValue><ssdm name=""/></StgValue>
</bind>
</comp>

<comp id="72" class="1001" name="const_72">
<pin_list>
<pin id="73" dir="1" index="0" bw="1" slack="0"/>
</pin_list>
<bind>
<StgValue><ssdm name=""/></StgValue>
</bind>
</comp>

<comp id="74" class="1001" name="const_74">
<pin_list>
<pin id="75" dir="1" index="0" bw="1" slack="0"/>
</pin_list>
<bind>
<StgValue><ssdm name=""/></StgValue>
</bind>
</comp>

<comp id="76" class="1001" name="const_76">
<pin_list>
<pin id="77" dir="1" index="0" bw="1" slack="0"/>
</pin_list>
<bind>
<StgValue><ssdm name=""/></StgValue>
</bind>
</comp>

<comp id="78" class="1001" name="const_78">
<pin_list>
<pin id="79" dir="1" index="0" bw="1" slack="0"/>
</pin_list>
<bind>
<StgValue><ssdm name=""/></StgValue>
</bind>
</comp>

<comp id="80" class="1001" name="const_80">
<pin_list>
<pin id="81" dir="1" index="0" bw="1" slack="2147483647"/>
</pin_list>
<bind>
<StgValue><ssdm name="_ssdm_op_SpecLoopName"/></StgValue>
</bind>
</comp>

<comp id="82" class="1001" name="const_82">
<pin_list>
<pin id="83" dir="1" index="0" bw="1" slack="2147483647"/>
</pin_list>
<bind>
<StgValue><ssdm name="RGB2YUV_LOOP_X_RGB2Y"/></StgValue>
</bind>
</comp>

<comp id="84" class="1001" name="const_84">
<pin_list>
<pin id="85" dir="1" index="0" bw="1" slack="2147483647"/>
</pin_list>
<bind>
<StgValue><ssdm name="_ssdm_op_SpecLoopTripCount"/></StgValue>
</bind>
</comp>

<comp id="86" class="1001" name="const_86">
<pin_list>
<pin id="87" dir="1" index="0" bw="1" slack="2147483647"/>
</pin_list>
<bind>
<StgValue><ssdm name=""/></StgValue>
</bind>
</comp>

<comp id="88" class="1001" name="const_88">
<pin_list>
<pin id="89" dir="1" index="0" bw="1" slack="2147483647"/>
</pin_list>
<bind>
<StgValue><ssdm name=""/></StgValue>
</bind>
</comp>

<comp id="90" class="1001" name="const_90">
<pin_list>
<pin id="91" dir="1" index="0" bw="1" slack="2147483647"/>
</pin_list>
<bind>
<StgValue><ssdm name=""/></StgValue>
</bind>
</comp>

<comp id="92" class="1001" name="const_92">
<pin_list>
<pin id="93" dir="1" index="0" bw="1" slack="2147483647"/>
</pin_list>
<bind>
<StgValue><ssdm name="p_str2"/></StgValue>
</bind>
</comp>

<comp id="94" class="1001" name="const_94">
<pin_list>
<pin id="95" dir="1" index="0" bw="1" slack="2147483647"/>
</pin_list>
<bind>
<StgValue><ssdm name="_ssdm_op_SpecRegionBegin"/></StgValue>
</bind>
</comp>

<comp id="96" class="1001" name="const_96">
<pin_list>
<pin id="97" dir="1" index="0" bw="1" slack="2147483647"/>
</pin_list>
<bind>
<StgValue><ssdm name="_ssdm_op_SpecPipeline"/></StgValue>
</bind>
</comp>

<comp id="98" class="1001" name="const_98">
<pin_list>
<pin id="99" dir="1" index="0" bw="1" slack="2147483647"/>
</pin_list>
<bind>
<StgValue><ssdm name=""/></StgValue>
</bind>
</comp>

<comp id="100" class="1001" name="const_100">
<pin_list>
<pin id="101" dir="1" index="0" bw="1" slack="2147483647"/>
</pin_list>
<bind>
<StgValue><ssdm name="p_str1"/></StgValue>
</bind>
</comp>

<comp id="102" class="1001" name="const_102">
<pin_list>
<pin id="103" dir="1" index="0" bw="1" slack="2147483647"/>
</pin_list>
<bind>
<StgValue><ssdm name="_ssdm_op_SpecRegionEnd"/></StgValue>
</bind>
</comp>

<comp id="104" class="1001" name="const_104">
<pin_list>
<pin id="105" dir="1" index="0" bw="1" slack="0"/>
</pin_list>
<bind>
<StgValue><ssdm name=""/></StgValue>
</bind>
</comp>

<comp id="106" class="1004" name="in_height_read11_read_fu_106">
<pin_list>
<pin id="107" dir="0" index="0" bw="16" slack="0"/>
<pin id="108" dir="0" index="1" bw="16" slack="0"/>
<pin id="109" dir="1" index="2" bw="16" slack="0"/>
</pin_list>
<bind>
<opcode="read(1150) " fcode="read"/>
<opset="in_height_read11/1 "/>
</bind>
</comp>

<comp id="112" class="1004" name="in_width_read_3_read_fu_112">
<pin_list>
<pin id="113" dir="0" index="0" bw="16" slack="0"/>
<pin id="114" dir="0" index="1" bw="16" slack="0"/>
<pin id="115" dir="1" index="2" bw="16" slack="0"/>
</pin_list>
<bind>
<opcode="read(1150) " fcode="read"/>
<opset="in_width_read_3/1 "/>
</bind>
</comp>

<comp id="118" class="1004" name="in_channels_ch1_addr_gep_fu_118">
<pin_list>
<pin id="119" dir="0" index="0" bw="8" slack="0"/>
<pin id="120" dir="0" index="1" bw="1" slack="0"/>
<pin id="121" dir="0" index="2" bw="23" slack="0"/>
<pin id="122" dir="1" index="3" bw="22" slack="0"/>
</pin_list>
<bind>
<opcode="getelementptr(29) " fcode="getelementptr"/>
<opset="in_channels_ch1_addr/4 "/>
</bind>
</comp>

<comp id="125" class="1004" name="in_channels_ch2_addr_gep_fu_125">
<pin_list>
<pin id="126" dir="0" index="0" bw="8" slack="0"/>
<pin id="127" dir="0" index="1" bw="1" slack="0"/>
<pin id="128" dir="0" index="2" bw="23" slack="0"/>
<pin id="129" dir="1" index="3" bw="22" slack="0"/>
</pin_list>
<bind>
<opcode="getelementptr(29) " fcode="getelementptr"/>
<opset="in_channels_ch2_addr/4 "/>
</bind>
</comp>

<comp id="132" class="1004" name="grp_access_fu_132">
<pin_list>
<pin id="133" dir="0" index="0" bw="22" slack="0"/>
<pin id="134" dir="0" index="1" bw="8" slack="2147483647"/>
<pin id="135" dir="1" index="2" bw="8" slack="1"/>
</pin_list>
<bind>
<opcode="load(27) " fcode="load"/>
<opset="R/4 "/>
</bind>
</comp>

<comp id="137" class="1004" name="grp_access_fu_137">
<pin_list>
<pin id="138" dir="0" index="0" bw="22" slack="0"/>
<pin id="139" dir="0" index="1" bw="8" slack="2147483647"/>
<pin id="140" dir="1" index="2" bw="8" slack="1"/>
</pin_list>
<bind>
<opcode="load(27) " fcode="load"/>
<opset="G/4 "/>
</bind>
</comp>

<comp id="142" class="1004" name="in_channels_ch3_addr_gep_fu_142">
<pin_list>
<pin id="143" dir="0" index="0" bw="8" slack="0"/>
<pin id="144" dir="0" index="1" bw="1" slack="0"/>
<pin id="145" dir="0" index="2" bw="23" slack="2"/>
<pin id="146" dir="1" index="3" bw="22" slack="0"/>
</pin_list>
<bind>
<opcode="getelementptr(29) " fcode="getelementptr"/>
<opset="in_channels_ch3_addr/6 "/>
</bind>
</comp>

<comp id="149" class="1004" name="grp_access_fu_149">
<pin_list>
<pin id="150" dir="0" index="0" bw="22" slack="0"/>
<pin id="151" dir="0" index="1" bw="8" slack="2147483647"/>
<pin id="152" dir="1" index="2" bw="8" slack="1"/>
</pin_list>
<bind>
<opcode="load(27) " fcode="load"/>
<opset="B/6 "/>
</bind>
</comp>

<comp id="154" class="1004" name="out_channels_ch1_add_gep_fu_154">
<pin_list>
<pin id="155" dir="0" index="0" bw="8" slack="0"/>
<pin id="156" dir="0" index="1" bw="1" slack="0"/>
<pin id="157" dir="0" index="2" bw="23" slack="7"/>
<pin id="158" dir="1" index="3" bw="22" slack="0"/>
</pin_list>
<bind>
<opcode="getelementptr(29) " fcode="getelementptr"/>
<opset="out_channels_ch1_add/11 "/>
</bind>
</comp>

<comp id="161" class="1004" name="grp_access_fu_161">
<pin_list>
<pin id="162" dir="0" index="0" bw="22" slack="0"/>
<pin id="163" dir="0" index="1" bw="8" slack="0"/>
<pin id="164" dir="1" index="2" bw="8" slack="2147483647"/>
</pin_list>
<bind>
<opcode="store(28) " fcode="store"/>
<opset="StgValue_107/11 "/>
</bind>
</comp>

<comp id="166" class="1004" name="out_channels_ch2_add_gep_fu_166">
<pin_list>
<pin id="167" dir="0" index="0" bw="8" slack="0"/>
<pin id="168" dir="0" index="1" bw="1" slack="0"/>
<pin id="169" dir="0" index="2" bw="23" slack="8"/>
<pin id="170" dir="1" index="3" bw="22" slack="0"/>
</pin_list>
<bind>
<opcode="getelementptr(29) " fcode="getelementptr"/>
<opset="out_channels_ch2_add/12 "/>
</bind>
</comp>

<comp id="173" class="1004" name="out_channels_ch3_add_gep_fu_173">
<pin_list>
<pin id="174" dir="0" index="0" bw="8" slack="0"/>
<pin id="175" dir="0" index="1" bw="1" slack="0"/>
<pin id="176" dir="0" index="2" bw="23" slack="8"/>
<pin id="177" dir="1" index="3" bw="22" slack="0"/>
</pin_list>
<bind>
<opcode="getelementptr(29) " fcode="getelementptr"/>
<opset="out_channels_ch3_add/12 "/>
</bind>
</comp>

<comp id="180" class="1004" name="grp_access_fu_180">
<pin_list>
<pin id="181" dir="0" index="0" bw="22" slack="0"/>
<pin id="182" dir="0" index="1" bw="8" slack="0"/>
<pin id="183" dir="1" index="2" bw="8" slack="2147483647"/>
</pin_list>
<bind>
<opcode="store(28) " fcode="store"/>
<opset="StgValue_113/12 "/>
</bind>
</comp>

<comp id="185" class="1004" name="grp_access_fu_185">
<pin_list>
<pin id="186" dir="0" index="0" bw="22" slack="0"/>
<pin id="187" dir="0" index="1" bw="8" slack="0"/>
<pin id="188" dir="1" index="2" bw="8" slack="2147483647"/>
</pin_list>
<bind>
<opcode="store(28) " fcode="store"/>
<opset="StgValue_114/12 "/>
</bind>
</comp>

<comp id="190" class="1005" name="indvar_flatten_reg_190">
<pin_list>
<pin id="191" dir="0" index="0" bw="32" slack="1"/>
<pin id="192" dir="1" index="1" bw="32" slack="1"/>
</pin_list>
<bind>
<opset="indvar_flatten (phireg) "/>
</bind>
</comp>

<comp id="194" class="1004" name="indvar_flatten_phi_fu_194">
<pin_list>
<pin id="195" dir="0" index="0" bw="1" slack="1"/>
<pin id="196" dir="0" index="1" bw="0" slack="2147483647"/>
<pin id="197" dir="0" index="2" bw="32" slack="0"/>
<pin id="198" dir="0" index="3" bw="0" slack="2147483647"/>
<pin id="199" dir="1" index="4" bw="32" slack="0"/>
</pin_list>
<bind>
<opcode="phi(47) " fcode="phi"/>
<opset="indvar_flatten/2 "/>
</bind>
</comp>

<comp id="201" class="1005" name="x_reg_201">
<pin_list>
<pin id="202" dir="0" index="0" bw="16" slack="1"/>
<pin id="203" dir="1" index="1" bw="16" slack="1"/>
</pin_list>
<bind>
<opset="x (phireg) "/>
</bind>
</comp>

<comp id="205" class="1004" name="x_phi_fu_205">
<pin_list>
<pin id="206" dir="0" index="0" bw="1" slack="1"/>
<pin id="207" dir="0" index="1" bw="0" slack="2147483647"/>
<pin id="208" dir="0" index="2" bw="16" slack="0"/>
<pin id="209" dir="0" index="3" bw="0" slack="2147483647"/>
<pin id="210" dir="1" index="4" bw="16" slack="0"/>
</pin_list>
<bind>
<opcode="phi(47) " fcode="phi"/>
<opset="x/2 "/>
</bind>
</comp>

<comp id="212" class="1005" name="y_reg_212">
<pin_list>
<pin id="213" dir="0" index="0" bw="16" slack="1"/>
<pin id="214" dir="1" index="1" bw="16" slack="1"/>
</pin_list>
<bind>
<opset="y (phireg) "/>
</bind>
</comp>

<comp id="216" class="1004" name="y_phi_fu_216">
<pin_list>
<pin id="217" dir="0" index="0" bw="1" slack="1"/>
<pin id="218" dir="0" index="1" bw="0" slack="2147483647"/>
<pin id="219" dir="0" index="2" bw="16" slack="1"/>
<pin id="220" dir="0" index="3" bw="0" slack="2147483647"/>
<pin id="221" dir="1" index="4" bw="16" slack="0"/>
</pin_list>
<bind>
<opcode="phi(47) " fcode="phi"/>
<opset="y/2 "/>
</bind>
</comp>

<comp id="223" class="1004" name="cast_fu_223">
<pin_list>
<pin id="224" dir="0" index="0" bw="16" slack="0"/>
<pin id="225" dir="1" index="1" bw="32" slack="0"/>
</pin_list>
<bind>
<opcode="zext(34) " fcode="zext"/>
<opset="cast/1 "/>
</bind>
</comp>

<comp id="227" class="1004" name="cast1_fu_227">
<pin_list>
<pin id="228" dir="0" index="0" bw="16" slack="0"/>
<pin id="229" dir="1" index="1" bw="32" slack="0"/>
</pin_list>
<bind>
<opcode="zext(34) " fcode="zext"/>
<opset="cast1/1 "/>
</bind>
</comp>

<comp id="231" class="1004" name="exitcond_flatten_fu_231">
<pin_list>
<pin id="232" dir="0" index="0" bw="32" slack="0"/>
<pin id="233" dir="0" index="1" bw="32" slack="1"/>
<pin id="234" dir="1" index="2" bw="1" slack="1"/>
</pin_list>
<bind>
<opcode="icmp(45) " fcode="icmp"/>
<opset="exitcond_flatten/2 "/>
</bind>
</comp>

<comp id="236" class="1004" name="indvar_flatten_next_fu_236">
<pin_list>
<pin id="237" dir="0" index="0" bw="32" slack="0"/>
<pin id="238" dir="0" index="1" bw="1" slack="0"/>
<pin id="239" dir="1" index="2" bw="32" slack="0"/>
</pin_list>
<bind>
<opcode="add(8) " fcode="add"/>
<opset="indvar_flatten_next/2 "/>
</bind>
</comp>

<comp id="242" class="1004" name="x_3_fu_242">
<pin_list>
<pin id="243" dir="0" index="0" bw="1" slack="0"/>
<pin id="244" dir="0" index="1" bw="16" slack="0"/>
<pin id="245" dir="1" index="2" bw="16" slack="0"/>
</pin_list>
<bind>
<opcode="add(8) " fcode="add"/>
<opset="x_3/2 "/>
</bind>
</comp>

<comp id="248" class="1004" name="exitcond9_fu_248">
<pin_list>
<pin id="249" dir="0" index="0" bw="16" slack="0"/>
<pin id="250" dir="0" index="1" bw="16" slack="1"/>
<pin id="251" dir="1" index="2" bw="1" slack="0"/>
</pin_list>
<bind>
<opcode="icmp(45) " fcode="icmp"/>
<opset="exitcond9/2 "/>
</bind>
</comp>

<comp id="253" class="1004" name="y_mid2_fu_253">
<pin_list>
<pin id="254" dir="0" index="0" bw="1" slack="0"/>
<pin id="255" dir="0" index="1" bw="1" slack="0"/>
<pin id="256" dir="0" index="2" bw="16" slack="0"/>
<pin id="257" dir="1" index="3" bw="16" slack="1"/>
</pin_list>
<bind>
<opcode="select(49) " fcode="select"/>
<opset="y_mid2/2 "/>
</bind>
</comp>

<comp id="261" class="1004" name="tmp_mid2_v_fu_261">
<pin_list>
<pin id="262" dir="0" index="0" bw="1" slack="0"/>
<pin id="263" dir="0" index="1" bw="16" slack="0"/>
<pin id="264" dir="0" index="2" bw="16" slack="0"/>
<pin id="265" dir="1" index="3" bw="16" slack="0"/>
</pin_list>
<bind>
<opcode="select(49) " fcode="select"/>
<opset="tmp_mid2_v/2 "/>
</bind>
</comp>

<comp id="269" class="1004" name="tmp_fu_269">
<pin_list>
<pin id="270" dir="0" index="0" bw="16" slack="0"/>
<pin id="271" dir="1" index="1" bw="13" slack="1"/>
</pin_list>
<bind>
<opcode="trunc(33) " fcode="trunc"/>
<opset="tmp/2 "/>
</bind>
</comp>

<comp id="273" class="1004" name="tmp_21_fu_273">
<pin_list>
<pin id="274" dir="0" index="0" bw="16" slack="0"/>
<pin id="275" dir="1" index="1" bw="15" slack="1"/>
</pin_list>
<bind>
<opcode="trunc(33) " fcode="trunc"/>
<opset="tmp_21/2 "/>
</bind>
</comp>

<comp id="277" class="1004" name="p_shl_cast_fu_277">
<pin_list>
<pin id="278" dir="0" index="0" bw="23" slack="0"/>
<pin id="279" dir="0" index="1" bw="13" slack="1"/>
<pin id="280" dir="0" index="2" bw="1" slack="0"/>
<pin id="281" dir="1" index="3" bw="23" slack="0"/>
</pin_list>
<bind>
<opcode="bitconcatenate(1004) " fcode="bitconcatenate"/>
<opset="p_shl_cast/3 "/>
</bind>
</comp>

<comp id="284" class="1004" name="p_shl7_cast_fu_284">
<pin_list>
<pin id="285" dir="0" index="0" bw="23" slack="0"/>
<pin id="286" dir="0" index="1" bw="15" slack="1"/>
<pin id="287" dir="0" index="2" bw="1" slack="0"/>
<pin id="288" dir="1" index="3" bw="23" slack="0"/>
</pin_list>
<bind>
<opcode="bitconcatenate(1004) " fcode="bitconcatenate"/>
<opset="p_shl7_cast/3 "/>
</bind>
</comp>

<comp id="291" class="1004" name="tmp_s_fu_291">
<pin_list>
<pin id="292" dir="0" index="0" bw="23" slack="0"/>
<pin id="293" dir="0" index="1" bw="23" slack="0"/>
<pin id="294" dir="1" index="2" bw="23" slack="0"/>
</pin_list>
<bind>
<opcode="add(8) " fcode="add"/>
<opset="tmp_s/3 "/>
</bind>
</comp>

<comp id="297" class="1004" name="tmp_cast_fu_297">
<pin_list>
<pin id="298" dir="0" index="0" bw="16" slack="1"/>
<pin id="299" dir="1" index="1" bw="23" slack="0"/>
</pin_list>
<bind>
<opcode="zext(34) " fcode="zext"/>
<opset="tmp_cast/3 "/>
</bind>
</comp>

<comp id="300" class="1004" name="tmp_20_fu_300">
<pin_list>
<pin id="301" dir="0" index="0" bw="16" slack="0"/>
<pin id="302" dir="0" index="1" bw="23" slack="0"/>
<pin id="303" dir="1" index="2" bw="23" slack="1"/>
</pin_list>
<bind>
<opcode="add(8) " fcode="add"/>
<opset="tmp_20/3 "/>
</bind>
</comp>

<comp id="306" class="1004" name="y_3_fu_306">
<pin_list>
<pin id="307" dir="0" index="0" bw="1" slack="0"/>
<pin id="308" dir="0" index="1" bw="16" slack="1"/>
<pin id="309" dir="1" index="2" bw="16" slack="1"/>
</pin_list>
<bind>
<opcode="add(8) " fcode="add"/>
<opset="y_3/3 "/>
</bind>
</comp>

<comp id="311" class="1004" name="tmp_42_cast_fu_311">
<pin_list>
<pin id="312" dir="0" index="0" bw="23" slack="1"/>
<pin id="313" dir="1" index="1" bw="64" slack="0"/>
</pin_list>
<bind>
<opcode="zext(34) " fcode="zext"/>
<opset="tmp_42_cast/4 "/>
</bind>
</comp>

<comp id="316" class="1004" name="tmp_40_cast1_fu_316">
<pin_list>
<pin id="317" dir="0" index="0" bw="8" slack="1"/>
<pin id="318" dir="1" index="1" bw="16" slack="0"/>
</pin_list>
<bind>
<opcode="zext(34) " fcode="zext"/>
<opset="tmp_40_cast1/8 "/>
</bind>
</comp>

<comp id="319" class="1004" name="tmp_42_cast1_fu_319">
<pin_list>
<pin id="320" dir="0" index="0" bw="8" slack="1"/>
<pin id="321" dir="1" index="1" bw="16" slack="0"/>
</pin_list>
<bind>
<opcode="zext(34) " fcode="zext"/>
<opset="tmp_42_cast1/8 "/>
</bind>
</comp>

<comp id="322" class="1004" name="grp_fu_322">
<pin_list>
<pin id="323" dir="0" index="0" bw="8" slack="0"/>
<pin id="324" dir="0" index="1" bw="8" slack="0"/>
<pin id="325" dir="1" index="2" bw="16" slack="1"/>
</pin_list>
<bind>
<opcode="mul(12) " fcode="mul"/>
<opset="tmp_26/8 "/>
</bind>
</comp>

<comp id="328" class="1004" name="grp_fu_328">
<pin_list>
<pin id="329" dir="0" index="0" bw="8" slack="0"/>
<pin id="330" dir="0" index="1" bw="8" slack="0"/>
<pin id="331" dir="1" index="2" bw="16" slack="1"/>
</pin_list>
<bind>
<opcode="mul(12) " fcode="mul"/>
<opset="tmp_30/8 "/>
</bind>
</comp>

<comp id="334" class="1004" name="tmp_42_cast2_fu_334">
<pin_list>
<pin id="335" dir="0" index="0" bw="8" slack="2"/>
<pin id="336" dir="1" index="1" bw="9" slack="0"/>
</pin_list>
<bind>
<opcode="zext(34) " fcode="zext"/>
<opset="tmp_42_cast2/9 "/>
</bind>
</comp>

<comp id="337" class="1004" name="tmp4_fu_337">
<pin_list>
<pin id="338" dir="0" index="0" bw="9" slack="0"/>
<pin id="339" dir="0" index="1" bw="8" slack="0"/>
<pin id="340" dir="1" index="2" bw="9" slack="1"/>
</pin_list>
<bind>
<opcode="add(8) " fcode="add"/>
<opset="tmp4/9 "/>
</bind>
</comp>

<comp id="343" class="1004" name="p_shl5_fu_343">
<pin_list>
<pin id="344" dir="0" index="0" bw="14" slack="0"/>
<pin id="345" dir="0" index="1" bw="8" slack="3"/>
<pin id="346" dir="0" index="2" bw="1" slack="0"/>
<pin id="347" dir="1" index="3" bw="14" slack="0"/>
</pin_list>
<bind>
<opcode="bitconcatenate(1004) " fcode="bitconcatenate"/>
<opset="p_shl5/10 "/>
</bind>
</comp>

<comp id="350" class="1004" name="p_shl5_cast_fu_350">
<pin_list>
<pin id="351" dir="0" index="0" bw="14" slack="0"/>
<pin id="352" dir="1" index="1" bw="15" slack="0"/>
</pin_list>
<bind>
<opcode="zext(34) " fcode="zext"/>
<opset="p_shl5_cast/10 "/>
</bind>
</comp>

<comp id="354" class="1004" name="p_shl6_fu_354">
<pin_list>
<pin id="355" dir="0" index="0" bw="9" slack="0"/>
<pin id="356" dir="0" index="1" bw="8" slack="3"/>
<pin id="357" dir="0" index="2" bw="1" slack="0"/>
<pin id="358" dir="1" index="3" bw="9" slack="0"/>
</pin_list>
<bind>
<opcode="bitconcatenate(1004) " fcode="bitconcatenate"/>
<opset="p_shl6/10 "/>
</bind>
</comp>

<comp id="361" class="1004" name="p_shl6_cast_fu_361">
<pin_list>
<pin id="362" dir="0" index="0" bw="9" slack="0"/>
<pin id="363" dir="1" index="1" bw="15" slack="0"/>
</pin_list>
<bind>
<opcode="zext(34) " fcode="zext"/>
<opset="p_shl6_cast/10 "/>
</bind>
</comp>

<comp id="365" class="1004" name="p_shl4_fu_365">
<pin_list>
<pin id="366" dir="0" index="0" bw="15" slack="0"/>
<pin id="367" dir="0" index="1" bw="8" slack="3"/>
<pin id="368" dir="0" index="2" bw="1" slack="0"/>
<pin id="369" dir="1" index="3" bw="15" slack="0"/>
</pin_list>
<bind>
<opcode="bitconcatenate(1004) " fcode="bitconcatenate"/>
<opset="p_shl4/10 "/>
</bind>
</comp>

<comp id="372" class="1004" name="p_shl4_cast_fu_372">
<pin_list>
<pin id="373" dir="0" index="0" bw="15" slack="0"/>
<pin id="374" dir="1" index="1" bw="16" slack="0"/>
</pin_list>
<bind>
<opcode="zext(34) " fcode="zext"/>
<opset="p_shl4_cast/10 "/>
</bind>
</comp>

<comp id="376" class="1004" name="tmp_44_cast1_fu_376">
<pin_list>
<pin id="377" dir="0" index="0" bw="8" slack="1"/>
<pin id="378" dir="1" index="1" bw="13" slack="0"/>
</pin_list>
<bind>
<opcode="zext(34) " fcode="zext"/>
<opset="tmp_44_cast1/10 "/>
</bind>
</comp>

<comp id="379" class="1004" name="tmp2_fu_379">
<pin_list>
<pin id="380" dir="0" index="0" bw="9" slack="0"/>
<pin id="381" dir="0" index="1" bw="14" slack="0"/>
<pin id="382" dir="1" index="2" bw="15" slack="0"/>
</pin_list>
<bind>
<opcode="add(8) " fcode="add"/>
<opset="tmp2/10 "/>
</bind>
</comp>

<comp id="385" class="1004" name="tmp2_cast_fu_385">
<pin_list>
<pin id="386" dir="0" index="0" bw="15" slack="0"/>
<pin id="387" dir="1" index="1" bw="16" slack="0"/>
</pin_list>
<bind>
<opcode="zext(34) " fcode="zext"/>
<opset="tmp2_cast/10 "/>
</bind>
</comp>

<comp id="389" class="1004" name="tmp1_fu_389">
<pin_list>
<pin id="390" dir="0" index="0" bw="15" slack="0"/>
<pin id="391" dir="0" index="1" bw="15" slack="0"/>
<pin id="392" dir="1" index="2" bw="16" slack="0"/>
</pin_list>
<bind>
<opcode="add(8) " fcode="add"/>
<opset="tmp1/10 "/>
</bind>
</comp>

<comp id="395" class="1004" name="tmp4_cast_fu_395">
<pin_list>
<pin id="396" dir="0" index="0" bw="9" slack="1"/>
<pin id="397" dir="1" index="1" bw="13" slack="0"/>
</pin_list>
<bind>
<opcode="zext(34) " fcode="zext"/>
<opset="tmp4_cast/10 "/>
</bind>
</comp>

<comp id="398" class="1004" name="tmp3_cast_fu_398">
<pin_list>
<pin id="399" dir="0" index="0" bw="13" slack="0"/>
<pin id="400" dir="1" index="1" bw="16" slack="0"/>
</pin_list>
<bind>
<opcode="zext(34) " fcode="zext"/>
<opset="tmp3_cast/10 "/>
</bind>
</comp>

<comp id="401" class="1004" name="tmp_23_fu_401">
<pin_list>
<pin id="402" dir="0" index="0" bw="13" slack="0"/>
<pin id="403" dir="0" index="1" bw="16" slack="0"/>
<pin id="404" dir="1" index="2" bw="16" slack="0"/>
</pin_list>
<bind>
<opcode="add(8) " fcode="add"/>
<opset="tmp_23/10 "/>
</bind>
</comp>

<comp id="407" class="1004" name="tmp_24_fu_407">
<pin_list>
<pin id="408" dir="0" index="0" bw="8" slack="0"/>
<pin id="409" dir="0" index="1" bw="16" slack="0"/>
<pin id="410" dir="0" index="2" bw="5" slack="0"/>
<pin id="411" dir="0" index="3" bw="5" slack="0"/>
<pin id="412" dir="1" index="4" bw="8" slack="1"/>
</pin_list>
<bind>
<opcode="partselect(1002) " fcode="partselect"/>
<opset="tmp_24/10 "/>
</bind>
</comp>

<comp id="417" class="1004" name="p_shl2_fu_417">
<pin_list>
<pin id="418" dir="0" index="0" bw="15" slack="0"/>
<pin id="419" dir="0" index="1" bw="8" slack="1"/>
<pin id="420" dir="0" index="2" bw="1" slack="0"/>
<pin id="421" dir="1" index="3" bw="15" slack="0"/>
</pin_list>
<bind>
<opcode="bitconcatenate(1004) " fcode="bitconcatenate"/>
<opset="p_shl2/10 "/>
</bind>
</comp>

<comp id="424" class="1004" name="p_shl2_cast_fu_424">
<pin_list>
<pin id="425" dir="0" index="0" bw="15" slack="0"/>
<pin id="426" dir="1" index="1" bw="16" slack="0"/>
</pin_list>
<bind>
<opcode="zext(34) " fcode="zext"/>
<opset="p_shl2_cast/10 "/>
</bind>
</comp>

<comp id="428" class="1004" name="p_shl3_fu_428">
<pin_list>
<pin id="429" dir="0" index="0" bw="12" slack="0"/>
<pin id="430" dir="0" index="1" bw="8" slack="1"/>
<pin id="431" dir="0" index="2" bw="1" slack="0"/>
<pin id="432" dir="1" index="3" bw="12" slack="0"/>
</pin_list>
<bind>
<opcode="bitconcatenate(1004) " fcode="bitconcatenate"/>
<opset="p_shl3/10 "/>
</bind>
</comp>

<comp id="435" class="1004" name="p_shl3_cast9_fu_435">
<pin_list>
<pin id="436" dir="0" index="0" bw="12" slack="0"/>
<pin id="437" dir="1" index="1" bw="13" slack="0"/>
</pin_list>
<bind>
<opcode="zext(34) " fcode="zext"/>
<opset="p_shl3_cast9/10 "/>
</bind>
</comp>

<comp id="439" class="1004" name="p_shl3_cast_fu_439">
<pin_list>
<pin id="440" dir="0" index="0" bw="12" slack="0"/>
<pin id="441" dir="1" index="1" bw="16" slack="0"/>
</pin_list>
<bind>
<opcode="zext(34) " fcode="zext"/>
<opset="p_shl3_cast/10 "/>
</bind>
</comp>

<comp id="443" class="1004" name="tmp_27_fu_443">
<pin_list>
<pin id="444" dir="0" index="0" bw="15" slack="0"/>
<pin id="445" dir="0" index="1" bw="12" slack="0"/>
<pin id="446" dir="1" index="2" bw="16" slack="1"/>
</pin_list>
<bind>
<opcode="sub(10) " fcode="sub"/>
<opset="tmp_27/10 "/>
</bind>
</comp>

<comp id="449" class="1004" name="p_neg_fu_449">
<pin_list>
<pin id="450" dir="0" index="0" bw="1" slack="0"/>
<pin id="451" dir="0" index="1" bw="12" slack="0"/>
<pin id="452" dir="1" index="2" bw="13" slack="0"/>
</pin_list>
<bind>
<opcode="sub(10) " fcode="sub"/>
<opset="p_neg/10 "/>
</bind>
</comp>

<comp id="455" class="1004" name="p_neg_cast_fu_455">
<pin_list>
<pin id="456" dir="0" index="0" bw="13" slack="0"/>
<pin id="457" dir="1" index="1" bw="14" slack="0"/>
</pin_list>
<bind>
<opcode="sext(35) " fcode="sext"/>
<opset="p_neg_cast/10 "/>
</bind>
</comp>

<comp id="459" class="1004" name="p_shl1_fu_459">
<pin_list>
<pin id="460" dir="0" index="0" bw="9" slack="0"/>
<pin id="461" dir="0" index="1" bw="8" slack="1"/>
<pin id="462" dir="0" index="2" bw="1" slack="0"/>
<pin id="463" dir="1" index="3" bw="9" slack="0"/>
</pin_list>
<bind>
<opcode="bitconcatenate(1004) " fcode="bitconcatenate"/>
<opset="p_shl1/10 "/>
</bind>
</comp>

<comp id="466" class="1004" name="p_shl1_cast_fu_466">
<pin_list>
<pin id="467" dir="0" index="0" bw="9" slack="0"/>
<pin id="468" dir="1" index="1" bw="14" slack="0"/>
</pin_list>
<bind>
<opcode="zext(34) " fcode="zext"/>
<opset="p_shl1_cast/10 "/>
</bind>
</comp>

<comp id="470" class="1004" name="tmp_32_fu_470">
<pin_list>
<pin id="471" dir="0" index="0" bw="13" slack="0"/>
<pin id="472" dir="0" index="1" bw="9" slack="0"/>
<pin id="473" dir="1" index="2" bw="14" slack="0"/>
</pin_list>
<bind>
<opcode="sub(10) " fcode="sub"/>
<opset="tmp_32/10 "/>
</bind>
</comp>

<comp id="476" class="1004" name="tmp8_fu_476">
<pin_list>
<pin id="477" dir="0" index="0" bw="9" slack="0"/>
<pin id="478" dir="0" index="1" bw="14" slack="0"/>
<pin id="479" dir="1" index="2" bw="14" slack="1"/>
</pin_list>
<bind>
<opcode="add(8) " fcode="add"/>
<opset="tmp8/10 "/>
</bind>
</comp>

<comp id="482" class="1004" name="tmp_40_cast2_fu_482">
<pin_list>
<pin id="483" dir="0" index="0" bw="8" slack="4"/>
<pin id="484" dir="1" index="1" bw="15" slack="0"/>
</pin_list>
<bind>
<opcode="zext(34) " fcode="zext"/>
<opset="tmp_40_cast2/11 "/>
</bind>
</comp>

<comp id="485" class="1004" name="Y_fu_485">
<pin_list>
<pin id="486" dir="0" index="0" bw="6" slack="0"/>
<pin id="487" dir="0" index="1" bw="8" slack="1"/>
<pin id="488" dir="1" index="2" bw="8" slack="0"/>
</pin_list>
<bind>
<opcode="add(8) " fcode="add"/>
<opset="Y/11 "/>
</bind>
</comp>

<comp id="491" class="1004" name="tmp6_fu_491">
<pin_list>
<pin id="492" dir="0" index="0" bw="9" slack="0"/>
<pin id="493" dir="0" index="1" bw="16" slack="1"/>
<pin id="494" dir="1" index="2" bw="16" slack="0"/>
</pin_list>
<bind>
<opcode="add(8) " fcode="add"/>
<opset="tmp6/11 "/>
</bind>
</comp>

<comp id="496" class="1004" name="tmp_28_fu_496">
<pin_list>
<pin id="497" dir="0" index="0" bw="16" slack="0"/>
<pin id="498" dir="0" index="1" bw="16" slack="0"/>
<pin id="499" dir="1" index="2" bw="16" slack="0"/>
</pin_list>
<bind>
<opcode="add(8) " fcode="add"/>
<opset="tmp_28/11 "/>
</bind>
</comp>

<comp id="501" class="1004" name="tmp_29_fu_501">
<pin_list>
<pin id="502" dir="0" index="0" bw="8" slack="0"/>
<pin id="503" dir="0" index="1" bw="16" slack="0"/>
<pin id="504" dir="0" index="2" bw="5" slack="0"/>
<pin id="505" dir="0" index="3" bw="5" slack="0"/>
<pin id="506" dir="1" index="4" bw="8" slack="1"/>
</pin_list>
<bind>
<opcode="partselect(1002) " fcode="partselect"/>
<opset="tmp_29/11 "/>
</bind>
</comp>

<comp id="511" class="1004" name="tmp8_cast_fu_511">
<pin_list>
<pin id="512" dir="0" index="0" bw="14" slack="1"/>
<pin id="513" dir="1" index="1" bw="16" slack="0"/>
</pin_list>
<bind>
<opcode="sext(35) " fcode="sext"/>
<opset="tmp8_cast/11 "/>
</bind>
</comp>

<comp id="514" class="1004" name="tmp_33_fu_514">
<pin_list>
<pin id="515" dir="0" index="0" bw="14" slack="0"/>
<pin id="516" dir="0" index="1" bw="16" slack="0"/>
<pin id="517" dir="1" index="2" bw="16" slack="0"/>
</pin_list>
<bind>
<opcode="add(8) " fcode="add"/>
<opset="tmp_33/11 "/>
</bind>
</comp>

<comp id="519" class="1004" name="tmp_34_fu_519">
<pin_list>
<pin id="520" dir="0" index="0" bw="8" slack="0"/>
<pin id="521" dir="0" index="1" bw="16" slack="0"/>
<pin id="522" dir="0" index="2" bw="5" slack="0"/>
<pin id="523" dir="0" index="3" bw="5" slack="0"/>
<pin id="524" dir="1" index="4" bw="8" slack="1"/>
</pin_list>
<bind>
<opcode="partselect(1002) " fcode="partselect"/>
<opset="tmp_34/11 "/>
</bind>
</comp>

<comp id="529" class="1004" name="U_fu_529">
<pin_list>
<pin id="530" dir="0" index="0" bw="8" slack="1"/>
<pin id="531" dir="0" index="1" bw="8" slack="0"/>
<pin id="532" dir="1" index="2" bw="8" slack="0"/>
</pin_list>
<bind>
<opcode="xor(25) " fcode="xor"/>
<opset="U/12 "/>
</bind>
</comp>

<comp id="535" class="1004" name="V_fu_535">
<pin_list>
<pin id="536" dir="0" index="0" bw="8" slack="1"/>
<pin id="537" dir="0" index="1" bw="8" slack="0"/>
<pin id="538" dir="1" index="2" bw="8" slack="0"/>
</pin_list>
<bind>
<opcode="xor(25) " fcode="xor"/>
<opset="V/12 "/>
</bind>
</comp>

<comp id="541" class="1004" name="mrv_fu_541">
<pin_list>
<pin id="542" dir="0" index="0" bw="32" slack="0"/>
<pin id="543" dir="0" index="1" bw="16" slack="2"/>
<pin id="544" dir="1" index="2" bw="32" slack="0"/>
</pin_list>
<bind>
<opcode="insertvalue(57) " fcode="insertvalue"/>
<opset="mrv/14 "/>
</bind>
</comp>

<comp id="546" class="1004" name="mrv_1_fu_546">
<pin_list>
<pin id="547" dir="0" index="0" bw="32" slack="0"/>
<pin id="548" dir="0" index="1" bw="16" slack="2"/>
<pin id="549" dir="1" index="2" bw="32" slack="2147483647"/>
</pin_list>
<bind>
<opcode="insertvalue(57) " fcode="insertvalue"/>
<opset="mrv_1/14 "/>
</bind>
</comp>

<comp id="551" class="1007" name="bound_fu_551">
<pin_list>
<pin id="552" dir="0" index="0" bw="16" slack="0"/>
<pin id="553" dir="0" index="1" bw="16" slack="0"/>
<pin id="554" dir="1" index="2" bw="32" slack="1"/>
</pin_list>
<bind>
<opcode="mul(12) " fcode="mul"/>
<opset="bound/1 "/>
</bind>
</comp>

<comp id="557" class="1007" name="grp_fu_557">
<pin_list>
<pin id="558" dir="0" index="0" bw="13" slack="0"/>
<pin id="559" dir="0" index="1" bw="8" slack="0"/>
<pin id="560" dir="0" index="2" bw="9" slack="0"/>
<pin id="561" dir="1" index="3" bw="13" slack="0"/>
</pin_list>
<bind>
<opcode="muladd(1172) " fcode="muladd"/>
<opset="tmp_22/10 tmp3/10 "/>
</bind>
</comp>

<comp id="566" class="1007" name="grp_fu_566">
<pin_list>
<pin id="567" dir="0" index="0" bw="15" slack="0"/>
<pin id="568" dir="0" index="1" bw="8" slack="0"/>
<pin id="569" dir="0" index="2" bw="16" slack="2147483647"/>
<pin id="570" dir="1" index="3" bw="16" slack="0"/>
</pin_list>
<bind>
<opcode="muladd(1172) " fcode="muladd"/>
<opset="tmp_25/11 tmp_51_cast/11 tmp5/11 "/>
</bind>
</comp>

<comp id="574" class="1007" name="grp_fu_574">
<pin_list>
<pin id="575" dir="0" index="0" bw="16" slack="0"/>
<pin id="576" dir="0" index="1" bw="8" slack="3"/>
<pin id="577" dir="0" index="2" bw="16" slack="2147483647"/>
<pin id="578" dir="1" index="3" bw="16" slack="0"/>
</pin_list>
<bind>
<opcode="muladd(1172) " fcode="muladd"/>
<opset="tmp_31/11 tmp7/11 "/>
</bind>
</comp>

<comp id="581" class="1005" name="in_height_read11_reg_581">
<pin_list>
<pin id="582" dir="0" index="0" bw="16" slack="1"/>
<pin id="583" dir="1" index="1" bw="16" slack="1"/>
</pin_list>
<bind>
<opset="in_height_read11 "/>
</bind>
</comp>

<comp id="587" class="1005" name="in_width_read_3_reg_587">
<pin_list>
<pin id="588" dir="0" index="0" bw="16" slack="2"/>
<pin id="589" dir="1" index="1" bw="16" slack="2"/>
</pin_list>
<bind>
<opset="in_width_read_3 "/>
</bind>
</comp>

<comp id="592" class="1005" name="bound_reg_592">
<pin_list>
<pin id="593" dir="0" index="0" bw="32" slack="1"/>
<pin id="594" dir="1" index="1" bw="32" slack="1"/>
</pin_list>
<bind>
<opset="bound "/>
</bind>
</comp>

<comp id="597" class="1005" name="exitcond_flatten_reg_597">
<pin_list>
<pin id="598" dir="0" index="0" bw="1" slack="1"/>
<pin id="599" dir="1" index="1" bw="1" slack="2147483647"/>
</pin_list>
<bind>
<opset="exitcond_flatten "/>
</bind>
</comp>

<comp id="601" class="1005" name="indvar_flatten_next_reg_601">
<pin_list>
<pin id="602" dir="0" index="0" bw="32" slack="0"/>
<pin id="603" dir="1" index="1" bw="32" slack="0"/>
</pin_list>
<bind>
<opset="indvar_flatten_next "/>
</bind>
</comp>

<comp id="606" class="1005" name="y_mid2_reg_606">
<pin_list>
<pin id="607" dir="0" index="0" bw="16" slack="1"/>
<pin id="608" dir="1" index="1" bw="16" slack="1"/>
</pin_list>
<bind>
<opset="y_mid2 "/>
</bind>
</comp>

<comp id="612" class="1005" name="tmp_mid2_v_reg_612">
<pin_list>
<pin id="613" dir="0" index="0" bw="16" slack="0"/>
<pin id="614" dir="1" index="1" bw="16" slack="0"/>
</pin_list>
<bind>
<opset="tmp_mid2_v "/>
</bind>
</comp>

<comp id="617" class="1005" name="tmp_reg_617">
<pin_list>
<pin id="618" dir="0" index="0" bw="13" slack="1"/>
<pin id="619" dir="1" index="1" bw="13" slack="1"/>
</pin_list>
<bind>
<opset="tmp "/>
</bind>
</comp>

<comp id="622" class="1005" name="tmp_21_reg_622">
<pin_list>
<pin id="623" dir="0" index="0" bw="15" slack="1"/>
<pin id="624" dir="1" index="1" bw="15" slack="1"/>
</pin_list>
<bind>
<opset="tmp_21 "/>
</bind>
</comp>

<comp id="627" class="1005" name="tmp_20_reg_627">
<pin_list>
<pin id="628" dir="0" index="0" bw="23" slack="1"/>
<pin id="629" dir="1" index="1" bw="23" slack="1"/>
</pin_list>
<bind>
<opset="tmp_20 "/>
</bind>
</comp>

<comp id="632" class="1005" name="y_3_reg_632">
<pin_list>
<pin id="633" dir="0" index="0" bw="16" slack="1"/>
<pin id="634" dir="1" index="1" bw="16" slack="1"/>
</pin_list>
<bind>
<opset="y_3 "/>
</bind>
</comp>

<comp id="637" class="1005" name="tmp_42_cast_reg_637">
<pin_list>
<pin id="638" dir="0" index="0" bw="64" slack="2"/>
<pin id="639" dir="1" index="1" bw="64" slack="2"/>
</pin_list>
<bind>
<opset="tmp_42_cast "/>
</bind>
</comp>

<comp id="645" class="1005" name="in_channels_ch1_addr_reg_645">
<pin_list>
<pin id="646" dir="0" index="0" bw="22" slack="1"/>
<pin id="647" dir="1" index="1" bw="22" slack="1"/>
</pin_list>
<bind>
<opset="in_channels_ch1_addr "/>
</bind>
</comp>

<comp id="650" class="1005" name="in_channels_ch2_addr_reg_650">
<pin_list>
<pin id="651" dir="0" index="0" bw="22" slack="1"/>
<pin id="652" dir="1" index="1" bw="22" slack="1"/>
</pin_list>
<bind>
<opset="in_channels_ch2_addr "/>
</bind>
</comp>

<comp id="655" class="1005" name="in_channels_ch3_addr_reg_655">
<pin_list>
<pin id="656" dir="0" index="0" bw="22" slack="1"/>
<pin id="657" dir="1" index="1" bw="22" slack="1"/>
</pin_list>
<bind>
<opset="in_channels_ch3_addr "/>
</bind>
</comp>

<comp id="660" class="1005" name="R_reg_660">
<pin_list>
<pin id="661" dir="0" index="0" bw="8" slack="1"/>
<pin id="662" dir="1" index="1" bw="8" slack="1"/>
</pin_list>
<bind>
<opset="R "/>
</bind>
</comp>

<comp id="668" class="1005" name="G_reg_668">
<pin_list>
<pin id="669" dir="0" index="0" bw="8" slack="1"/>
<pin id="670" dir="1" index="1" bw="8" slack="1"/>
</pin_list>
<bind>
<opset="G "/>
</bind>
</comp>

<comp id="675" class="1005" name="tmp_40_cast1_reg_675">
<pin_list>
<pin id="676" dir="0" index="0" bw="16" slack="1"/>
<pin id="677" dir="1" index="1" bw="16" slack="1"/>
</pin_list>
<bind>
<opset="tmp_40_cast1 "/>
</bind>
</comp>

<comp id="680" class="1005" name="tmp_42_cast1_reg_680">
<pin_list>
<pin id="681" dir="0" index="0" bw="16" slack="1"/>
<pin id="682" dir="1" index="1" bw="16" slack="1"/>
</pin_list>
<bind>
<opset="tmp_42_cast1 "/>
</bind>
</comp>

<comp id="686" class="1005" name="B_reg_686">
<pin_list>
<pin id="687" dir="0" index="0" bw="8" slack="1"/>
<pin id="688" dir="1" index="1" bw="8" slack="1"/>
</pin_list>
<bind>
<opset="B "/>
</bind>
</comp>

<comp id="694" class="1005" name="tmp4_reg_694">
<pin_list>
<pin id="695" dir="0" index="0" bw="9" slack="1"/>
<pin id="696" dir="1" index="1" bw="9" slack="1"/>
</pin_list>
<bind>
<opset="tmp4 "/>
</bind>
</comp>

<comp id="699" class="1005" name="tmp_24_reg_699">
<pin_list>
<pin id="700" dir="0" index="0" bw="8" slack="1"/>
<pin id="701" dir="1" index="1" bw="8" slack="1"/>
</pin_list>
<bind>
<opset="tmp_24 "/>
</bind>
</comp>

<comp id="704" class="1005" name="tmp_26_reg_704">
<pin_list>
<pin id="705" dir="0" index="0" bw="16" slack="1"/>
<pin id="706" dir="1" index="1" bw="16" slack="1"/>
</pin_list>
<bind>
<opset="tmp_26 "/>
</bind>
</comp>

<comp id="709" class="1005" name="tmp_27_reg_709">
<pin_list>
<pin id="710" dir="0" index="0" bw="16" slack="1"/>
<pin id="711" dir="1" index="1" bw="16" slack="1"/>
</pin_list>
<bind>
<opset="tmp_27 "/>
</bind>
</comp>

<comp id="714" class="1005" name="tmp_30_reg_714">
<pin_list>
<pin id="715" dir="0" index="0" bw="16" slack="1"/>
<pin id="716" dir="1" index="1" bw="16" slack="1"/>
</pin_list>
<bind>
<opset="tmp_30 "/>
</bind>
</comp>

<comp id="719" class="1005" name="tmp8_reg_719">
<pin_list>
<pin id="720" dir="0" index="0" bw="14" slack="1"/>
<pin id="721" dir="1" index="1" bw="14" slack="1"/>
</pin_list>
<bind>
<opset="tmp8 "/>
</bind>
</comp>

<comp id="724" class="1005" name="out_channels_ch1_add_reg_724">
<pin_list>
<pin id="725" dir="0" index="0" bw="22" slack="1"/>
<pin id="726" dir="1" index="1" bw="22" slack="1"/>
</pin_list>
<bind>
<opset="out_channels_ch1_add "/>
</bind>
</comp>

<comp id="729" class="1005" name="Y_reg_729">
<pin_list>
<pin id="730" dir="0" index="0" bw="8" slack="1"/>
<pin id="731" dir="1" index="1" bw="8" slack="1"/>
</pin_list>
<bind>
<opset="Y "/>
</bind>
</comp>

<comp id="734" class="1005" name="tmp_29_reg_734">
<pin_list>
<pin id="735" dir="0" index="0" bw="8" slack="1"/>
<pin id="736" dir="1" index="1" bw="8" slack="1"/>
</pin_list>
<bind>
<opset="tmp_29 "/>
</bind>
</comp>

<comp id="739" class="1005" name="tmp_34_reg_739">
<pin_list>
<pin id="740" dir="0" index="0" bw="8" slack="1"/>
<pin id="741" dir="1" index="1" bw="8" slack="1"/>
</pin_list>
<bind>
<opset="tmp_34 "/>
</bind>
</comp>

<comp id="744" class="1005" name="out_channels_ch2_add_reg_744">
<pin_list>
<pin id="745" dir="0" index="0" bw="22" slack="1"/>
<pin id="746" dir="1" index="1" bw="22" slack="1"/>
</pin_list>
<bind>
<opset="out_channels_ch2_add "/>
</bind>
</comp>

<comp id="749" class="1005" name="out_channels_ch3_add_reg_749">
<pin_list>
<pin id="750" dir="0" index="0" bw="22" slack="1"/>
<pin id="751" dir="1" index="1" bw="22" slack="1"/>
</pin_list>
<bind>
<opset="out_channels_ch3_add "/>
</bind>
</comp>

<comp id="754" class="1005" name="U_reg_754">
<pin_list>
<pin id="755" dir="0" index="0" bw="8" slack="1"/>
<pin id="756" dir="1" index="1" bw="8" slack="1"/>
</pin_list>
<bind>
<opset="U "/>
</bind>
</comp>

<comp id="759" class="1005" name="V_reg_759">
<pin_list>
<pin id="760" dir="0" index="0" bw="8" slack="1"/>
<pin id="761" dir="1" index="1" bw="8" slack="1"/>
</pin_list>
<bind>
<opset="V "/>
</bind>
</comp>

</comp_list>

<net_list>
<net id="110"><net_src comp="16" pin="0"/><net_sink comp="106" pin=0"/></net>

<net id="111"><net_src comp="8" pin="0"/><net_sink comp="106" pin=1"/></net>

<net id="116"><net_src comp="16" pin="0"/><net_sink comp="112" pin=0"/></net>

<net id="117"><net_src comp="6" pin="0"/><net_sink comp="112" pin=1"/></net>

<net id="123"><net_src comp="0" pin="0"/><net_sink comp="118" pin=0"/></net>

<net id="124"><net_src comp="34" pin="0"/><net_sink comp="118" pin=1"/></net>

<net id="130"><net_src comp="2" pin="0"/><net_sink comp="125" pin=0"/></net>

<net id="131"><net_src comp="34" pin="0"/><net_sink comp="125" pin=1"/></net>

<net id="136"><net_src comp="118" pin="3"/><net_sink comp="132" pin=0"/></net>

<net id="141"><net_src comp="125" pin="3"/><net_sink comp="137" pin=0"/></net>

<net id="147"><net_src comp="4" pin="0"/><net_sink comp="142" pin=0"/></net>

<net id="148"><net_src comp="34" pin="0"/><net_sink comp="142" pin=1"/></net>

<net id="153"><net_src comp="142" pin="3"/><net_sink comp="149" pin=0"/></net>

<net id="159"><net_src comp="10" pin="0"/><net_sink comp="154" pin=0"/></net>

<net id="160"><net_src comp="34" pin="0"/><net_sink comp="154" pin=1"/></net>

<net id="165"><net_src comp="154" pin="3"/><net_sink comp="161" pin=0"/></net>

<net id="171"><net_src comp="12" pin="0"/><net_sink comp="166" pin=0"/></net>

<net id="172"><net_src comp="34" pin="0"/><net_sink comp="166" pin=1"/></net>

<net id="178"><net_src comp="14" pin="0"/><net_sink comp="173" pin=0"/></net>

<net id="179"><net_src comp="34" pin="0"/><net_sink comp="173" pin=1"/></net>

<net id="184"><net_src comp="166" pin="3"/><net_sink comp="180" pin=0"/></net>

<net id="189"><net_src comp="173" pin="3"/><net_sink comp="185" pin=0"/></net>

<net id="193"><net_src comp="18" pin="0"/><net_sink comp="190" pin=0"/></net>

<net id="200"><net_src comp="190" pin="1"/><net_sink comp="194" pin=0"/></net>

<net id="204"><net_src comp="20" pin="0"/><net_sink comp="201" pin=0"/></net>

<net id="211"><net_src comp="201" pin="1"/><net_sink comp="205" pin=0"/></net>

<net id="215"><net_src comp="20" pin="0"/><net_sink comp="212" pin=0"/></net>

<net id="222"><net_src comp="212" pin="1"/><net_sink comp="216" pin=0"/></net>

<net id="226"><net_src comp="112" pin="2"/><net_sink comp="223" pin=0"/></net>

<net id="230"><net_src comp="106" pin="2"/><net_sink comp="227" pin=0"/></net>

<net id="235"><net_src comp="194" pin="4"/><net_sink comp="231" pin=0"/></net>

<net id="240"><net_src comp="194" pin="4"/><net_sink comp="236" pin=0"/></net>

<net id="241"><net_src comp="22" pin="0"/><net_sink comp="236" pin=1"/></net>

<net id="246"><net_src comp="24" pin="0"/><net_sink comp="242" pin=0"/></net>

<net id="247"><net_src comp="205" pin="4"/><net_sink comp="242" pin=1"/></net>

<net id="252"><net_src comp="216" pin="4"/><net_sink comp="248" pin=0"/></net>

<net id="258"><net_src comp="248" pin="2"/><net_sink comp="253" pin=0"/></net>

<net id="259"><net_src comp="20" pin="0"/><net_sink comp="253" pin=1"/></net>

<net id="260"><net_src comp="216" pin="4"/><net_sink comp="253" pin=2"/></net>

<net id="266"><net_src comp="248" pin="2"/><net_sink comp="261" pin=0"/></net>

<net id="267"><net_src comp="242" pin="2"/><net_sink comp="261" pin=1"/></net>

<net id="268"><net_src comp="205" pin="4"/><net_sink comp="261" pin=2"/></net>

<net id="272"><net_src comp="261" pin="3"/><net_sink comp="269" pin=0"/></net>

<net id="276"><net_src comp="261" pin="3"/><net_sink comp="273" pin=0"/></net>

<net id="282"><net_src comp="26" pin="0"/><net_sink comp="277" pin=0"/></net>

<net id="283"><net_src comp="28" pin="0"/><net_sink comp="277" pin=2"/></net>

<net id="289"><net_src comp="30" pin="0"/><net_sink comp="284" pin=0"/></net>

<net id="290"><net_src comp="32" pin="0"/><net_sink comp="284" pin=2"/></net>

<net id="295"><net_src comp="277" pin="3"/><net_sink comp="291" pin=0"/></net>

<net id="296"><net_src comp="284" pin="3"/><net_sink comp="291" pin=1"/></net>

<net id="304"><net_src comp="297" pin="1"/><net_sink comp="300" pin=0"/></net>

<net id="305"><net_src comp="291" pin="2"/><net_sink comp="300" pin=1"/></net>

<net id="310"><net_src comp="24" pin="0"/><net_sink comp="306" pin=0"/></net>

<net id="314"><net_src comp="311" pin="1"/><net_sink comp="118" pin=2"/></net>

<net id="315"><net_src comp="311" pin="1"/><net_sink comp="125" pin=2"/></net>

<net id="326"><net_src comp="36" pin="0"/><net_sink comp="322" pin=0"/></net>

<net id="327"><net_src comp="319" pin="1"/><net_sink comp="322" pin=1"/></net>

<net id="332"><net_src comp="38" pin="0"/><net_sink comp="328" pin=0"/></net>

<net id="333"><net_src comp="316" pin="1"/><net_sink comp="328" pin=1"/></net>

<net id="341"><net_src comp="40" pin="0"/><net_sink comp="337" pin=0"/></net>

<net id="342"><net_src comp="334" pin="1"/><net_sink comp="337" pin=1"/></net>

<net id="348"><net_src comp="42" pin="0"/><net_sink comp="343" pin=0"/></net>

<net id="349"><net_src comp="44" pin="0"/><net_sink comp="343" pin=2"/></net>

<net id="353"><net_src comp="343" pin="3"/><net_sink comp="350" pin=0"/></net>

<net id="359"><net_src comp="46" pin="0"/><net_sink comp="354" pin=0"/></net>

<net id="360"><net_src comp="48" pin="0"/><net_sink comp="354" pin=2"/></net>

<net id="364"><net_src comp="354" pin="3"/><net_sink comp="361" pin=0"/></net>

<net id="370"><net_src comp="50" pin="0"/><net_sink comp="365" pin=0"/></net>

<net id="371"><net_src comp="52" pin="0"/><net_sink comp="365" pin=2"/></net>

<net id="375"><net_src comp="365" pin="3"/><net_sink comp="372" pin=0"/></net>

<net id="383"><net_src comp="361" pin="1"/><net_sink comp="379" pin=0"/></net>

<net id="384"><net_src comp="350" pin="1"/><net_sink comp="379" pin=1"/></net>

<net id="388"><net_src comp="379" pin="2"/><net_sink comp="385" pin=0"/></net>

<net id="393"><net_src comp="385" pin="1"/><net_sink comp="389" pin=0"/></net>

<net id="394"><net_src comp="372" pin="1"/><net_sink comp="389" pin=1"/></net>

<net id="405"><net_src comp="398" pin="1"/><net_sink comp="401" pin=0"/></net>

<net id="406"><net_src comp="389" pin="2"/><net_sink comp="401" pin=1"/></net>

<net id="413"><net_src comp="56" pin="0"/><net_sink comp="407" pin=0"/></net>

<net id="414"><net_src comp="401" pin="2"/><net_sink comp="407" pin=1"/></net>

<net id="415"><net_src comp="58" pin="0"/><net_sink comp="407" pin=2"/></net>

<net id="416"><net_src comp="60" pin="0"/><net_sink comp="407" pin=3"/></net>

<net id="422"><net_src comp="50" pin="0"/><net_sink comp="417" pin=0"/></net>

<net id="423"><net_src comp="52" pin="0"/><net_sink comp="417" pin=2"/></net>

<net id="427"><net_src comp="417" pin="3"/><net_sink comp="424" pin=0"/></net>

<net id="433"><net_src comp="62" pin="0"/><net_sink comp="428" pin=0"/></net>

<net id="434"><net_src comp="64" pin="0"/><net_sink comp="428" pin=2"/></net>

<net id="438"><net_src comp="428" pin="3"/><net_sink comp="435" pin=0"/></net>

<net id="442"><net_src comp="428" pin="3"/><net_sink comp="439" pin=0"/></net>

<net id="447"><net_src comp="424" pin="1"/><net_sink comp="443" pin=0"/></net>

<net id="448"><net_src comp="439" pin="1"/><net_sink comp="443" pin=1"/></net>

<net id="453"><net_src comp="66" pin="0"/><net_sink comp="449" pin=0"/></net>

<net id="454"><net_src comp="435" pin="1"/><net_sink comp="449" pin=1"/></net>

<net id="458"><net_src comp="449" pin="2"/><net_sink comp="455" pin=0"/></net>

<net id="464"><net_src comp="46" pin="0"/><net_sink comp="459" pin=0"/></net>

<net id="465"><net_src comp="48" pin="0"/><net_sink comp="459" pin=2"/></net>

<net id="469"><net_src comp="459" pin="3"/><net_sink comp="466" pin=0"/></net>

<net id="474"><net_src comp="455" pin="1"/><net_sink comp="470" pin=0"/></net>

<net id="475"><net_src comp="466" pin="1"/><net_sink comp="470" pin=1"/></net>

<net id="480"><net_src comp="68" pin="0"/><net_sink comp="476" pin=0"/></net>

<net id="481"><net_src comp="470" pin="2"/><net_sink comp="476" pin=1"/></net>

<net id="489"><net_src comp="70" pin="0"/><net_sink comp="485" pin=0"/></net>

<net id="490"><net_src comp="485" pin="2"/><net_sink comp="161" pin=1"/></net>

<net id="495"><net_src comp="74" pin="0"/><net_sink comp="491" pin=0"/></net>

<net id="500"><net_src comp="491" pin="2"/><net_sink comp="496" pin=0"/></net>

<net id="507"><net_src comp="56" pin="0"/><net_sink comp="501" pin=0"/></net>

<net id="508"><net_src comp="496" pin="2"/><net_sink comp="501" pin=1"/></net>

<net id="509"><net_src comp="58" pin="0"/><net_sink comp="501" pin=2"/></net>

<net id="510"><net_src comp="60" pin="0"/><net_sink comp="501" pin=3"/></net>

<net id="518"><net_src comp="511" pin="1"/><net_sink comp="514" pin=0"/></net>

<net id="525"><net_src comp="56" pin="0"/><net_sink comp="519" pin=0"/></net>

<net id="526"><net_src comp="514" pin="2"/><net_sink comp="519" pin=1"/></net>

<net id="527"><net_src comp="58" pin="0"/><net_sink comp="519" pin=2"/></net>

<net id="528"><net_src comp="60" pin="0"/><net_sink comp="519" pin=3"/></net>

<net id="533"><net_src comp="78" pin="0"/><net_sink comp="529" pin=1"/></net>

<net id="534"><net_src comp="529" pin="2"/><net_sink comp="180" pin=1"/></net>

<net id="539"><net_src comp="78" pin="0"/><net_sink comp="535" pin=1"/></net>

<net id="540"><net_src comp="535" pin="2"/><net_sink comp="185" pin=1"/></net>

<net id="545"><net_src comp="104" pin="0"/><net_sink comp="541" pin=0"/></net>

<net id="550"><net_src comp="541" pin="2"/><net_sink comp="546" pin=0"/></net>

<net id="555"><net_src comp="227" pin="1"/><net_sink comp="551" pin=0"/></net>

<net id="556"><net_src comp="223" pin="1"/><net_sink comp="551" pin=1"/></net>

<net id="562"><net_src comp="54" pin="0"/><net_sink comp="557" pin=0"/></net>

<net id="563"><net_src comp="376" pin="1"/><net_sink comp="557" pin=1"/></net>

<net id="564"><net_src comp="395" pin="1"/><net_sink comp="557" pin=2"/></net>

<net id="565"><net_src comp="557" pin="3"/><net_sink comp="398" pin=0"/></net>

<net id="571"><net_src comp="72" pin="0"/><net_sink comp="566" pin=0"/></net>

<net id="572"><net_src comp="482" pin="1"/><net_sink comp="566" pin=1"/></net>

<net id="573"><net_src comp="566" pin="3"/><net_sink comp="496" pin=1"/></net>

<net id="579"><net_src comp="76" pin="0"/><net_sink comp="574" pin=0"/></net>

<net id="580"><net_src comp="574" pin="3"/><net_sink comp="514" pin=1"/></net>

<net id="584"><net_src comp="106" pin="2"/><net_sink comp="581" pin=0"/></net>

<net id="585"><net_src comp="581" pin="1"/><net_sink comp="248" pin=1"/></net>

<net id="586"><net_src comp="581" pin="1"/><net_sink comp="546" pin=1"/></net>

<net id="590"><net_src comp="112" pin="2"/><net_sink comp="587" pin=0"/></net>

<net id="591"><net_src comp="587" pin="1"/><net_sink comp="541" pin=1"/></net>

<net id="595"><net_src comp="551" pin="2"/><net_sink comp="592" pin=0"/></net>

<net id="596"><net_src comp="592" pin="1"/><net_sink comp="231" pin=1"/></net>

<net id="600"><net_src comp="231" pin="2"/><net_sink comp="597" pin=0"/></net>

<net id="604"><net_src comp="236" pin="2"/><net_sink comp="601" pin=0"/></net>

<net id="605"><net_src comp="601" pin="1"/><net_sink comp="194" pin=2"/></net>

<net id="609"><net_src comp="253" pin="3"/><net_sink comp="606" pin=0"/></net>

<net id="610"><net_src comp="606" pin="1"/><net_sink comp="297" pin=0"/></net>

<net id="611"><net_src comp="606" pin="1"/><net_sink comp="306" pin=1"/></net>

<net id="615"><net_src comp="261" pin="3"/><net_sink comp="612" pin=0"/></net>

<net id="616"><net_src comp="612" pin="1"/><net_sink comp="205" pin=2"/></net>

<net id="620"><net_src comp="269" pin="1"/><net_sink comp="617" pin=0"/></net>

<net id="621"><net_src comp="617" pin="1"/><net_sink comp="277" pin=1"/></net>

<net id="625"><net_src comp="273" pin="1"/><net_sink comp="622" pin=0"/></net>

<net id="626"><net_src comp="622" pin="1"/><net_sink comp="284" pin=1"/></net>

<net id="630"><net_src comp="300" pin="2"/><net_sink comp="627" pin=0"/></net>

<net id="631"><net_src comp="627" pin="1"/><net_sink comp="311" pin=0"/></net>

<net id="635"><net_src comp="306" pin="2"/><net_sink comp="632" pin=0"/></net>

<net id="636"><net_src comp="632" pin="1"/><net_sink comp="216" pin=2"/></net>

<net id="640"><net_src comp="311" pin="1"/><net_sink comp="637" pin=0"/></net>

<net id="641"><net_src comp="637" pin="1"/><net_sink comp="142" pin=2"/></net>

<net id="642"><net_src comp="637" pin="1"/><net_sink comp="154" pin=2"/></net>

<net id="643"><net_src comp="637" pin="1"/><net_sink comp="166" pin=2"/></net>

<net id="644"><net_src comp="637" pin="1"/><net_sink comp="173" pin=2"/></net>

<net id="648"><net_src comp="118" pin="3"/><net_sink comp="645" pin=0"/></net>

<net id="649"><net_src comp="645" pin="1"/><net_sink comp="132" pin=0"/></net>

<net id="653"><net_src comp="125" pin="3"/><net_sink comp="650" pin=0"/></net>

<net id="654"><net_src comp="650" pin="1"/><net_sink comp="137" pin=0"/></net>

<net id="658"><net_src comp="142" pin="3"/><net_sink comp="655" pin=0"/></net>

<net id="659"><net_src comp="655" pin="1"/><net_sink comp="149" pin=0"/></net>

<net id="663"><net_src comp="132" pin="2"/><net_sink comp="660" pin=0"/></net>

<net id="664"><net_src comp="660" pin="1"/><net_sink comp="316" pin=0"/></net>

<net id="665"><net_src comp="660" pin="1"/><net_sink comp="343" pin=1"/></net>

<net id="666"><net_src comp="660" pin="1"/><net_sink comp="354" pin=1"/></net>

<net id="667"><net_src comp="660" pin="1"/><net_sink comp="482" pin=0"/></net>

<net id="671"><net_src comp="137" pin="2"/><net_sink comp="668" pin=0"/></net>

<net id="672"><net_src comp="668" pin="1"/><net_sink comp="319" pin=0"/></net>

<net id="673"><net_src comp="668" pin="1"/><net_sink comp="334" pin=0"/></net>

<net id="674"><net_src comp="668" pin="1"/><net_sink comp="365" pin=1"/></net>

<net id="678"><net_src comp="316" pin="1"/><net_sink comp="675" pin=0"/></net>

<net id="679"><net_src comp="675" pin="1"/><net_sink comp="328" pin=1"/></net>

<net id="683"><net_src comp="319" pin="1"/><net_sink comp="680" pin=0"/></net>

<net id="684"><net_src comp="680" pin="1"/><net_sink comp="322" pin=1"/></net>

<net id="685"><net_src comp="680" pin="1"/><net_sink comp="574" pin=1"/></net>

<net id="689"><net_src comp="149" pin="2"/><net_sink comp="686" pin=0"/></net>

<net id="690"><net_src comp="686" pin="1"/><net_sink comp="376" pin=0"/></net>

<net id="691"><net_src comp="686" pin="1"/><net_sink comp="417" pin=1"/></net>

<net id="692"><net_src comp="686" pin="1"/><net_sink comp="428" pin=1"/></net>

<net id="693"><net_src comp="686" pin="1"/><net_sink comp="459" pin=1"/></net>

<net id="697"><net_src comp="337" pin="2"/><net_sink comp="694" pin=0"/></net>

<net id="698"><net_src comp="694" pin="1"/><net_sink comp="395" pin=0"/></net>

<net id="702"><net_src comp="407" pin="4"/><net_sink comp="699" pin=0"/></net>

<net id="703"><net_src comp="699" pin="1"/><net_sink comp="485" pin=1"/></net>

<net id="707"><net_src comp="322" pin="2"/><net_sink comp="704" pin=0"/></net>

<net id="708"><net_src comp="704" pin="1"/><net_sink comp="566" pin=1"/></net>

<net id="712"><net_src comp="443" pin="2"/><net_sink comp="709" pin=0"/></net>

<net id="713"><net_src comp="709" pin="1"/><net_sink comp="491" pin=1"/></net>

<net id="717"><net_src comp="328" pin="2"/><net_sink comp="714" pin=0"/></net>

<net id="718"><net_src comp="714" pin="1"/><net_sink comp="574" pin=0"/></net>

<net id="722"><net_src comp="476" pin="2"/><net_sink comp="719" pin=0"/></net>

<net id="723"><net_src comp="719" pin="1"/><net_sink comp="511" pin=0"/></net>

<net id="727"><net_src comp="154" pin="3"/><net_sink comp="724" pin=0"/></net>

<net id="728"><net_src comp="724" pin="1"/><net_sink comp="161" pin=0"/></net>

<net id="732"><net_src comp="485" pin="2"/><net_sink comp="729" pin=0"/></net>

<net id="733"><net_src comp="729" pin="1"/><net_sink comp="161" pin=1"/></net>

<net id="737"><net_src comp="501" pin="4"/><net_sink comp="734" pin=0"/></net>

<net id="738"><net_src comp="734" pin="1"/><net_sink comp="529" pin=0"/></net>

<net id="742"><net_src comp="519" pin="4"/><net_sink comp="739" pin=0"/></net>

<net id="743"><net_src comp="739" pin="1"/><net_sink comp="535" pin=0"/></net>

<net id="747"><net_src comp="166" pin="3"/><net_sink comp="744" pin=0"/></net>

<net id="748"><net_src comp="744" pin="1"/><net_sink comp="180" pin=0"/></net>

<net id="752"><net_src comp="173" pin="3"/><net_sink comp="749" pin=0"/></net>

<net id="753"><net_src comp="749" pin="1"/><net_sink comp="185" pin=0"/></net>

<net id="757"><net_src comp="529" pin="2"/><net_sink comp="754" pin=0"/></net>

<net id="758"><net_src comp="754" pin="1"/><net_sink comp="180" pin=1"/></net>

<net id="762"><net_src comp="535" pin="2"/><net_sink comp="759" pin=0"/></net>

<net id="763"><net_src comp="759" pin="1"/><net_sink comp="185" pin=1"/></net>

</net_list>

</model> 
---------------- Datapath Model END ------------------

* FSMD analyzer results:
  - Output states:
	Port: out_channels_ch1 | {11 12 }
	Port: out_channels_ch2 | {12 13 }
	Port: out_channels_ch3 | {12 13 }
 - Input state : 
	Port: rgb2yuv : in_channels_ch1 | {4 5 6 7 }
	Port: rgb2yuv : in_channels_ch2 | {4 5 6 7 }
	Port: rgb2yuv : in_channels_ch3 | {6 7 8 9 }
	Port: rgb2yuv : in_width_read | {1 }
	Port: rgb2yuv : in_height_read | {1 }
  - Chain level:
	State 1
		bound : 1
	State 2
		exitcond_flatten : 1
		indvar_flatten_next : 1
		StgValue_26 : 2
		x_3 : 1
		exitcond9 : 1
		y_mid2 : 2
		tmp_mid2_v : 2
		tmp : 3
		tmp_21 : 3
	State 3
		tmp_s : 1
		tmp_20 : 2
	State 4
		in_channels_ch1_addr : 1
		in_channels_ch2_addr : 1
		R : 2
		G : 2
	State 5
	State 6
		B : 1
	State 7
	State 8
		tmp_26 : 1
		tmp_30 : 1
	State 9
		tmp4 : 1
	State 10
		p_shl5_cast : 1
		p_shl6_cast : 1
		p_shl4_cast : 1
		tmp_22 : 1
		tmp2 : 2
		tmp2_cast : 3
		tmp1 : 4
		tmp3 : 2
		tmp3_cast : 3
		tmp_23 : 5
		tmp_24 : 6
		p_shl2_cast : 1
		p_shl3_cast9 : 1
		p_shl3_cast : 1
		tmp_27 : 2
		p_neg : 2
		p_neg_cast : 3
		p_shl1_cast : 1
		tmp_32 : 4
		tmp8 : 5
	State 11
		tmp_25 : 1
		tmp_51_cast : 2
		tmp5 : 3
		tmp_28 : 4
		tmp_29 : 5
		tmp7 : 1
		tmp_33 : 2
		tmp_34 : 3
		StgValue_107 : 1
	State 12
	State 13
		empty : 1
	State 14
		mrv_1 : 1
		StgValue_126 : 2


============================================================
+ Verbose Summary: Datapath Resource usage 
============================================================

* Functional unit list:
|----------|------------------------------|---------|---------|---------|
| Operation|        Functional Unit       |  DSP48E |    FF   |   LUT   |
|----------|------------------------------|---------|---------|---------|
|          |          grp_fu_322          |    0    |    68   |    72   |
|    mul   |          grp_fu_328          |    0    |    68   |    72   |
|          |         bound_fu_551         |    1    |    0    |    0    |
|----------|------------------------------|---------|---------|---------|
|          |  indvar_flatten_next_fu_236  |    0    |    0    |    39   |
|          |          x_3_fu_242          |    0    |    0    |    23   |
|          |         tmp_s_fu_291         |    0    |    0    |    14   |
|          |         tmp_20_fu_300        |    0    |    0    |    14   |
|          |          y_3_fu_306          |    0    |    0    |    23   |
|          |          tmp4_fu_337         |    0    |    0    |    16   |
|    add   |          tmp2_fu_379         |    0    |    0    |    21   |
|          |          tmp1_fu_389         |    0    |    0    |    14   |
|          |         tmp_23_fu_401        |    0    |    0    |    14   |
|          |          tmp8_fu_476         |    0    |    0    |    14   |
|          |           Y_fu_485           |    0    |    0    |    15   |
|          |          tmp6_fu_491         |    0    |    0    |    14   |
|          |         tmp_28_fu_496        |    0    |    0    |    14   |
|          |         tmp_33_fu_514        |    0    |    0    |    23   |
|----------|------------------------------|---------|---------|---------|
|          |         tmp_27_fu_443        |    0    |    0    |    22   |
|    sub   |         p_neg_fu_449         |    0    |    0    |    19   |
|          |         tmp_32_fu_470        |    0    |    0    |    14   |
|----------|------------------------------|---------|---------|---------|
|  select  |         y_mid2_fu_253        |    0    |    0    |    16   |
|          |       tmp_mid2_v_fu_261      |    0    |    0    |    16   |
|----------|------------------------------|---------|---------|---------|
|   icmp   |    exitcond_flatten_fu_231   |    0    |    0    |    16   |
|          |       exitcond9_fu_248       |    0    |    0    |    8    |
|----------|------------------------------|---------|---------|---------|
|    xor   |           U_fu_529           |    0    |    0    |    8    |
|          |           V_fu_535           |    0    |    0    |    8    |
|----------|------------------------------|---------|---------|---------|
|          |          grp_fu_557          |    1    |    0    |    0    |
|  muladd  |          grp_fu_566          |    1    |    0    |    0    |
|          |          grp_fu_574          |    1    |    0    |    0    |
|----------|------------------------------|---------|---------|---------|
|   read   | in_height_read11_read_fu_106 |    0    |    0    |    0    |
|          |  in_width_read_3_read_fu_112 |    0    |    0    |    0    |
|----------|------------------------------|---------|---------|---------|
|          |          cast_fu_223         |    0    |    0    |    0    |
|          |         cast1_fu_227         |    0    |    0    |    0    |
|          |        tmp_cast_fu_297       |    0    |    0    |    0    |
|          |      tmp_42_cast_fu_311      |    0    |    0    |    0    |
|          |      tmp_40_cast1_fu_316     |    0    |    0    |    0    |
|          |      tmp_42_cast1_fu_319     |    0    |    0    |    0    |
|          |      tmp_42_cast2_fu_334     |    0    |    0    |    0    |
|          |      p_shl5_cast_fu_350      |    0    |    0    |    0    |
|          |      p_shl6_cast_fu_361      |    0    |    0    |    0    |
|   zext   |      p_shl4_cast_fu_372      |    0    |    0    |    0    |
|          |      tmp_44_cast1_fu_376     |    0    |    0    |    0    |
|          |       tmp2_cast_fu_385       |    0    |    0    |    0    |
|          |       tmp4_cast_fu_395       |    0    |    0    |    0    |
|          |       tmp3_cast_fu_398       |    0    |    0    |    0    |
|          |      p_shl2_cast_fu_424      |    0    |    0    |    0    |
|          |      p_shl3_cast9_fu_435     |    0    |    0    |    0    |
|          |      p_shl3_cast_fu_439      |    0    |    0    |    0    |
|          |      p_shl1_cast_fu_466      |    0    |    0    |    0    |
|          |      tmp_40_cast2_fu_482     |    0    |    0    |    0    |
|----------|------------------------------|---------|---------|---------|
|   trunc  |          tmp_fu_269          |    0    |    0    |    0    |
|          |         tmp_21_fu_273        |    0    |    0    |    0    |
|----------|------------------------------|---------|---------|---------|
|          |       p_shl_cast_fu_277      |    0    |    0    |    0    |
|          |      p_shl7_cast_fu_284      |    0    |    0    |    0    |
|          |         p_shl5_fu_343        |    0    |    0    |    0    |
|bitconcatenate|         p_shl6_fu_354        |    0    |    0    |    0    |
|          |         p_shl4_fu_365        |    0    |    0    |    0    |
|          |         p_shl2_fu_417        |    0    |    0    |    0    |
|          |         p_shl3_fu_428        |    0    |    0    |    0    |
|          |         p_shl1_fu_459        |    0    |    0    |    0    |
|----------|------------------------------|---------|---------|---------|
|          |         tmp_24_fu_407        |    0    |    0    |    0    |
|partselect|         tmp_29_fu_501        |    0    |    0    |    0    |
|          |         tmp_34_fu_519        |    0    |    0    |    0    |
|----------|------------------------------|---------|---------|---------|
|   sext   |       p_neg_cast_fu_455      |    0    |    0    |    0    |
|          |       tmp8_cast_fu_511       |    0    |    0    |    0    |
|----------|------------------------------|---------|---------|---------|
|insertvalue|          mrv_fu_541          |    0    |    0    |    0    |
|          |         mrv_1_fu_546         |    0    |    0    |    0    |
|----------|------------------------------|---------|---------|---------|
|   Total  |                              |    4    |   136   |   529   |
|----------|------------------------------|---------|---------|---------|

Memories:
N/A

* Register list:
+----------------------------+--------+
|                            |   FF   |
+----------------------------+--------+
|          B_reg_686         |    8   |
|          G_reg_668         |    8   |
|          R_reg_660         |    8   |
|          U_reg_754         |    8   |
|          V_reg_759         |    8   |
|          Y_reg_729         |    8   |
|        bound_reg_592       |   32   |
|  exitcond_flatten_reg_597  |    1   |
|in_channels_ch1_addr_reg_645|   22   |
|in_channels_ch2_addr_reg_650|   22   |
|in_channels_ch3_addr_reg_655|   22   |
|  in_height_read11_reg_581  |   16   |
|   in_width_read_3_reg_587  |   16   |
| indvar_flatten_next_reg_601|   32   |
|   indvar_flatten_reg_190   |   32   |
|out_channels_ch1_add_reg_724|   22   |
|out_channels_ch2_add_reg_744|   22   |
|out_channels_ch3_add_reg_749|   22   |
|        tmp4_reg_694        |    9   |
|        tmp8_reg_719        |   14   |
|       tmp_20_reg_627       |   23   |
|       tmp_21_reg_622       |   15   |
|       tmp_24_reg_699       |    8   |
|       tmp_26_reg_704       |   16   |
|       tmp_27_reg_709       |   16   |
|       tmp_29_reg_734       |    8   |
|       tmp_30_reg_714       |   16   |
|       tmp_34_reg_739       |    8   |
|    tmp_40_cast1_reg_675    |   16   |
|    tmp_42_cast1_reg_680    |   16   |
|     tmp_42_cast_reg_637    |   64   |
|     tmp_mid2_v_reg_612     |   16   |
|         tmp_reg_617        |   13   |
|          x_reg_201         |   16   |
|         y_3_reg_632        |   16   |
|       y_mid2_reg_606       |   16   |
|          y_reg_212         |   16   |
+----------------------------+--------+
|            Total           |   631  |
+----------------------------+--------+

* Multiplexer (MUX) list: 
|-------------------|------|------|------|--------||---------||---------|
|        Comp       |  Pin | Size |  BW  | S x BW ||  Delay  ||   LUT   |
|-------------------|------|------|------|--------||---------||---------|
| grp_access_fu_132 |  p0  |   2  |  22  |   44   ||    9    |
| grp_access_fu_137 |  p0  |   2  |  22  |   44   ||    9    |
| grp_access_fu_149 |  p0  |   2  |  22  |   44   ||    9    |
| grp_access_fu_161 |  p0  |   2  |  22  |   44   ||    9    |
| grp_access_fu_161 |  p1  |   2  |   8  |   16   ||    9    |
| grp_access_fu_180 |  p0  |   2  |  22  |   44   ||    9    |
| grp_access_fu_180 |  p1  |   2  |   8  |   16   ||    9    |
| grp_access_fu_185 |  p0  |   2  |  22  |   44   ||    9    |
| grp_access_fu_185 |  p1  |   2  |   8  |   16   ||    9    |
|     grp_fu_322    |  p1  |   2  |   8  |   16   ||    9    |
|     grp_fu_328    |  p1  |   2  |   8  |   16   ||    9    |
|     grp_fu_566    |  p1  |   2  |   8  |   16   ||    9    |
|     grp_fu_574    |  p0  |   2  |  16  |   32   ||    9    |
|-------------------|------|------|------|--------||---------||---------|
|       Total       |      |      |      |   392  ||  22.997 ||   117   |
|-------------------|------|------|------|--------||---------||---------|



* Summary:
+-----------+--------+--------+--------+--------+
|           | DSP48E |  Delay |   FF   |   LUT  |
+-----------+--------+--------+--------+--------+
|  Function |    4   |    -   |   136  |   529  |
|   Memory  |    -   |    -   |    -   |    -   |
|Multiplexer|    -   |   22   |    -   |   117  |
|  Register |    -   |    -   |   631  |    -   |
+-----------+--------+--------+--------+--------+
|   Total   |    4   |   22   |   767  |   646  |
+-----------+--------+--------+--------+--------+
