

================================================================
== Vivado HLS Report for 'dct'
================================================================
* Date:           Wed May 26 17:34:12 2021

* Version:        2017.1 (Build 1846317 on Fri Apr 14 19:19:38 MDT 2017)
* Project:        dct.prj
* Solution:       solution2
* Product family: zynq
* Target device:  xc7z020clg484-1


================================================================
== Performance Estimates
================================================================
+ Timing (ns): 
    * Summary: 
    +--------+-------+----------+------------+
    |  Clock | Target| Estimated| Uncertainty|
    +--------+-------+----------+------------+
    |ap_clk  |   8.00|      6.60|        1.00|
    +--------+-------+----------+------------+

+ Latency (clock cycles): 
    * Summary: 
    +------+------+------+------+---------+
    |   Latency   |   Interval  | Pipeline|
    |  min |  max |  min |  max |   Type  |
    +------+------+------+------+---------+
    |  1855|  1855|  1856|  1856|   none  |
    +------+------+------+------+---------+

    + Detail: 
        * Instance: 
        +-------------------+--------+------+------+------+------+---------+
        |                   |        |   Latency   |   Interval  | Pipeline|
        |      Instance     | Module |  min |  max |  min |  max |   Type  |
        +-------------------+--------+------+------+------+------+---------+
        |grp_dct_2d_fu_186  |dct_2d  |  1720|  1720|  1720|  1720|   none  |
        +-------------------+--------+------+------+------+------+---------+

        * Loop: 
        +---------------------------+-----+-----+----------+-----------+-----------+------+----------+
        |                           |  Latency  | Iteration|  Initiation Interval  | Trip |          |
        |         Loop Name         | min | max |  Latency |  achieved |   target  | Count| Pipelined|
        +---------------------------+-----+-----+----------+-----------+-----------+------+----------+
        |- RD_Loop_Row_RD_Loop_Col  |   65|   65|         3|          1|          1|    64|    yes   |
        |- WR_Loop_Row_WR_Loop_Col  |   65|   65|         3|          1|          1|    64|    yes   |
        +---------------------------+-----+-----+----------+-----------+-----------+------+----------+



================================================================
== Utilization Estimates
================================================================
* Summary: 
+-----------------+---------+-------+--------+-------+
|       Name      | BRAM_18K| DSP48E|   FF   |  LUT  |
+-----------------+---------+-------+--------+-------+
|DSP              |        -|      -|       -|      -|
|Expression       |        -|      -|       0|    178|
|FIFO             |        -|      -|       -|      -|
|Instance         |        3|      1|     215|    763|
|Memory           |        2|      -|       0|      0|
|Multiplexer      |        -|      -|       -|    233|
|Register         |        -|      -|      83|      -|
+-----------------+---------+-------+--------+-------+
|Total            |        5|      1|     298|   1174|
+-----------------+---------+-------+--------+-------+
|Available        |      280|    220|  106400|  53200|
+-----------------+---------+-------+--------+-------+
|Utilization (%)  |        1|   ~0  |   ~0   |      2|
+-----------------+---------+-------+--------+-------+

+ Detail: 
    * Instance: 
    +-------------------+--------+---------+-------+-----+-----+
    |      Instance     | Module | BRAM_18K| DSP48E|  FF | LUT |
    +-------------------+--------+---------+-------+-----+-----+
    |grp_dct_2d_fu_186  |dct_2d  |        3|      1|  215|  763|
    +-------------------+--------+---------+-------+-----+-----+
    |Total              |        |        3|      1|  215|  763|
    +-------------------+--------+---------+-------+-----+-----+

    * DSP48: 
    N/A

    * Memory: 
    +--------------+-------------------+---------+---+----+------+-----+------+-------------+
    |    Memory    |       Module      | BRAM_18K| FF| LUT| Words| Bits| Banks| W*Bits*Banks|
    +--------------+-------------------+---------+---+----+------+-----+------+-------------+
    |buf_2d_in_U   |dct_2d_row_outbuf  |        1|  0|   0|    64|   16|     1|         1024|
    |buf_2d_out_U  |dct_2d_row_outbuf  |        1|  0|   0|    64|   16|     1|         1024|
    +--------------+-------------------+---------+---+----+------+-----+------+-------------+
    |Total         |                   |        2|  0|   0|   128|   32|     2|         2048|
    +--------------+-------------------+---------+---+----+------+-----+------+-------------+

    * FIFO: 
    N/A

    * Expression: 
    +--------------------------------+----------+-------+---+----+------------+------------+
    |          Variable Name         | Operation| DSP48E| FF| LUT| Bitwidth P0| Bitwidth P1|
    +--------------------------------+----------+-------+---+----+------------+------------+
    |c_1_fu_374_p2                   |     +    |      0|  0|  13|           1|           4|
    |c_fu_259_p2                     |     +    |      0|  0|  13|           1|           4|
    |indvar_flatten_next2_fu_295_p2  |     +    |      0|  0|  15|           7|           1|
    |indvar_flatten_next_fu_200_p2   |     +    |      0|  0|  15|           7|           1|
    |r_1_fu_301_p2                   |     +    |      0|  0|  13|           1|           4|
    |r_fu_206_p2                     |     +    |      0|  0|  13|           1|           4|
    |tmp_22_fu_278_p2                |     +    |      0|  0|  15|           8|           8|
    |tmp_24_fu_357_p2                |     +    |      0|  0|  15|           8|           8|
    |tmp_4_i_fu_368_p2               |     +    |      0|  0|  15|           6|           6|
    |tmp_9_i_fu_248_p2               |     +    |      0|  0|  15|           6|           6|
    |exitcond_flatten2_fu_289_p2     |   icmp   |      0|  0|   4|           7|           8|
    |exitcond_flatten_fu_194_p2      |   icmp   |      0|  0|   4|           7|           8|
    |exitcond_i1_fu_307_p2           |   icmp   |      0|  0|   2|           4|           5|
    |exitcond_i_fu_212_p2            |   icmp   |      0|  0|   2|           4|           5|
    |c_i6_mid2_fu_313_p3             |  select  |      0|  0|   4|           1|           1|
    |c_i_mid2_fu_218_p3              |  select  |      0|  0|   4|           1|           1|
    |tmp_i4_mid2_v_fu_321_p3         |  select  |      0|  0|   4|           1|           4|
    |tmp_i_mid2_v_v_fu_226_p3        |  select  |      0|  0|   4|           1|           4|
    |ap_enable_pp0                   |    xor   |      0|  0|   2|           1|           2|
    |ap_enable_pp1                   |    xor   |      0|  0|   2|           1|           2|
    |ap_enable_reg_pp0_iter1         |    xor   |      0|  0|   2|           1|           2|
    |ap_enable_reg_pp1_iter1         |    xor   |      0|  0|   2|           1|           2|
    +--------------------------------+----------+-------+---+----+------------+------------+
    |Total                           |          |      0|  0| 178|          76|          90|
    +--------------------------------+----------+-------+---+----+------------+------------+

    * Multiplexer: 
    +-------------------------+----+-----------+-----+-----------+
    |           Name          | LUT| Input Size| Bits| Total Bits|
    +-------------------------+----+-----------+-----+-----------+
    |ap_NS_fsm                |  38|          7|    1|          7|
    |ap_enable_reg_pp0_iter1  |   9|          2|    1|          2|
    |ap_enable_reg_pp0_iter2  |   9|          2|    1|          2|
    |ap_enable_reg_pp1_iter1  |   9|          2|    1|          2|
    |ap_enable_reg_pp1_iter2  |   9|          2|    1|          2|
    |buf_2d_in_address0       |  15|          3|    6|         18|
    |buf_2d_in_ce0            |  15|          3|    1|          3|
    |buf_2d_out_address0      |  15|          3|    6|         18|
    |buf_2d_out_ce0           |  15|          3|    1|          3|
    |buf_2d_out_we0           |   9|          2|    1|          2|
    |c_i6_phi_fu_179_p4       |   9|          2|    4|          8|
    |c_i6_reg_175             |   9|          2|    4|          8|
    |c_i_phi_fu_146_p4        |   9|          2|    4|          8|
    |c_i_reg_142              |   9|          2|    4|          8|
    |indvar_flatten2_reg_153  |   9|          2|    7|         14|
    |indvar_flatten_reg_120   |   9|          2|    7|         14|
    |r_i2_phi_fu_168_p4       |   9|          2|    4|          8|
    |r_i2_reg_164             |   9|          2|    4|          8|
    |r_i_phi_fu_135_p4        |   9|          2|    4|          8|
    |r_i_reg_131              |   9|          2|    4|          8|
    +-------------------------+----+-----------+-----+-----------+
    |Total                    | 233|         49|   66|        151|
    +-------------------------+----+-----------+-----+-----------+

    * Register: 
    +--------------------------------------------+---+----+-----+-----------+
    |                    Name                    | FF| LUT| Bits| Const Bits|
    +--------------------------------------------+---+----+-----+-----------+
    |ap_CS_fsm                                   |  6|   0|    6|          0|
    |ap_enable_reg_pp0_iter0                     |  1|   0|    1|          0|
    |ap_enable_reg_pp0_iter1                     |  1|   0|    1|          0|
    |ap_enable_reg_pp0_iter2                     |  1|   0|    1|          0|
    |ap_enable_reg_pp1_iter0                     |  1|   0|    1|          0|
    |ap_enable_reg_pp1_iter1                     |  1|   0|    1|          0|
    |ap_enable_reg_pp1_iter2                     |  1|   0|    1|          0|
    |ap_reg_grp_dct_2d_fu_186_ap_start           |  1|   0|    1|          0|
    |ap_reg_pp0_iter1_c_i_mid2_reg_392           |  4|   0|    4|          0|
    |ap_reg_pp0_iter1_exitcond_flatten_reg_383   |  1|   0|    1|          0|
    |ap_reg_pp0_iter1_tmp_i_mid2_v_v_reg_399     |  4|   0|    4|          0|
    |ap_reg_pp1_iter1_exitcond_flatten2_reg_420  |  1|   0|    1|          0|
    |c_i6_mid2_reg_429                           |  4|   0|    4|          0|
    |c_i6_reg_175                                |  4|   0|    4|          0|
    |c_i_mid2_reg_392                            |  4|   0|    4|          0|
    |c_i_reg_142                                 |  4|   0|    4|          0|
    |exitcond_flatten2_reg_420                   |  1|   0|    1|          0|
    |exitcond_flatten_reg_383                    |  1|   0|    1|          0|
    |indvar_flatten2_reg_153                     |  7|   0|    7|          0|
    |indvar_flatten_reg_120                      |  7|   0|    7|          0|
    |r_i2_reg_164                                |  4|   0|    4|          0|
    |r_i_reg_131                                 |  4|   0|    4|          0|
    |tmp_3_reg_442                               |  3|   0|    3|          0|
    |tmp_4_i_reg_452                             |  6|   0|    6|          0|
    |tmp_i4_mid2_v_reg_436                       |  4|   0|    4|          0|
    |tmp_i_mid2_v_v_reg_399                      |  4|   0|    4|          0|
    |tmp_reg_405                                 |  3|   0|    3|          0|
    +--------------------------------------------+---+----+-----+-----------+
    |Total                                       | 83|   0|   83|          0|
    +--------------------------------------------+---+----+-----+-----------+



================================================================
== Interface
================================================================
* Summary: 
+-------------------+-----+-----+------------+--------------+--------------+
|     RTL Ports     | Dir | Bits|  Protocol  | Source Object|    C Type    |
+-------------------+-----+-----+------------+--------------+--------------+
|ap_clk             |  in |    1| ap_ctrl_hs |      dct     | return value |
|ap_rst             |  in |    1| ap_ctrl_hs |      dct     | return value |
|ap_start           |  in |    1| ap_ctrl_hs |      dct     | return value |
|ap_done            | out |    1| ap_ctrl_hs |      dct     | return value |
|ap_idle            | out |    1| ap_ctrl_hs |      dct     | return value |
|ap_ready           | out |    1| ap_ctrl_hs |      dct     | return value |
|input_r_address0   | out |    6|  ap_memory |    input_r   |     array    |
|input_r_ce0        | out |    1|  ap_memory |    input_r   |     array    |
|input_r_q0         |  in |   16|  ap_memory |    input_r   |     array    |
|output_r_address0  | out |    6|  ap_memory |   output_r   |     array    |
|output_r_ce0       | out |    1|  ap_memory |   output_r   |     array    |
|output_r_we0       | out |    1|  ap_memory |   output_r   |     array    |
|output_r_d0        | out |   16|  ap_memory |   output_r   |     array    |
+-------------------+-----+-----+------------+--------------+--------------+

