

================================================================
== Vivado HLS Report for 'dct_1d2'
================================================================
* Date:           Wed May 26 17:34:11 2021

* Version:        2017.1 (Build 1846317 on Fri Apr 14 19:19:38 MDT 2017)
* Project:        dct.prj
* Solution:       solution2
* Product family: zynq
* Target device:  xc7z020clg484-1


================================================================
== Performance Estimates
================================================================
+ Timing (ns): 
    * Summary: 
    +--------+-------+----------+------------+
    |  Clock | Target| Estimated| Uncertainty|
    +--------+-------+----------+------------+
    |ap_clk  |   8.00|      6.60|        1.00|
    +--------+-------+----------+------------+

+ Latency (clock cycles): 
    * Summary: 
    +-----+-----+-----+-----+---------+
    |  Latency  |  Interval | Pipeline|
    | min | max | min | max |   Type  |
    +-----+-----+-----+-----+---------+
    |   97|   97|   97|   97|   none  |
    +-----+-----+-----+-----+---------+

    + Detail: 
        * Instance: 
        N/A

        * Loop: 
        +-------------------+-----+-----+----------+-----------+-----------+------+----------+
        |                   |  Latency  | Iteration|  Initiation Interval  | Trip |          |
        |     Loop Name     | min | max |  Latency |  achieved |   target  | Count| Pipelined|
        +-------------------+-----+-----+----------+-----------+-----------+------+----------+
        |- DCT_Outer_Loop   |   96|   96|        12|          -|          -|     8|    no    |
        | + DCT_Inner_Loop  |    9|    9|         3|          1|          1|     8|    yes   |
        +-------------------+-----+-----+----------+-----------+-----------+------+----------+



================================================================
== Utilization Estimates
================================================================
* Summary: 
+-----------------+---------+-------+--------+-------+
|       Name      | BRAM_18K| DSP48E|   FF   |  LUT  |
+-----------------+---------+-------+--------+-------+
|DSP              |        -|      1|       -|      -|
|Expression       |        -|      -|       0|    115|
|FIFO             |        -|      -|       -|      -|
|Instance         |        -|      -|       -|      -|
|Memory           |        0|      -|      15|     15|
|Multiplexer      |        -|      -|       -|     72|
|Register         |        -|      -|     102|      -|
+-----------------+---------+-------+--------+-------+
|Total            |        0|      1|     117|    202|
+-----------------+---------+-------+--------+-------+
|Available        |      280|    220|  106400|  53200|
+-----------------+---------+-------+--------+-------+
|Utilization (%)  |        0|   ~0  |   ~0   |   ~0  |
+-----------------+---------+-------+--------+-------+

+ Detail: 
    * Instance: 
    N/A

    * DSP48: 
    +-------------------------+----------------------+--------------+
    |         Instance        |        Module        |  Expression  |
    +-------------------------+----------------------+--------------+
    |dct_mac_muladd_15cud_U1  |dct_mac_muladd_15cud  | i0 + i1 * i2 |
    +-------------------------+----------------------+--------------+

    * Memory: 
    +-------------------+----------------------+---------+----+----+------+-----+------+-------------+
    |       Memory      |        Module        | BRAM_18K| FF | LUT| Words| Bits| Banks| W*Bits*Banks|
    +-------------------+----------------------+---------+----+----+------+-----+------+-------------+
    |dct_coeff_table_U  |dct_1d2_dct_coeffbkb  |        0|  15|  15|    64|   15|     1|          960|
    +-------------------+----------------------+---------+----+----+------+-----+------+-------------+
    |Total              |                      |        0|  15|  15|    64|   15|     1|          960|
    +-------------------+----------------------+---------+----+----+------+-----+------+-------------+

    * FIFO: 
    N/A

    * Expression: 
    +-------------------------+----------+-------+---+----+------------+------------+
    |      Variable Name      | Operation| DSP48E| FF| LUT| Bitwidth P0| Bitwidth P1|
    +-------------------------+----------+-------+---+----+------------+------------+
    |k_1_fu_167_p2            |     +    |      0|  0|  13|           4|           1|
    |n_1_fu_205_p2            |     +    |      0|  0|  13|           4|           1|
    |tmp_12_fu_245_p2         |     +    |      0|  0|  36|          13|          29|
    |tmp_16_fu_177_p2         |     +    |      0|  0|  15|           8|           8|
    |tmp_20_fu_215_p2         |     +    |      0|  0|  15|           8|           8|
    |tmp_21_fu_225_p2         |     +    |      0|  0|  15|           8|           8|
    |tmp_11_fu_199_p2         |   icmp   |      0|  0|   2|           4|           5|
    |tmp_fu_161_p2            |   icmp   |      0|  0|   2|           4|           5|
    |ap_enable_pp0            |    xor   |      0|  0|   2|           1|           2|
    |ap_enable_reg_pp0_iter1  |    xor   |      0|  0|   2|           1|           2|
    +-------------------------+----------+-------+---+----+------------+------------+
    |Total                    |          |      0|  0| 115|          55|          69|
    +-------------------------+----------+-------+---+----+------------+------------+

    * Multiplexer: 
    +-------------------------+----+-----------+-----+-----------+
    |           Name          | LUT| Input Size| Bits| Total Bits|
    +-------------------------+----+-----------+-----+-----------+
    |ap_NS_fsm                |  27|          5|    1|          5|
    |ap_enable_reg_pp0_iter1  |   9|          2|    1|          2|
    |ap_enable_reg_pp0_iter2  |   9|          2|    1|          2|
    |k_reg_103                |   9|          2|    4|          8|
    |n_reg_114                |   9|          2|    4|          8|
    |tmp1_reg_125             |   9|          2|   32|         64|
    +-------------------------+----+-----------+-----+-----------+
    |Total                    |  72|         15|   43|         89|
    +-------------------------+----+-----------+-----+-----------+

    * Register: 
    +---------------------------------+----+----+-----+-----------+
    |               Name              | FF | LUT| Bits| Const Bits|
    +---------------------------------+----+----+-----+-----------+
    |ap_CS_fsm                        |   4|   0|    4|          0|
    |ap_enable_reg_pp0_iter0          |   1|   0|    1|          0|
    |ap_enable_reg_pp0_iter1          |   1|   0|    1|          0|
    |ap_enable_reg_pp0_iter2          |   1|   0|    1|          0|
    |ap_reg_pp0_iter1_tmp_11_reg_299  |   1|   0|    1|          0|
    |dct_coeff_table_load_reg_318     |  15|   0|   15|          0|
    |dst_addr_reg_289                 |   6|   0|    6|          0|
    |k_1_reg_284                      |   4|   0|    4|          0|
    |k_reg_103                        |   4|   0|    4|          0|
    |n_reg_114                        |   4|   0|    4|          0|
    |src_load_reg_323                 |  16|   0|   16|          0|
    |tmp1_reg_125                     |  32|   0|   32|          0|
    |tmp_11_reg_299                   |   1|   0|    1|          0|
    |tmp_21_cast_reg_270              |   4|   0|    8|          4|
    |tmp_23_cast_reg_275              |   4|   0|    8|          4|
    |tmp_26_cast_reg_294              |   4|   0|    8|          4|
    +---------------------------------+----+----+-----+-----------+
    |Total                            | 102|   0|  114|         12|
    +---------------------------------+----+----+-----+-----------+



================================================================
== Interface
================================================================
* Summary: 
+--------------+-----+-----+------------+--------------+--------------+
|   RTL Ports  | Dir | Bits|  Protocol  | Source Object|    C Type    |
+--------------+-----+-----+------------+--------------+--------------+
|ap_clk        |  in |    1| ap_ctrl_hs |    dct_1d2   | return value |
|ap_rst        |  in |    1| ap_ctrl_hs |    dct_1d2   | return value |
|ap_start      |  in |    1| ap_ctrl_hs |    dct_1d2   | return value |
|ap_done       | out |    1| ap_ctrl_hs |    dct_1d2   | return value |
|ap_idle       | out |    1| ap_ctrl_hs |    dct_1d2   | return value |
|ap_ready      | out |    1| ap_ctrl_hs |    dct_1d2   | return value |
|src_address0  | out |    6|  ap_memory |      src     |     array    |
|src_ce0       | out |    1|  ap_memory |      src     |     array    |
|src_q0        |  in |   16|  ap_memory |      src     |     array    |
|tmp_6         |  in |    4|   ap_none  |     tmp_6    |    scalar    |
|dst_address0  | out |    6|  ap_memory |      dst     |     array    |
|dst_ce0       | out |    1|  ap_memory |      dst     |     array    |
|dst_we0       | out |    1|  ap_memory |      dst     |     array    |
|dst_d0        | out |   16|  ap_memory |      dst     |     array    |
|tmp_61        |  in |    4|   ap_none  |    tmp_61    |    scalar    |
+--------------+-----+-----+------------+--------------+--------------+

