

================================================================
== Vivado HLS Report for 'Loop_Xpose_Col_Outer'
================================================================
* Date:           Wed May 26 18:08:28 2021

* Version:        2017.1 (Build 1846317 on Fri Apr 14 19:19:38 MDT 2017)
* Project:        dct.prj
* Solution:       solution6
* Product family: zynq
* Target device:  xc7z020clg484-1


================================================================
== Performance Estimates
================================================================
+ Timing (ns): 
    * Summary: 
    +--------+-------+----------+------------+
    |  Clock | Target| Estimated| Uncertainty|
    +--------+-------+----------+------------+
    |ap_clk  |   8.00|      6.51|        1.00|
    +--------+-------+----------+------------+

+ Latency (clock cycles): 
    * Summary: 
    +-----+-----+-----+-----+---------+
    |  Latency  |  Interval | Pipeline|
    | min | max | min | max |   Type  |
    +-----+-----+-----+-----+---------+
    |   67|   67|   67|   67|   none  |
    +-----+-----+-----+-----+---------+

    + Detail: 
        * Instance: 
        N/A

        * Loop: 
        +---------------------------------------------+-----+-----+----------+-----------+-----------+------+----------+
        |                                             |  Latency  | Iteration|  Initiation Interval  | Trip |          |
        |                  Loop Name                  | min | max |  Latency |  achieved |   target  | Count| Pipelined|
        +---------------------------------------------+-----+-----+----------+-----------+-----------+------+----------+
        |- Xpose_Col_Outer_Loop_Xpose_Col_Inner_Loop  |   65|   65|         3|          1|          1|    64|    yes   |
        +---------------------------------------------+-----+-----+----------+-----------+-----------+------+----------+

============================================================
+ Verbose Summary: Synthesis Manager
============================================================
InlineROM: 1
ExposeGlobal: 0
============================================================
+ Verbose Summary: CDFG Model
============================================================
IsTopModel: 0
ResetActiveHigh: 1
IsCombinational: 2
IsDatapathOnly: 0
HasWiredReturn: 1
HasMFsm: 0
HasVarLatency: 1
IsPipeline: 0
IsRtlPipelined: 0
IsInstanceOverlapped: 0
IsDontTouch: 0
HasImplIP: 0
IsGatedGlobalClock: 0

+ Individual pipeline summary: 
  * Pipeline-0: initiation interval (II) = 1, depth = 3


============================================================
+ Verbose Summary: Schedule
============================================================
* Number of FSM states: 5
* Pipeline: 1
  Pipeline-0: II = 1, D = 3, States = { 2 3 4 }
* Dataflow Pipeline: 0

* FSM state transitions: 
1 --> 
	2  / true
2 --> 
	5  / (exitcond_flatten)
	3  / (!exitcond_flatten)
3 --> 
	4  / true
4 --> 
	2  / true
5 --> 
* FSM state operations: 

 <State 1>: 1.77ns
ST_1: StgValue_6 (3)  [1/1] 1.77ns
newFuncRoot:0  br label %0


 <State 2>: 5.17ns
ST_2: indvar_flatten (5)  [1/1] 0.00ns
:0  %indvar_flatten = phi i7 [ 0, %newFuncRoot ], [ %indvar_flatten_next, %.preheader.i ]

ST_2: j_1_i (6)  [1/1] 0.00ns  loc: dct.c:51->dct.c:87
:1  %j_1_i = phi i4 [ 0, %newFuncRoot ], [ %tmp_7_mid2_v, %.preheader.i ]

ST_2: i_3_i (7)  [1/1] 0.00ns
:2  %i_3_i = phi i4 [ 0, %newFuncRoot ], [ %i, %.preheader.i ]

ST_2: exitcond_flatten (8)  [1/1] 2.91ns
:3  %exitcond_flatten = icmp eq i7 %indvar_flatten, -64

ST_2: indvar_flatten_next (9)  [1/1] 2.75ns
:4  %indvar_flatten_next = add i7 %indvar_flatten, 1

ST_2: StgValue_12 (10)  [1/1] 0.00ns
:5  br i1 %exitcond_flatten, label %dct_2d.exit.exitStub, label %.preheader.i

ST_2: j (12)  [1/1] 2.62ns  loc: dct.c:48->dct.c:87
.preheader.i:0  %j = add i4 %j_1_i, 1

ST_2: tmp_s (15)  [1/1] 3.10ns  loc: dct.c:50->dct.c:87
.preheader.i:3  %tmp_s = icmp eq i4 %i_3_i, -8

ST_2: i_3_i_mid2 (16)  [1/1] 2.07ns  loc: dct.c:50->dct.c:87
.preheader.i:4  %i_3_i_mid2 = select i1 %tmp_s, i4 0, i4 %i_3_i

ST_2: tmp_7_mid2_v (17)  [1/1] 2.07ns  loc: dct.c:51->dct.c:87
.preheader.i:5  %tmp_7_mid2_v = select i1 %tmp_s, i4 %j, i4 %j_1_i


 <State 3>: 6.01ns
ST_3: tmp_7_mid2_cast (18)  [1/1] 0.00ns  loc: dct.c:51->dct.c:87
.preheader.i:6  %tmp_7_mid2_cast = zext i4 %tmp_7_mid2_v to i8

ST_3: tmp_1 (25)  [1/1] 0.00ns  loc: dct.c:50->dct.c:87
.preheader.i:13  %tmp_1 = call i7 @_ssdm_op_BitConcatenate.i7.i4.i3(i4 %i_3_i_mid2, i3 0)

ST_3: tmp_12_cast (26)  [1/1] 0.00ns  loc: dct.c:51->dct.c:87
.preheader.i:14  %tmp_12_cast = zext i7 %tmp_1 to i8

ST_3: tmp_2 (27)  [1/1] 2.75ns  loc: dct.c:51->dct.c:87
.preheader.i:15  %tmp_2 = add i8 %tmp_7_mid2_cast, %tmp_12_cast

ST_3: tmp_13_cast (28)  [1/1] 0.00ns  loc: dct.c:51->dct.c:87
.preheader.i:16  %tmp_13_cast = zext i8 %tmp_2 to i64

ST_3: col_outbuf_i_addr (29)  [1/1] 0.00ns  loc: dct.c:51->dct.c:87
.preheader.i:17  %col_outbuf_i_addr = getelementptr [64 x i16]* %col_outbuf_i, i64 0, i64 %tmp_13_cast

ST_3: col_outbuf_i_load (33)  [2/2] 3.25ns  loc: dct.c:51->dct.c:87
.preheader.i:21  %col_outbuf_i_load = load i16* %col_outbuf_i_addr, align 2

ST_3: i (36)  [1/1] 2.62ns  loc: dct.c:50->dct.c:87
.preheader.i:24  %i = add i4 %i_3_i_mid2, 1


 <State 4>: 6.51ns
ST_4: StgValue_25 (13)  [1/1] 0.00ns
.preheader.i:1  call void (...)* @_ssdm_op_SpecLoopName([42 x i8]* @Xpose_Col_Outer_Loop)

ST_4: empty (14)  [1/1] 0.00ns
.preheader.i:2  %empty = call i32 (...)* @_ssdm_op_SpecLoopTripCount(i64 64, i64 64, i64 64) nounwind

ST_4: tmp (19)  [1/1] 0.00ns  loc: dct.c:51->dct.c:87
.preheader.i:7  %tmp = call i7 @_ssdm_op_BitConcatenate.i7.i4.i3(i4 %tmp_7_mid2_v, i3 0)

ST_4: tmp_10_cast (20)  [1/1] 0.00ns  loc: dct.c:51->dct.c:87
.preheader.i:8  %tmp_10_cast = zext i7 %tmp to i8

ST_4: StgValue_29 (21)  [1/1] 0.00ns  loc: dct.c:51->dct.c:87
.preheader.i:9  call void (...)* @_ssdm_op_SpecLoopName([21 x i8]* @p_str9) nounwind

ST_4: tmp_3 (22)  [1/1] 0.00ns  loc: dct.c:51->dct.c:87
.preheader.i:10  %tmp_3 = call i32 (...)* @_ssdm_op_SpecRegionBegin([21 x i8]* @p_str9) nounwind

ST_4: StgValue_31 (23)  [1/1] 0.00ns  loc: dct.c:52->dct.c:87
.preheader.i:11  call void (...)* @_ssdm_op_SpecPipeline(i32 -1, i32 1, i32 1, i32 0, [1 x i8]* @p_str1) nounwind

ST_4: tmp_5_cast (24)  [1/1] 0.00ns  loc: dct.c:50->dct.c:87
.preheader.i:12  %tmp_5_cast = zext i4 %i_3_i_mid2 to i8

ST_4: tmp_4 (30)  [1/1] 2.75ns  loc: dct.c:51->dct.c:87
.preheader.i:18  %tmp_4 = add i8 %tmp_5_cast, %tmp_10_cast

ST_4: tmp_14_cast (31)  [1/1] 0.00ns  loc: dct.c:51->dct.c:87
.preheader.i:19  %tmp_14_cast = zext i8 %tmp_4 to i64

ST_4: buf_2d_out_addr (32)  [1/1] 0.00ns  loc: dct.c:51->dct.c:87
.preheader.i:20  %buf_2d_out_addr = getelementptr [64 x i16]* %buf_2d_out, i64 0, i64 %tmp_14_cast

ST_4: col_outbuf_i_load (33)  [1/2] 3.25ns  loc: dct.c:51->dct.c:87
.preheader.i:21  %col_outbuf_i_load = load i16* %col_outbuf_i_addr, align 2

ST_4: StgValue_37 (34)  [1/1] 3.25ns  loc: dct.c:51->dct.c:87
.preheader.i:22  store i16 %col_outbuf_i_load, i16* %buf_2d_out_addr, align 2

ST_4: empty_15 (35)  [1/1] 0.00ns  loc: dct.c:51->dct.c:87
.preheader.i:23  %empty_15 = call i32 (...)* @_ssdm_op_SpecRegionEnd([21 x i8]* @p_str9, i32 %tmp_3) nounwind

ST_4: StgValue_39 (37)  [1/1] 0.00ns
.preheader.i:25  br label %0


 <State 5>: 0.00ns
ST_5: StgValue_40 (39)  [1/1] 0.00ns
dct_2d.exit.exitStub:0  ret void



============================================================
+ Verbose Summary: Timing violations
============================================================
Target clock period: 8ns, clock uncertainty: 1ns.

 <State 1>: 1.77ns
The critical path consists of the following:
	multiplexor before 'phi' operation ('indvar_flatten') with incoming values : ('indvar_flatten_next') [5]  (1.77 ns)

 <State 2>: 5.17ns
The critical path consists of the following:
	'phi' operation ('i') with incoming values : ('i', dct.c:50->dct.c:87) [7]  (0 ns)
	'icmp' operation ('tmp_s', dct.c:50->dct.c:87) [15]  (3.1 ns)
	'select' operation ('tmp_7_mid2_v', dct.c:51->dct.c:87) [17]  (2.07 ns)

 <State 3>: 6.01ns
The critical path consists of the following:
	'add' operation ('tmp_2', dct.c:51->dct.c:87) [27]  (2.75 ns)
	'getelementptr' operation ('col_outbuf_i_addr', dct.c:51->dct.c:87) [29]  (0 ns)
	'load' operation ('col_outbuf_i_load', dct.c:51->dct.c:87) on array 'col_outbuf_i' [33]  (3.25 ns)

 <State 4>: 6.51ns
The critical path consists of the following:
	'load' operation ('col_outbuf_i_load', dct.c:51->dct.c:87) on array 'col_outbuf_i' [33]  (3.25 ns)
	'store' operation (dct.c:51->dct.c:87) of variable 'col_outbuf_i_load', dct.c:51->dct.c:87 on array 'buf_2d_out' [34]  (3.25 ns)

 <State 5>: 0ns
The critical path consists of the following:


============================================================
+ Verbose Summary: Binding
============================================================
N/A
* FSMD analyzer results:
  - Output states:
 - Input state : 
  - Chain level:
	State 1
	State 2
	State 3
	State 4
	State 5


============================================================
+ Verbose Summary: Datapath Resource usage 
============================================================
N/A
