

================================================================
== Vivado HLS Report for 'Loop_Col_DCT_Loop_pr'
================================================================
* Date:           Wed May 26 18:08:28 2021

* Version:        2017.1 (Build 1846317 on Fri Apr 14 19:19:38 MDT 2017)
* Project:        dct.prj
* Solution:       solution6
* Product family: zynq
* Target device:  xc7z020clg484-1


================================================================
== Performance Estimates
================================================================
+ Timing (ns): 
    * Summary: 
    +--------+-------+----------+------------+
    |  Clock | Target| Estimated| Uncertainty|
    +--------+-------+----------+------------+
    |ap_clk  |   8.00|      9.73|        1.00|
    +--------+-------+----------+------------+

+ Latency (clock cycles): 
    * Summary: 
    +-----+-----+-----+-----+---------+
    |  Latency  |  Interval | Pipeline|
    | min | max | min | max |   Type  |
    +-----+-----+-----+-----+---------+
    |  121|  121|  121|  121|   none  |
    +-----+-----+-----+-----+---------+

    + Detail: 
        * Instance: 
        N/A

        * Loop: 
        +-------------------+-----+-----+----------+-----------+-----------+------+----------+
        |                   |  Latency  | Iteration|  Initiation Interval  | Trip |          |
        |     Loop Name     | min | max |  Latency |  achieved |   target  | Count| Pipelined|
        +-------------------+-----+-----+----------+-----------+-----------+------+----------+
        |- Col_DCT_Loop     |  120|  120|        15|          -|          -|     8|    no    |
        | + DCT_Outer_Loop  |   12|   12|         6|          1|          1|     8|    yes   |
        +-------------------+-----+-----+----------+-----------+-----------+------+----------+

============================================================
+ Verbose Summary: Synthesis Manager
============================================================
InlineROM: 1
ExposeGlobal: 0
============================================================
+ Verbose Summary: CDFG Model
============================================================
IsTopModel: 0
ResetActiveHigh: 1
IsCombinational: 2
IsDatapathOnly: 0
HasWiredReturn: 1
HasMFsm: 0
HasVarLatency: 1
IsPipeline: 0
IsRtlPipelined: 0
IsInstanceOverlapped: 0
IsDontTouch: 0
HasImplIP: 0
IsGatedGlobalClock: 0

+ Individual pipeline summary: 
  * Pipeline-0: initiation interval (II) = 1, depth = 6


============================================================
+ Verbose Summary: Schedule
============================================================
* Number of FSM states: 9
* Pipeline: 1
  Pipeline-0: II = 1, D = 6, States = { 3 4 5 6 7 8 }
* Dataflow Pipeline: 0

* FSM state transitions: 
1 --> 
	2  / true
2 --> 
	3  / (!tmp_2)
3 --> 
	9  / (tmp_i)
	4  / (!tmp_i)
4 --> 
	5  / true
5 --> 
	6  / true
6 --> 
	7  / true
7 --> 
	8  / true
8 --> 
	3  / true
9 --> 
	2  / true
* FSM state operations: 

 <State 1>: 1.77ns
ST_1: StgValue_10 (18)  [1/1] 1.77ns
newFuncRoot:0  br label %.preheader1.i


 <State 2>: 3.10ns
ST_2: i_2_i (20)  [1/1] 0.00ns
.preheader1.i:0  %i_2_i = phi i4 [ 0, %newFuncRoot ], [ %i, %.preheader1.i.loopexit ]

ST_2: tmp_2 (21)  [1/1] 3.10ns  loc: dct.c:43->dct.c:87
.preheader1.i:1  %tmp_2 = icmp eq i4 %i_2_i, -8

ST_2: i (22)  [1/1] 2.62ns  loc: dct.c:43->dct.c:87
.preheader1.i:2  %i = add i4 %i_2_i, 1

ST_2: StgValue_14 (23)  [1/1] 0.00ns  loc: dct.c:43->dct.c:87
.preheader1.i:3  br i1 %tmp_2, label %.preheader.i.exitStub, label %0

ST_2: empty (25)  [1/1] 0.00ns
:0  %empty = call i32 (...)* @_ssdm_op_SpecLoopTripCount(i64 8, i64 8, i64 8) nounwind

ST_2: StgValue_16 (26)  [1/1] 0.00ns  loc: dct.c:43->dct.c:87
:1  call void (...)* @_ssdm_op_SpecLoopName([13 x i8]* @p_str7) nounwind

ST_2: tmp_141_cast_i (27)  [1/1] 0.00ns  loc: dct.c:43->dct.c:87
:2  %tmp_141_cast_i = zext i4 %i_2_i to i64

ST_2: tmp_s (28)  [1/1] 0.00ns  loc: dct.c:43->dct.c:87
:3  %tmp_s = call i7 @_ssdm_op_BitConcatenate.i7.i4.i3(i4 %i_2_i, i3 0)

ST_2: tmp_19_cast (29)  [1/1] 0.00ns  loc: dct.c:4->dct.c:44->dct.c:87
:4  %tmp_19_cast = zext i7 %tmp_s to i8

ST_2: col_inbuf_0_addr (30)  [1/1] 0.00ns  loc: dct.c:43->dct.c:87
:5  %col_inbuf_0_addr = getelementptr [8 x i16]* %col_inbuf_0, i64 0, i64 %tmp_141_cast_i

ST_2: col_inbuf_1_addr (31)  [1/1] 0.00ns  loc: dct.c:43->dct.c:87
:6  %col_inbuf_1_addr = getelementptr [8 x i16]* %col_inbuf_1, i64 0, i64 %tmp_141_cast_i

ST_2: col_inbuf_2_addr (32)  [1/1] 0.00ns  loc: dct.c:43->dct.c:87
:7  %col_inbuf_2_addr = getelementptr [8 x i16]* %col_inbuf_2, i64 0, i64 %tmp_141_cast_i

ST_2: col_inbuf_3_addr (33)  [1/1] 0.00ns  loc: dct.c:43->dct.c:87
:8  %col_inbuf_3_addr = getelementptr [8 x i16]* %col_inbuf_3, i64 0, i64 %tmp_141_cast_i

ST_2: col_inbuf_4_addr (34)  [1/1] 0.00ns  loc: dct.c:43->dct.c:87
:9  %col_inbuf_4_addr = getelementptr [8 x i16]* %col_inbuf_4, i64 0, i64 %tmp_141_cast_i

ST_2: col_inbuf_5_addr (35)  [1/1] 0.00ns  loc: dct.c:43->dct.c:87
:10  %col_inbuf_5_addr = getelementptr [8 x i16]* %col_inbuf_5, i64 0, i64 %tmp_141_cast_i

ST_2: col_inbuf_6_addr (36)  [1/1] 0.00ns  loc: dct.c:43->dct.c:87
:11  %col_inbuf_6_addr = getelementptr [8 x i16]* %col_inbuf_6, i64 0, i64 %tmp_141_cast_i

ST_2: col_inbuf_7_addr (37)  [1/1] 0.00ns  loc: dct.c:43->dct.c:87
:12  %col_inbuf_7_addr = getelementptr [8 x i16]* %col_inbuf_7, i64 0, i64 %tmp_141_cast_i

ST_2: StgValue_28 (38)  [1/1] 1.77ns  loc: dct.c:13->dct.c:44->dct.c:87
:13  br label %1

ST_2: StgValue_29 (117)  [1/1] 0.00ns
.preheader.i.exitStub:0  ret void


 <State 3>: 3.25ns
ST_3: k_i (40)  [1/1] 0.00ns
:0  %k_i = phi i4 [ 0, %0 ], [ %k, %2 ]

ST_3: tmp_i (41)  [1/1] 3.10ns  loc: dct.c:13->dct.c:44->dct.c:87
:1  %tmp_i = icmp eq i4 %k_i, -8

ST_3: k (42)  [1/1] 2.62ns  loc: dct.c:13->dct.c:44->dct.c:87
:2  %k = add i4 %k_i, 1

ST_3: StgValue_33 (43)  [1/1] 0.00ns  loc: dct.c:13->dct.c:44->dct.c:87
:3  br i1 %tmp_i, label %.preheader1.i.loopexit, label %2

ST_3: tmp_i_20 (49)  [1/1] 0.00ns  loc: dct.c:16->dct.c:44->dct.c:87
:4  %tmp_i_20 = zext i4 %k_i to i64

ST_3: tmp_i_cast (50)  [1/1] 0.00ns  loc: dct.c:19->dct.c:44->dct.c:87
:5  %tmp_i_cast = zext i4 %k_i to i8

ST_3: tmp_6 (51)  [1/1] 2.75ns  loc: dct.c:19->dct.c:44->dct.c:87
:6  %tmp_6 = add i8 %tmp_19_cast, %tmp_i_cast

ST_3: dct_coeff_table_1_ad (60)  [1/1] 0.00ns  loc: dct.c:16->dct.c:44->dct.c:87
:15  %dct_coeff_table_1_ad = getelementptr [8 x i15]* @dct_coeff_table_1, i64 0, i64 %tmp_i_20

ST_3: dct_coeff_table_1_lo (61)  [2/2] 3.25ns  loc: dct.c:16->dct.c:44->dct.c:87
:16  %dct_coeff_table_1_lo = load i15* %dct_coeff_table_1_ad, align 2

ST_3: col_inbuf_1_load (63)  [2/2] 2.32ns  loc: dct.c:43->dct.c:87
:18  %col_inbuf_1_load = load i16* %col_inbuf_1_addr, align 2

ST_3: dct_coeff_table_3_ad (72)  [1/1] 0.00ns  loc: dct.c:16->dct.c:44->dct.c:87
:27  %dct_coeff_table_3_ad = getelementptr [8 x i15]* @dct_coeff_table_3, i64 0, i64 %tmp_i_20

ST_3: dct_coeff_table_3_lo (73)  [2/2] 3.25ns  loc: dct.c:16->dct.c:44->dct.c:87
:28  %dct_coeff_table_3_lo = load i15* %dct_coeff_table_3_ad, align 2

ST_3: col_inbuf_3_load (75)  [2/2] 2.32ns  loc: dct.c:43->dct.c:87
:30  %col_inbuf_3_load = load i16* %col_inbuf_3_addr, align 2

ST_3: dct_coeff_table_5_ad (84)  [1/1] 0.00ns  loc: dct.c:16->dct.c:44->dct.c:87
:39  %dct_coeff_table_5_ad = getelementptr [8 x i15]* @dct_coeff_table_5, i64 0, i64 %tmp_i_20

ST_3: dct_coeff_table_5_lo (85)  [2/2] 3.25ns  loc: dct.c:16->dct.c:44->dct.c:87
:40  %dct_coeff_table_5_lo = load i15* %dct_coeff_table_5_ad, align 2

ST_3: col_inbuf_5_load (87)  [2/2] 2.32ns  loc: dct.c:43->dct.c:87
:42  %col_inbuf_5_load = load i16* %col_inbuf_5_addr, align 2


 <State 4>: 3.25ns
ST_4: dct_coeff_table_0_ad (54)  [1/1] 0.00ns  loc: dct.c:16->dct.c:44->dct.c:87
:9  %dct_coeff_table_0_ad = getelementptr [8 x i14]* @dct_coeff_table_0, i64 0, i64 %tmp_i_20

ST_4: dct_coeff_table_0_lo (55)  [2/2] 3.25ns  loc: dct.c:16->dct.c:44->dct.c:87
:10  %dct_coeff_table_0_lo = load i14* %dct_coeff_table_0_ad, align 2

ST_4: col_inbuf_0_load (57)  [2/2] 2.32ns  loc: dct.c:43->dct.c:87
:12  %col_inbuf_0_load = load i16* %col_inbuf_0_addr, align 2

ST_4: dct_coeff_table_1_lo (61)  [1/2] 3.25ns  loc: dct.c:16->dct.c:44->dct.c:87
:16  %dct_coeff_table_1_lo = load i15* %dct_coeff_table_1_ad, align 2

ST_4: col_inbuf_1_load (63)  [1/2] 2.32ns  loc: dct.c:43->dct.c:87
:18  %col_inbuf_1_load = load i16* %col_inbuf_1_addr, align 2

ST_4: dct_coeff_table_2_ad (66)  [1/1] 0.00ns  loc: dct.c:16->dct.c:44->dct.c:87
:21  %dct_coeff_table_2_ad = getelementptr [8 x i15]* @dct_coeff_table_2, i64 0, i64 %tmp_i_20

ST_4: dct_coeff_table_2_lo (67)  [2/2] 3.25ns  loc: dct.c:16->dct.c:44->dct.c:87
:22  %dct_coeff_table_2_lo = load i15* %dct_coeff_table_2_ad, align 2

ST_4: col_inbuf_2_load (69)  [2/2] 2.32ns  loc: dct.c:43->dct.c:87
:24  %col_inbuf_2_load = load i16* %col_inbuf_2_addr, align 2

ST_4: dct_coeff_table_3_lo (73)  [1/2] 3.25ns  loc: dct.c:16->dct.c:44->dct.c:87
:28  %dct_coeff_table_3_lo = load i15* %dct_coeff_table_3_ad, align 2

ST_4: col_inbuf_3_load (75)  [1/2] 2.32ns  loc: dct.c:43->dct.c:87
:30  %col_inbuf_3_load = load i16* %col_inbuf_3_addr, align 2

ST_4: dct_coeff_table_4_ad (78)  [1/1] 0.00ns  loc: dct.c:16->dct.c:44->dct.c:87
:33  %dct_coeff_table_4_ad = getelementptr [8 x i15]* @dct_coeff_table_4, i64 0, i64 %tmp_i_20

ST_4: dct_coeff_table_4_lo (79)  [2/2] 3.25ns  loc: dct.c:16->dct.c:44->dct.c:87
:34  %dct_coeff_table_4_lo = load i15* %dct_coeff_table_4_ad, align 2

ST_4: col_inbuf_4_load (81)  [2/2] 2.32ns  loc: dct.c:43->dct.c:87
:36  %col_inbuf_4_load = load i16* %col_inbuf_4_addr, align 2

ST_4: dct_coeff_table_5_lo (85)  [1/2] 3.25ns  loc: dct.c:16->dct.c:44->dct.c:87
:40  %dct_coeff_table_5_lo = load i15* %dct_coeff_table_5_ad, align 2

ST_4: col_inbuf_5_load (87)  [1/2] 2.32ns  loc: dct.c:43->dct.c:87
:42  %col_inbuf_5_load = load i16* %col_inbuf_5_addr, align 2

ST_4: dct_coeff_table_6_ad (90)  [1/1] 0.00ns  loc: dct.c:16->dct.c:44->dct.c:87
:45  %dct_coeff_table_6_ad = getelementptr [8 x i15]* @dct_coeff_table_6, i64 0, i64 %tmp_i_20

ST_4: dct_coeff_table_6_lo (91)  [2/2] 3.25ns  loc: dct.c:16->dct.c:44->dct.c:87
:46  %dct_coeff_table_6_lo = load i15* %dct_coeff_table_6_ad, align 2

ST_4: col_inbuf_6_load (93)  [2/2] 2.32ns  loc: dct.c:43->dct.c:87
:48  %col_inbuf_6_load = load i16* %col_inbuf_6_addr, align 2

ST_4: dct_coeff_table_7_ad (96)  [1/1] 0.00ns  loc: dct.c:16->dct.c:44->dct.c:87
:51  %dct_coeff_table_7_ad = getelementptr [8 x i15]* @dct_coeff_table_7, i64 0, i64 %tmp_i_20

ST_4: dct_coeff_table_7_lo (97)  [2/2] 3.25ns  loc: dct.c:16->dct.c:44->dct.c:87
:52  %dct_coeff_table_7_lo = load i15* %dct_coeff_table_7_ad, align 2

ST_4: col_inbuf_7_load (99)  [2/2] 2.32ns  loc: dct.c:43->dct.c:87
:54  %col_inbuf_7_load = load i16* %col_inbuf_7_addr, align 2


 <State 5>: 6.38ns
ST_5: dct_coeff_table_0_lo (55)  [1/2] 3.25ns  loc: dct.c:16->dct.c:44->dct.c:87
:10  %dct_coeff_table_0_lo = load i14* %dct_coeff_table_0_ad, align 2

ST_5: col_inbuf_0_load (57)  [1/2] 2.32ns  loc: dct.c:43->dct.c:87
:12  %col_inbuf_0_load = load i16* %col_inbuf_0_addr, align 2

ST_5: coeff_1_cast_i (62)  [1/1] 0.00ns  loc: dct.c:16->dct.c:44->dct.c:87
:17  %coeff_1_cast_i = sext i15 %dct_coeff_table_1_lo to i29

ST_5: tmp_7_1_cast_i (64)  [1/1] 0.00ns  loc: dct.c:17->dct.c:44->dct.c:87
:19  %tmp_7_1_cast_i = sext i16 %col_inbuf_1_load to i29

ST_5: tmp_8_1_i (65)  [1/1] 6.38ns  loc: dct.c:17->dct.c:44->dct.c:87
:20  %tmp_8_1_i = mul i29 %coeff_1_cast_i, %tmp_7_1_cast_i

ST_5: dct_coeff_table_2_lo (67)  [1/2] 3.25ns  loc: dct.c:16->dct.c:44->dct.c:87
:22  %dct_coeff_table_2_lo = load i15* %dct_coeff_table_2_ad, align 2

ST_5: col_inbuf_2_load (69)  [1/2] 2.32ns  loc: dct.c:43->dct.c:87
:24  %col_inbuf_2_load = load i16* %col_inbuf_2_addr, align 2

ST_5: coeff_3_cast_i (74)  [1/1] 0.00ns  loc: dct.c:16->dct.c:44->dct.c:87
:29  %coeff_3_cast_i = sext i15 %dct_coeff_table_3_lo to i29

ST_5: tmp_7_3_cast_i (76)  [1/1] 0.00ns  loc: dct.c:17->dct.c:44->dct.c:87
:31  %tmp_7_3_cast_i = sext i16 %col_inbuf_3_load to i29

ST_5: tmp_8_3_i (77)  [1/1] 6.38ns  loc: dct.c:17->dct.c:44->dct.c:87
:32  %tmp_8_3_i = mul i29 %coeff_3_cast_i, %tmp_7_3_cast_i

ST_5: dct_coeff_table_4_lo (79)  [1/2] 3.25ns  loc: dct.c:16->dct.c:44->dct.c:87
:34  %dct_coeff_table_4_lo = load i15* %dct_coeff_table_4_ad, align 2

ST_5: col_inbuf_4_load (81)  [1/2] 2.32ns  loc: dct.c:43->dct.c:87
:36  %col_inbuf_4_load = load i16* %col_inbuf_4_addr, align 2

ST_5: coeff_5_cast_i (86)  [1/1] 0.00ns  loc: dct.c:16->dct.c:44->dct.c:87
:41  %coeff_5_cast_i = sext i15 %dct_coeff_table_5_lo to i29

ST_5: tmp_7_5_cast_i (88)  [1/1] 0.00ns  loc: dct.c:17->dct.c:44->dct.c:87
:43  %tmp_7_5_cast_i = sext i16 %col_inbuf_5_load to i29

ST_5: tmp_8_5_i (89)  [1/1] 6.38ns  loc: dct.c:17->dct.c:44->dct.c:87
:44  %tmp_8_5_i = mul i29 %coeff_5_cast_i, %tmp_7_5_cast_i

ST_5: dct_coeff_table_6_lo (91)  [1/2] 3.25ns  loc: dct.c:16->dct.c:44->dct.c:87
:46  %dct_coeff_table_6_lo = load i15* %dct_coeff_table_6_ad, align 2

ST_5: col_inbuf_6_load (93)  [1/2] 2.32ns  loc: dct.c:43->dct.c:87
:48  %col_inbuf_6_load = load i16* %col_inbuf_6_addr, align 2

ST_5: dct_coeff_table_7_lo (97)  [1/2] 3.25ns  loc: dct.c:16->dct.c:44->dct.c:87
:52  %dct_coeff_table_7_lo = load i15* %dct_coeff_table_7_ad, align 2

ST_5: col_inbuf_7_load (99)  [1/2] 2.32ns  loc: dct.c:43->dct.c:87
:54  %col_inbuf_7_load = load i16* %col_inbuf_7_addr, align 2


 <State 6>: 9.73ns
ST_6: coeff_cast_i (56)  [1/1] 0.00ns  loc: dct.c:16->dct.c:44->dct.c:87
:11  %coeff_cast_i = zext i14 %dct_coeff_table_0_lo to i29

ST_6: tmp_7_cast_i (58)  [1/1] 0.00ns  loc: dct.c:17->dct.c:44->dct.c:87
:13  %tmp_7_cast_i = sext i16 %col_inbuf_0_load to i29

ST_6: tmp_8_i (59)  [1/1] 3.36ns  loc: dct.c:17->dct.c:44->dct.c:87
:14  %tmp_8_i = mul i29 %coeff_cast_i, %tmp_7_cast_i

ST_6: coeff_2_cast_i (68)  [1/1] 0.00ns  loc: dct.c:16->dct.c:44->dct.c:87
:23  %coeff_2_cast_i = sext i15 %dct_coeff_table_2_lo to i29

ST_6: tmp_7_2_cast_i (70)  [1/1] 0.00ns  loc: dct.c:17->dct.c:44->dct.c:87
:25  %tmp_7_2_cast_i = sext i16 %col_inbuf_2_load to i29

ST_6: tmp_8_2_i (71)  [1/1] 3.36ns  loc: dct.c:17->dct.c:44->dct.c:87
:26  %tmp_8_2_i = mul i29 %coeff_2_cast_i, %tmp_7_2_cast_i

ST_6: coeff_4_cast_i (80)  [1/1] 0.00ns  loc: dct.c:16->dct.c:44->dct.c:87
:35  %coeff_4_cast_i = sext i15 %dct_coeff_table_4_lo to i29

ST_6: tmp_7_4_cast_i (82)  [1/1] 0.00ns  loc: dct.c:17->dct.c:44->dct.c:87
:37  %tmp_7_4_cast_i = sext i16 %col_inbuf_4_load to i29

ST_6: tmp_8_4_i (83)  [1/1] 3.36ns  loc: dct.c:17->dct.c:44->dct.c:87
:38  %tmp_8_4_i = mul i29 %coeff_4_cast_i, %tmp_7_4_cast_i

ST_6: coeff_6_cast_i (92)  [1/1] 0.00ns  loc: dct.c:16->dct.c:44->dct.c:87
:47  %coeff_6_cast_i = sext i15 %dct_coeff_table_6_lo to i29

ST_6: tmp_7_6_cast_i (94)  [1/1] 0.00ns  loc: dct.c:17->dct.c:44->dct.c:87
:49  %tmp_7_6_cast_i = sext i16 %col_inbuf_6_load to i29

ST_6: tmp_8_6_i (95)  [1/1] 3.36ns  loc: dct.c:17->dct.c:44->dct.c:87
:50  %tmp_8_6_i = mul i29 %coeff_6_cast_i, %tmp_7_6_cast_i

ST_6: coeff_7_cast_i (98)  [1/1] 0.00ns  loc: dct.c:16->dct.c:44->dct.c:87
:53  %coeff_7_cast_i = sext i15 %dct_coeff_table_7_lo to i29

ST_6: tmp_7_7_cast_i (100)  [1/1] 0.00ns  loc: dct.c:17->dct.c:44->dct.c:87
:55  %tmp_7_7_cast_i = sext i16 %col_inbuf_7_load to i29

ST_6: tmp_8_7_i (101)  [1/1] 3.36ns  loc: dct.c:17->dct.c:44->dct.c:87
:56  %tmp_8_7_i = mul i29 %coeff_7_cast_i, %tmp_7_7_cast_i

ST_6: tmp1 (102)  [1/1] 3.02ns  loc: dct.c:19->dct.c:44->dct.c:87
:57  %tmp1 = add i29 %tmp_8_1_i, %tmp_8_i

ST_6: tmp2 (103)  [1/1] 3.02ns  loc: dct.c:19->dct.c:44->dct.c:87
:58  %tmp2 = add i29 %tmp_8_3_i, %tmp_8_2_i

ST_6: tmp (104)  [1/1] 3.35ns  loc: dct.c:19->dct.c:44->dct.c:87
:59  %tmp = add i29 %tmp1, %tmp2

ST_6: tmp4 (105)  [1/1] 3.02ns  loc: dct.c:19->dct.c:44->dct.c:87
:60  %tmp4 = add i29 %tmp_8_5_i, %tmp_8_4_i

ST_6: tmp6 (106)  [1/1] 3.02ns  loc: dct.c:19->dct.c:44->dct.c:87
:61  %tmp6 = add i29 %tmp_8_7_i, 4096

ST_6: tmp5 (107)  [1/1] 3.02ns  loc: dct.c:19->dct.c:44->dct.c:87
:62  %tmp5 = add i29 %tmp_8_6_i, %tmp6


 <State 7>: 4.28ns
ST_7: tmp3 (108)  [1/1] 2.14ns  loc: dct.c:19->dct.c:44->dct.c:87
:63  %tmp3 = add i29 %tmp4, %tmp5

ST_7: tmp_3_i (109)  [1/1] 2.14ns  loc: dct.c:19->dct.c:44->dct.c:87
:64  %tmp_3_i = add i29 %tmp, %tmp3

ST_7: tmp_5_i (110)  [1/1] 0.00ns  loc: dct.c:19->dct.c:44->dct.c:87
:65  %tmp_5_i = call i16 @_ssdm_op_PartSelect.i16.i29.i32.i32(i29 %tmp_3_i, i32 13, i32 28)


 <State 8>: 3.25ns
ST_8: empty_19 (45)  [1/1] 0.00ns
:0  %empty_19 = call i32 (...)* @_ssdm_op_SpecLoopTripCount(i64 8, i64 8, i64 8) nounwind

ST_8: StgValue_111 (46)  [1/1] 0.00ns  loc: dct.c:13->dct.c:44->dct.c:87
:1  call void (...)* @_ssdm_op_SpecLoopName([15 x i8]* @p_str) nounwind

ST_8: tmp_2_i (47)  [1/1] 0.00ns  loc: dct.c:13->dct.c:44->dct.c:87
:2  %tmp_2_i = call i32 (...)* @_ssdm_op_SpecRegionBegin([15 x i8]* @p_str) nounwind

ST_8: StgValue_113 (48)  [1/1] 0.00ns  loc: dct.c:14->dct.c:44->dct.c:87
:3  call void (...)* @_ssdm_op_SpecPipeline(i32 -1, i32 1, i32 1, i32 0, [1 x i8]* @p_str1) nounwind

ST_8: tmp_20_cast (52)  [1/1] 0.00ns  loc: dct.c:19->dct.c:44->dct.c:87
:7  %tmp_20_cast = zext i8 %tmp_6 to i64

ST_8: col_outbuf_i_addr (53)  [1/1] 0.00ns  loc: dct.c:19->dct.c:44->dct.c:87
:8  %col_outbuf_i_addr = getelementptr [64 x i16]* %col_outbuf_i, i64 0, i64 %tmp_20_cast

ST_8: StgValue_116 (111)  [1/1] 3.25ns  loc: dct.c:19->dct.c:44->dct.c:87
:66  store i16 %tmp_5_i, i16* %col_outbuf_i_addr, align 2

ST_8: empty_21 (112)  [1/1] 0.00ns  loc: dct.c:20->dct.c:44->dct.c:87
:67  %empty_21 = call i32 (...)* @_ssdm_op_SpecRegionEnd([15 x i8]* @p_str, i32 %tmp_2_i) nounwind

ST_8: StgValue_118 (113)  [1/1] 0.00ns  loc: dct.c:13->dct.c:44->dct.c:87
:68  br label %1


 <State 9>: 0.00ns
ST_9: StgValue_119 (115)  [1/1] 0.00ns
.preheader1.i.loopexit:0  br label %.preheader1.i



============================================================
+ Verbose Summary: Timing violations
============================================================
Target clock period: 8ns, clock uncertainty: 1ns.

 <State 1>: 1.77ns
The critical path consists of the following:
	multiplexor before 'phi' operation ('i') with incoming values : ('i', dct.c:43->dct.c:87) [20]  (1.77 ns)

 <State 2>: 3.1ns
The critical path consists of the following:
	'phi' operation ('i') with incoming values : ('i', dct.c:43->dct.c:87) [20]  (0 ns)
	'icmp' operation ('tmp_2', dct.c:43->dct.c:87) [21]  (3.1 ns)

 <State 3>: 3.25ns
The critical path consists of the following:
	'phi' operation ('k') with incoming values : ('k', dct.c:13->dct.c:44->dct.c:87) [40]  (0 ns)
	'getelementptr' operation ('dct_coeff_table_1_ad', dct.c:16->dct.c:44->dct.c:87) [60]  (0 ns)
	'load' operation ('dct_coeff_table_1_lo', dct.c:16->dct.c:44->dct.c:87) on array 'dct_coeff_table_1' [61]  (3.25 ns)

 <State 4>: 3.25ns
The critical path consists of the following:
	'getelementptr' operation ('dct_coeff_table_0_ad', dct.c:16->dct.c:44->dct.c:87) [54]  (0 ns)
	'load' operation ('dct_coeff_table_0_lo', dct.c:16->dct.c:44->dct.c:87) on array 'dct_coeff_table_0' [55]  (3.25 ns)

 <State 5>: 6.38ns
The critical path consists of the following:
	'mul' operation ('tmp_8_1_i', dct.c:17->dct.c:44->dct.c:87) [65]  (6.38 ns)

 <State 6>: 9.73ns
The critical path consists of the following:
	'mul' operation ('tmp_8_i', dct.c:17->dct.c:44->dct.c:87) [59]  (3.36 ns)
	'add' operation ('tmp1', dct.c:19->dct.c:44->dct.c:87) [102]  (3.02 ns)
	'add' operation ('tmp', dct.c:19->dct.c:44->dct.c:87) [104]  (3.35 ns)

 <State 7>: 4.28ns
The critical path consists of the following:
	'add' operation ('tmp3', dct.c:19->dct.c:44->dct.c:87) [108]  (2.14 ns)
	'add' operation ('tmp_3_i', dct.c:19->dct.c:44->dct.c:87) [109]  (2.14 ns)

 <State 8>: 3.25ns
The critical path consists of the following:
	'getelementptr' operation ('col_outbuf_i_addr', dct.c:19->dct.c:44->dct.c:87) [53]  (0 ns)
	'store' operation (dct.c:19->dct.c:44->dct.c:87) of variable 'tmp_5_i', dct.c:19->dct.c:44->dct.c:87 on array 'col_outbuf_i' [111]  (3.25 ns)

 <State 9>: 0ns
The critical path consists of the following:


============================================================
+ Verbose Summary: Binding
============================================================
N/A
* FSMD analyzer results:
  - Output states:
 - Input state : 
  - Chain level:
	State 1
	State 2
	State 3
	State 4
	State 5
	State 6
	State 7
	State 8
	State 9


============================================================
+ Verbose Summary: Datapath Resource usage 
============================================================
N/A
