@I [SIM-47] Using XSIM for RTL simulation.
@I [SIM-14] Instrumenting C test bench ...
   Build using "/opt/Xilinx/Vivado_HLS/2017.1/lnx64/tools/gcc/bin/g++"
   Compiling matrixmul_test.cpp_pre.cpp.tb.cpp
   Compiling apatb_matrixmul.cpp
   Compiling matrixmul.cpp_pre.cpp.tb.cpp
   Generating cosim.tv.exe
@I [SIM-302] Starting C TB testing ... 
@I [SIM-333] Generating C post check test bench ...
@I [SIM-12] Generating RTL test bench ...
@I [SIM-322] Starting VHDL simulation. 
@I [SIM-15] Starting XSIM ...
{
{870,906,942}
{1086,1131,1176}
{1302,1356,1410}
}
Test passed.
INFO: [XSIM 43-3496] Using init file passed via -initfile option "/opt/Xilinx/Vivado/2017.1/data/xsim/ip/xsim_ip.ini".
Vivado Simulator 2017.1
Copyright 1986-1999, 2001-2016 Xilinx, Inc. All Rights Reserved.
Running: /opt/Xilinx/Vivado/2017.1/bin/unwrapped/lnx64.o/xelab xil_defaultlib.apatb_matrixmul_top -prj matrixmul.prj -L axi_protocol_checker_v1_1_12 -L axi_protocol_checker_v1_1_13 -L axis_protocol_checker_v1_1_11 -L axis_protocol_checker_v1_1_12 --initfile /opt/Xilinx/Vivado/2017.1/data/xsim/ip/xsim_ip.ini --lib ieee_proposed=./ieee_proposed -s matrixmul 
Multi-threading is on. Using 6 slave threads.
Determining compilation order of HDL files.
WARNING: [XSIM 43-3431] One or more environment variables have been detected which affect the operation of the C compiler. These are typically not set in standard installations and are not tested by Xilinx, however they may be appropriate for your system, so the flow will attempt to continue.  If errors occur, try running fuse with the "-mt off -v 1" switches to see more information from the C compiler. The following environment variables have been detected:
    LIBRARY_PATH
INFO: [VRFC 10-163] Analyzing VHDL file "/home/lfvelez/Documentos/ISPR/HLS/lab1/matrixmul.prj/solution1/sim/vhdl/AESL_sim_pkg.vhd" into library xil_defaultlib
INFO: [VRFC 10-163] Analyzing VHDL file "/home/lfvelez/Documentos/ISPR/HLS/lab1/matrixmul.prj/solution1/sim/vhdl/matrixmul_mac_mulbkb.vhd" into library xil_defaultlib
INFO: [VRFC 10-307] analyzing entity matrixmul_mac_mulbkb_DSP48_0
INFO: [VRFC 10-307] analyzing entity matrixmul_mac_mulbkb
INFO: [VRFC 10-163] Analyzing VHDL file "/home/lfvelez/Documentos/ISPR/HLS/lab1/matrixmul.prj/solution1/sim/vhdl/AESL_automem_b.vhd" into library xil_defaultlib
INFO: [VRFC 10-307] analyzing entity AESL_automem_b
INFO: [VRFC 10-163] Analyzing VHDL file "/home/lfvelez/Documentos/ISPR/HLS/lab1/matrixmul.prj/solution1/sim/vhdl/matrixmul.vhd" into library xil_defaultlib
INFO: [VRFC 10-307] analyzing entity matrixmul
INFO: [VRFC 10-163] Analyzing VHDL file "/home/lfvelez/Documentos/ISPR/HLS/lab1/matrixmul.prj/solution1/sim/vhdl/AESL_automem_res.vhd" into library xil_defaultlib
INFO: [VRFC 10-307] analyzing entity AESL_automem_res
INFO: [VRFC 10-163] Analyzing VHDL file "/home/lfvelez/Documentos/ISPR/HLS/lab1/matrixmul.prj/solution1/sim/vhdl/matrixmul.autotb.vhd" into library xil_defaultlib
INFO: [VRFC 10-307] analyzing entity apatb_matrixmul_top
INFO: [VRFC 10-163] Analyzing VHDL file "/home/lfvelez/Documentos/ISPR/HLS/lab1/matrixmul.prj/solution1/sim/vhdl/AESL_automem_a.vhd" into library xil_defaultlib
INFO: [VRFC 10-307] analyzing entity AESL_automem_a
Starting static elaboration
Completed static elaboration
ERROR: [XSIM 43-3316] Signal SIGSEGV received.
Printing stacktrace...

[0] /opt/Xilinx/Vivado/2017.1/bin/unwrapped/lnx64.o/xelab() [0x6775ff]
[1] /opt/Xilinx/Vivado/2017.1/bin/unwrapped/lnx64.o/xelab() [0x677877]
[2] /opt/Xilinx/Vivado/2017.1/bin/unwrapped/lnx64.o/xelab() [0x643c82]
[3] /opt/Xilinx/Vivado/2017.1/bin/unwrapped/lnx64.o/xelab() [0x643e0e]
[4] /opt/Xilinx/Vivado/2017.1/bin/unwrapped/lnx64.o/xelab() [0x5f8b31]
[5] /opt/Xilinx/Vivado/2017.1/bin/unwrapped/lnx64.o/xelab() [0x46e48f]
[6] /opt/Xilinx/Vivado/2017.1/bin/unwrapped/lnx64.o/xelab() [0x476933]
[7] /opt/Xilinx/Vivado/2017.1/bin/unwrapped/lnx64.o/xelab() [0x44b9ef]
[8] /usr/lib/x86_64-linux-gnu/libc.so.6(__libc_start_main+0xf3) [0x7f4d391960b3]
[9] /opt/Xilinx/Vivado/2017.1/bin/unwrapped/lnx64.o/xelab() [0x465621]

Done
ERROR: Please check the snapshot name which is created during 'xelab',the current snapshot name "xsim.dir/matrixmul/xsimk" does not exist 
@E [SIM-4] *** C/RTL co-simulation finished: FAIL ***
@I [SIM-211] II is measurable only when transaction number is greater than 1 in RTL simulation. Otherwise, they will be marked as all NA. If user wants to calculate them, please make sure there are at least 2 transactions in RTL simulation.
