

================================================================
== Vivado HLS Report for 'dct_2d'
================================================================
* Date:           Wed May 26 17:19:06 2021

* Version:        2017.1 (Build 1846317 on Fri Apr 14 19:19:38 MDT 2017)
* Project:        dct.prj
* Solution:       solution1
* Product family: zynq
* Target device:  xc7z020clg484-1


================================================================
== Performance Estimates
================================================================
+ Timing (ns): 
    * Summary: 
    +--------+-------+----------+------------+
    |  Clock | Target| Estimated| Uncertainty|
    +--------+-------+----------+------------+
    |ap_clk  |   8.00|      6.60|        1.00|
    +--------+-------+----------+------------+

+ Latency (clock cycles): 
    * Summary: 
    +------+------+------+------+---------+
    |   Latency   |   Interval  | Pipeline|
    |  min |  max |  min |  max |   Type  |
    +------+------+------+------+---------+
    |  3668|  3668|  3668|  3668|   none  |
    +------+------+------+------+---------+

    + Detail: 
        * Instance: 
        +--------------------+---------+-----+-----+-----+-----+---------+
        |                    |         |  Latency  |  Interval | Pipeline|
        |      Instance      |  Module | min | max | min | max |   Type  |
        +--------------------+---------+-----+-----+-----+-----+---------+
        |grp_dct_1d2_fu_171  |dct_1d2  |  209|  209|  209|  209|   none  |
        +--------------------+---------+-----+-----+-----+-----+---------+

        * Loop: 
        +-------------------------+------+------+----------+-----------+-----------+------+----------+
        |                         |   Latency   | Iteration|  Initiation Interval  | Trip |          |
        |        Loop Name        |  min |  max |  Latency |  achieved |   target  | Count| Pipelined|
        +-------------------------+------+------+----------+-----------+-----------+------+----------+
        |- Row_DCT_Loop           |  1688|  1688|       211|          -|          -|     8|    no    |
        |- Xpose_Row_Outer_Loop   |   144|   144|        18|          -|          -|     8|    no    |
        | + Xpose_Row_Inner_Loop  |    16|    16|         2|          -|          -|     8|    no    |
        |- Col_DCT_Loop           |  1688|  1688|       211|          -|          -|     8|    no    |
        |- Xpose_Col_Outer_Loop   |   144|   144|        18|          -|          -|     8|    no    |
        | + Xpose_Col_Inner_Loop  |    16|    16|         2|          -|          -|     8|    no    |
        +-------------------------+------+------+----------+-----------+-----------+------+----------+



================================================================
== Utilization Estimates
================================================================
* Summary: 
+-----------------+---------+-------+--------+-------+
|       Name      | BRAM_18K| DSP48E|   FF   |  LUT  |
+-----------------+---------+-------+--------+-------+
|DSP              |        -|      -|       -|      -|
|Expression       |        -|      -|       0|    150|
|FIFO             |        -|      -|       -|      -|
|Instance         |        0|      1|     117|    186|
|Memory           |        3|      -|       0|      0|
|Multiplexer      |        -|      -|       -|    269|
|Register         |        -|      -|      92|      -|
+-----------------+---------+-------+--------+-------+
|Total            |        3|      1|     209|    605|
+-----------------+---------+-------+--------+-------+
|Available        |      280|    220|  106400|  53200|
+-----------------+---------+-------+--------+-------+
|Utilization (%)  |        1|   ~0  |   ~0   |      1|
+-----------------+---------+-------+--------+-------+

+ Detail: 
    * Instance: 
    +--------------------+---------+---------+-------+-----+-----+
    |      Instance      |  Module | BRAM_18K| DSP48E|  FF | LUT |
    +--------------------+---------+---------+-------+-----+-----+
    |grp_dct_1d2_fu_171  |dct_1d2  |        0|      1|  117|  186|
    +--------------------+---------+---------+-------+-----+-----+
    |Total               |         |        0|      1|  117|  186|
    +--------------------+---------+---------+-------+-----+-----+

    * DSP48: 
    N/A

    * Memory: 
    +--------------+-------------------+---------+---+----+------+-----+------+-------------+
    |    Memory    |       Module      | BRAM_18K| FF| LUT| Words| Bits| Banks| W*Bits*Banks|
    +--------------+-------------------+---------+---+----+------+-----+------+-------------+
    |row_outbuf_U  |dct_2d_row_outbuf  |        1|  0|   0|    64|   16|     1|         1024|
    |col_outbuf_U  |dct_2d_row_outbuf  |        1|  0|   0|    64|   16|     1|         1024|
    |col_inbuf_U   |dct_2d_row_outbuf  |        1|  0|   0|    64|   16|     1|         1024|
    +--------------+-------------------+---------+---+----+------+-----+------+-------------+
    |Total         |                   |        3|  0|   0|   192|   48|     3|         3072|
    +--------------+-------------------+---------+---+----+------+-----+------+-------------+

    * FIFO: 
    N/A

    * Expression: 
    +------------------+----------+-------+---+----+------------+------------+
    |   Variable Name  | Operation| DSP48E| FF| LUT| Bitwidth P0| Bitwidth P1|
    +------------------+----------+-------+---+----+------------+------------+
    |i_4_fu_192_p2     |     +    |      0|  0|  13|           4|           1|
    |i_5_fu_279_p2     |     +    |      0|  0|  13|           4|           1|
    |i_6_fu_232_p2     |     +    |      0|  0|  13|           4|           1|
    |i_7_fu_319_p2     |     +    |      0|  0|  13|           4|           1|
    |j_2_fu_204_p2     |     +    |      0|  0|  13|           4|           1|
    |j_3_fu_291_p2     |     +    |      0|  0|  13|           4|           1|
    |tmp_10_fu_259_p2  |     +    |      0|  0|  15|           8|           8|
    |tmp_12_fu_329_p2  |     +    |      0|  0|  15|           8|           8|
    |tmp_14_fu_346_p2  |     +    |      0|  0|  15|           8|           8|
    |tmp_7_fu_242_p2   |     +    |      0|  0|  15|           8|           8|
    |tmp_1_fu_313_p2   |   icmp   |      0|  0|   2|           4|           5|
    |tmp_2_fu_198_p2   |   icmp   |      0|  0|   2|           4|           5|
    |tmp_4_fu_273_p2   |   icmp   |      0|  0|   2|           4|           5|
    |tmp_5_fu_226_p2   |   icmp   |      0|  0|   2|           4|           5|
    |tmp_8_fu_285_p2   |   icmp   |      0|  0|   2|           4|           5|
    |tmp_fu_186_p2     |   icmp   |      0|  0|   2|           4|           5|
    +------------------+----------+-------+---+----+------------+------------+
    |Total             |          |      0|  0| 150|          80|          68|
    +------------------+----------+-------+---+----+------------+------------+

    * Multiplexer: 
    +---------------------------+----+-----------+-----+-----------+
    |            Name           | LUT| Input Size| Bits| Total Bits|
    +---------------------------+----+-----------+-----+-----------+
    |ap_NS_fsm                  |  53|         12|    1|         12|
    |col_inbuf_address0         |  15|          3|    6|         18|
    |col_inbuf_ce0              |  15|          3|    1|          3|
    |col_outbuf_address0        |  15|          3|    6|         18|
    |col_outbuf_ce0             |  15|          3|    1|          3|
    |col_outbuf_we0             |   9|          2|    1|          2|
    |grp_dct_1d2_fu_171_src_q0  |  15|          3|   16|         48|
    |grp_dct_1d2_fu_171_tmp_6   |  15|          3|    4|         12|
    |grp_dct_1d2_fu_171_tmp_61  |  15|          3|    4|         12|
    |i_1_reg_126                |   9|          2|    4|          8|
    |i_2_reg_137                |   9|          2|    4|          8|
    |i_3_reg_160                |   9|          2|    4|          8|
    |i_reg_103                  |   9|          2|    4|          8|
    |in_block_ce0               |   9|          2|    1|          2|
    |j_1_reg_149                |   9|          2|    4|          8|
    |j_reg_115                  |   9|          2|    4|          8|
    |row_outbuf_address0        |  15|          3|    6|         18|
    |row_outbuf_ce0             |  15|          3|    1|          3|
    |row_outbuf_we0             |   9|          2|    1|          2|
    +---------------------------+----+-----------+-----+-----------+
    |Total                      | 269|         57|   73|        201|
    +---------------------------+----+-----------+-----+-----------+

    * Register: 
    +------------------------------------+----+----+-----+-----------+
    |                Name                | FF | LUT| Bits| Const Bits|
    +------------------------------------+----+----+-----+-----------+
    |ap_CS_fsm                           |  11|   0|   11|          0|
    |ap_reg_grp_dct_1d2_fu_171_ap_start  |   1|   0|    1|          0|
    |i_1_reg_126                         |   4|   0|    4|          0|
    |i_2_reg_137                         |   4|   0|    4|          0|
    |i_3_reg_160                         |   4|   0|    4|          0|
    |i_4_reg_363                         |   4|   0|    4|          0|
    |i_5_reg_407                         |   4|   0|    4|          0|
    |i_6_reg_389                         |   4|   0|    4|          0|
    |i_7_reg_433                         |   4|   0|    4|          0|
    |i_reg_103                           |   4|   0|    4|          0|
    |j_1_reg_149                         |   4|   0|    4|          0|
    |j_2_reg_371                         |   4|   0|    4|          0|
    |j_3_reg_415                         |   4|   0|    4|          0|
    |j_reg_115                           |   4|   0|    4|          0|
    |tmp_12_cast_reg_381                 |   4|   0|    8|          4|
    |tmp_12_reg_438                      |   8|   0|    8|          0|
    |tmp_18_cast_reg_425                 |   4|   0|    8|          4|
    |tmp_3_cast_reg_376                  |   4|   0|    8|          4|
    |tmp_7_reg_394                       |   8|   0|    8|          0|
    |tmp_9_cast_reg_420                  |   4|   0|    8|          4|
    +------------------------------------+----+----+-----+-----------+
    |Total                               |  92|   0|  108|         16|
    +------------------------------------+----+----+-----+-----------+



================================================================
== Interface
================================================================
* Summary: 
+--------------------+-----+-----+------------+--------------+--------------+
|      RTL Ports     | Dir | Bits|  Protocol  | Source Object|    C Type    |
+--------------------+-----+-----+------------+--------------+--------------+
|ap_clk              |  in |    1| ap_ctrl_hs |    dct_2d    | return value |
|ap_rst              |  in |    1| ap_ctrl_hs |    dct_2d    | return value |
|ap_start            |  in |    1| ap_ctrl_hs |    dct_2d    | return value |
|ap_done             | out |    1| ap_ctrl_hs |    dct_2d    | return value |
|ap_idle             | out |    1| ap_ctrl_hs |    dct_2d    | return value |
|ap_ready            | out |    1| ap_ctrl_hs |    dct_2d    | return value |
|in_block_address0   | out |    6|  ap_memory |   in_block   |     array    |
|in_block_ce0        | out |    1|  ap_memory |   in_block   |     array    |
|in_block_q0         |  in |   16|  ap_memory |   in_block   |     array    |
|out_block_address0  | out |    6|  ap_memory |   out_block  |     array    |
|out_block_ce0       | out |    1|  ap_memory |   out_block  |     array    |
|out_block_we0       | out |    1|  ap_memory |   out_block  |     array    |
|out_block_d0        | out |   16|  ap_memory |   out_block  |     array    |
+--------------------+-----+-----+------------+--------------+--------------+

