INFO: [HLS 200-0] Workspace /home/lfvelez/Documentos/ISPR/HLS/lab1/matrixmul.prj/solution1 opened at Mon Apr 26 16:20:11 CEST 2021
INFO: [HLS 200-100] Execute     config_clock -quiet -name default -period 8 -default=false 
INFO: [SYN 201-201] Setting up clock 'default' with a period of 8ns.
INFO: [HLS 200-100] Command     config_clock returned 0; 0 sec.
INFO: [HLS 200-100] Execute     open_platform DefaultPlatform 
INFO: [HLS 200-100] Command     open_platform returned 0; 0 sec.
INFO: [HLS 200-100] Execute     import_lib /opt/Xilinx/Vivado_HLS/2017.1/common/technology/xilinx/zynq/zynq 
INFO: [HLS 200-100] Execute       source /opt/Xilinx/Vivado_HLS/2017.1/common/technology/xilinx/common/xilinx.lib 
INFO: [HLS 200-100] Execute         source /opt/Xilinx/Vivado_HLS/2017.1/common/technology/xilinx/interface/xilinx_interface.lib 
INFO: [HLS 200-100] Execute           source /opt/Xilinx/Vivado_HLS/2017.1/common/technology/xilinx/interface/plb46.lib 
INFO: [HLS 200-100] Command           ap_source returned 0; 0 sec.
INFO: [HLS 200-100] Execute           source /opt/Xilinx/Vivado_HLS/2017.1/common/technology/xilinx/interface/fsl.lib 
INFO: [HLS 200-100] Command           ap_source returned 0; 0 sec.
INFO: [HLS 200-100] Execute           source /opt/Xilinx/Vivado_HLS/2017.1/common/technology/xilinx/interface/axi4.lib 
INFO: [HLS 200-100] Command           ap_source returned 0; 0 sec.
INFO: [HLS 200-100] Execute           source /opt/Xilinx/Vivado_HLS/2017.1/common/technology/xilinx/interface/maxi.lib 
INFO: [HLS 200-100] Command           ap_source returned 0; 0 sec.
INFO: [HLS 200-100] Execute           source /opt/Xilinx/Vivado_HLS/2017.1/common/technology/xilinx/interface/saxilite.lib 
INFO: [HLS 200-100] Command           ap_source returned 0; 0 sec.
INFO: [HLS 200-100] Command         ap_source returned 0; 0 sec.
INFO: [HLS 200-100] Execute         source /opt/Xilinx/Vivado_HLS/2017.1/common/technology/xilinx/common/dsp48.lib 
INFO: [HLS 200-100] Command         ap_source returned 0; 0 sec.
INFO: [HLS 200-100] Execute         source /opt/Xilinx/Vivado_HLS/2017.1/common/technology/xilinx/ip/xfir.lib 
INFO: [HLS 200-100] Command         ap_source returned 0; 0 sec.
INFO: [HLS 200-100] Execute         source /opt/Xilinx/Vivado_HLS/2017.1/common/technology/xilinx/ip/xfft.lib 
INFO: [HLS 200-100] Command         ap_source returned 0; 0 sec.
INFO: [HLS 200-100] Execute         source /opt/Xilinx/Vivado_HLS/2017.1/common/technology/xilinx/ip/dds_compiler.lib 
INFO: [HLS 200-100] Command         ap_source returned 0; 0 sec.
INFO: [HLS 200-100] Command       ap_source returned 0; 0.01 sec.
INFO: [HLS 200-100] Execute       source /opt/Xilinx/Vivado_HLS/2017.1/common/technology/xilinx/common/xilinx_old.lib 
INFO: [HLS 200-100] Command       ap_source returned 0; 0 sec.
INFO: [HLS 200-100] Execute       source /opt/Xilinx/Vivado_HLS/2017.1/common/technology/xilinx/common/xilinx_vivado.lib 
INFO: [HLS 200-100] Command       ap_source returned 0; 0 sec.
INFO: [HLS 200-100] Execute       source /opt/Xilinx/Vivado_HLS/2017.1/common/technology/xilinx/common/xilinx.hlp 
INFO: [HLS 200-100] Execute         source /opt/Xilinx/Vivado_HLS/2017.1/common/technology/xilinx/common/target_info.tcl 
INFO: [HLS 200-100] Command         ap_source returned 0; 0 sec.
INFO: [HLS 200-100] Execute         source /opt/Xilinx/Vivado_HLS/2017.1/common/technology/xilinx/interface/xilinx_interface.hlp 
INFO: [HLS 200-100] Execute           source /opt/Xilinx/Vivado_HLS/2017.1/common/technology/xilinx/interface/maxi.hlp 
INFO: [HLS 200-100] Command           ap_source returned 0; 0 sec.
INFO: [HLS 200-100] Execute           source /opt/Xilinx/Vivado_HLS/2017.1/common/technology/xilinx/interface/saxilite.hlp 
INFO: [HLS 200-100] Command           ap_source returned 0; 0 sec.
INFO: [HLS 200-100] Command         ap_source returned 0; 0 sec.
INFO: [HLS 200-100] Execute         source /opt/Xilinx/Vivado_HLS/2017.1/common/technology/xilinx/common/dsp48.hlp 
INFO: [HLS 200-100] Command         ap_source returned 0; 0.01 sec.
INFO: [HLS 200-100] Command       ap_source returned 0; 0.01 sec.
INFO: [HLS 200-100] Execute       source /opt/Xilinx/Vivado_HLS/2017.1/common/technology/xilinx/zynq/dsp48e1.hlp 
INFO: [HLS 200-100] Command       ap_source returned 0; 0 sec.
INFO: [HLS 200-100] Execute       get_default_platform 
INFO: [HLS 200-100] Command       get_default_platform returned 0; 0 sec.
INFO: [HLS 200-100] Execute       config_chip_info -quiet -resource  {SLICE 13300}  {LUT 53200}     {FF 106400} {DSP48E 220}   {BRAM 280}  
INFO: [HLS 200-100] Command       config_chip_info returned 0; 0 sec.
INFO: [HLS 200-100] Execute       config_chip_info -quiet -speed medium 
INFO: [HLS 200-100] Command       config_chip_info returned 0; 0 sec.
INFO: [HLS 200-100] Execute       source /opt/Xilinx/Vivado_HLS/2017.1/common/technology/xilinx/common/xilinx.hlp 
INFO: [HLS 200-100] Execute         source /opt/Xilinx/Vivado_HLS/2017.1/common/technology/xilinx/common/target_info.tcl 
INFO: [HLS 200-100] Command         ap_source returned 0; 0 sec.
INFO: [HLS 200-100] Execute         source /opt/Xilinx/Vivado_HLS/2017.1/common/technology/xilinx/interface/xilinx_interface.hlp 
INFO: [HLS 200-100] Execute           source /opt/Xilinx/Vivado_HLS/2017.1/common/technology/xilinx/interface/maxi.hlp 
INFO: [HLS 200-100] Command           ap_source returned 0; 0 sec.
INFO: [HLS 200-100] Execute           source /opt/Xilinx/Vivado_HLS/2017.1/common/technology/xilinx/interface/saxilite.hlp 
INFO: [HLS 200-100] Command           ap_source returned 0; 0 sec.
INFO: [HLS 200-100] Command         ap_source returned 0; 0 sec.
INFO: [HLS 200-100] Execute         source /opt/Xilinx/Vivado_HLS/2017.1/common/technology/xilinx/common/dsp48.hlp 
INFO: [HLS 200-100] Command         ap_source returned 0; 0 sec.
INFO: [HLS 200-100] Command       ap_source returned 0; 0 sec.
INFO: [HLS 200-100] Command     import_lib returned 0; 0.02 sec.
INFO: [HLS 200-100] Execute     source /opt/Xilinx/Vivado_HLS/2017.1/common/technology/xilinx/zynq/zynq.gen 
INFO: [HLS 200-100] Execute       source /opt/Xilinx/Vivado_HLS/2017.1/common/technology/xilinx/common/virtex.gen 
INFO: [HLS 200-100] Execute         source /opt/Xilinx/Vivado_HLS/2017.1/common/technology/xilinx/common/xilinx.gen 
INFO: [HLS 200-100] Execute           source /opt/Xilinx/Vivado_HLS/2017.1/common/technology/xilinx/interface/plb46.gen 
INFO: [HLS 200-100] Command           ap_source returned 0; 0 sec.
INFO: [HLS 200-100] Execute           source /opt/Xilinx/Vivado_HLS/2017.1/common/technology/xilinx/interface/fsl.gen 
INFO: [HLS 200-100] Command           ap_source returned 0; 0 sec.
INFO: [HLS 200-100] Execute           source /opt/Xilinx/Vivado_HLS/2017.1/common/technology/xilinx/interface/axi4.gen 
INFO: [HLS 200-100] Command           ap_source returned 0; 0 sec.
INFO: [HLS 200-100] Execute           source /opt/Xilinx/Vivado_HLS/2017.1/common/technology/xilinx/interface/nativeAXI4.gen 
INFO: [HLS 200-100] Execute             source /opt/Xilinx/Vivado_HLS/2017.1/common/technology/xilinx/interface/saxilite.gen 
INFO: [HLS 200-100] Command             ap_source returned 0; 0 sec.
INFO: [HLS 200-100] Execute             source /opt/Xilinx/Vivado_HLS/2017.1/common/technology/xilinx/interface/maxi.gen 
INFO: [HLS 200-100] Command             ap_source returned 0; 0.02 sec.
INFO: [HLS 200-100] Command           ap_source returned 0; 0.02 sec.
INFO: [HLS 200-100] Execute           source /opt/Xilinx/Vivado_HLS/2017.1/common/technology/xilinx/scripts/xilinxcoregen.gen 
INFO: [HLS 200-100] Command           ap_source returned 0; 0.01 sec.
INFO: [HLS 200-100] Execute           source /opt/Xilinx/Vivado_HLS/2017.1/common/technology/xilinx/interface/XilEDKCoreGen.gen 
INFO: [HLS 200-100] Command           ap_source returned 0; 0.01 sec.
INFO: [HLS 200-100] Execute           source /opt/Xilinx/Vivado_HLS/2017.1/common/technology/xilinx/ip/xfft.gen 
INFO: [HLS 200-100] Command           ap_source returned 0; 0.13 sec.
INFO: [HLS 200-100] Execute           source /opt/Xilinx/Vivado_HLS/2017.1/common/technology/xilinx/ip/dds_compiler.gen 
INFO: [HLS 200-100] Command           ap_source returned 0; 0 sec.
INFO: [HLS 200-100] Execute           source /opt/Xilinx/Vivado_HLS/2017.1/common/technology/xilinx/ip/xfir.gen 
INFO: [HLS 200-100] Command           ap_source returned 0; 0.01 sec.
INFO: [HLS 200-100] Execute           source /opt/Xilinx/Vivado_HLS/2017.1/common/technology/xilinx/ip/util.gen 
INFO: [HLS 200-100] Command           ap_source returned 0; 0 sec.
INFO: [HLS 200-100] Command         ap_source returned 0; 0.18 sec.
INFO: [HLS 200-100] Execute         source /opt/Xilinx/Vivado_HLS/2017.1/common/technology/xilinx/common/dsp48.gen 
INFO: [HLS 200-100] Command         ap_source returned 0; 0 sec.
INFO: [HLS 200-100] Command       ap_source returned 0; 0.18 sec.
INFO: [HLS 200-100] Command     ap_source returned 0; 0.18 sec.
INFO: [HLS 200-100] Execute     open_platform DefaultPlatform 
INFO: [HLS 200-100] Command     open_platform returned 0; 0 sec.
INFO: [HLS 200-100] Execute     import_lib /opt/Xilinx/Vivado_HLS/2017.1/common/technology/xilinx/zynq/zynq_fpv6 
INFO: [HLS 200-100] Execute       source /opt/Xilinx/Vivado_HLS/2017.1/common/technology/xilinx/common/xilinx_fpv7.lib 
INFO: [HLS 200-100] Execute         source /opt/Xilinx/Vivado_HLS/2017.1/common/technology/xilinx/common/xilinx_hp.lib 
INFO: [HLS 200-100] Command         ap_source returned 0; 0 sec.
INFO: [HLS 200-100] Command       ap_source returned 0; 0.01 sec.
INFO: [HLS 200-100] Execute       source /opt/Xilinx/Vivado_HLS/2017.1/common/technology/xilinx/common/xilinx_fpv.hlp 
INFO: [HLS 200-100] Execute         source /opt/Xilinx/Vivado_HLS/2017.1/common/technology/xilinx/common/xilinx.hlp 
INFO: [HLS 200-100] Execute           source /opt/Xilinx/Vivado_HLS/2017.1/common/technology/xilinx/common/target_info.tcl 
INFO: [HLS 200-100] Command           ap_source returned 0; 0 sec.
INFO: [HLS 200-100] Execute           source /opt/Xilinx/Vivado_HLS/2017.1/common/technology/xilinx/interface/xilinx_interface.hlp 
INFO: [HLS 200-100] Execute             source /opt/Xilinx/Vivado_HLS/2017.1/common/technology/xilinx/interface/maxi.hlp 
INFO: [HLS 200-100] Command             ap_source returned 0; 0 sec.
INFO: [HLS 200-100] Execute             source /opt/Xilinx/Vivado_HLS/2017.1/common/technology/xilinx/interface/saxilite.hlp 
INFO: [HLS 200-100] Command             ap_source returned 0; 0 sec.
INFO: [HLS 200-100] Command           ap_source returned 0; 0 sec.
INFO: [HLS 200-100] Execute           source /opt/Xilinx/Vivado_HLS/2017.1/common/technology/xilinx/common/dsp48.hlp 
INFO: [HLS 200-100] Command           ap_source returned 0; 0 sec.
INFO: [HLS 200-100] Command         ap_source returned 0; 0 sec.
INFO: [HLS 200-100] Command       ap_source returned 0; 0 sec.
INFO: [HLS 200-100] Execute       source /opt/Xilinx/Vivado_HLS/2017.1/common/technology/xilinx/zynq/zynq_hp.hlp 
INFO: [HLS 200-100] Command       ap_source returned 0; 0 sec.
INFO: [HLS 200-100] Command     import_lib returned 0; 0.03 sec.
INFO: [HLS 200-100] Execute     source /opt/Xilinx/Vivado_HLS/2017.1/common/technology/xilinx/zynq/zynq_fpv6.gen 
INFO: [HLS 200-100] Execute       source /opt/Xilinx/Vivado_HLS/2017.1/common/technology/xilinx/common/xilinx_fpv6.gen 
INFO: [HLS 200-100] Command       ap_source returned 0; 0 sec.
INFO: [HLS 200-100] Command     ap_source returned 0; 0 sec.
INFO: [HLS 200-100] Execute     set_part xc7z010clg400-1 
INFO: [HLS 200-100] Execute       add_library xilinx/zynq/zynq:xc7z010:clg400:-1 
INFO: [HLS 200-100] Execute         get_default_platform 
INFO: [HLS 200-100] Command         get_default_platform returned 0; 0 sec.
INFO: [HLS 200-100] Execute         license_isbetapart xc7z010 
INFO: [HLS 200-100] Command         license_isbetapart returned 1; 0.01 sec.
INFO: [HLS 200-100] Execute         get_default_platform 
INFO: [HLS 200-100] Command         get_default_platform returned 0; 0 sec.
INFO: [HLS 200-100] Execute         config_chip_info -quiet -resource  {SLICE 4400}   {LUT 17600}     {FF 35200}  {DSP48E 80}    {BRAM 120}  
INFO: [HLS 200-100] Command         config_chip_info returned 0; 0 sec.
INFO: [HLS 200-100] Execute         config_chip_info -quiet -speed slow 
INFO: [HLS 200-100] Command         config_chip_info returned 0; 0 sec.
INFO: [HLS 200-100] Command       add_library returned 0; 0.01 sec.
INFO: [HLS 200-100] Execute       add_library xilinx/zynq/zynq_fpv6 
INFO: [HLS 200-100] Execute         get_default_platform 
INFO: [HLS 200-100] Command         get_default_platform returned 0; 0 sec.
INFO: [HLS 200-100] Command       add_library returned 0; 0 sec.
INFO: [HLS 200-10] Setting target device to 'xc7z010clg400-1'
INFO: [HLS 200-100] Execute       get_default_platform 
INFO: [HLS 200-100] Command       get_default_platform returned 0; 0 sec.
INFO: [HLS 200-100] Command     set_part returned 0; 0.07 sec.
INFO: [HLS 200-100] Execute     get_default_platform 
INFO: [HLS 200-100] Command     get_default_platform returned 0; 0 sec.
INFO: [HLS 200-100] Execute     config_chip_info -quiet -resource  {SLICE 4400}   {LUT 17600}     {FF 35200}  {DSP48E 80}    {BRAM 120}  
INFO: [HLS 200-100] Command     config_chip_info returned 0; 0 sec.
INFO: [HLS 200-100] Execute     config_chip_info -quiet -speed slow 
INFO: [HLS 200-100] Command     config_chip_info returned 0; 0 sec.
INFO: [HLS 200-100] Command   open_solution returned 0; 0.32 sec.
INFO: [HLS 200-100] Execute   export_design -flow impl -rtl vhdl -format ip_catalog 
INFO: [HLS 200-100] Execute     source /home/lfvelez/Documentos/ISPR/HLS/lab1/matrixmul.prj/solution1/.autopilot/db/global.setting.tcl 
INFO: [HLS 200-100] Command     ap_source returned 0; 0 sec.
INFO: [HLS 200-100] Execute     source /opt/Xilinx/Vivado_HLS/2017.1/common/technology/generic/autopilot/common.gen 
INFO: [HLS 200-100] Execute       source /opt/Xilinx/Vivado_HLS/2017.1/common/technology/generic/autopilot/APCoreGen.gen 
INFO: [HLS 200-100] Command       ap_source returned 0; 0 sec.
INFO: [HLS 200-100] Command     ap_source returned 0; 0 sec.
INFO: [HLS 200-100] Execute     source /opt/Xilinx/Vivado_HLS/2017.1/common/technology/generic/autopilot/op.gen 
INFO: [HLS 200-100] Command     ap_source returned 0; 0 sec.
INFO: [HLS 200-100] Execute     source /opt/Xilinx/Vivado_HLS/2017.1/common/technology/generic/autopilot/op_simcore.gen 
INFO: [HLS 200-100] Command     ap_source returned 0; 0.01 sec.
INFO: [HLS 200-100] Execute     source /opt/Xilinx/Vivado_HLS/2017.1/common/technology/generic/autopilot/interface.gen 
INFO: [HLS 200-100] Command     ap_source returned 0; 0 sec.
INFO: [HLS 200-100] Execute     source /home/lfvelez/Documentos/ISPR/HLS/lab1/matrixmul.prj/solution1/.autopilot/db/global.setting.tcl 
INFO: [HLS 200-100] Command     ap_source returned 0; 0 sec.
INFO: [HLS 200-100] Execute     source /opt/Xilinx/Vivado_HLS/2017.1/common/technology/xilinx/zynq/zynq.gen 
INFO: [HLS 200-100] Execute       source /opt/Xilinx/Vivado_HLS/2017.1/common/technology/xilinx/common/virtex.gen 
INFO: [HLS 200-100] Execute         source /opt/Xilinx/Vivado_HLS/2017.1/common/technology/xilinx/common/xilinx.gen 
INFO: [HLS 200-100] Execute           source /opt/Xilinx/Vivado_HLS/2017.1/common/technology/xilinx/interface/plb46.gen 
INFO: [HLS 200-100] Command           ap_source returned 0; 0 sec.
INFO: [HLS 200-100] Execute           source /opt/Xilinx/Vivado_HLS/2017.1/common/technology/xilinx/interface/fsl.gen 
INFO: [HLS 200-100] Command           ap_source returned 0; 0 sec.
INFO: [HLS 200-100] Execute           source /opt/Xilinx/Vivado_HLS/2017.1/common/technology/xilinx/interface/axi4.gen 
INFO: [HLS 200-100] Command           ap_source returned 0; 0 sec.
INFO: [HLS 200-100] Execute           source /opt/Xilinx/Vivado_HLS/2017.1/common/technology/xilinx/interface/nativeAXI4.gen 
INFO: [HLS 200-100] Execute             source /opt/Xilinx/Vivado_HLS/2017.1/common/technology/xilinx/interface/saxilite.gen 
INFO: [HLS 200-100] Command             ap_source returned 0; 0.01 sec.
INFO: [HLS 200-100] Execute             source /opt/Xilinx/Vivado_HLS/2017.1/common/technology/xilinx/interface/maxi.gen 
INFO: [HLS 200-100] Command             ap_source returned 0; 0.01 sec.
INFO: [HLS 200-100] Command           ap_source returned 0; 0.02 sec.
INFO: [HLS 200-100] Execute           source /opt/Xilinx/Vivado_HLS/2017.1/common/technology/xilinx/scripts/xilinxcoregen.gen 
INFO: [HLS 200-100] Command           ap_source returned 0; 0.01 sec.
INFO: [HLS 200-100] Execute           source /opt/Xilinx/Vivado_HLS/2017.1/common/technology/xilinx/interface/XilEDKCoreGen.gen 
INFO: [HLS 200-100] Command           ap_source returned 0; 0.01 sec.
INFO: [HLS 200-100] Execute           source /opt/Xilinx/Vivado_HLS/2017.1/common/technology/xilinx/ip/xfft.gen 
INFO: [HLS 200-100] Command           ap_source returned 0; 0.12 sec.
INFO: [HLS 200-100] Execute           source /opt/Xilinx/Vivado_HLS/2017.1/common/technology/xilinx/ip/dds_compiler.gen 
INFO: [HLS 200-100] Command           ap_source returned 0; 0.01 sec.
INFO: [HLS 200-100] Execute           source /opt/Xilinx/Vivado_HLS/2017.1/common/technology/xilinx/ip/xfir.gen 
INFO: [HLS 200-100] Command           ap_source returned 0; 0 sec.
INFO: [HLS 200-100] Execute           source /opt/Xilinx/Vivado_HLS/2017.1/common/technology/xilinx/ip/util.gen 
INFO: [HLS 200-100] Command           ap_source returned 0; 0 sec.
INFO: [HLS 200-100] Command         ap_source returned 0; 0.17 sec.
INFO: [HLS 200-100] Execute         source /opt/Xilinx/Vivado_HLS/2017.1/common/technology/xilinx/common/dsp48.gen 
INFO: [HLS 200-100] Command         ap_source returned 0; 0 sec.
INFO: [HLS 200-100] Command       ap_source returned 0; 0.17 sec.
INFO: [HLS 200-100] Command     ap_source returned 0; 0.17 sec.
INFO: [HLS 200-100] Execute     source /opt/Xilinx/Vivado_HLS/2017.1/common/technology/xilinx/zynq/zynq_fpv6.gen 
INFO: [HLS 200-100] Execute       source /opt/Xilinx/Vivado_HLS/2017.1/common/technology/xilinx/common/xilinx_fpv6.gen 
INFO: [HLS 200-100] Command       ap_source returned 0; 0 sec.
INFO: [HLS 200-100] Command     ap_source returned 0; 0 sec.
INFO: [HLS 200-100] Execute     source /home/lfvelez/Documentos/ISPR/HLS/lab1/matrixmul.prj/solution1/.autopilot/db/global.setting.tcl 
INFO: [HLS 200-100] Command     ap_source returned 0; 0 sec.
INFO: [IMPL 213-8] Exporting RTL as an IP in IP-XACT.
INFO: [HLS 200-100] Execute     source /home/lfvelez/Documentos/ISPR/HLS/lab1/matrixmul.prj/solution1/.autopilot/db/global.setting.tcl 
INFO: [HLS 200-100] Command     ap_source returned 0; 0 sec.
INFO: [HLS 200-100] Execute     source /home/lfvelez/Documentos/ISPR/HLS/lab1/matrixmul.prj/solution1/.autopilot/db/global.setting.tcl 
INFO: [HLS 200-100] Command     ap_source returned 0; 0 sec.
INFO: [HLS 200-100] Execute     source /opt/Xilinx/Vivado_HLS/2017.1/common/technology/generic/autopilot/common.gen 
INFO: [HLS 200-100] Execute       source /opt/Xilinx/Vivado_HLS/2017.1/common/technology/generic/autopilot/APCoreGen.gen 
INFO: [HLS 200-100] Command       ap_source returned 0; 0 sec.
INFO: [HLS 200-100] Command     ap_source returned 0; 0 sec.
INFO: [HLS 200-100] Execute     source /opt/Xilinx/Vivado_HLS/2017.1/common/technology/generic/autopilot/op.gen 
INFO: [HLS 200-100] Command     ap_source returned 0; 0 sec.
INFO: [HLS 200-100] Execute     source /opt/Xilinx/Vivado_HLS/2017.1/common/technology/generic/autopilot/op_simcore.gen 
INFO: [HLS 200-100] Command     ap_source returned 0; 0 sec.
INFO: [HLS 200-100] Execute     source /opt/Xilinx/Vivado_HLS/2017.1/common/technology/generic/autopilot/interface.gen 
INFO: [HLS 200-100] Command     ap_source returned 0; 0 sec.
INFO: [HLS 200-100] Execute     source /home/lfvelez/Documentos/ISPR/HLS/lab1/matrixmul.prj/solution1/.autopilot/db/global.setting.tcl 
INFO: [HLS 200-100] Command     ap_source returned 0; 0 sec.
INFO: [HLS 200-100] Execute     source /opt/Xilinx/Vivado_HLS/2017.1/common/technology/xilinx/zynq/zynq.gen 
INFO: [HLS 200-100] Execute       source /opt/Xilinx/Vivado_HLS/2017.1/common/technology/xilinx/common/virtex.gen 
INFO: [HLS 200-100] Execute         source /opt/Xilinx/Vivado_HLS/2017.1/common/technology/xilinx/common/xilinx.gen 
INFO: [HLS 200-100] Execute           source /opt/Xilinx/Vivado_HLS/2017.1/common/technology/xilinx/interface/plb46.gen 
INFO: [HLS 200-100] Command           ap_source returned 0; 0 sec.
INFO: [HLS 200-100] Execute           source /opt/Xilinx/Vivado_HLS/2017.1/common/technology/xilinx/interface/fsl.gen 
INFO: [HLS 200-100] Command           ap_source returned 0; 0 sec.
INFO: [HLS 200-100] Execute           source /opt/Xilinx/Vivado_HLS/2017.1/common/technology/xilinx/interface/axi4.gen 
INFO: [HLS 200-100] Command           ap_source returned 0; 0 sec.
INFO: [HLS 200-100] Execute           source /opt/Xilinx/Vivado_HLS/2017.1/common/technology/xilinx/interface/nativeAXI4.gen 
INFO: [HLS 200-100] Execute             source /opt/Xilinx/Vivado_HLS/2017.1/common/technology/xilinx/interface/saxilite.gen 
INFO: [HLS 200-100] Command             ap_source returned 0; 0.01 sec.
INFO: [HLS 200-100] Execute             source /opt/Xilinx/Vivado_HLS/2017.1/common/technology/xilinx/interface/maxi.gen 
INFO: [HLS 200-100] Command             ap_source returned 0; 0 sec.
INFO: [HLS 200-100] Command           ap_source returned 0; 0.01 sec.
INFO: [HLS 200-100] Execute           source /opt/Xilinx/Vivado_HLS/2017.1/common/technology/xilinx/scripts/xilinxcoregen.gen 
INFO: [HLS 200-100] Command           ap_source returned 0; 0.02 sec.
INFO: [HLS 200-100] Execute           source /opt/Xilinx/Vivado_HLS/2017.1/common/technology/xilinx/interface/XilEDKCoreGen.gen 
INFO: [HLS 200-100] Command           ap_source returned 0; 0.01 sec.
INFO: [HLS 200-100] Execute           source /opt/Xilinx/Vivado_HLS/2017.1/common/technology/xilinx/ip/xfft.gen 
INFO: [HLS 200-100] Command           ap_source returned 0; 0.12 sec.
INFO: [HLS 200-100] Execute           source /opt/Xilinx/Vivado_HLS/2017.1/common/technology/xilinx/ip/dds_compiler.gen 
INFO: [HLS 200-100] Command           ap_source returned 0; 0 sec.
INFO: [HLS 200-100] Execute           source /opt/Xilinx/Vivado_HLS/2017.1/common/technology/xilinx/ip/xfir.gen 
INFO: [HLS 200-100] Command           ap_source returned 0; 0 sec.
INFO: [HLS 200-100] Execute           source /opt/Xilinx/Vivado_HLS/2017.1/common/technology/xilinx/ip/util.gen 
INFO: [HLS 200-100] Command           ap_source returned 0; 0 sec.
INFO: [HLS 200-100] Command         ap_source returned 0; 0.16 sec.
INFO: [HLS 200-100] Execute         source /opt/Xilinx/Vivado_HLS/2017.1/common/technology/xilinx/common/dsp48.gen 
INFO: [HLS 200-100] Command         ap_source returned 0; 0 sec.
INFO: [HLS 200-100] Command       ap_source returned 0; 0.17 sec.
INFO: [HLS 200-100] Command     ap_source returned 0; 0.17 sec.
INFO: [HLS 200-100] Execute     source /opt/Xilinx/Vivado_HLS/2017.1/common/technology/xilinx/zynq/zynq_fpv6.gen 
INFO: [HLS 200-100] Execute       source /opt/Xilinx/Vivado_HLS/2017.1/common/technology/xilinx/common/xilinx_fpv6.gen 
INFO: [HLS 200-100] Command       ap_source returned 0; 0 sec.
INFO: [HLS 200-100] Command     ap_source returned 0; 0 sec.
INFO: [HLS 200-100] Execute     source /home/lfvelez/Documentos/ISPR/HLS/lab1/matrixmul.prj/solution1/.autopilot/db/global.setting.tcl 
INFO: [HLS 200-100] Command     ap_source returned 0; 0 sec.
INFO: [HLS 200-100] Execute     source /home/lfvelez/Documentos/ISPR/HLS/lab1/matrixmul.prj/solution1/.autopilot/db/global.setting.tcl 
INFO: [HLS 200-100] Command     ap_source returned 0; 0 sec.
INFO: [HLS 200-100] Execute     source /home/lfvelez/Documentos/ISPR/HLS/lab1/matrixmul.prj/solution1/.autopilot/db/matrixmul.compgen.tcl 
INFO: [HLS 200-100] Command     ap_source returned 0; 0 sec.
INFO: [HLS 200-100] Execute     source /home/lfvelez/Documentos/ISPR/HLS/lab1/matrixmul.prj/solution1/.autopilot/db/global.setting.tcl 
INFO: [HLS 200-100] Command     ap_source returned 0; 0 sec.
INFO: [HLS 200-100] Execute     source /home/lfvelez/Documentos/ISPR/HLS/lab1/matrixmul.prj/solution1/.autopilot/db/global.setting.tcl 
INFO: [HLS 200-100] Command     ap_source returned 0; 0 sec.
INFO: [HLS 200-100] Execute     source /home/lfvelez/Documentos/ISPR/HLS/lab1/matrixmul.prj/solution1/.autopilot/db/matrixmul.compgen.tcl 
INFO: [HLS 200-100] Execute       source /home/lfvelez/Documentos/ISPR/HLS/lab1/matrixmul.prj/solution1/.autopilot/db/matrixmul.rtl_wrap.cfg.tcl 
INFO: [HLS 200-100] Command       ap_source returned 0; 0 sec.
INFO: [HLS 200-100] Execute       source /home/lfvelez/Documentos/ISPR/HLS/lab1/matrixmul.prj/solution1/.autopilot/db/matrixmul.rtl_wrap.cfg.tcl 
INFO: [HLS 200-100] Command       ap_source returned 0; 0 sec.
INFO: [HLS 200-100] Execute       source /home/lfvelez/Documentos/ISPR/HLS/lab1/matrixmul.prj/solution1/.autopilot/db/matrixmul.rtl_wrap.cfg.tcl 
INFO: [HLS 200-100] Command       ap_source returned 0; 0 sec.
INFO: [HLS 200-100] Execute       source /home/lfvelez/Documentos/ISPR/HLS/lab1/matrixmul.prj/solution1/.autopilot/db/matrixmul.tbgen.tcl 
INFO: [HLS 200-100] Command       ap_source returned 0; 0 sec.
INFO: [HLS 200-100] Execute       source /home/lfvelez/Documentos/ISPR/HLS/lab1/matrixmul.prj/solution1/.autopilot/db/matrixmul.tbgen.tcl 
INFO: [HLS 200-100] Command       ap_source returned 0; 0 sec.
INFO: [HLS 200-100] Execute       source /home/lfvelez/Documentos/ISPR/HLS/lab1/matrixmul.prj/solution1/.autopilot/db/matrixmul.tbgen.tcl 
INFO: [HLS 200-100] Command       ap_source returned 0; 0 sec.
INFO: [HLS 200-100] Execute       source /home/lfvelez/Documentos/ISPR/HLS/lab1/matrixmul.prj/solution1/.autopilot/db/matrixmul.tbgen.tcl 
INFO: [HLS 200-100] Command       ap_source returned 0; 0 sec.
INFO: [HLS 200-100] Execute       source /home/lfvelez/Documentos/ISPR/HLS/lab1/matrixmul.prj/solution1/.autopilot/db/matrixmul.tbgen.tcl 
INFO: [HLS 200-100] Command       ap_source returned 0; 0 sec.
INFO: [HLS 200-100] Command     ap_source returned 0; 0.06 sec.
INFO: [HLS 200-100] Execute     source /home/lfvelez/Documentos/ISPR/HLS/lab1/matrixmul.prj/solution1/.autopilot/db/global.setting.tcl 
INFO: [HLS 200-100] Command     ap_source returned 0; 0 sec.
INFO: [HLS 200-100] Execute     source /home/lfvelez/Documentos/ISPR/HLS/lab1/matrixmul.prj/solution1/.autopilot/db/global.setting.tcl 
INFO: [HLS 200-100] Command     ap_source returned 0; 0 sec.
INFO: [HLS 200-100] Execute     source /home/lfvelez/Documentos/ISPR/HLS/lab1/matrixmul.prj/solution1/.autopilot/db/matrixmul.compgen.tcl 
INFO: [HLS 200-100] Command     ap_source returned 0; 0 sec.
INFO: [HLS 200-100] Execute     source /home/lfvelez/Documentos/ISPR/HLS/lab1/matrixmul.prj/solution1/.autopilot/db/global.setting.tcl 
INFO: [HLS 200-100] Command     ap_source returned 0; 0 sec.
INFO: [HLS 200-100] Execute     source /home/lfvelez/Documentos/ISPR/HLS/lab1/matrixmul.prj/solution1/.autopilot/db/matrixmul.constraint.tcl 
INFO: [HLS 200-100] Command     ap_source returned 0; 0 sec.
INFO: [HLS 200-100] Execute     source /home/lfvelez/Documentos/ISPR/HLS/lab1/matrixmul.prj/solution1/.autopilot/db/global.setting.tcl 
INFO: [HLS 200-100] Command     ap_source returned 0; 0 sec.
INFO: [HLS 200-100] Execute     source /home/lfvelez/Documentos/ISPR/HLS/lab1/matrixmul.prj/solution1/.autopilot/db/matrixmul.rtl_wrap.cfg.tcl 
INFO: [HLS 200-100] Command     ap_source returned 0; 0 sec.
INFO: [HLS 200-100] Execute     source /home/lfvelez/Documentos/ISPR/HLS/lab1/matrixmul.prj/solution1/.autopilot/db/matrixmul.rtl_wrap.cfg.tcl 
INFO: [HLS 200-100] Command     ap_source returned 0; 0 sec.
INFO: [HLS 200-100] Execute     source /home/lfvelez/Documentos/ISPR/HLS/lab1/matrixmul.prj/solution1/.autopilot/db/matrixmul.rtl_wrap.cfg.tcl 
INFO: [HLS 200-100] Command     ap_source returned 0; 0 sec.
INFO: [HLS 200-100] Execute     source /home/lfvelez/Documentos/ISPR/HLS/lab1/matrixmul.prj/solution1/.autopilot/db/matrixmul.tbgen.tcl 
INFO: [HLS 200-100] Command     ap_source returned 0; 0 sec.
INFO: [HLS 200-100] Execute     source /home/lfvelez/Documentos/ISPR/HLS/lab1/matrixmul.prj/solution1/.autopilot/db/matrixmul.tbgen.tcl 
INFO: [HLS 200-100] Command     ap_source returned 0; 0 sec.
INFO: [HLS 200-100] Execute     source /home/lfvelez/Documentos/ISPR/HLS/lab1/matrixmul.prj/solution1/.autopilot/db/matrixmul.tbgen.tcl 
INFO: [HLS 200-100] Command     ap_source returned 0; 0 sec.
INFO: [HLS 200-100] Execute     source /home/lfvelez/Documentos/ISPR/HLS/lab1/matrixmul.prj/solution1/.autopilot/db/matrixmul.tbgen.tcl 
INFO: [HLS 200-100] Command     ap_source returned 0; 0 sec.
INFO: [HLS 200-100] Execute     source /home/lfvelez/Documentos/ISPR/HLS/lab1/matrixmul.prj/solution1/.autopilot/db/global.setting.tcl 
INFO: [HLS 200-100] Command     ap_source returned 0; 0 sec.
INFO: [HLS 200-100] Execute     source /home/lfvelez/Documentos/ISPR/HLS/lab1/matrixmul.prj/solution1/.autopilot/db/global.setting.tcl 
INFO: [HLS 200-100] Command     ap_source returned 0; 0 sec.
INFO: [HLS 200-100] Execute     source /home/lfvelez/Documentos/ISPR/HLS/lab1/matrixmul.prj/solution1/.autopilot/db/global.setting.tcl 
INFO: [HLS 200-100] Command     ap_source returned 0; 0 sec.
INFO: [HLS 200-100] Execute     source /home/lfvelez/Documentos/ISPR/HLS/lab1/matrixmul.prj/solution1/.autopilot/db/matrixmul.rtl_wrap.cfg.tcl 
INFO: [HLS 200-100] Command     ap_source returned 0; 0 sec.
INFO: [HLS 200-100] Execute     source /home/lfvelez/Documentos/ISPR/HLS/lab1/matrixmul.prj/solution1/.autopilot/db/matrixmul.rtl_wrap.cfg.tcl 
INFO: [HLS 200-100] Command     ap_source returned 0; 0 sec.
INFO: [HLS 200-100] Execute     source /home/lfvelez/Documentos/ISPR/HLS/lab1/matrixmul.prj/solution1/.autopilot/db/matrixmul.tbgen.tcl 
INFO: [HLS 200-100] Command     ap_source returned 0; 0 sec.
INFO: [HLS 200-100] Execute     source /home/lfvelez/Documentos/ISPR/HLS/lab1/matrixmul.prj/solution1/.autopilot/db/matrixmul.tbgen.tcl 
INFO: [HLS 200-100] Command     ap_source returned 0; 0 sec.
INFO: [HLS 200-100] Execute     source /home/lfvelez/Documentos/ISPR/HLS/lab1/matrixmul.prj/solution1/.autopilot/db/matrixmul.rtl_wrap.cfg.tcl 
INFO: [HLS 200-100] Command     ap_source returned 0; 0 sec.
INFO: [HLS 200-100] Execute     source /home/lfvelez/Documentos/ISPR/HLS/lab1/matrixmul.prj/solution1/.autopilot/db/matrixmul.rtl_wrap.cfg.tcl 
INFO: [HLS 200-100] Command     ap_source returned 0; 0 sec.
INFO: [HLS 200-100] Execute     source /home/lfvelez/Documentos/ISPR/HLS/lab1/matrixmul.prj/solution1/.autopilot/db/matrixmul.tbgen.tcl 
INFO: [HLS 200-100] Command     ap_source returned 0; 0 sec.
INFO: [HLS 200-100] Execute     source /home/lfvelez/Documentos/ISPR/HLS/lab1/matrixmul.prj/solution1/.autopilot/db/matrixmul.tbgen.tcl 
INFO: [HLS 200-100] Command     ap_source returned 0; 0 sec.
INFO: [HLS 200-100] Execute     source /home/lfvelez/Documentos/ISPR/HLS/lab1/matrixmul.prj/solution1/.autopilot/db/global.setting.tcl 
INFO: [HLS 200-100] Command     ap_source returned 0; 0 sec.
INFO: [HLS 200-100] Execute     source /home/lfvelez/Documentos/ISPR/HLS/lab1/matrixmul.prj/solution1/.autopilot/db/matrixmul.constraint.tcl 
INFO: [HLS 200-100] Command     ap_source returned 0; 0 sec.
INFO: [HLS 200-100] Execute     source /home/lfvelez/Documentos/ISPR/HLS/lab1/matrixmul.prj/solution1/.autopilot/db/global.setting.tcl 
INFO: [HLS 200-100] Command     ap_source returned 0; 0 sec.
INFO: [HLS 200-100] Execute     source /home/lfvelez/Documentos/ISPR/HLS/lab1/matrixmul.prj/solution1/.autopilot/db/matrixmul.constraint.tcl 
INFO: [HLS 200-100] Command     ap_source returned 0; 0 sec.
INFO: [HLS 200-100] Execute     source /home/lfvelez/Documentos/ISPR/HLS/lab1/matrixmul.prj/solution1/.autopilot/db/global.setting.tcl 
INFO: [HLS 200-100] Command     ap_source returned 0; 0 sec.
INFO: [HLS 200-100] Execute     source /opt/Xilinx/Vivado_HLS/2017.1/common/technology/generic/autopilot/common.gen 
INFO: [HLS 200-100] Execute       source /opt/Xilinx/Vivado_HLS/2017.1/common/technology/generic/autopilot/APCoreGen.gen 
INFO: [HLS 200-100] Command       ap_source returned 0; 0 sec.
INFO: [HLS 200-100] Command     ap_source returned 0; 0.01 sec.
INFO: [HLS 200-100] Execute     source /opt/Xilinx/Vivado_HLS/2017.1/common/technology/generic/autopilot/op.gen 
INFO: [HLS 200-100] Command     ap_source returned 0; 0 sec.
INFO: [HLS 200-100] Execute     source /opt/Xilinx/Vivado_HLS/2017.1/common/technology/generic/autopilot/op_simcore.gen 
INFO: [HLS 200-100] Command     ap_source returned 0; 0 sec.
INFO: [HLS 200-100] Execute     source /opt/Xilinx/Vivado_HLS/2017.1/common/technology/generic/autopilot/interface.gen 
INFO: [HLS 200-100] Command     ap_source returned 0; 0 sec.
INFO: [HLS 200-100] Execute     source /home/lfvelez/Documentos/ISPR/HLS/lab1/matrixmul.prj/solution1/.autopilot/db/global.setting.tcl 
INFO: [HLS 200-100] Command     ap_source returned 0; 0 sec.
INFO: [HLS 200-100] Execute     source /opt/Xilinx/Vivado_HLS/2017.1/common/technology/xilinx/zynq/zynq.gen 
INFO: [HLS 200-100] Execute       source /opt/Xilinx/Vivado_HLS/2017.1/common/technology/xilinx/common/virtex.gen 
INFO: [HLS 200-100] Execute         source /opt/Xilinx/Vivado_HLS/2017.1/common/technology/xilinx/common/xilinx.gen 
INFO: [HLS 200-100] Execute           source /opt/Xilinx/Vivado_HLS/2017.1/common/technology/xilinx/interface/plb46.gen 
INFO: [HLS 200-100] Command           ap_source returned 0; 0 sec.
INFO: [HLS 200-100] Execute           source /opt/Xilinx/Vivado_HLS/2017.1/common/technology/xilinx/interface/fsl.gen 
INFO: [HLS 200-100] Command           ap_source returned 0; 0 sec.
INFO: [HLS 200-100] Execute           source /opt/Xilinx/Vivado_HLS/2017.1/common/technology/xilinx/interface/axi4.gen 
INFO: [HLS 200-100] Command           ap_source returned 0; 0.01 sec.
INFO: [HLS 200-100] Execute           source /opt/Xilinx/Vivado_HLS/2017.1/common/technology/xilinx/interface/nativeAXI4.gen 
INFO: [HLS 200-100] Execute             source /opt/Xilinx/Vivado_HLS/2017.1/common/technology/xilinx/interface/saxilite.gen 
INFO: [HLS 200-100] Command             ap_source returned 0; 0 sec.
INFO: [HLS 200-100] Execute             source /opt/Xilinx/Vivado_HLS/2017.1/common/technology/xilinx/interface/maxi.gen 
INFO: [HLS 200-100] Command             ap_source returned 0; 0.01 sec.
INFO: [HLS 200-100] Command           ap_source returned 0; 0.01 sec.
INFO: [HLS 200-100] Execute           source /opt/Xilinx/Vivado_HLS/2017.1/common/technology/xilinx/scripts/xilinxcoregen.gen 
INFO: [HLS 200-100] Command           ap_source returned 0; 0.01 sec.
INFO: [HLS 200-100] Execute           source /opt/Xilinx/Vivado_HLS/2017.1/common/technology/xilinx/interface/XilEDKCoreGen.gen 
INFO: [HLS 200-100] Command           ap_source returned 0; 0.01 sec.
INFO: [HLS 200-100] Execute           source /opt/Xilinx/Vivado_HLS/2017.1/common/technology/xilinx/ip/xfft.gen 
INFO: [HLS 200-100] Command           ap_source returned 0; 0.12 sec.
INFO: [HLS 200-100] Execute           source /opt/Xilinx/Vivado_HLS/2017.1/common/technology/xilinx/ip/dds_compiler.gen 
INFO: [HLS 200-100] Command           ap_source returned 0; 0 sec.
INFO: [HLS 200-100] Execute           source /opt/Xilinx/Vivado_HLS/2017.1/common/technology/xilinx/ip/xfir.gen 
INFO: [HLS 200-100] Command           ap_source returned 0; 0 sec.
INFO: [HLS 200-100] Execute           source /opt/Xilinx/Vivado_HLS/2017.1/common/technology/xilinx/ip/util.gen 
INFO: [HLS 200-100] Command           ap_source returned 0; 0 sec.
INFO: [HLS 200-100] Command         ap_source returned 0; 0.17 sec.
INFO: [HLS 200-100] Execute         source /opt/Xilinx/Vivado_HLS/2017.1/common/technology/xilinx/common/dsp48.gen 
INFO: [HLS 200-100] Command         ap_source returned 0; 0 sec.
INFO: [HLS 200-100] Command       ap_source returned 0; 0.17 sec.
INFO: [HLS 200-100] Command     ap_source returned 0; 0.17 sec.
INFO: [HLS 200-100] Execute     source /opt/Xilinx/Vivado_HLS/2017.1/common/technology/xilinx/zynq/zynq_fpv6.gen 
INFO: [HLS 200-100] Execute       source /opt/Xilinx/Vivado_HLS/2017.1/common/technology/xilinx/common/xilinx_fpv6.gen 
INFO: [HLS 200-100] Command       ap_source returned 0; 0 sec.
INFO: [HLS 200-100] Command     ap_source returned 0; 0 sec.
INFO: [HLS 200-100] Execute     source /home/lfvelez/Documentos/ISPR/HLS/lab1/matrixmul.prj/solution1/.autopilot/db/global.setting.tcl 
INFO: [HLS 200-100] Command     ap_source returned 0; 0 sec.
INFO: [HLS 200-100] Execute     source /opt/Xilinx/Vivado_HLS/2017.1/common/technology/generic/autopilot/common.gen 
INFO: [HLS 200-100] Execute       source /opt/Xilinx/Vivado_HLS/2017.1/common/technology/generic/autopilot/APCoreGen.gen 
INFO: [HLS 200-100] Command       ap_source returned 0; 0 sec.
INFO: [HLS 200-100] Command     ap_source returned 0; 0 sec.
INFO: [HLS 200-100] Execute     source /opt/Xilinx/Vivado_HLS/2017.1/common/technology/generic/autopilot/op.gen 
INFO: [HLS 200-100] Command     ap_source returned 0; 0 sec.
INFO: [HLS 200-100] Execute     source /opt/Xilinx/Vivado_HLS/2017.1/common/technology/generic/autopilot/op_simcore.gen 
INFO: [HLS 200-100] Command     ap_source returned 0; 0 sec.
INFO: [HLS 200-100] Execute     source /opt/Xilinx/Vivado_HLS/2017.1/common/technology/generic/autopilot/interface.gen 
INFO: [HLS 200-100] Command     ap_source returned 0; 0 sec.
INFO: [HLS 200-100] Execute     source /home/lfvelez/Documentos/ISPR/HLS/lab1/matrixmul.prj/solution1/.autopilot/db/global.setting.tcl 
INFO: [HLS 200-100] Command     ap_source returned 0; 0 sec.
INFO: [HLS 200-100] Execute     source /opt/Xilinx/Vivado_HLS/2017.1/common/technology/xilinx/zynq/zynq.gen 
INFO: [HLS 200-100] Execute       source /opt/Xilinx/Vivado_HLS/2017.1/common/technology/xilinx/common/virtex.gen 
INFO: [HLS 200-100] Execute         source /opt/Xilinx/Vivado_HLS/2017.1/common/technology/xilinx/common/xilinx.gen 
INFO: [HLS 200-100] Execute           source /opt/Xilinx/Vivado_HLS/2017.1/common/technology/xilinx/interface/plb46.gen 
INFO: [HLS 200-100] Command           ap_source returned 0; 0 sec.
INFO: [HLS 200-100] Execute           source /opt/Xilinx/Vivado_HLS/2017.1/common/technology/xilinx/interface/fsl.gen 
INFO: [HLS 200-100] Command           ap_source returned 0; 0 sec.
INFO: [HLS 200-100] Execute           source /opt/Xilinx/Vivado_HLS/2017.1/common/technology/xilinx/interface/axi4.gen 
INFO: [HLS 200-100] Command           ap_source returned 0; 0 sec.
INFO: [HLS 200-100] Execute           source /opt/Xilinx/Vivado_HLS/2017.1/common/technology/xilinx/interface/nativeAXI4.gen 
INFO: [HLS 200-100] Execute             source /opt/Xilinx/Vivado_HLS/2017.1/common/technology/xilinx/interface/saxilite.gen 
INFO: [HLS 200-100] Command             ap_source returned 0; 0.01 sec.
INFO: [HLS 200-100] Execute             source /opt/Xilinx/Vivado_HLS/2017.1/common/technology/xilinx/interface/maxi.gen 
INFO: [HLS 200-100] Command             ap_source returned 0; 0 sec.
INFO: [HLS 200-100] Command           ap_source returned 0; 0.01 sec.
INFO: [HLS 200-100] Execute           source /opt/Xilinx/Vivado_HLS/2017.1/common/technology/xilinx/scripts/xilinxcoregen.gen 
INFO: [HLS 200-100] Command           ap_source returned 0; 0.02 sec.
INFO: [HLS 200-100] Execute           source /opt/Xilinx/Vivado_HLS/2017.1/common/technology/xilinx/interface/XilEDKCoreGen.gen 
INFO: [HLS 200-100] Command           ap_source returned 0; 0.01 sec.
INFO: [HLS 200-100] Execute           source /opt/Xilinx/Vivado_HLS/2017.1/common/technology/xilinx/ip/xfft.gen 
INFO: [HLS 200-100] Command           ap_source returned 0; 0.12 sec.
INFO: [HLS 200-100] Execute           source /opt/Xilinx/Vivado_HLS/2017.1/common/technology/xilinx/ip/dds_compiler.gen 
INFO: [HLS 200-100] Command           ap_source returned 0; 0 sec.
INFO: [HLS 200-100] Execute           source /opt/Xilinx/Vivado_HLS/2017.1/common/technology/xilinx/ip/xfir.gen 
INFO: [HLS 200-100] Command           ap_source returned 0; 0 sec.
INFO: [HLS 200-100] Execute           source /opt/Xilinx/Vivado_HLS/2017.1/common/technology/xilinx/ip/util.gen 
INFO: [HLS 200-100] Command           ap_source returned 0; 0 sec.
INFO: [HLS 200-100] Command         ap_source returned 0; 0.17 sec.
INFO: [HLS 200-100] Execute         source /opt/Xilinx/Vivado_HLS/2017.1/common/technology/xilinx/common/dsp48.gen 
INFO: [HLS 200-100] Command         ap_source returned 0; 0 sec.
INFO: [HLS 200-100] Command       ap_source returned 0; 0.18 sec.
INFO: [HLS 200-100] Command     ap_source returned 0; 0.18 sec.
INFO: [HLS 200-100] Execute     source /opt/Xilinx/Vivado_HLS/2017.1/common/technology/xilinx/zynq/zynq_fpv6.gen 
INFO: [HLS 200-100] Execute       source /opt/Xilinx/Vivado_HLS/2017.1/common/technology/xilinx/common/xilinx_fpv6.gen 
INFO: [HLS 200-100] Command       ap_source returned 0; 0 sec.
INFO: [HLS 200-100] Command     ap_source returned 0; 0 sec.
INFO: [HLS 200-100] Execute     source /home/lfvelez/Documentos/ISPR/HLS/lab1/matrixmul.prj/solution1/.autopilot/db/global.setting.tcl 
INFO: [HLS 200-100] Command     ap_source returned 0; 0 sec.
INFO: [HLS 200-100] Execute     source /home/lfvelez/Documentos/ISPR/HLS/lab1/matrixmul.prj/solution1/.autopilot/db/global.setting.tcl 
INFO: [HLS 200-100] Command     ap_source returned 0; 0 sec.
INFO: [HLS 200-100] Execute     source /home/lfvelez/Documentos/ISPR/HLS/lab1/matrixmul.prj/solution1/.autopilot/db/global.setting.tcl 
INFO: [HLS 200-100] Command     ap_source returned 0; 0 sec.
INFO: [HLS 200-100] Execute     source /opt/Xilinx/Vivado_HLS/2017.1/common/technology/generic/autopilot/common.gen 
INFO: [HLS 200-100] Execute       source /opt/Xilinx/Vivado_HLS/2017.1/common/technology/generic/autopilot/APCoreGen.gen 
INFO: [HLS 200-100] Command       ap_source returned 0; 0 sec.
INFO: [HLS 200-100] Command     ap_source returned 0; 0 sec.
INFO: [HLS 200-100] Execute     source /opt/Xilinx/Vivado_HLS/2017.1/common/technology/generic/autopilot/op.gen 
INFO: [HLS 200-100] Command     ap_source returned 0; 0 sec.
INFO: [HLS 200-100] Execute     source /opt/Xilinx/Vivado_HLS/2017.1/common/technology/generic/autopilot/op_simcore.gen 
INFO: [HLS 200-100] Command     ap_source returned 0; 0 sec.
INFO: [HLS 200-100] Execute     source /opt/Xilinx/Vivado_HLS/2017.1/common/technology/generic/autopilot/interface.gen 
INFO: [HLS 200-100] Command     ap_source returned 0; 0.01 sec.
INFO: [HLS 200-100] Execute     source /home/lfvelez/Documentos/ISPR/HLS/lab1/matrixmul.prj/solution1/.autopilot/db/global.setting.tcl 
INFO: [HLS 200-100] Command     ap_source returned 0; 0 sec.
INFO: [HLS 200-100] Execute     source /opt/Xilinx/Vivado_HLS/2017.1/common/technology/xilinx/zynq/zynq.gen 
INFO: [HLS 200-100] Execute       source /opt/Xilinx/Vivado_HLS/2017.1/common/technology/xilinx/common/virtex.gen 
INFO: [HLS 200-100] Execute         source /opt/Xilinx/Vivado_HLS/2017.1/common/technology/xilinx/common/xilinx.gen 
INFO: [HLS 200-100] Execute           source /opt/Xilinx/Vivado_HLS/2017.1/common/technology/xilinx/interface/plb46.gen 
INFO: [HLS 200-100] Command           ap_source returned 0; 0 sec.
INFO: [HLS 200-100] Execute           source /opt/Xilinx/Vivado_HLS/2017.1/common/technology/xilinx/interface/fsl.gen 
INFO: [HLS 200-100] Command           ap_source returned 0; 0 sec.
INFO: [HLS 200-100] Execute           source /opt/Xilinx/Vivado_HLS/2017.1/common/technology/xilinx/interface/axi4.gen 
INFO: [HLS 200-100] Command           ap_source returned 0; 0 sec.
INFO: [HLS 200-100] Execute           source /opt/Xilinx/Vivado_HLS/2017.1/common/technology/xilinx/interface/nativeAXI4.gen 
INFO: [HLS 200-100] Execute             source /opt/Xilinx/Vivado_HLS/2017.1/common/technology/xilinx/interface/saxilite.gen 
INFO: [HLS 200-100] Command             ap_source returned 0; 0.01 sec.
INFO: [HLS 200-100] Execute             source /opt/Xilinx/Vivado_HLS/2017.1/common/technology/xilinx/interface/maxi.gen 
INFO: [HLS 200-100] Command             ap_source returned 0; 0 sec.
INFO: [HLS 200-100] Command           ap_source returned 0; 0.01 sec.
INFO: [HLS 200-100] Execute           source /opt/Xilinx/Vivado_HLS/2017.1/common/technology/xilinx/scripts/xilinxcoregen.gen 
INFO: [HLS 200-100] Command           ap_source returned 0; 0.02 sec.
INFO: [HLS 200-100] Execute           source /opt/Xilinx/Vivado_HLS/2017.1/common/technology/xilinx/interface/XilEDKCoreGen.gen 
INFO: [HLS 200-100] Command           ap_source returned 0; 0.01 sec.
INFO: [HLS 200-100] Execute           source /opt/Xilinx/Vivado_HLS/2017.1/common/technology/xilinx/ip/xfft.gen 
INFO: [HLS 200-100] Command           ap_source returned 0; 0.11 sec.
INFO: [HLS 200-100] Execute           source /opt/Xilinx/Vivado_HLS/2017.1/common/technology/xilinx/ip/dds_compiler.gen 
INFO: [HLS 200-100] Command           ap_source returned 0; 0.01 sec.
INFO: [HLS 200-100] Execute           source /opt/Xilinx/Vivado_HLS/2017.1/common/technology/xilinx/ip/xfir.gen 
INFO: [HLS 200-100] Command           ap_source returned 0; 0 sec.
INFO: [HLS 200-100] Execute           source /opt/Xilinx/Vivado_HLS/2017.1/common/technology/xilinx/ip/util.gen 
INFO: [HLS 200-100] Command           ap_source returned 0; 0 sec.
INFO: [HLS 200-100] Command         ap_source returned 0; 0.16 sec.
INFO: [HLS 200-100] Execute         source /opt/Xilinx/Vivado_HLS/2017.1/common/technology/xilinx/common/dsp48.gen 
INFO: [HLS 200-100] Command         ap_source returned 0; 0 sec.
INFO: [HLS 200-100] Command       ap_source returned 0; 0.16 sec.
INFO: [HLS 200-100] Command     ap_source returned 0; 0.16 sec.
INFO: [HLS 200-100] Execute     source /opt/Xilinx/Vivado_HLS/2017.1/common/technology/xilinx/zynq/zynq_fpv6.gen 
INFO: [HLS 200-100] Execute       source /opt/Xilinx/Vivado_HLS/2017.1/common/technology/xilinx/common/xilinx_fpv6.gen 
INFO: [HLS 200-100] Command       ap_source returned 0; 0.01 sec.
INFO: [HLS 200-100] Command     ap_source returned 0; 0.01 sec.
INFO: [HLS 200-100] Execute     source /home/lfvelez/Documentos/ISPR/HLS/lab1/matrixmul.prj/solution1/.autopilot/db/global.setting.tcl 
INFO: [HLS 200-100] Command     ap_source returned 0; 0 sec.
INFO: [HLS 200-100] Execute     source /home/lfvelez/Documentos/ISPR/HLS/lab1/matrixmul.prj/solution1/.autopilot/db/global.setting.tcl 
INFO: [HLS 200-100] Command     ap_source returned 0; 0 sec.
INFO: [HLS 200-100] Execute     source /home/lfvelez/Documentos/ISPR/HLS/lab1/matrixmul.prj/solution1/.autopilot/db/matrixmul.compgen.tcl 
INFO: [HLS 200-100] Command     ap_source returned 0; 0 sec.
INFO: [HLS 200-100] Execute     source /home/lfvelez/Documentos/ISPR/HLS/lab1/matrixmul.prj/solution1/.autopilot/db/global.setting.tcl 
INFO: [HLS 200-100] Command     ap_source returned 0; 0 sec.
INFO: [HLS 200-100] Execute     source /home/lfvelez/Documentos/ISPR/HLS/lab1/matrixmul.prj/solution1/.autopilot/db/matrixmul.constraint.tcl 
INFO: [HLS 200-100] Command     ap_source returned 0; 0 sec.
INFO: [HLS 200-100] Execute     source /home/lfvelez/Documentos/ISPR/HLS/lab1/matrixmul.prj/solution1/.autopilot/db/global.setting.tcl 
INFO: [HLS 200-100] Command     ap_source returned 0; 0 sec.
INFO: [HLS 200-100] Execute     source /opt/Xilinx/Vivado_HLS/2017.1/common/technology/generic/autopilot/common.gen 
INFO: [HLS 200-100] Execute       source /opt/Xilinx/Vivado_HLS/2017.1/common/technology/generic/autopilot/APCoreGen.gen 
INFO: [HLS 200-100] Command       ap_source returned 0; 0 sec.
INFO: [HLS 200-100] Command     ap_source returned 0; 0 sec.
INFO: [HLS 200-100] Execute     source /opt/Xilinx/Vivado_HLS/2017.1/common/technology/generic/autopilot/op.gen 
INFO: [HLS 200-100] Command     ap_source returned 0; 0 sec.
INFO: [HLS 200-100] Execute     source /opt/Xilinx/Vivado_HLS/2017.1/common/technology/generic/autopilot/op_simcore.gen 
INFO: [HLS 200-100] Command     ap_source returned 0; 0 sec.
INFO: [HLS 200-100] Execute     source /opt/Xilinx/Vivado_HLS/2017.1/common/technology/generic/autopilot/interface.gen 
INFO: [HLS 200-100] Command     ap_source returned 0; 0 sec.
INFO: [HLS 200-100] Execute     source /home/lfvelez/Documentos/ISPR/HLS/lab1/matrixmul.prj/solution1/.autopilot/db/global.setting.tcl 
INFO: [HLS 200-100] Command     ap_source returned 0; 0 sec.
INFO: [HLS 200-100] Execute     source /opt/Xilinx/Vivado_HLS/2017.1/common/technology/xilinx/zynq/zynq.gen 
INFO: [HLS 200-100] Execute       source /opt/Xilinx/Vivado_HLS/2017.1/common/technology/xilinx/common/virtex.gen 
INFO: [HLS 200-100] Execute         source /opt/Xilinx/Vivado_HLS/2017.1/common/technology/xilinx/common/xilinx.gen 
INFO: [HLS 200-100] Execute           source /opt/Xilinx/Vivado_HLS/2017.1/common/technology/xilinx/interface/plb46.gen 
INFO: [HLS 200-100] Command           ap_source returned 0; 0 sec.
INFO: [HLS 200-100] Execute           source /opt/Xilinx/Vivado_HLS/2017.1/common/technology/xilinx/interface/fsl.gen 
INFO: [HLS 200-100] Command           ap_source returned 0; 0 sec.
INFO: [HLS 200-100] Execute           source /opt/Xilinx/Vivado_HLS/2017.1/common/technology/xilinx/interface/axi4.gen 
INFO: [HLS 200-100] Command           ap_source returned 0; 0.01 sec.
INFO: [HLS 200-100] Execute           source /opt/Xilinx/Vivado_HLS/2017.1/common/technology/xilinx/interface/nativeAXI4.gen 
INFO: [HLS 200-100] Execute             source /opt/Xilinx/Vivado_HLS/2017.1/common/technology/xilinx/interface/saxilite.gen 
INFO: [HLS 200-100] Command             ap_source returned 0; 0 sec.
INFO: [HLS 200-100] Execute             source /opt/Xilinx/Vivado_HLS/2017.1/common/technology/xilinx/interface/maxi.gen 
INFO: [HLS 200-100] Command             ap_source returned 0; 0.01 sec.
INFO: [HLS 200-100] Command           ap_source returned 0; 0.01 sec.
INFO: [HLS 200-100] Execute           source /opt/Xilinx/Vivado_HLS/2017.1/common/technology/xilinx/scripts/xilinxcoregen.gen 
INFO: [HLS 200-100] Command           ap_source returned 0; 0.02 sec.
INFO: [HLS 200-100] Execute           source /opt/Xilinx/Vivado_HLS/2017.1/common/technology/xilinx/interface/XilEDKCoreGen.gen 
INFO: [HLS 200-100] Command           ap_source returned 0; 0 sec.
INFO: [HLS 200-100] Execute           source /opt/Xilinx/Vivado_HLS/2017.1/common/technology/xilinx/ip/xfft.gen 
INFO: [HLS 200-100] Command           ap_source returned 0; 0.12 sec.
INFO: [HLS 200-100] Execute           source /opt/Xilinx/Vivado_HLS/2017.1/common/technology/xilinx/ip/dds_compiler.gen 
INFO: [HLS 200-100] Command           ap_source returned 0; 0.01 sec.
INFO: [HLS 200-100] Execute           source /opt/Xilinx/Vivado_HLS/2017.1/common/technology/xilinx/ip/xfir.gen 
INFO: [HLS 200-100] Command           ap_source returned 0; 0 sec.
INFO: [HLS 200-100] Execute           source /opt/Xilinx/Vivado_HLS/2017.1/common/technology/xilinx/ip/util.gen 
INFO: [HLS 200-100] Command           ap_source returned 0; 0 sec.
INFO: [HLS 200-100] Command         ap_source returned 0; 0.17 sec.
INFO: [HLS 200-100] Execute         source /opt/Xilinx/Vivado_HLS/2017.1/common/technology/xilinx/common/dsp48.gen 
INFO: [HLS 200-100] Command         ap_source returned 0; 0 sec.
INFO: [HLS 200-100] Command       ap_source returned 0; 0.17 sec.
INFO: [HLS 200-100] Command     ap_source returned 0; 0.17 sec.
INFO: [HLS 200-100] Execute     source /opt/Xilinx/Vivado_HLS/2017.1/common/technology/xilinx/zynq/zynq_fpv6.gen 
INFO: [HLS 200-100] Execute       source /opt/Xilinx/Vivado_HLS/2017.1/common/technology/xilinx/common/xilinx_fpv6.gen 
INFO: [HLS 200-100] Command       ap_source returned 0; 0 sec.
INFO: [HLS 200-100] Command     ap_source returned 0; 0 sec.
INFO: [HLS 200-100] Execute     source /home/lfvelez/Documentos/ISPR/HLS/lab1/matrixmul.prj/solution1/.autopilot/db/global.setting.tcl 
INFO: [HLS 200-100] Command     ap_source returned 0; 0 sec.
INFO: [HLS 200-100] Command   export_design returned 0; 174.92 sec.
INFO: [HLS 200-100] Command ap_source returned 0; 175.25 sec.
INFO: [HLS 200-100] Execute cleanup_all 
INFO: [HLS 200-100] Command cleanup_all returned 0; 0 sec.
