==============================================================
File generated by Vivado(TM) HLS - High-Level Synthesis from C, C++ and SystemC
Version: 2017.1
Copyright (C) 1986-2017 Xilinx, Inc. All Rights Reserved.

==============================================================

INFO: [SYN 201-201] Setting up clock 'default' with a period of 8ns.
INFO: [HLS 200-10] Setting target device to 'xc7z020clg484-1'
INFO: [HLS 200-10] Analyzing design file 'dct.c' ... 
INFO: [HLS 200-10] Validating synthesis directives ...
INFO: [HLS 200-111] Finished Checking Pragmas Time (s): cpu = 00:00:04 ; elapsed = 00:00:02 . Memory (MB): peak = 325.777 ; gain = 12.582 ; free physical = 199 ; free virtual = 4405
INFO: [HLS 200-111] Finished Linking Time (s): cpu = 00:00:04 ; elapsed = 00:00:03 . Memory (MB): peak = 325.777 ; gain = 12.582 ; free physical = 197 ; free virtual = 4405
INFO: [HLS 200-10] Starting code transformations ...
INFO: [XFORM 203-603] Inlining function 'dct_2d' into 'dct' (dct.c:87).
INFO: [HLS 200-111] Finished Standard Transforms Time (s): cpu = 00:00:04 ; elapsed = 00:00:03 . Memory (MB): peak = 325.777 ; gain = 12.582 ; free physical = 193 ; free virtual = 4402
INFO: [HLS 200-10] Checking synthesizability ...
INFO: [HLS 200-111] Finished Checking Synthesizability Time (s): cpu = 00:00:04 ; elapsed = 00:00:03 . Memory (MB): peak = 325.777 ; gain = 12.582 ; free physical = 193 ; free virtual = 4402
INFO: [XFORM 203-502] Unrolling all sub-loops inside loop 'DCT_Outer_Loop' (dct.c:13) in function 'dct_1d' for pipelining.
INFO: [XFORM 203-501] Unrolling loop 'DCT_Inner_Loop' (dct.c:15) in function 'dct_1d' completely.
INFO: [XFORM 203-102] Partitioning array 'dct_coeff_table' in dimension 2 automatically.
INFO: [XFORM 203-101] Partitioning array 'buf_2d_in' (dct.c:81) in dimension 2 completely.
INFO: [XFORM 203-101] Partitioning array 'col_inbuf' (dct.c:27) in dimension 2 completely.
INFO: [XFORM 203-721] Changing loop 'Loop_Row_DCT_Loop_proc' (dct.c:32) to a process function for dataflow in function 'dct'.
INFO: [XFORM 203-721] Changing loop 'Loop_Xpose_Row_Outer_Loop_proc' (dct.c:38) to a process function for dataflow in function 'dct'.
INFO: [XFORM 203-721] Changing loop 'Loop_Col_DCT_Loop_proc' (dct.c:43) to a process function for dataflow in function 'dct'.
INFO: [XFORM 203-721] Changing loop 'Loop_Xpose_Col_Outer_Loop_proc' (dct.c:49) to a process function for dataflow in function 'dct'.
WARNING: [XFORM 203-713] All the elements of global array 'col_outbuf.i' should be updated in process function 'Loop_Col_DCT_Loop_proc' (dct.c:43:61), otherwise it may not be synthesized correctly.
WARNING: [XFORM 203-713] All the elements of global array 'row_outbuf.i' should be updated in process function 'Loop_Row_DCT_Loop_proc' (dct.c:32:60), otherwise it may not be synthesized correctly.
WARNING: [XFORM 203-713] All the elements of global array 'buf_2d_in[0]' (dct.c:81) should be updated in process function 'read_data' (dct.c:54), otherwise it may not be synthesized correctly.
WARNING: [XFORM 203-713] All the elements of global array 'buf_2d_in[3]' (dct.c:81) should be updated in process function 'read_data' (dct.c:54), otherwise it may not be synthesized correctly.
WARNING: [XFORM 203-713] All the elements of global array 'buf_2d_in[1]' (dct.c:81) should be updated in process function 'read_data' (dct.c:54), otherwise it may not be synthesized correctly.
WARNING: [XFORM 203-713] All the elements of global array 'buf_2d_in[2]' (dct.c:81) should be updated in process function 'read_data' (dct.c:54), otherwise it may not be synthesized correctly.
WARNING: [XFORM 203-713] All the elements of global array 'buf_2d_in[4]' (dct.c:81) should be updated in process function 'read_data' (dct.c:54), otherwise it may not be synthesized correctly.
WARNING: [XFORM 203-713] All the elements of global array 'buf_2d_in[5]' (dct.c:81) should be updated in process function 'read_data' (dct.c:54), otherwise it may not be synthesized correctly.
WARNING: [XFORM 203-713] All the elements of global array 'buf_2d_in[6]' (dct.c:81) should be updated in process function 'read_data' (dct.c:54), otherwise it may not be synthesized correctly.
WARNING: [XFORM 203-713] All the elements of global array 'buf_2d_in[7]' (dct.c:81) should be updated in process function 'read_data' (dct.c:54), otherwise it may not be synthesized correctly.
WARNING: [XFORM 203-713] All the elements of global array 'col_inbuf[0]' (dct.c:27) should be updated in process function 'Loop_Xpose_Row_Outer_Loop_proc' (dct.c:37:63), otherwise it may not be synthesized correctly.
WARNING: [XFORM 203-713] All the elements of global array 'col_inbuf[1]' (dct.c:27) should be updated in process function 'Loop_Xpose_Row_Outer_Loop_proc' (dct.c:37:63), otherwise it may not be synthesized correctly.
WARNING: [XFORM 203-713] All the elements of global array 'col_inbuf[2]' (dct.c:27) should be updated in process function 'Loop_Xpose_Row_Outer_Loop_proc' (dct.c:37:63), otherwise it may not be synthesized correctly.
WARNING: [XFORM 203-713] All the elements of global array 'col_inbuf[3]' (dct.c:27) should be updated in process function 'Loop_Xpose_Row_Outer_Loop_proc' (dct.c:37:63), otherwise it may not be synthesized correctly.
WARNING: [XFORM 203-713] All the elements of global array 'col_inbuf[4]' (dct.c:27) should be updated in process function 'Loop_Xpose_Row_Outer_Loop_proc' (dct.c:37:63), otherwise it may not be synthesized correctly.
WARNING: [XFORM 203-713] All the elements of global array 'col_inbuf[5]' (dct.c:27) should be updated in process function 'Loop_Xpose_Row_Outer_Loop_proc' (dct.c:37:63), otherwise it may not be synthesized correctly.
WARNING: [XFORM 203-713] All the elements of global array 'col_inbuf[6]' (dct.c:27) should be updated in process function 'Loop_Xpose_Row_Outer_Loop_proc' (dct.c:37:63), otherwise it may not be synthesized correctly.
WARNING: [XFORM 203-713] All the elements of global array 'col_inbuf[7]' (dct.c:27) should be updated in process function 'Loop_Xpose_Row_Outer_Loop_proc' (dct.c:37:63), otherwise it may not be synthesized correctly.
INFO: [XFORM 203-712] Applying dataflow to function 'dct' (dct.c:78), detected/extracted 6 process function(s):
	 'read_data'
	 'Loop_Row_DCT_Loop_proc'
	 'Loop_Xpose_Row_Outer_Loop_proc'
	 'Loop_Col_DCT_Loop_proc'
	 'Loop_Xpose_Col_Outer_Loop_proc'
	 'write_data'.
INFO: [XFORM 203-602] Inlining function 'dct_1d' into 'Loop_Row_DCT_Loop_proc' (dct.c:33->dct.c:87) automatically.
INFO: [XFORM 203-602] Inlining function 'dct_1d' into 'Loop_Col_DCT_Loop_proc' (dct.c:44->dct.c:87) automatically.
INFO: [XFORM 203-11] Balancing expressions in function 'Loop_Row_DCT_Loop_proc' (dct.c:13:61)...8 expression(s) balanced.
INFO: [XFORM 203-11] Balancing expressions in function 'Loop_Col_DCT_Loop_proc' (dct.c:13:61)...8 expression(s) balanced.
INFO: [HLS 200-111] Finished Pre-synthesis Time (s): cpu = 00:00:05 ; elapsed = 00:00:04 . Memory (MB): peak = 453.777 ; gain = 140.582 ; free physical = 172 ; free virtual = 4383
INFO: [XFORM 203-541] Flattening a loop nest 'WR_Loop_Row' (dct.c:71:67) in function 'write_data'.
INFO: [XFORM 203-541] Flattening a loop nest 'RD_Loop_Row' (dct.c:59:67) in function 'read_data'.
INFO: [XFORM 203-541] Flattening a loop nest 'Xpose_Row_Outer_Loop' (dct.c:38:1) in function 'Loop_Xpose_Row_Outer_Loop_proc'.
INFO: [XFORM 203-541] Flattening a loop nest 'Xpose_Col_Outer_Loop' (dct.c:49:1) in function 'Loop_Xpose_Col_Outer_Loop_proc'.
WARNING: [XFORM 203-542] Cannot flatten a loop nest 'Row_DCT_Loop' (dct.c:32:66) in function 'Loop_Row_DCT_Loop_proc' : 
                         the outer loop is not a perfect loop.
WARNING: [XFORM 203-542] Cannot flatten a loop nest 'Col_DCT_Loop' (dct.c:43:67) in function 'Loop_Col_DCT_Loop_proc' : 
                         the outer loop is not a perfect loop.
WARNING: [XFORM 203-631] Renaming function 'Loop_Xpose_Col_Outer_Loop_proc' (dct.c:48:63) into Loop_Xpose_Col_Outer.
WARNING: [XFORM 203-631] Renaming function 'Loop_Row_DCT_Loop_proc' (dct.c:13:61) into Loop_Row_DCT_Loop_pr.
WARNING: [XFORM 203-631] Renaming function 'Loop_Xpose_Row_Outer_Loop_proc' (dct.c:37:63) into Loop_Xpose_Row_Outer.
WARNING: [XFORM 203-631] Renaming function 'Loop_Col_DCT_Loop_proc' (dct.c:13:61) into Loop_Col_DCT_Loop_pr.
INFO: [HLS 200-111] Finished Architecture Synthesis Time (s): cpu = 00:00:05 ; elapsed = 00:00:04 . Memory (MB): peak = 453.777 ; gain = 140.582 ; free physical = 126 ; free virtual = 4338
INFO: [HLS 200-10] Starting hardware synthesis ...
INFO: [HLS 200-10] Synthesizing 'dct' ...
WARNING: [SYN 201-107] Renaming port name 'dct/input' to 'dct/input_r' to avoid the conflict with HDL keywords or other object names.
WARNING: [SYN 201-107] Renaming port name 'dct/output' to 'dct/output_r' to avoid the conflict with HDL keywords or other object names.
INFO: [HLS 200-10] ----------------------------------------------------------------
INFO: [HLS 200-10] -- Implementing module 'read_data' 
INFO: [HLS 200-10] ----------------------------------------------------------------
INFO: [SCHED 204-11] Starting scheduling ...
INFO: [SCHED 204-61] Pipelining loop 'RD_Loop_Row_RD_Loop_Col'.
INFO: [SCHED 204-61] Pipelining result: Target II: 1, Final II: 1, Depth: 3.
INFO: [SCHED 204-11] Finished scheduling.
INFO: [HLS 200-111]  Elapsed time: 4 seconds; current allocated memory: 119.718 MB.
INFO: [BIND 205-100] Starting micro-architecture generation ...
INFO: [BIND 205-101] Performing variable lifetime analysis.
INFO: [BIND 205-101] Exploring resource sharing.
INFO: [BIND 205-101] Binding ...
INFO: [BIND 205-100] Finished micro-architecture generation.
INFO: [HLS 200-111]  Elapsed time: 0.03 seconds; current allocated memory: 119.960 MB.
INFO: [HLS 200-10] ----------------------------------------------------------------
INFO: [HLS 200-10] -- Implementing module 'Loop_Row_DCT_Loop_pr' 
INFO: [HLS 200-10] ----------------------------------------------------------------
INFO: [SCHED 204-11] Starting scheduling ...
INFO: [SCHED 204-61] Pipelining loop 'DCT_Outer_Loop'.
INFO: [SCHED 204-61] Pipelining result: Target II: 1, Final II: 1, Depth: 6.
WARNING: [SCHED 204-21] Estimated clock period (9.73ns) exceeds the target (target clock period: 8ns, clock uncertainty: 1ns, effective delay budget: 7ns).
WARNING: [SCHED 204-21] The critical path consists of the following:
	'mul' operation ('tmp_8_i', dct.c:17->dct.c:33->dct.c:87) (3.36 ns)
	'add' operation ('tmp2', dct.c:19->dct.c:33->dct.c:87) (3.02 ns)
	'add' operation ('tmp1', dct.c:19->dct.c:33->dct.c:87) (3.35 ns)
INFO: [SCHED 204-11] Finished scheduling.
INFO: [HLS 200-111]  Elapsed time: 0.12 seconds; current allocated memory: 120.398 MB.
INFO: [BIND 205-100] Starting micro-architecture generation ...
INFO: [BIND 205-101] Performing variable lifetime analysis.
INFO: [BIND 205-101] Exploring resource sharing.
INFO: [BIND 205-101] Binding ...
INFO: [BIND 205-100] Finished micro-architecture generation.
INFO: [HLS 200-111]  Elapsed time: 0.05 seconds; current allocated memory: 120.777 MB.
INFO: [HLS 200-10] ----------------------------------------------------------------
INFO: [HLS 200-10] -- Implementing module 'Loop_Xpose_Row_Outer' 
INFO: [HLS 200-10] ----------------------------------------------------------------
INFO: [SCHED 204-11] Starting scheduling ...
INFO: [SCHED 204-61] Pipelining loop 'Xpose_Row_Outer_Loop_Xpose_Row_Inner_Loop'.
INFO: [SCHED 204-61] Pipelining result: Target II: 1, Final II: 1, Depth: 3.
INFO: [SCHED 204-11] Finished scheduling.
INFO: [HLS 200-111]  Elapsed time: 0.11 seconds; current allocated memory: 121.078 MB.
INFO: [BIND 205-100] Starting micro-architecture generation ...
INFO: [BIND 205-101] Performing variable lifetime analysis.
INFO: [BIND 205-101] Exploring resource sharing.
INFO: [BIND 205-101] Binding ...
INFO: [BIND 205-100] Finished micro-architecture generation.
INFO: [HLS 200-111]  Elapsed time: 0.02 seconds; current allocated memory: 121.272 MB.
INFO: [HLS 200-10] ----------------------------------------------------------------
INFO: [HLS 200-10] -- Implementing module 'Loop_Col_DCT_Loop_pr' 
INFO: [HLS 200-10] ----------------------------------------------------------------
INFO: [SCHED 204-11] Starting scheduling ...
INFO: [SCHED 204-61] Pipelining loop 'DCT_Outer_Loop'.
INFO: [SCHED 204-61] Pipelining result: Target II: 1, Final II: 1, Depth: 6.
WARNING: [SCHED 204-21] Estimated clock period (9.73ns) exceeds the target (target clock period: 8ns, clock uncertainty: 1ns, effective delay budget: 7ns).
WARNING: [SCHED 204-21] The critical path consists of the following:
	'mul' operation ('tmp_8_i', dct.c:17->dct.c:44->dct.c:87) (3.36 ns)
	'add' operation ('tmp1', dct.c:19->dct.c:44->dct.c:87) (3.02 ns)
	'add' operation ('tmp', dct.c:19->dct.c:44->dct.c:87) (3.35 ns)
INFO: [SCHED 204-11] Finished scheduling.
INFO: [HLS 200-111]  Elapsed time: 0.12 seconds; current allocated memory: 121.607 MB.
INFO: [BIND 205-100] Starting micro-architecture generation ...
INFO: [BIND 205-101] Performing variable lifetime analysis.
INFO: [BIND 205-101] Exploring resource sharing.
INFO: [BIND 205-101] Binding ...
INFO: [BIND 205-100] Finished micro-architecture generation.
INFO: [HLS 200-111]  Elapsed time: 0.05 seconds; current allocated memory: 121.986 MB.
INFO: [HLS 200-10] ----------------------------------------------------------------
INFO: [HLS 200-10] -- Implementing module 'Loop_Xpose_Col_Outer' 
INFO: [HLS 200-10] ----------------------------------------------------------------
INFO: [SCHED 204-11] Starting scheduling ...
INFO: [SCHED 204-61] Pipelining loop 'Xpose_Col_Outer_Loop_Xpose_Col_Inner_Loop'.
INFO: [SCHED 204-61] Pipelining result: Target II: 1, Final II: 1, Depth: 3.
INFO: [SCHED 204-11] Finished scheduling.
INFO: [HLS 200-111]  Elapsed time: 0.09 seconds; current allocated memory: 122.223 MB.
INFO: [BIND 205-100] Starting micro-architecture generation ...
INFO: [BIND 205-101] Performing variable lifetime analysis.
INFO: [BIND 205-101] Exploring resource sharing.
INFO: [BIND 205-101] Binding ...
INFO: [BIND 205-100] Finished micro-architecture generation.
INFO: [HLS 200-111]  Elapsed time: 0.02 seconds; current allocated memory: 122.354 MB.
INFO: [HLS 200-10] ----------------------------------------------------------------
INFO: [HLS 200-10] -- Implementing module 'write_data' 
INFO: [HLS 200-10] ----------------------------------------------------------------
INFO: [SCHED 204-11] Starting scheduling ...
INFO: [SCHED 204-61] Pipelining loop 'WR_Loop_Row_WR_Loop_Col'.
INFO: [SCHED 204-61] Pipelining result: Target II: 1, Final II: 1, Depth: 3.
INFO: [SCHED 204-11] Finished scheduling.
INFO: [HLS 200-111]  Elapsed time: 0.06 seconds; current allocated memory: 122.499 MB.
INFO: [BIND 205-100] Starting micro-architecture generation ...
INFO: [BIND 205-101] Performing variable lifetime analysis.
INFO: [BIND 205-101] Exploring resource sharing.
INFO: [BIND 205-101] Binding ...
INFO: [BIND 205-100] Finished micro-architecture generation.
INFO: [HLS 200-111]  Elapsed time: 0.02 seconds; current allocated memory: 122.639 MB.
INFO: [HLS 200-10] ----------------------------------------------------------------
INFO: [HLS 200-10] -- Implementing module 'dct' 
INFO: [HLS 200-10] ----------------------------------------------------------------
INFO: [SCHED 204-11] Starting scheduling ...
INFO: [SCHED 204-11] Finished scheduling.
INFO: [HLS 200-111]  Elapsed time: 0.04 seconds; current allocated memory: 122.811 MB.
INFO: [BIND 205-100] Starting micro-architecture generation ...
INFO: [BIND 205-101] Performing variable lifetime analysis.
INFO: [BIND 205-101] Exploring resource sharing.
INFO: [BIND 205-101] Binding ...
INFO: [BIND 205-100] Finished micro-architecture generation.
INFO: [HLS 200-111]  Elapsed time: 0.4 seconds; current allocated memory: 122.998 MB.
INFO: [HLS 200-10] ----------------------------------------------------------------
INFO: [HLS 200-10] -- Generating RTL for module 'read_data' 
INFO: [HLS 200-10] ----------------------------------------------------------------
INFO: [RTGEN 206-100] Finished creating RTL model for 'read_data'.
INFO: [HLS 200-111]  Elapsed time: 0.21 seconds; current allocated memory: 123.459 MB.
INFO: [HLS 200-10] ----------------------------------------------------------------
INFO: [HLS 200-10] -- Generating RTL for module 'Loop_Row_DCT_Loop_pr' 
INFO: [HLS 200-10] ----------------------------------------------------------------
INFO: [SYN 201-210] Renamed object name 'Loop_Row_DCT_Loop_pr_dct_coeff_table_0' to 'Loop_Row_DCT_Loopbkb' due to the length limit 20
INFO: [SYN 201-210] Renamed object name 'Loop_Row_DCT_Loop_pr_dct_coeff_table_1' to 'Loop_Row_DCT_Loopcud' due to the length limit 20
INFO: [SYN 201-210] Renamed object name 'Loop_Row_DCT_Loop_pr_dct_coeff_table_2' to 'Loop_Row_DCT_LoopdEe' due to the length limit 20
INFO: [SYN 201-210] Renamed object name 'Loop_Row_DCT_Loop_pr_dct_coeff_table_3' to 'Loop_Row_DCT_LoopeOg' due to the length limit 20
INFO: [SYN 201-210] Renamed object name 'Loop_Row_DCT_Loop_pr_dct_coeff_table_4' to 'Loop_Row_DCT_LoopfYi' due to the length limit 20
INFO: [SYN 201-210] Renamed object name 'Loop_Row_DCT_Loop_pr_dct_coeff_table_5' to 'Loop_Row_DCT_Loopg8j' due to the length limit 20
INFO: [SYN 201-210] Renamed object name 'Loop_Row_DCT_Loop_pr_dct_coeff_table_6' to 'Loop_Row_DCT_Loophbi' due to the length limit 20
INFO: [SYN 201-210] Renamed object name 'Loop_Row_DCT_Loop_pr_dct_coeff_table_7' to 'Loop_Row_DCT_Loopibs' due to the length limit 20
INFO: [SYN 201-210] Renamed object name 'dct_mul_mul_15s_16s_29_1' to 'dct_mul_mul_15s_1jbC' due to the length limit 20
INFO: [SYN 201-210] Renamed object name 'dct_mac_muladd_14ns_16s_29s_29_1' to 'dct_mac_muladd_14kbM' due to the length limit 20
INFO: [SYN 201-210] Renamed object name 'dct_mac_muladd_15s_16s_29s_29_1' to 'dct_mac_muladd_15lbW' due to the length limit 20
INFO: [SYN 201-210] Renamed object name 'dct_mac_muladd_15s_16s_14ns_29_1' to 'dct_mac_muladd_15mb6' due to the length limit 20
INFO: [RTGEN 206-100] Generating core module 'dct_mac_muladd_14kbM': 1 instance(s).
INFO: [RTGEN 206-100] Generating core module 'dct_mac_muladd_15lbW': 3 instance(s).
INFO: [RTGEN 206-100] Generating core module 'dct_mac_muladd_15mb6': 1 instance(s).
INFO: [RTGEN 206-100] Generating core module 'dct_mul_mul_15s_1jbC': 3 instance(s).
INFO: [RTGEN 206-100] Finished creating RTL model for 'Loop_Row_DCT_Loop_pr'.
INFO: [HLS 200-111]  Elapsed time: 0.17 seconds; current allocated memory: 125.114 MB.
INFO: [HLS 200-10] ----------------------------------------------------------------
INFO: [HLS 200-10] -- Generating RTL for module 'Loop_Xpose_Row_Outer' 
INFO: [HLS 200-10] ----------------------------------------------------------------
INFO: [RTGEN 206-100] Finished creating RTL model for 'Loop_Xpose_Row_Outer'.
INFO: [HLS 200-111]  Elapsed time: 0.23 seconds; current allocated memory: 126.963 MB.
INFO: [HLS 200-10] ----------------------------------------------------------------
INFO: [HLS 200-10] -- Generating RTL for module 'Loop_Col_DCT_Loop_pr' 
INFO: [HLS 200-10] ----------------------------------------------------------------
INFO: [SYN 201-210] Renamed object name 'Loop_Col_DCT_Loop_pr_dct_coeff_table_0' to 'Loop_Col_DCT_Loopncg' due to the length limit 20
INFO: [SYN 201-210] Renamed object name 'Loop_Col_DCT_Loop_pr_dct_coeff_table_1' to 'Loop_Col_DCT_Loopocq' due to the length limit 20
INFO: [SYN 201-210] Renamed object name 'Loop_Col_DCT_Loop_pr_dct_coeff_table_2' to 'Loop_Col_DCT_LooppcA' due to the length limit 20
INFO: [SYN 201-210] Renamed object name 'Loop_Col_DCT_Loop_pr_dct_coeff_table_3' to 'Loop_Col_DCT_LoopqcK' due to the length limit 20
INFO: [SYN 201-210] Renamed object name 'Loop_Col_DCT_Loop_pr_dct_coeff_table_4' to 'Loop_Col_DCT_LooprcU' due to the length limit 20
INFO: [SYN 201-210] Renamed object name 'Loop_Col_DCT_Loop_pr_dct_coeff_table_5' to 'Loop_Col_DCT_Loopsc4' due to the length limit 20
INFO: [SYN 201-210] Renamed object name 'Loop_Col_DCT_Loop_pr_dct_coeff_table_6' to 'Loop_Col_DCT_Looptde' due to the length limit 20
INFO: [SYN 201-210] Renamed object name 'Loop_Col_DCT_Loop_pr_dct_coeff_table_7' to 'Loop_Col_DCT_Loopudo' due to the length limit 20
WARNING: [RTGEN 206-101] RTL name 'dct_mul_mul_15s_1jbC' is changed to 'dct_mul_mul_15s_1jbC_x' due to conflict.
WARNING: [RTGEN 206-101] RTL name 'dct_mac_muladd_14kbM' is changed to 'dct_mac_muladd_14kbM_x' due to conflict.
WARNING: [RTGEN 206-101] RTL name 'dct_mac_muladd_15lbW' is changed to 'dct_mac_muladd_15lbW_x' due to conflict.
WARNING: [RTGEN 206-101] RTL name 'dct_mac_muladd_15mb6' is changed to 'dct_mac_muladd_15mb6_x' due to conflict.
INFO: [RTGEN 206-100] Generating core module 'dct_mac_muladd_14kbM': 1 instance(s).
INFO: [RTGEN 206-100] Generating core module 'dct_mac_muladd_15lbW': 3 instance(s).
INFO: [RTGEN 206-100] Generating core module 'dct_mac_muladd_15mb6': 1 instance(s).
INFO: [RTGEN 206-100] Generating core module 'dct_mul_mul_15s_1jbC': 3 instance(s).
INFO: [RTGEN 206-100] Finished creating RTL model for 'Loop_Col_DCT_Loop_pr'.
INFO: [HLS 200-111]  Elapsed time: 0.17 seconds; current allocated memory: 128.659 MB.
INFO: [HLS 200-10] ----------------------------------------------------------------
INFO: [HLS 200-10] -- Generating RTL for module 'Loop_Xpose_Col_Outer' 
INFO: [HLS 200-10] ----------------------------------------------------------------
INFO: [RTGEN 206-100] Finished creating RTL model for 'Loop_Xpose_Col_Outer'.
INFO: [HLS 200-111]  Elapsed time: 0.24 seconds; current allocated memory: 130.394 MB.
INFO: [HLS 200-10] ----------------------------------------------------------------
INFO: [HLS 200-10] -- Generating RTL for module 'write_data' 
INFO: [HLS 200-10] ----------------------------------------------------------------
INFO: [RTGEN 206-100] Finished creating RTL model for 'write_data'.
INFO: [HLS 200-111]  Elapsed time: 0.11 seconds; current allocated memory: 131.233 MB.
INFO: [HLS 200-10] ----------------------------------------------------------------
INFO: [HLS 200-10] -- Generating RTL for module 'dct' 
INFO: [HLS 200-10] ----------------------------------------------------------------
INFO: [RTGEN 206-500] Setting interface mode on port 'dct/input_r' to 'ap_memory'.
INFO: [RTGEN 206-500] Setting interface mode on port 'dct/output_r' to 'ap_memory'.
INFO: [RTGEN 206-500] Setting interface mode on function 'dct' to 'ap_ctrl_hs'.
INFO: [RTGEN 206-100] Finished creating RTL model for 'dct'.
INFO: [HLS 200-111]  Elapsed time: 0.33 seconds; current allocated memory: 133.813 MB.
INFO: [RTMG 210-279] Implementing memory 'Loop_Row_DCT_Loopbkb_rom' using distributed ROMs.
INFO: [RTMG 210-279] Implementing memory 'Loop_Row_DCT_Loopcud_rom' using distributed ROMs.
INFO: [RTMG 210-279] Implementing memory 'Loop_Row_DCT_LoopdEe_rom' using distributed ROMs.
INFO: [RTMG 210-279] Implementing memory 'Loop_Row_DCT_LoopeOg_rom' using distributed ROMs.
INFO: [RTMG 210-279] Implementing memory 'Loop_Row_DCT_LoopfYi_rom' using distributed ROMs.
INFO: [RTMG 210-279] Implementing memory 'Loop_Row_DCT_Loopg8j_rom' using distributed ROMs.
INFO: [RTMG 210-279] Implementing memory 'Loop_Row_DCT_Loophbi_rom' using distributed ROMs.
INFO: [RTMG 210-279] Implementing memory 'Loop_Row_DCT_Loopibs_rom' using distributed ROMs.
INFO: [RTMG 210-278] Implementing memory 'dct_row_outbuf_i_memcore_ram' using block RAMs.
INFO: [RTMG 210-278] Implementing memory 'dct_col_inbuf_0_memcore_ram' using distributed RAMs.
INFO: [HLS 200-111] Finished generating all RTL models Time (s): cpu = 00:00:08 ; elapsed = 00:00:08 . Memory (MB): peak = 517.777 ; gain = 204.582 ; free physical = 123 ; free virtual = 4315
INFO: [SYSC 207-301] Generating SystemC RTL for dct.
INFO: [VHDL 208-304] Generating VHDL RTL for dct.
INFO: [VLOG 209-307] Generating Verilog RTL for dct.
INFO: [HLS 200-112] Total elapsed time: 8.11 seconds; peak allocated memory: 133.813 MB.
