

================================================================
== Vivado HLS Report for 'yuv_filter'
================================================================
* Date:           Thu May 13 18:31:52 2021

* Version:        2017.1 (Build 1846317 on Fri Apr 14 19:19:38 MDT 2017)
* Project:        yuv_filter.prj
* Solution:       solution3
* Product family: zynq
* Target device:  xc7z010clg400-1


================================================================
== Performance Estimates
================================================================
+ Timing (ns): 
    * Summary: 
    +--------+-------+----------+------------+
    |  Clock | Target| Estimated| Uncertainty|
    +--------+-------+----------+------------+
    |ap_clk  |   8.00|      9.40|        1.00|
    +--------+-------+----------+------------+

+ Latency (clock cycles): 
    * Summary: 
    +-------+---------+-------+---------+----------+
    |     Latency     |     Interval    | Pipeline |
    |  min  |   max   |  min  |   max   |   Type   |
    +-------+---------+-------+---------+----------+
    |  40022|  2457622|  40011|  2457611| dataflow |
    +-------+---------+-------+---------+----------+

    + Detail: 
        * Instance: 
        N/A

        * Loop: 
        N/A

============================================================
+ Verbose Summary: Synthesis Manager
============================================================
InlineROM: 1
ExposeGlobal: 0
============================================================
+ Verbose Summary: CDFG Model
============================================================
IsTopModel: 1
ResetActiveHigh: 1
IsCombinational: 2
IsDatapathOnly: 0
HasWiredReturn: 1
HasMFsm: 0
HasVarLatency: 1
IsPipeline: 0
IsRtlPipelined: 0
IsInstanceOverlapped: 0
IsDontTouch: 0
HasImplIP: 0
IsGatedGlobalClock: 0


============================================================
+ Verbose Summary: Schedule
============================================================
* Number of FSM states: 6
* Pipeline: 0
* Dataflow Pipeline: 1
  DF-Pipeline-0: Size = 6, States = { 1 2 3 4 5 6 }

* FSM state transitions: 
1 --> 
	2  / true
2 --> 
	3  / true
3 --> 
	4  / true
4 --> 
	5  / true
5 --> 
	6  / true
6 --> 
* FSM state operations: 

 <State 1>: 6.38ns
ST_1: V_scale_read (14)  [1/1] 0.00ns
:0  %V_scale_read = call i8 @_ssdm_op_Read.ap_auto.i8(i8 %V_scale)

ST_1: U_scale_read (15)  [1/1] 0.00ns
:1  %U_scale_read = call i8 @_ssdm_op_Read.ap_auto.i8(i8 %U_scale)

ST_1: Y_scale_read (16)  [1/1] 0.00ns
:2  %Y_scale_read = call i8 @_ssdm_op_Read.ap_auto.i8(i8 %Y_scale)

ST_1: p_scale_height (17)  [1/1] 0.00ns  loc: yuv_filter.c:18
:3  %p_scale_height = alloca i16, align 2

ST_1: p_scale_width (18)  [1/1] 0.00ns  loc: yuv_filter.c:18
:4  %p_scale_width = alloca i16, align 2

ST_1: p_yuv_height (19)  [1/1] 0.00ns  loc: yuv_filter.c:17
:5  %p_yuv_height = alloca i16, align 2

ST_1: p_yuv_width (20)  [1/1] 0.00ns  loc: yuv_filter.c:17
:6  %p_yuv_width = alloca i16, align 2

ST_1: V_scale_channel (21)  [1/1] 0.00ns
:7  %V_scale_channel = alloca i8, align 1

ST_1: U_scale_channel (22)  [1/1] 0.00ns
:8  %U_scale_channel = alloca i8, align 1

ST_1: Y_scale_channel (23)  [1/1] 0.00ns
:9  %Y_scale_channel = alloca i8, align 1

ST_1: p_yuv_channels_ch1 (39)  [1/1] 0.00ns  loc: yuv_filter.c:17
:25  %p_yuv_channels_ch1 = alloca i8, align 1

ST_1: p_yuv_channels_ch2 (42)  [1/1] 0.00ns  loc: yuv_filter.c:17
:28  %p_yuv_channels_ch2 = alloca i8, align 1

ST_1: p_yuv_channels_ch3 (45)  [1/1] 0.00ns  loc: yuv_filter.c:17
:31  %p_yuv_channels_ch3 = alloca i8, align 1

ST_1: p_scale_channels_ch1 (48)  [1/1] 0.00ns  loc: yuv_filter.c:18
:34  %p_scale_channels_ch1 = alloca i8, align 1

ST_1: p_scale_channels_ch2 (51)  [1/1] 0.00ns  loc: yuv_filter.c:18
:37  %p_scale_channels_ch2 = alloca i8, align 1

ST_1: p_scale_channels_ch3 (54)  [1/1] 0.00ns  loc: yuv_filter.c:18
:40  %p_scale_channels_ch3 = alloca i8, align 1

ST_1: StgValue_23 (63)  [2/2] 6.38ns
:49  call fastcc void @rgb2yuv11([2457600 x i8]* %in_channels_ch1, [2457600 x i8]* %in_channels_ch2, [2457600 x i8]* %in_channels_ch3, i16* %in_width, i16* %in_height, i8* %p_yuv_channels_ch1, i8* %p_yuv_channels_ch2, i8* %p_yuv_channels_ch3, i16* %p_yuv_width, i16* %p_yuv_height, i8 %Y_scale_read, i8 %U_scale_read, i8 %V_scale_read, i8* %Y_scale_channel, i8* %U_scale_channel, i8* %V_scale_channel)


 <State 2>: 0.00ns
ST_2: StgValue_24 (63)  [1/2] 0.00ns
:49  call fastcc void @rgb2yuv11([2457600 x i8]* %in_channels_ch1, [2457600 x i8]* %in_channels_ch2, [2457600 x i8]* %in_channels_ch3, i16* %in_width, i16* %in_height, i8* %p_yuv_channels_ch1, i8* %p_yuv_channels_ch2, i8* %p_yuv_channels_ch3, i16* %p_yuv_width, i16* %p_yuv_height, i8 %Y_scale_read, i8 %U_scale_read, i8 %V_scale_read, i8* %Y_scale_channel, i8* %U_scale_channel, i8* %V_scale_channel)


 <State 3>: 0.00ns
ST_3: StgValue_25 (74)  [2/2] 0.00ns  loc: yuv_filter.c:24
:60  call fastcc void @yuv_scale(i8* %p_yuv_channels_ch1, i8* %p_yuv_channels_ch2, i8* %p_yuv_channels_ch3, i16* %p_yuv_width, i16* %p_yuv_height, i8* %p_scale_channels_ch1, i8* %p_scale_channels_ch2, i8* %p_scale_channels_ch3, i16* %p_scale_width, i16* %p_scale_height, i8* %Y_scale_channel, i8* %U_scale_channel, i8* %V_scale_channel)


 <State 4>: 0.00ns
ST_4: StgValue_26 (74)  [1/2] 0.00ns  loc: yuv_filter.c:24
:60  call fastcc void @yuv_scale(i8* %p_yuv_channels_ch1, i8* %p_yuv_channels_ch2, i8* %p_yuv_channels_ch3, i16* %p_yuv_width, i16* %p_yuv_height, i8* %p_scale_channels_ch1, i8* %p_scale_channels_ch2, i8* %p_scale_channels_ch3, i16* %p_scale_width, i16* %p_scale_height, i8* %Y_scale_channel, i8* %U_scale_channel, i8* %V_scale_channel)


 <State 5>: 0.00ns
ST_5: StgValue_27 (85)  [2/2] 0.00ns  loc: yuv_filter.c:25
:71  call fastcc void @yuv2rgb(i8* %p_scale_channels_ch1, i8* %p_scale_channels_ch2, i8* %p_scale_channels_ch3, i16* %p_scale_width, i16* %p_scale_height, [2457600 x i8]* %out_channels_ch1, [2457600 x i8]* %out_channels_ch2, [2457600 x i8]* %out_channels_ch3, i16* %out_width, i16* %out_height)


 <State 6>: 0.00ns
ST_6: StgValue_28 (24)  [1/1] 0.00ns  loc: yuv_filter.c:12
:10  call void (...)* @_ssdm_op_SpecDataflowPipeline(i32 -1, [1 x i8]* @p_str) nounwind

ST_6: StgValue_29 (25)  [1/1] 0.00ns
:11  call void (...)* @_ssdm_op_SpecBitsMap([2457600 x i8]* %in_channels_ch1), !map !13

ST_6: StgValue_30 (26)  [1/1] 0.00ns
:12  call void (...)* @_ssdm_op_SpecBitsMap([2457600 x i8]* %in_channels_ch2), !map !20

ST_6: StgValue_31 (27)  [1/1] 0.00ns
:13  call void (...)* @_ssdm_op_SpecBitsMap([2457600 x i8]* %in_channels_ch3), !map !24

ST_6: StgValue_32 (28)  [1/1] 0.00ns
:14  call void (...)* @_ssdm_op_SpecBitsMap(i16* %in_width), !map !28

ST_6: StgValue_33 (29)  [1/1] 0.00ns
:15  call void (...)* @_ssdm_op_SpecBitsMap(i16* %in_height), !map !34

ST_6: StgValue_34 (30)  [1/1] 0.00ns
:16  call void (...)* @_ssdm_op_SpecBitsMap([2457600 x i8]* %out_channels_ch1), !map !38

ST_6: StgValue_35 (31)  [1/1] 0.00ns
:17  call void (...)* @_ssdm_op_SpecBitsMap([2457600 x i8]* %out_channels_ch2), !map !42

ST_6: StgValue_36 (32)  [1/1] 0.00ns
:18  call void (...)* @_ssdm_op_SpecBitsMap([2457600 x i8]* %out_channels_ch3), !map !46

ST_6: StgValue_37 (33)  [1/1] 0.00ns
:19  call void (...)* @_ssdm_op_SpecBitsMap(i16* %out_width), !map !50

ST_6: StgValue_38 (34)  [1/1] 0.00ns
:20  call void (...)* @_ssdm_op_SpecBitsMap(i16* %out_height), !map !54

ST_6: StgValue_39 (35)  [1/1] 0.00ns
:21  call void (...)* @_ssdm_op_SpecBitsMap(i8 %Y_scale), !map !58

ST_6: StgValue_40 (36)  [1/1] 0.00ns
:22  call void (...)* @_ssdm_op_SpecBitsMap(i8 %U_scale), !map !64

ST_6: StgValue_41 (37)  [1/1] 0.00ns
:23  call void (...)* @_ssdm_op_SpecBitsMap(i8 %V_scale), !map !68

ST_6: StgValue_42 (38)  [1/1] 0.00ns
:24  call void (...)* @_ssdm_op_SpecTopModule([11 x i8]* @yuv_filter_str) nounwind

ST_6: empty (40)  [1/1] 0.00ns
:26  %empty = call i32 (...)* @_ssdm_op_SpecChannel([26 x i8]* @p_yuv_OC_channels_OC_4, i32 1, [1 x i8]* @p_str, [1 x i8]* @p_str, i32 2, i32 2457600, i8* %p_yuv_channels_ch1, i8* %p_yuv_channels_ch1)

ST_6: empty_30 (41)  [1/1] 0.00ns
:27  %empty_30 = call i32 (...)* @_ssdm_op_SpecInterface(i8* %p_yuv_channels_ch1, [8 x i8]* @ap_fifo_str, i32 0, i32 0, [1 x i8]* @p_str, i32 0, i32 0, [1 x i8]* @p_str, [1 x i8]* @p_str, [1 x i8]* @p_str, i32 2, i32 2, i32 16, i32 16, [1 x i8]* @p_str, [1 x i8]* @p_str)

ST_6: empty_31 (43)  [1/1] 0.00ns
:29  %empty_31 = call i32 (...)* @_ssdm_op_SpecChannel([26 x i8]* @p_yuv_OC_channels_OC_2, i32 1, [1 x i8]* @p_str, [1 x i8]* @p_str, i32 2, i32 2457600, i8* %p_yuv_channels_ch2, i8* %p_yuv_channels_ch2)

ST_6: empty_32 (44)  [1/1] 0.00ns
:30  %empty_32 = call i32 (...)* @_ssdm_op_SpecInterface(i8* %p_yuv_channels_ch2, [8 x i8]* @ap_fifo_str, i32 0, i32 0, [1 x i8]* @p_str, i32 0, i32 0, [1 x i8]* @p_str, [1 x i8]* @p_str, [1 x i8]* @p_str, i32 2, i32 2, i32 16, i32 16, [1 x i8]* @p_str, [1 x i8]* @p_str)

ST_6: empty_33 (46)  [1/1] 0.00ns
:32  %empty_33 = call i32 (...)* @_ssdm_op_SpecChannel([26 x i8]* @p_yuv_OC_channels_OC_s, i32 1, [1 x i8]* @p_str, [1 x i8]* @p_str, i32 2, i32 2457600, i8* %p_yuv_channels_ch3, i8* %p_yuv_channels_ch3)

ST_6: empty_34 (47)  [1/1] 0.00ns
:33  %empty_34 = call i32 (...)* @_ssdm_op_SpecInterface(i8* %p_yuv_channels_ch3, [8 x i8]* @ap_fifo_str, i32 0, i32 0, [1 x i8]* @p_str, i32 0, i32 0, [1 x i8]* @p_str, [1 x i8]* @p_str, [1 x i8]* @p_str, i32 2, i32 2, i32 16, i32 16, [1 x i8]* @p_str, [1 x i8]* @p_str)

ST_6: empty_35 (49)  [1/1] 0.00ns
:35  %empty_35 = call i32 (...)* @_ssdm_op_SpecChannel([28 x i8]* @p_scale_OC_channels_O_4, i32 1, [1 x i8]* @p_str, [1 x i8]* @p_str, i32 2, i32 2457600, i8* %p_scale_channels_ch1, i8* %p_scale_channels_ch1)

ST_6: empty_36 (50)  [1/1] 0.00ns
:36  %empty_36 = call i32 (...)* @_ssdm_op_SpecInterface(i8* %p_scale_channels_ch1, [8 x i8]* @ap_fifo_str, i32 0, i32 0, [1 x i8]* @p_str, i32 0, i32 0, [1 x i8]* @p_str, [1 x i8]* @p_str, [1 x i8]* @p_str, i32 2, i32 2, i32 16, i32 16, [1 x i8]* @p_str, [1 x i8]* @p_str)

ST_6: empty_37 (52)  [1/1] 0.00ns
:38  %empty_37 = call i32 (...)* @_ssdm_op_SpecChannel([28 x i8]* @p_scale_OC_channels_O_2, i32 1, [1 x i8]* @p_str, [1 x i8]* @p_str, i32 2, i32 2457600, i8* %p_scale_channels_ch2, i8* %p_scale_channels_ch2)

ST_6: empty_38 (53)  [1/1] 0.00ns
:39  %empty_38 = call i32 (...)* @_ssdm_op_SpecInterface(i8* %p_scale_channels_ch2, [8 x i8]* @ap_fifo_str, i32 0, i32 0, [1 x i8]* @p_str, i32 0, i32 0, [1 x i8]* @p_str, [1 x i8]* @p_str, [1 x i8]* @p_str, i32 2, i32 2, i32 16, i32 16, [1 x i8]* @p_str, [1 x i8]* @p_str)

ST_6: empty_39 (55)  [1/1] 0.00ns
:41  %empty_39 = call i32 (...)* @_ssdm_op_SpecChannel([28 x i8]* @p_scale_OC_channels_O, i32 1, [1 x i8]* @p_str, [1 x i8]* @p_str, i32 2, i32 2457600, i8* %p_scale_channels_ch3, i8* %p_scale_channels_ch3)

ST_6: empty_40 (56)  [1/1] 0.00ns
:42  %empty_40 = call i32 (...)* @_ssdm_op_SpecInterface(i8* %p_scale_channels_ch3, [8 x i8]* @ap_fifo_str, i32 0, i32 0, [1 x i8]* @p_str, i32 0, i32 0, [1 x i8]* @p_str, [1 x i8]* @p_str, [1 x i8]* @p_str, i32 2, i32 2, i32 16, i32 16, [1 x i8]* @p_str, [1 x i8]* @p_str)

ST_6: empty_41 (57)  [1/1] 0.00ns
:43  %empty_41 = call i32 (...)* @_ssdm_op_SpecChannel([16 x i8]* @Y_scale_channel_str, i32 1, [1 x i8]* @p_str, [1 x i8]* @p_str, i32 2, i32 0, i8* %Y_scale_channel, i8* %Y_scale_channel)

ST_6: empty_42 (58)  [1/1] 0.00ns
:44  %empty_42 = call i32 (...)* @_ssdm_op_SpecInterface(i8* %Y_scale_channel, [8 x i8]* @ap_fifo_str, i32 0, i32 0, [1 x i8]* @p_str, i32 0, i32 0, [1 x i8]* @p_str, [1 x i8]* @p_str, [1 x i8]* @p_str, i32 2, i32 2, i32 16, i32 16, [1 x i8]* @p_str, [1 x i8]* @p_str)

ST_6: empty_43 (59)  [1/1] 0.00ns
:45  %empty_43 = call i32 (...)* @_ssdm_op_SpecChannel([16 x i8]* @U_scale_channel_str, i32 1, [1 x i8]* @p_str, [1 x i8]* @p_str, i32 2, i32 0, i8* %U_scale_channel, i8* %U_scale_channel)

ST_6: empty_44 (60)  [1/1] 0.00ns
:46  %empty_44 = call i32 (...)* @_ssdm_op_SpecInterface(i8* %U_scale_channel, [8 x i8]* @ap_fifo_str, i32 0, i32 0, [1 x i8]* @p_str, i32 0, i32 0, [1 x i8]* @p_str, [1 x i8]* @p_str, [1 x i8]* @p_str, i32 2, i32 2, i32 16, i32 16, [1 x i8]* @p_str, [1 x i8]* @p_str)

ST_6: empty_45 (61)  [1/1] 0.00ns
:47  %empty_45 = call i32 (...)* @_ssdm_op_SpecChannel([16 x i8]* @V_scale_channel_str, i32 1, [1 x i8]* @p_str, [1 x i8]* @p_str, i32 2, i32 0, i8* %V_scale_channel, i8* %V_scale_channel)

ST_6: empty_46 (62)  [1/1] 0.00ns
:48  %empty_46 = call i32 (...)* @_ssdm_op_SpecInterface(i8* %V_scale_channel, [8 x i8]* @ap_fifo_str, i32 0, i32 0, [1 x i8]* @p_str, i32 0, i32 0, [1 x i8]* @p_str, [1 x i8]* @p_str, [1 x i8]* @p_str, i32 2, i32 2, i32 16, i32 16, [1 x i8]* @p_str, [1 x i8]* @p_str)

ST_6: empty_47 (64)  [1/1] 0.00ns
:50  %empty_47 = call i32 (...)* @_ssdm_op_SpecChannel([18 x i8]* @p_yuv_OC_channels_OC_5, i32 1, [1 x i8]* @p_str, [1 x i8]* @p_str, i32 2, i32 2457600, i8* %p_yuv_channels_ch1, i8* %p_yuv_channels_ch1)

ST_6: empty_48 (65)  [1/1] 0.00ns
:51  %empty_48 = call i32 (...)* @_ssdm_op_SpecInterface(i8* %p_yuv_channels_ch1, [8 x i8]* @ap_fifo_str, i32 0, i32 0, [1 x i8]* @p_str, i32 0, i32 0, [1 x i8]* @p_str, [1 x i8]* @p_str, [1 x i8]* @p_str, i32 2, i32 2, i32 16, i32 16, [1 x i8]* @p_str, [1 x i8]* @p_str)

ST_6: empty_49 (66)  [1/1] 0.00ns
:52  %empty_49 = call i32 (...)* @_ssdm_op_SpecChannel([18 x i8]* @p_yuv_OC_channels_OC_3, i32 1, [1 x i8]* @p_str, [1 x i8]* @p_str, i32 2, i32 2457600, i8* %p_yuv_channels_ch2, i8* %p_yuv_channels_ch2)

ST_6: empty_50 (67)  [1/1] 0.00ns
:53  %empty_50 = call i32 (...)* @_ssdm_op_SpecInterface(i8* %p_yuv_channels_ch2, [8 x i8]* @ap_fifo_str, i32 0, i32 0, [1 x i8]* @p_str, i32 0, i32 0, [1 x i8]* @p_str, [1 x i8]* @p_str, [1 x i8]* @p_str, i32 2, i32 2, i32 16, i32 16, [1 x i8]* @p_str, [1 x i8]* @p_str)

ST_6: empty_51 (68)  [1/1] 0.00ns
:54  %empty_51 = call i32 (...)* @_ssdm_op_SpecChannel([18 x i8]* @p_yuv_OC_channels_OC_1, i32 1, [1 x i8]* @p_str, [1 x i8]* @p_str, i32 2, i32 2457600, i8* %p_yuv_channels_ch3, i8* %p_yuv_channels_ch3)

ST_6: empty_52 (69)  [1/1] 0.00ns
:55  %empty_52 = call i32 (...)* @_ssdm_op_SpecInterface(i8* %p_yuv_channels_ch3, [8 x i8]* @ap_fifo_str, i32 0, i32 0, [1 x i8]* @p_str, i32 0, i32 0, [1 x i8]* @p_str, [1 x i8]* @p_str, [1 x i8]* @p_str, i32 2, i32 2, i32 16, i32 16, [1 x i8]* @p_str, [1 x i8]* @p_str)

ST_6: empty_53 (70)  [1/1] 0.00ns
:56  %empty_53 = call i32 (...)* @_ssdm_op_SpecChannel([19 x i8]* @p_yuv_OC_width_OC_cha, i32 1, [1 x i8]* @p_str, [1 x i8]* @p_str, i32 2, i32 0, i16* %p_yuv_width, i16* %p_yuv_width)

ST_6: empty_54 (71)  [1/1] 0.00ns
:57  %empty_54 = call i32 (...)* @_ssdm_op_SpecInterface(i16* %p_yuv_width, [8 x i8]* @ap_fifo_str, i32 0, i32 0, [1 x i8]* @p_str, i32 0, i32 0, [1 x i8]* @p_str, [1 x i8]* @p_str, [1 x i8]* @p_str, i32 2, i32 2, i32 16, i32 16, [1 x i8]* @p_str, [1 x i8]* @p_str)

ST_6: empty_55 (72)  [1/1] 0.00ns
:58  %empty_55 = call i32 (...)* @_ssdm_op_SpecChannel([20 x i8]* @p_yuv_OC_height_OC_ch, i32 1, [1 x i8]* @p_str, [1 x i8]* @p_str, i32 2, i32 0, i16* %p_yuv_height, i16* %p_yuv_height)

ST_6: empty_56 (73)  [1/1] 0.00ns
:59  %empty_56 = call i32 (...)* @_ssdm_op_SpecInterface(i16* %p_yuv_height, [8 x i8]* @ap_fifo_str, i32 0, i32 0, [1 x i8]* @p_str, i32 0, i32 0, [1 x i8]* @p_str, [1 x i8]* @p_str, [1 x i8]* @p_str, i32 2, i32 2, i32 16, i32 16, [1 x i8]* @p_str, [1 x i8]* @p_str)

ST_6: empty_57 (75)  [1/1] 0.00ns
:61  %empty_57 = call i32 (...)* @_ssdm_op_SpecChannel([20 x i8]* @p_scale_OC_channels_O_5, i32 1, [1 x i8]* @p_str, [1 x i8]* @p_str, i32 2, i32 2457600, i8* %p_scale_channels_ch1, i8* %p_scale_channels_ch1)

ST_6: empty_58 (76)  [1/1] 0.00ns
:62  %empty_58 = call i32 (...)* @_ssdm_op_SpecInterface(i8* %p_scale_channels_ch1, [8 x i8]* @ap_fifo_str, i32 0, i32 0, [1 x i8]* @p_str, i32 0, i32 0, [1 x i8]* @p_str, [1 x i8]* @p_str, [1 x i8]* @p_str, i32 2, i32 2, i32 16, i32 16, [1 x i8]* @p_str, [1 x i8]* @p_str)

ST_6: empty_59 (77)  [1/1] 0.00ns
:63  %empty_59 = call i32 (...)* @_ssdm_op_SpecChannel([20 x i8]* @p_scale_OC_channels_O_3, i32 1, [1 x i8]* @p_str, [1 x i8]* @p_str, i32 2, i32 2457600, i8* %p_scale_channels_ch2, i8* %p_scale_channels_ch2)

ST_6: empty_60 (78)  [1/1] 0.00ns
:64  %empty_60 = call i32 (...)* @_ssdm_op_SpecInterface(i8* %p_scale_channels_ch2, [8 x i8]* @ap_fifo_str, i32 0, i32 0, [1 x i8]* @p_str, i32 0, i32 0, [1 x i8]* @p_str, [1 x i8]* @p_str, [1 x i8]* @p_str, i32 2, i32 2, i32 16, i32 16, [1 x i8]* @p_str, [1 x i8]* @p_str)

ST_6: empty_61 (79)  [1/1] 0.00ns
:65  %empty_61 = call i32 (...)* @_ssdm_op_SpecChannel([20 x i8]* @p_scale_OC_channels_O_1, i32 1, [1 x i8]* @p_str, [1 x i8]* @p_str, i32 2, i32 2457600, i8* %p_scale_channels_ch3, i8* %p_scale_channels_ch3)

ST_6: empty_62 (80)  [1/1] 0.00ns
:66  %empty_62 = call i32 (...)* @_ssdm_op_SpecInterface(i8* %p_scale_channels_ch3, [8 x i8]* @ap_fifo_str, i32 0, i32 0, [1 x i8]* @p_str, i32 0, i32 0, [1 x i8]* @p_str, [1 x i8]* @p_str, [1 x i8]* @p_str, i32 2, i32 2, i32 16, i32 16, [1 x i8]* @p_str, [1 x i8]* @p_str)

ST_6: empty_63 (81)  [1/1] 0.00ns
:67  %empty_63 = call i32 (...)* @_ssdm_op_SpecChannel([21 x i8]* @p_scale_OC_width_OC_c, i32 1, [1 x i8]* @p_str, [1 x i8]* @p_str, i32 2, i32 0, i16* %p_scale_width, i16* %p_scale_width)

ST_6: empty_64 (82)  [1/1] 0.00ns
:68  %empty_64 = call i32 (...)* @_ssdm_op_SpecInterface(i16* %p_scale_width, [8 x i8]* @ap_fifo_str, i32 0, i32 0, [1 x i8]* @p_str, i32 0, i32 0, [1 x i8]* @p_str, [1 x i8]* @p_str, [1 x i8]* @p_str, i32 2, i32 2, i32 16, i32 16, [1 x i8]* @p_str, [1 x i8]* @p_str)

ST_6: empty_65 (83)  [1/1] 0.00ns
:69  %empty_65 = call i32 (...)* @_ssdm_op_SpecChannel([22 x i8]* @p_scale_OC_height_OC_s, i32 1, [1 x i8]* @p_str, [1 x i8]* @p_str, i32 2, i32 0, i16* %p_scale_height, i16* %p_scale_height)

ST_6: empty_66 (84)  [1/1] 0.00ns
:70  %empty_66 = call i32 (...)* @_ssdm_op_SpecInterface(i16* %p_scale_height, [8 x i8]* @ap_fifo_str, i32 0, i32 0, [1 x i8]* @p_str, i32 0, i32 0, [1 x i8]* @p_str, [1 x i8]* @p_str, [1 x i8]* @p_str, i32 2, i32 2, i32 16, i32 16, [1 x i8]* @p_str, [1 x i8]* @p_str)

ST_6: StgValue_81 (85)  [1/2] 0.00ns  loc: yuv_filter.c:25
:71  call fastcc void @yuv2rgb(i8* %p_scale_channels_ch1, i8* %p_scale_channels_ch2, i8* %p_scale_channels_ch3, i16* %p_scale_width, i16* %p_scale_height, [2457600 x i8]* %out_channels_ch1, [2457600 x i8]* %out_channels_ch2, [2457600 x i8]* %out_channels_ch3, i16* %out_width, i16* %out_height)

ST_6: StgValue_82 (86)  [1/1] 0.00ns  loc: yuv_filter.c:26
:72  ret void



============================================================
+ Verbose Summary: Timing violations
============================================================
Target clock period: 8ns, clock uncertainty: 1ns.

 <State 1>: 6.38ns
The critical path consists of the following:
	wire read on port 'V_scale' [14]  (0 ns)
	'call' operation to 'rgb2yuv11' [63]  (6.38 ns)

 <State 2>: 0ns
The critical path consists of the following:

 <State 3>: 0ns
The critical path consists of the following:

 <State 4>: 0ns
The critical path consists of the following:

 <State 5>: 0ns
The critical path consists of the following:

 <State 6>: 0ns
The critical path consists of the following:


============================================================
+ Verbose Summary: Binding
============================================================
N/A
* FSMD analyzer results:
  - Output states:
 - Input state : 
  - Chain level:
	State 1
	State 2
	State 3
	State 4
	State 5
	State 6


============================================================
+ Verbose Summary: Datapath Resource usage 
============================================================
N/A
