
*** Running vivado
    with args -log system_vio_0_0.vds -m64 -product Vivado -mode batch -messageDb vivado.pb -notrace -source system_vio_0_0.tcl


****** Vivado v2017.2 (64-bit)
  **** SW Build 1909853 on Thu Jun 15 18:39:10 MDT 2017
  **** IP Build 1909766 on Thu Jun 15 19:58:00 MDT 2017
    ** Copyright 1986-2017 Xilinx, Inc. All Rights Reserved.

source system_vio_0_0.tcl -notrace
Starting RTL Elaboration : Time (s): cpu = 00:00:04 ; elapsed = 00:00:04 . Memory (MB): peak = 1152.188 ; gain = 73.000 ; free physical = 219 ; free virtual = 4313
INFO: [Synth 8-638] synthesizing module 'system_vio_0_0' [/home/lf-securitas/Documentos/ISPR/lab2/lab2.srcs/sources_1/bd/system/ip/system_vio_0_0/synth/system_vio_0_0.v:59]
INFO: [Synth 8-256] done synthesizing module 'system_vio_0_0' (8#1) [/home/lf-securitas/Documentos/ISPR/lab2/lab2.srcs/sources_1/bd/system/ip/system_vio_0_0/synth/system_vio_0_0.v:59]
Finished RTL Elaboration : Time (s): cpu = 00:00:08 ; elapsed = 00:00:08 . Memory (MB): peak = 1276.688 ; gain = 197.500 ; free physical = 231 ; free virtual = 3840
Finished RTL Optimization Phase 1 : Time (s): cpu = 00:00:08 ; elapsed = 00:00:08 . Memory (MB): peak = 1276.688 ; gain = 197.500 ; free physical = 204 ; free virtual = 3814
INFO: [Device 21-403] Loading part xc7z010clg400-1
Constraint Validation Runtime : Time (s): cpu = 00:00:00.02 ; elapsed = 00:00:00.02 . Memory (MB): peak = 1552.902 ; gain = 0.000 ; free physical = 179 ; free virtual = 3569
Finished Constraint Validation : Time (s): cpu = 00:00:16 ; elapsed = 00:00:17 . Memory (MB): peak = 1552.902 ; gain = 473.715 ; free physical = 157 ; free virtual = 3548
Finished Loading Part and Timing Information : Time (s): cpu = 00:00:16 ; elapsed = 00:00:17 . Memory (MB): peak = 1552.902 ; gain = 473.715 ; free physical = 157 ; free virtual = 3548
Finished applying 'set_property' XDC Constraints : Time (s): cpu = 00:00:16 ; elapsed = 00:00:17 . Memory (MB): peak = 1552.902 ; gain = 473.715 ; free physical = 156 ; free virtual = 3547
Finished RTL Optimization Phase 2 : Time (s): cpu = 00:00:17 ; elapsed = 00:00:17 . Memory (MB): peak = 1552.902 ; gain = 473.715 ; free physical = 122 ; free virtual = 3513
Finished Cross Boundary and Area Optimization : Time (s): cpu = 00:00:17 ; elapsed = 00:00:18 . Memory (MB): peak = 1552.902 ; gain = 473.715 ; free physical = 129 ; free virtual = 3481
Finished Applying XDC Timing Constraints : Time (s): cpu = 00:00:24 ; elapsed = 00:00:25 . Memory (MB): peak = 1552.902 ; gain = 473.715 ; free physical = 579 ; free virtual = 3559
Finished Timing Optimization : Time (s): cpu = 00:00:24 ; elapsed = 00:00:25 . Memory (MB): peak = 1552.902 ; gain = 473.715 ; free physical = 575 ; free virtual = 3556
Finished Technology Mapping : Time (s): cpu = 00:00:24 ; elapsed = 00:00:25 . Memory (MB): peak = 1552.902 ; gain = 473.715 ; free physical = 576 ; free virtual = 3557
Finished IO Insertion : Time (s): cpu = 00:00:24 ; elapsed = 00:00:26 . Memory (MB): peak = 1552.902 ; gain = 473.715 ; free physical = 573 ; free virtual = 3559
Finished Renaming Generated Instances : Time (s): cpu = 00:00:25 ; elapsed = 00:00:26 . Memory (MB): peak = 1552.902 ; gain = 473.715 ; free physical = 573 ; free virtual = 3559
Finished Rebuilding User Hierarchy : Time (s): cpu = 00:00:25 ; elapsed = 00:00:26 . Memory (MB): peak = 1552.902 ; gain = 473.715 ; free physical = 582 ; free virtual = 3568
Finished Renaming Generated Ports : Time (s): cpu = 00:00:25 ; elapsed = 00:00:26 . Memory (MB): peak = 1552.902 ; gain = 473.715 ; free physical = 581 ; free virtual = 3567
Finished Handling Custom Attributes : Time (s): cpu = 00:00:25 ; elapsed = 00:00:26 . Memory (MB): peak = 1552.902 ; gain = 473.715 ; free physical = 579 ; free virtual = 3565
Finished Renaming Generated Nets : Time (s): cpu = 00:00:25 ; elapsed = 00:00:26 . Memory (MB): peak = 1552.902 ; gain = 473.715 ; free physical = 580 ; free virtual = 3566

Report Cell Usage: 
+------+-----+------+
|      |Cell |Count |
+------+-----+------+
|1     |LUT1 |     2|
|2     |LUT2 |     8|
|3     |LUT3 |    31|
|4     |LUT4 |    42|
|5     |LUT5 |    12|
|6     |LUT6 |    31|
|7     |FDRE |   208|
|8     |FDSE |     7|
+------+-----+------+
Finished Writing Synthesis Report : Time (s): cpu = 00:00:25 ; elapsed = 00:00:26 . Memory (MB): peak = 1552.902 ; gain = 473.715 ; free physical = 579 ; free virtual = 3565
synth_design: Time (s): cpu = 00:00:26 ; elapsed = 00:00:27 . Memory (MB): peak = 1552.902 ; gain = 486.297 ; free physical = 1130 ; free virtual = 4118
