

================================================================
== Vivado HLS Report for 'rgb2yuv'
================================================================
* Date:           Thu May 13 17:32:27 2021

* Version:        2017.1 (Build 1846317 on Fri Apr 14 19:19:38 MDT 2017)
* Project:        yuv_filter.prj
* Solution:       solution1
* Product family: zynq
* Target device:  xc7z010clg400-1


================================================================
== Performance Estimates
================================================================
+ Timing (ns): 
    * Summary: 
    +--------+-------+----------+------------+
    |  Clock | Target| Estimated| Uncertainty|
    +--------+-------+----------+------------+
    |ap_clk  |   8.00|      9.34|        1.00|
    +--------+-------+----------+------------+

+ Latency (clock cycles): 
    * Summary: 
    +--------+----------+--------+----------+---------+
    |      Latency      |      Interval     | Pipeline|
    |   min  |    max   |   min  |    max   |   Type  |
    +--------+----------+--------+----------+---------+
    |  400401|  24579841|  400401|  24579841|   none  |
    +--------+----------+--------+----------+---------+

    + Detail: 
        * Instance: 
        N/A

        * Loop: 
        +-------------------+--------+----------+--------------+-----------+-----------+------------+----------+
        |                   |      Latency      |   Iteration  |  Initiation Interval  |    Trip    |          |
        |     Loop Name     |   min  |    max   |    Latency   |  achieved |   target  |    Count   | Pipelined|
        +-------------------+--------+----------+--------------+-----------+-----------+------------+----------+
        |- RGB2YUV_LOOP_X   |  400400|  24579840| 2002 ~ 12802 |          -|          -| 200 ~ 1920 |    no    |
        | + RGB2YUV_LOOP_Y  |    2000|     12800|            10|          -|          -| 200 ~ 1280 |    no    |
        +-------------------+--------+----------+--------------+-----------+-----------+------------+----------+

============================================================
+ Verbose Summary: Synthesis Manager
============================================================
InlineROM: 1
ExposeGlobal: 0
============================================================
+ Verbose Summary: CDFG Model
============================================================
IsTopModel: 0
ResetActiveHigh: 1
IsCombinational: 0
IsDatapathOnly: 0
HasWiredReturn: 1
HasMFsm: 0
HasVarLatency: 1
IsPipeline: 0
IsRtlPipelined: 0
IsInstanceOverlapped: 0
IsDontTouch: 0
HasImplIP: 0
IsGatedGlobalClock: 0


============================================================
+ Verbose Summary: Schedule
============================================================
* Number of FSM states: 12
* Pipeline: 0
* Dataflow Pipeline: 0

* FSM state transitions: 
1 --> 
	2  / true
2 --> 
	3  / (!exitcond1)
3 --> 
	4  / (!exitcond)
	2  / (exitcond)
4 --> 
	5  / true
5 --> 
	6  / true
6 --> 
	7  / true
7 --> 
	8  / true
8 --> 
	9  / true
9 --> 
	10  / true
10 --> 
	11  / true
11 --> 
	12  / true
12 --> 
	3  / true
* FSM state operations: 

 <State 1>: 1.77ns
ST_1: in_height_read_2 (9)  [1/1] 0.00ns
:0  %in_height_read_2 = call i16 @_ssdm_op_Read.ap_auto.i16(i16 %in_height_read)

ST_1: in_width_read_2 (10)  [1/1] 0.00ns
:1  %in_width_read_2 = call i16 @_ssdm_op_Read.ap_auto.i16(i16 %in_width_read)

ST_1: StgValue_15 (11)  [1/1] 1.77ns  loc: yuv_filter.c:49
:2  br label %1


 <State 2>: 3.17ns
ST_2: x (13)  [1/1] 0.00ns
:0  %x = phi i16 [ 0, %0 ], [ %x_2, %5 ]

ST_2: exitcond1 (14)  [1/1] 3.03ns  loc: yuv_filter.c:49
:1  %exitcond1 = icmp eq i16 %x, %in_width_read_2

ST_2: x_2 (15)  [1/1] 2.96ns  loc: yuv_filter.c:49
:2  %x_2 = add i16 %x, 1

ST_2: StgValue_19 (16)  [1/1] 0.00ns  loc: yuv_filter.c:49
:3  br i1 %exitcond1, label %6, label %2

ST_2: StgValue_20 (18)  [1/1] 0.00ns  loc: yuv_filter.c:49
:0  call void (...)* @_ssdm_op_SpecLoopName([15 x i8]* @p_str) nounwind

ST_2: tmp_s (19)  [1/1] 0.00ns  loc: yuv_filter.c:49
:1  %tmp_s = call i32 (...)* @_ssdm_op_SpecRegionBegin([15 x i8]* @p_str)

ST_2: StgValue_22 (20)  [1/1] 0.00ns  loc: yuv_filter.c:50
:2  call void (...)* @_ssdm_op_SpecLoopTripCount(i32 200, i32 1920, i32 1060, [1 x i8]* @p_str1) nounwind

ST_2: tmp (21)  [1/1] 0.00ns  loc: yuv_filter.c:49
:3  %tmp = trunc i16 %x to i13

ST_2: p_shl_cast (22)  [1/1] 0.00ns  loc: yuv_filter.c:49
:4  %p_shl_cast = call i23 @_ssdm_op_BitConcatenate.i23.i13.i10(i13 %tmp, i10 0)

ST_2: tmp_21 (23)  [1/1] 0.00ns  loc: yuv_filter.c:49
:5  %tmp_21 = trunc i16 %x to i15

ST_2: p_shl7_cast (24)  [1/1] 0.00ns  loc: yuv_filter.c:54
:6  %p_shl7_cast = call i23 @_ssdm_op_BitConcatenate.i23.i15.i8(i15 %tmp_21, i8 0)

ST_2: tmp_22 (25)  [1/1] 3.17ns  loc: yuv_filter.c:54
:7  %tmp_22 = add i23 %p_shl_cast, %p_shl7_cast

ST_2: StgValue_28 (26)  [1/1] 1.77ns  loc: yuv_filter.c:52
:8  br label %3

ST_2: mrv (106)  [1/1] 0.00ns  loc: yuv_filter.c:65
:0  %mrv = insertvalue { i16, i16 } undef, i16 %in_width_read_2, 0

ST_2: mrv_1 (107)  [1/1] 0.00ns  loc: yuv_filter.c:65
:1  %mrv_1 = insertvalue { i16, i16 } %mrv, i16 %in_height_read_2, 1

ST_2: StgValue_31 (108)  [1/1] 0.00ns  loc: yuv_filter.c:65
:2  ret { i16, i16 } %mrv_1


 <State 3>: 6.42ns
ST_3: y (28)  [1/1] 0.00ns
:0  %y = phi i16 [ 0, %2 ], [ %y_2, %4 ]

ST_3: exitcond (29)  [1/1] 3.03ns  loc: yuv_filter.c:52
:1  %exitcond = icmp eq i16 %y, %in_height_read_2

ST_3: y_2 (30)  [1/1] 2.96ns  loc: yuv_filter.c:52
:2  %y_2 = add i16 %y, 1

ST_3: StgValue_35 (31)  [1/1] 0.00ns  loc: yuv_filter.c:52
:3  br i1 %exitcond, label %5, label %4

ST_3: tmp_cast (36)  [1/1] 0.00ns  loc: yuv_filter.c:54
:3  %tmp_cast = zext i16 %y to i23

ST_3: tmp_24 (37)  [1/1] 3.17ns  loc: yuv_filter.c:54
:4  %tmp_24 = add i23 %tmp_cast, %tmp_22

ST_3: tmp_24_cast (38)  [1/1] 0.00ns  loc: yuv_filter.c:54
:5  %tmp_24_cast = zext i23 %tmp_24 to i64

ST_3: in_channels_ch1_addr (39)  [1/1] 0.00ns  loc: yuv_filter.c:54
:6  %in_channels_ch1_addr = getelementptr [2457600 x i8]* %in_channels_ch1, i64 0, i64 %tmp_24_cast

ST_3: in_channels_ch2_addr (40)  [1/1] 0.00ns  loc: yuv_filter.c:55
:7  %in_channels_ch2_addr = getelementptr [2457600 x i8]* %in_channels_ch2, i64 0, i64 %tmp_24_cast

ST_3: R (45)  [4/4] 3.25ns  loc: yuv_filter.c:54
:12  %R = load i8* %in_channels_ch1_addr, align 1

ST_3: G (46)  [4/4] 3.25ns  loc: yuv_filter.c:55
:13  %G = load i8* %in_channels_ch2_addr, align 1

ST_3: empty_17 (103)  [1/1] 0.00ns  loc: yuv_filter.c:64
:0  %empty_17 = call i32 (...)* @_ssdm_op_SpecRegionEnd([15 x i8]* @p_str, i32 %tmp_s)

ST_3: StgValue_44 (104)  [1/1] 0.00ns  loc: yuv_filter.c:49
:1  br label %1


 <State 4>: 3.25ns
ST_4: R (45)  [3/4] 3.25ns  loc: yuv_filter.c:54
:12  %R = load i8* %in_channels_ch1_addr, align 1

ST_4: G (46)  [3/4] 3.25ns  loc: yuv_filter.c:55
:13  %G = load i8* %in_channels_ch2_addr, align 1


 <State 5>: 3.25ns
ST_5: in_channels_ch3_addr (41)  [1/1] 0.00ns  loc: yuv_filter.c:56
:8  %in_channels_ch3_addr = getelementptr [2457600 x i8]* %in_channels_ch3, i64 0, i64 %tmp_24_cast

ST_5: R (45)  [2/4] 3.25ns  loc: yuv_filter.c:54
:12  %R = load i8* %in_channels_ch1_addr, align 1

ST_5: G (46)  [2/4] 3.25ns  loc: yuv_filter.c:55
:13  %G = load i8* %in_channels_ch2_addr, align 1

ST_5: B (47)  [4/4] 3.25ns  loc: yuv_filter.c:56
:14  %B = load i8* %in_channels_ch3_addr, align 1


 <State 6>: 3.25ns
ST_6: R (45)  [1/4] 3.25ns  loc: yuv_filter.c:54
:12  %R = load i8* %in_channels_ch1_addr, align 1

ST_6: G (46)  [1/4] 3.25ns  loc: yuv_filter.c:55
:13  %G = load i8* %in_channels_ch2_addr, align 1

ST_6: B (47)  [3/4] 3.25ns  loc: yuv_filter.c:56
:14  %B = load i8* %in_channels_ch3_addr, align 1


 <State 7>: 5.51ns
ST_7: B (47)  [2/4] 3.25ns  loc: yuv_filter.c:56
:14  %B = load i8* %in_channels_ch3_addr, align 1

ST_7: tmp_33_cast1 (48)  [1/1] 0.00ns  loc: yuv_filter.c:57
:15  %tmp_33_cast1 = zext i8 %R to i16

ST_7: tmp_35_cast1 (54)  [1/1] 0.00ns  loc: yuv_filter.c:57
:21  %tmp_35_cast1 = zext i8 %G to i16

ST_7: tmp_29 (72)  [3/3] 5.51ns  loc: yuv_filter.c:58
:39  %tmp_29 = mul i16 %tmp_35_cast1, -74

ST_7: tmp_33 (84)  [3/3] 5.51ns  loc: yuv_filter.c:59
:51  %tmp_33 = mul i16 %tmp_33_cast1, 122


 <State 8>: 5.51ns
ST_8: B (47)  [1/4] 3.25ns  loc: yuv_filter.c:56
:14  %B = load i8* %in_channels_ch3_addr, align 1

ST_8: tmp_35_cast2 (55)  [1/1] 0.00ns  loc: yuv_filter.c:57
:22  %tmp_35_cast2 = zext i8 %G to i9

ST_8: tmp4 (63)  [1/1] 2.82ns  loc: yuv_filter.c:57
:30  %tmp4 = add i9 %tmp_35_cast2, 128

ST_8: tmp_29 (72)  [2/3] 5.51ns  loc: yuv_filter.c:58
:39  %tmp_29 = mul i16 %tmp_35_cast1, -74

ST_8: tmp_33 (84)  [2/3] 5.51ns  loc: yuv_filter.c:59
:51  %tmp_33 = mul i16 %tmp_33_cast1, 122


 <State 9>: 8.33ns
ST_9: p_shl5 (50)  [1/1] 0.00ns  loc: yuv_filter.c:57
:17  %p_shl5 = call i14 @_ssdm_op_BitConcatenate.i14.i8.i6(i8 %R, i6 0)

ST_9: p_shl5_cast (51)  [1/1] 0.00ns  loc: yuv_filter.c:57
:18  %p_shl5_cast = zext i14 %p_shl5 to i15

ST_9: p_shl6 (52)  [1/1] 0.00ns  loc: yuv_filter.c:57
:19  %p_shl6 = call i9 @_ssdm_op_BitConcatenate.i9.i8.i1(i8 %R, i1 false)

ST_9: p_shl6_cast (53)  [1/1] 0.00ns  loc: yuv_filter.c:57
:20  %p_shl6_cast = zext i9 %p_shl6 to i15

ST_9: p_shl4 (56)  [1/1] 0.00ns  loc: yuv_filter.c:57
:23  %p_shl4 = call i15 @_ssdm_op_BitConcatenate.i15.i8.i7(i8 %G, i7 0)

ST_9: p_shl4_cast (57)  [1/1] 0.00ns  loc: yuv_filter.c:57
:24  %p_shl4_cast = zext i15 %p_shl4 to i16

ST_9: tmp_37_cast1 (58)  [1/1] 0.00ns  loc: yuv_filter.c:57
:25  %tmp_37_cast1 = zext i8 %B to i13

ST_9: tmp_25 (59)  [1/1] 3.36ns  loc: yuv_filter.c:57
:26  %tmp_25 = mul i13 %tmp_37_cast1, 25

ST_9: tmp2 (60)  [1/1] 2.92ns  loc: yuv_filter.c:57
:27  %tmp2 = add i15 %p_shl6_cast, %p_shl5_cast

ST_9: tmp2_cast (61)  [1/1] 0.00ns  loc: yuv_filter.c:57
:28  %tmp2_cast = zext i15 %tmp2 to i16

ST_9: tmp1 (62)  [1/1] 1.95ns  loc: yuv_filter.c:57
:29  %tmp1 = add i16 %tmp2_cast, %p_shl4_cast

ST_9: tmp4_cast (64)  [1/1] 0.00ns  loc: yuv_filter.c:57
:31  %tmp4_cast = zext i9 %tmp4 to i13

ST_9: tmp3 (65)  [1/1] 3.02ns  loc: yuv_filter.c:57
:32  %tmp3 = add i13 %tmp4_cast, %tmp_25

ST_9: tmp3_cast (66)  [1/1] 0.00ns  loc: yuv_filter.c:57
:33  %tmp3_cast = zext i13 %tmp3 to i16

ST_9: tmp_26 (67)  [1/1] 1.95ns  loc: yuv_filter.c:57
:34  %tmp_26 = add i16 %tmp3_cast, %tmp1

ST_9: tmp_27 (68)  [1/1] 0.00ns  loc: yuv_filter.c:57
:35  %tmp_27 = call i8 @_ssdm_op_PartSelect.i8.i16.i32.i32(i16 %tmp_26, i32 8, i32 15)

ST_9: tmp_29 (72)  [1/3] 5.51ns  loc: yuv_filter.c:58
:39  %tmp_29 = mul i16 %tmp_35_cast1, -74

ST_9: p_shl2 (73)  [1/1] 0.00ns  loc: yuv_filter.c:58
:40  %p_shl2 = call i15 @_ssdm_op_BitConcatenate.i15.i8.i7(i8 %B, i7 0)

ST_9: p_shl2_cast (74)  [1/1] 0.00ns  loc: yuv_filter.c:58
:41  %p_shl2_cast = zext i15 %p_shl2 to i16

ST_9: p_shl3 (75)  [1/1] 0.00ns  loc: yuv_filter.c:58
:42  %p_shl3 = call i12 @_ssdm_op_BitConcatenate.i12.i8.i4(i8 %B, i4 0)

ST_9: p_shl3_cast9 (76)  [1/1] 0.00ns  loc: yuv_filter.c:58
:43  %p_shl3_cast9 = zext i12 %p_shl3 to i13

ST_9: p_shl3_cast (77)  [1/1] 0.00ns  loc: yuv_filter.c:58
:44  %p_shl3_cast = zext i12 %p_shl3 to i16

ST_9: tmp_30 (78)  [1/1] 2.94ns  loc: yuv_filter.c:58
:45  %tmp_30 = sub i16 %p_shl2_cast, %p_shl3_cast

ST_9: tmp_33 (84)  [1/3] 5.51ns  loc: yuv_filter.c:59
:51  %tmp_33 = mul i16 %tmp_33_cast1, 122

ST_9: p_neg (86)  [1/1] 2.88ns  loc: yuv_filter.c:58
:53  %p_neg = sub i13 0, %p_shl3_cast9

ST_9: p_neg_cast (87)  [1/1] 0.00ns  loc: yuv_filter.c:58
:54  %p_neg_cast = sext i13 %p_neg to i14

ST_9: p_shl1 (88)  [1/1] 0.00ns  loc: yuv_filter.c:59
:55  %p_shl1 = call i9 @_ssdm_op_BitConcatenate.i9.i8.i1(i8 %B, i1 false)

ST_9: p_shl1_cast (89)  [1/1] 0.00ns  loc: yuv_filter.c:59
:56  %p_shl1_cast = zext i9 %p_shl1 to i14

ST_9: tmp_35 (90)  [1/1] 1.92ns  loc: yuv_filter.c:59
:57  %tmp_35 = sub i14 %p_neg_cast, %p_shl1_cast

ST_9: tmp8 (92)  [1/1] 1.92ns  loc: yuv_filter.c:59
:59  %tmp8 = add i14 %tmp_35, 128


 <State 10>: 9.34ns
ST_10: out_channels_ch1_add (42)  [1/1] 0.00ns  loc: yuv_filter.c:60
:9  %out_channels_ch1_add = getelementptr [2457600 x i8]* %out_channels_ch1, i64 0, i64 %tmp_24_cast

ST_10: tmp_33_cast2 (49)  [1/1] 0.00ns  loc: yuv_filter.c:57
:16  %tmp_33_cast2 = zext i8 %R to i15

ST_10: Y (69)  [1/1] 2.80ns  loc: yuv_filter.c:57
:36  %Y = add i8 %tmp_27, 16

ST_10: tmp_28 (70)  [1/1] 3.36ns  loc: yuv_filter.c:58
:37  %tmp_28 = mul i15 %tmp_33_cast2, -38

ST_10: tmp_44_cast (71)  [1/1] 0.00ns  loc: yuv_filter.c:58
:38  %tmp_44_cast = sext i15 %tmp_28 to i16

ST_10: tmp5 (79)  [1/1] 3.02ns  loc: yuv_filter.c:58
:46  %tmp5 = add i16 %tmp_44_cast, %tmp_29

ST_10: tmp6 (80)  [1/1] 1.95ns  loc: yuv_filter.c:58
:47  %tmp6 = add i16 %tmp_30, 128

ST_10: tmp_31 (81)  [1/1] 1.95ns  loc: yuv_filter.c:58
:48  %tmp_31 = add i16 %tmp6, %tmp5

ST_10: tmp_32 (82)  [1/1] 0.00ns  loc: yuv_filter.c:58
:49  %tmp_32 = call i8 @_ssdm_op_PartSelect.i8.i16.i32.i32(i16 %tmp_31, i32 8, i32 15)

ST_10: tmp_34 (85)  [1/1] 3.36ns  loc: yuv_filter.c:59
:52  %tmp_34 = mul i16 %tmp_35_cast1, -94

ST_10: tmp7 (91)  [1/1] 3.02ns  loc: yuv_filter.c:59
:58  %tmp7 = add i16 %tmp_33, %tmp_34

ST_10: tmp8_cast (93)  [1/1] 0.00ns  loc: yuv_filter.c:59
:60  %tmp8_cast = sext i14 %tmp8 to i16

ST_10: tmp_36 (94)  [1/1] 2.96ns  loc: yuv_filter.c:59
:61  %tmp_36 = add i16 %tmp8_cast, %tmp7

ST_10: tmp_37 (95)  [1/1] 0.00ns  loc: yuv_filter.c:59
:62  %tmp_37 = call i8 @_ssdm_op_PartSelect.i8.i16.i32.i32(i16 %tmp_36, i32 8, i32 15)

ST_10: StgValue_108 (97)  [2/2] 3.25ns  loc: yuv_filter.c:60
:64  store i8 %Y, i8* %out_channels_ch1_add, align 1


 <State 11>: 5.32ns
ST_11: out_channels_ch2_add (43)  [1/1] 0.00ns  loc: yuv_filter.c:61
:10  %out_channels_ch2_add = getelementptr [2457600 x i8]* %out_channels_ch2, i64 0, i64 %tmp_24_cast

ST_11: out_channels_ch3_add (44)  [1/1] 0.00ns  loc: yuv_filter.c:62
:11  %out_channels_ch3_add = getelementptr [2457600 x i8]* %out_channels_ch3, i64 0, i64 %tmp_24_cast

ST_11: U (83)  [1/1] 2.07ns  loc: yuv_filter.c:58
:50  %U = xor i8 %tmp_32, -128

ST_11: V (96)  [1/1] 2.07ns  loc: yuv_filter.c:59
:63  %V = xor i8 %tmp_37, -128

ST_11: StgValue_113 (97)  [1/2] 3.25ns  loc: yuv_filter.c:60
:64  store i8 %Y, i8* %out_channels_ch1_add, align 1

ST_11: StgValue_114 (98)  [2/2] 3.25ns  loc: yuv_filter.c:61
:65  store i8 %U, i8* %out_channels_ch2_add, align 1

ST_11: StgValue_115 (99)  [2/2] 3.25ns  loc: yuv_filter.c:62
:66  store i8 %V, i8* %out_channels_ch3_add, align 1


 <State 12>: 3.25ns
ST_12: StgValue_116 (33)  [1/1] 0.00ns  loc: yuv_filter.c:52
:0  call void (...)* @_ssdm_op_SpecLoopName([15 x i8]* @p_str2) nounwind

ST_12: tmp_23 (34)  [1/1] 0.00ns  loc: yuv_filter.c:52
:1  %tmp_23 = call i32 (...)* @_ssdm_op_SpecRegionBegin([15 x i8]* @p_str2)

ST_12: StgValue_118 (35)  [1/1] 0.00ns  loc: yuv_filter.c:53
:2  call void (...)* @_ssdm_op_SpecLoopTripCount(i32 200, i32 1280, i32 740, [1 x i8]* @p_str1) nounwind

ST_12: StgValue_119 (98)  [1/2] 3.25ns  loc: yuv_filter.c:61
:65  store i8 %U, i8* %out_channels_ch2_add, align 1

ST_12: StgValue_120 (99)  [1/2] 3.25ns  loc: yuv_filter.c:62
:66  store i8 %V, i8* %out_channels_ch3_add, align 1

ST_12: empty (100)  [1/1] 0.00ns  loc: yuv_filter.c:63
:67  %empty = call i32 (...)* @_ssdm_op_SpecRegionEnd([15 x i8]* @p_str2, i32 %tmp_23)

ST_12: StgValue_122 (101)  [1/1] 0.00ns  loc: yuv_filter.c:52
:68  br label %3



============================================================
+ Verbose Summary: Binding
============================================================
STG Binding: 
---------------- STG Properties BEGIN ----------------
- Is combinational: 0
- Is one-state seq: 0
- Is datapath-only: 0
- Is pipelined: 0
- Is top level: 0
Port [ Return ] is wired: 1; IO mode=ap_ctrl_hs:ce=0
Port [ in_channels_ch1]:  wired=1; compound=1; hidden=0; nouse=0; global=0; static=0; extern=0; dir=0; type=1; pingpong=0; private_global=0; MemPort=[13]; IO mode=ap_memory:ce=0
Port [ in_channels_ch2]:  wired=1; compound=1; hidden=0; nouse=0; global=0; static=0; extern=0; dir=0; type=1; pingpong=0; private_global=0; MemPort=[13]; IO mode=ap_memory:ce=0
Port [ in_channels_ch3]:  wired=1; compound=1; hidden=0; nouse=0; global=0; static=0; extern=0; dir=0; type=1; pingpong=0; private_global=0; MemPort=[13]; IO mode=ap_memory:ce=0
Port [ in_width_read]:  wired=1; compound=0; hidden=0; nouse=0; global=0; static=0; extern=0; dir=0; type=0; pingpong=0; private_global=0; IO mode=ap_none:ce=0
Port [ in_height_read]:  wired=1; compound=0; hidden=0; nouse=0; global=0; static=0; extern=0; dir=0; type=0; pingpong=0; private_global=0; IO mode=ap_none:ce=0
Port [ out_channels_ch1]:  wired=1; compound=1; hidden=0; nouse=0; global=0; static=0; extern=0; dir=1; type=1; pingpong=0; private_global=0; MemPort=[03]; IO mode=ap_memory:ce=0
Port [ out_channels_ch2]:  wired=1; compound=1; hidden=0; nouse=0; global=0; static=0; extern=0; dir=1; type=1; pingpong=0; private_global=0; MemPort=[03]; IO mode=ap_memory:ce=0
Port [ out_channels_ch3]:  wired=1; compound=1; hidden=0; nouse=0; global=0; static=0; extern=0; dir=1; type=1; pingpong=0; private_global=0; MemPort=[03]; IO mode=ap_memory:ce=0
---------------- STG Properties END ------------------

---------------- Datapath Model BEGIN ----------------

<LifeTime>
<method=bitvector/>
in_height_read_2     (read             ) [ 0011111111111]
in_width_read_2      (read             ) [ 0011111111111]
StgValue_15          (br               ) [ 0111111111111]
x                    (phi              ) [ 0010000000000]
exitcond1            (icmp             ) [ 0011111111111]
x_2                  (add              ) [ 0111111111111]
StgValue_19          (br               ) [ 0000000000000]
StgValue_20          (specloopname     ) [ 0000000000000]
tmp_s                (specregionbegin  ) [ 0001111111111]
StgValue_22          (speclooptripcount) [ 0000000000000]
tmp                  (trunc            ) [ 0000000000000]
p_shl_cast           (bitconcatenate   ) [ 0000000000000]
tmp_21               (trunc            ) [ 0000000000000]
p_shl7_cast          (bitconcatenate   ) [ 0000000000000]
tmp_22               (add              ) [ 0001111111111]
StgValue_28          (br               ) [ 0011111111111]
mrv                  (insertvalue      ) [ 0000000000000]
mrv_1                (insertvalue      ) [ 0000000000000]
StgValue_31          (ret              ) [ 0000000000000]
y                    (phi              ) [ 0001000000000]
exitcond             (icmp             ) [ 0011111111111]
y_2                  (add              ) [ 0011111111111]
StgValue_35          (br               ) [ 0000000000000]
tmp_cast             (zext             ) [ 0000000000000]
tmp_24               (add              ) [ 0000000000000]
tmp_24_cast          (zext             ) [ 0000111111110]
in_channels_ch1_addr (getelementptr    ) [ 0000111000000]
in_channels_ch2_addr (getelementptr    ) [ 0000111000000]
empty_17             (specregionend    ) [ 0000000000000]
StgValue_44          (br               ) [ 0111111111111]
in_channels_ch3_addr (getelementptr    ) [ 0000001110000]
R                    (load             ) [ 0000000111100]
G                    (load             ) [ 0000000111000]
tmp_33_cast1         (zext             ) [ 0000000011000]
tmp_35_cast1         (zext             ) [ 0000000011100]
B                    (load             ) [ 0000000001000]
tmp_35_cast2         (zext             ) [ 0000000000000]
tmp4                 (add              ) [ 0000000001000]
p_shl5               (bitconcatenate   ) [ 0000000000000]
p_shl5_cast          (zext             ) [ 0000000000000]
p_shl6               (bitconcatenate   ) [ 0000000000000]
p_shl6_cast          (zext             ) [ 0000000000000]
p_shl4               (bitconcatenate   ) [ 0000000000000]
p_shl4_cast          (zext             ) [ 0000000000000]
tmp_37_cast1         (zext             ) [ 0000000000000]
tmp_25               (mul              ) [ 0000000000000]
tmp2                 (add              ) [ 0000000000000]
tmp2_cast            (zext             ) [ 0000000000000]
tmp1                 (add              ) [ 0000000000000]
tmp4_cast            (zext             ) [ 0000000000000]
tmp3                 (add              ) [ 0000000000000]
tmp3_cast            (zext             ) [ 0000000000000]
tmp_26               (add              ) [ 0000000000000]
tmp_27               (partselect       ) [ 0000000000100]
tmp_29               (mul              ) [ 0000000000100]
p_shl2               (bitconcatenate   ) [ 0000000000000]
p_shl2_cast          (zext             ) [ 0000000000000]
p_shl3               (bitconcatenate   ) [ 0000000000000]
p_shl3_cast9         (zext             ) [ 0000000000000]
p_shl3_cast          (zext             ) [ 0000000000000]
tmp_30               (sub              ) [ 0000000000100]
tmp_33               (mul              ) [ 0000000000100]
p_neg                (sub              ) [ 0000000000000]
p_neg_cast           (sext             ) [ 0000000000000]
p_shl1               (bitconcatenate   ) [ 0000000000000]
p_shl1_cast          (zext             ) [ 0000000000000]
tmp_35               (sub              ) [ 0000000000000]
tmp8                 (add              ) [ 0000000000100]
out_channels_ch1_add (getelementptr    ) [ 0000000000010]
tmp_33_cast2         (zext             ) [ 0000000000000]
Y                    (add              ) [ 0000000000010]
tmp_28               (mul              ) [ 0000000000000]
tmp_44_cast          (sext             ) [ 0000000000000]
tmp5                 (add              ) [ 0000000000000]
tmp6                 (add              ) [ 0000000000000]
tmp_31               (add              ) [ 0000000000000]
tmp_32               (partselect       ) [ 0000000000010]
tmp_34               (mul              ) [ 0000000000000]
tmp7                 (add              ) [ 0000000000000]
tmp8_cast            (sext             ) [ 0000000000000]
tmp_36               (add              ) [ 0000000000000]
tmp_37               (partselect       ) [ 0000000000010]
out_channels_ch2_add (getelementptr    ) [ 0000000000001]
out_channels_ch3_add (getelementptr    ) [ 0000000000001]
U                    (xor              ) [ 0000000000001]
V                    (xor              ) [ 0000000000001]
StgValue_113         (store            ) [ 0000000000000]
StgValue_116         (specloopname     ) [ 0000000000000]
tmp_23               (specregionbegin  ) [ 0000000000000]
StgValue_118         (speclooptripcount) [ 0000000000000]
StgValue_119         (store            ) [ 0000000000000]
StgValue_120         (store            ) [ 0000000000000]
empty                (specregionend    ) [ 0000000000000]
StgValue_122         (br               ) [ 0011111111111]
</LifeTime>

<model>

<comp_list>
<comp id="0" class="1000" name="in_channels_ch1">
<pin_list>
<pin id="1" dir="1" index="0" bw="1" slack="0"/>
</pin_list>
<bind>
<StgValue><ssdm name="in_channels_ch1"/><MemPortTyVec>1 3 </MemPortTyVec>
</StgValue>
</bind>
</comp>

<comp id="2" class="1000" name="in_channels_ch2">
<pin_list>
<pin id="3" dir="1" index="0" bw="1" slack="0"/>
</pin_list>
<bind>
<StgValue><ssdm name="in_channels_ch2"/><MemPortTyVec>1 3 </MemPortTyVec>
</StgValue>
</bind>
</comp>

<comp id="4" class="1000" name="in_channels_ch3">
<pin_list>
<pin id="5" dir="1" index="0" bw="1" slack="0"/>
</pin_list>
<bind>
<StgValue><ssdm name="in_channels_ch3"/><MemPortTyVec>1 3 </MemPortTyVec>
</StgValue>
</bind>
</comp>

<comp id="6" class="1000" name="in_width_read">
<pin_list>
<pin id="7" dir="1" index="0" bw="1" slack="0"/>
</pin_list>
<bind>
<StgValue><ssdm name="in_width_read"/></StgValue>
</bind>
</comp>

<comp id="8" class="1000" name="in_height_read">
<pin_list>
<pin id="9" dir="1" index="0" bw="1" slack="0"/>
</pin_list>
<bind>
<StgValue><ssdm name="in_height_read"/></StgValue>
</bind>
</comp>

<comp id="10" class="1000" name="out_channels_ch1">
<pin_list>
<pin id="11" dir="1" index="0" bw="1" slack="0"/>
</pin_list>
<bind>
<StgValue><ssdm name="out_channels_ch1"/><MemPortTyVec>0 3 </MemPortTyVec>
</StgValue>
</bind>
</comp>

<comp id="12" class="1000" name="out_channels_ch2">
<pin_list>
<pin id="13" dir="1" index="0" bw="1" slack="0"/>
</pin_list>
<bind>
<StgValue><ssdm name="out_channels_ch2"/><MemPortTyVec>0 3 </MemPortTyVec>
</StgValue>
</bind>
</comp>

<comp id="14" class="1000" name="out_channels_ch3">
<pin_list>
<pin id="15" dir="1" index="0" bw="1" slack="0"/>
</pin_list>
<bind>
<StgValue><ssdm name="out_channels_ch3"/><MemPortTyVec>0 3 </MemPortTyVec>
</StgValue>
</bind>
</comp>

<comp id="16" class="1001" name="const_16">
<pin_list>
<pin id="17" dir="1" index="0" bw="1" slack="0"/>
</pin_list>
<bind>
<StgValue><ssdm name="_ssdm_op_Read.ap_auto.i16"/></StgValue>
</bind>
</comp>

<comp id="18" class="1001" name="const_18">
<pin_list>
<pin id="19" dir="1" index="0" bw="1" slack="1"/>
</pin_list>
<bind>
<StgValue><ssdm name=""/></StgValue>
</bind>
</comp>

<comp id="20" class="1001" name="const_20">
<pin_list>
<pin id="21" dir="1" index="0" bw="1" slack="0"/>
</pin_list>
<bind>
<StgValue><ssdm name=""/></StgValue>
</bind>
</comp>

<comp id="22" class="1001" name="const_22">
<pin_list>
<pin id="23" dir="1" index="0" bw="1" slack="2147483647"/>
</pin_list>
<bind>
<StgValue><ssdm name="_ssdm_op_SpecLoopName"/></StgValue>
</bind>
</comp>

<comp id="24" class="1001" name="const_24">
<pin_list>
<pin id="25" dir="1" index="0" bw="1" slack="2147483647"/>
</pin_list>
<bind>
<StgValue><ssdm name="p_str"/></StgValue>
</bind>
</comp>

<comp id="26" class="1001" name="const_26">
<pin_list>
<pin id="27" dir="1" index="0" bw="1" slack="2147483647"/>
</pin_list>
<bind>
<StgValue><ssdm name="_ssdm_op_SpecRegionBegin"/></StgValue>
</bind>
</comp>

<comp id="28" class="1001" name="const_28">
<pin_list>
<pin id="29" dir="1" index="0" bw="1" slack="2147483647"/>
</pin_list>
<bind>
<StgValue><ssdm name="_ssdm_op_SpecLoopTripCount"/></StgValue>
</bind>
</comp>

<comp id="30" class="1001" name="const_30">
<pin_list>
<pin id="31" dir="1" index="0" bw="1" slack="2147483647"/>
</pin_list>
<bind>
<StgValue><ssdm name=""/></StgValue>
</bind>
</comp>

<comp id="32" class="1001" name="const_32">
<pin_list>
<pin id="33" dir="1" index="0" bw="1" slack="2147483647"/>
</pin_list>
<bind>
<StgValue><ssdm name=""/></StgValue>
</bind>
</comp>

<comp id="34" class="1001" name="const_34">
<pin_list>
<pin id="35" dir="1" index="0" bw="1" slack="2147483647"/>
</pin_list>
<bind>
<StgValue><ssdm name=""/></StgValue>
</bind>
</comp>

<comp id="36" class="1001" name="const_36">
<pin_list>
<pin id="37" dir="1" index="0" bw="1" slack="2147483647"/>
</pin_list>
<bind>
<StgValue><ssdm name="p_str1"/></StgValue>
</bind>
</comp>

<comp id="38" class="1001" name="const_38">
<pin_list>
<pin id="39" dir="1" index="0" bw="1" slack="0"/>
</pin_list>
<bind>
<StgValue><ssdm name="_ssdm_op_BitConcatenate.i23.i13.i10"/></StgValue>
</bind>
</comp>

<comp id="40" class="1001" name="const_40">
<pin_list>
<pin id="41" dir="1" index="0" bw="1" slack="0"/>
</pin_list>
<bind>
<StgValue><ssdm name=""/></StgValue>
</bind>
</comp>

<comp id="42" class="1001" name="const_42">
<pin_list>
<pin id="43" dir="1" index="0" bw="1" slack="0"/>
</pin_list>
<bind>
<StgValue><ssdm name="_ssdm_op_BitConcatenate.i23.i15.i8"/></StgValue>
</bind>
</comp>

<comp id="44" class="1001" name="const_44">
<pin_list>
<pin id="45" dir="1" index="0" bw="1" slack="0"/>
</pin_list>
<bind>
<StgValue><ssdm name=""/></StgValue>
</bind>
</comp>

<comp id="46" class="1001" name="const_46">
<pin_list>
<pin id="47" dir="1" index="0" bw="1" slack="0"/>
</pin_list>
<bind>
<StgValue><ssdm name=""/></StgValue>
</bind>
</comp>

<comp id="48" class="1001" name="const_48">
<pin_list>
<pin id="49" dir="1" index="0" bw="1" slack="0"/>
</pin_list>
<bind>
<StgValue><ssdm name=""/></StgValue>
</bind>
</comp>

<comp id="50" class="1001" name="const_50">
<pin_list>
<pin id="51" dir="1" index="0" bw="1" slack="2147483647"/>
</pin_list>
<bind>
<StgValue><ssdm name="_ssdm_op_SpecRegionEnd"/></StgValue>
</bind>
</comp>

<comp id="52" class="1001" name="const_52">
<pin_list>
<pin id="53" dir="1" index="0" bw="1" slack="0"/>
</pin_list>
<bind>
<StgValue><ssdm name=""/></StgValue>
</bind>
</comp>

<comp id="54" class="1001" name="const_54">
<pin_list>
<pin id="55" dir="1" index="0" bw="1" slack="0"/>
</pin_list>
<bind>
<StgValue><ssdm name=""/></StgValue>
</bind>
</comp>

<comp id="56" class="1001" name="const_56">
<pin_list>
<pin id="57" dir="1" index="0" bw="1" slack="0"/>
</pin_list>
<bind>
<StgValue><ssdm name=""/></StgValue>
</bind>
</comp>

<comp id="58" class="1001" name="const_58">
<pin_list>
<pin id="59" dir="1" index="0" bw="1" slack="0"/>
</pin_list>
<bind>
<StgValue><ssdm name="_ssdm_op_BitConcatenate.i14.i8.i6"/></StgValue>
</bind>
</comp>

<comp id="60" class="1001" name="const_60">
<pin_list>
<pin id="61" dir="1" index="0" bw="1" slack="0"/>
</pin_list>
<bind>
<StgValue><ssdm name=""/></StgValue>
</bind>
</comp>

<comp id="62" class="1001" name="const_62">
<pin_list>
<pin id="63" dir="1" index="0" bw="1" slack="0"/>
</pin_list>
<bind>
<StgValue><ssdm name="_ssdm_op_BitConcatenate.i9.i8.i1"/></StgValue>
</bind>
</comp>

<comp id="64" class="1001" name="const_64">
<pin_list>
<pin id="65" dir="1" index="0" bw="1" slack="0"/>
</pin_list>
<bind>
<StgValue><ssdm name=""/></StgValue>
</bind>
</comp>

<comp id="66" class="1001" name="const_66">
<pin_list>
<pin id="67" dir="1" index="0" bw="1" slack="0"/>
</pin_list>
<bind>
<StgValue><ssdm name="_ssdm_op_BitConcatenate.i15.i8.i7"/></StgValue>
</bind>
</comp>

<comp id="68" class="1001" name="const_68">
<pin_list>
<pin id="69" dir="1" index="0" bw="1" slack="0"/>
</pin_list>
<bind>
<StgValue><ssdm name=""/></StgValue>
</bind>
</comp>

<comp id="70" class="1001" name="const_70">
<pin_list>
<pin id="71" dir="1" index="0" bw="1" slack="0"/>
</pin_list>
<bind>
<StgValue><ssdm name=""/></StgValue>
</bind>
</comp>

<comp id="72" class="1001" name="const_72">
<pin_list>
<pin id="73" dir="1" index="0" bw="1" slack="0"/>
</pin_list>
<bind>
<StgValue><ssdm name="_ssdm_op_PartSelect.i8.i16.i32.i32"/></StgValue>
</bind>
</comp>

<comp id="74" class="1001" name="const_74">
<pin_list>
<pin id="75" dir="1" index="0" bw="1" slack="0"/>
</pin_list>
<bind>
<StgValue><ssdm name=""/></StgValue>
</bind>
</comp>

<comp id="76" class="1001" name="const_76">
<pin_list>
<pin id="77" dir="1" index="0" bw="1" slack="0"/>
</pin_list>
<bind>
<StgValue><ssdm name=""/></StgValue>
</bind>
</comp>

<comp id="78" class="1001" name="const_78">
<pin_list>
<pin id="79" dir="1" index="0" bw="1" slack="0"/>
</pin_list>
<bind>
<StgValue><ssdm name="_ssdm_op_BitConcatenate.i12.i8.i4"/></StgValue>
</bind>
</comp>

<comp id="80" class="1001" name="const_80">
<pin_list>
<pin id="81" dir="1" index="0" bw="1" slack="0"/>
</pin_list>
<bind>
<StgValue><ssdm name=""/></StgValue>
</bind>
</comp>

<comp id="82" class="1001" name="const_82">
<pin_list>
<pin id="83" dir="1" index="0" bw="1" slack="0"/>
</pin_list>
<bind>
<StgValue><ssdm name=""/></StgValue>
</bind>
</comp>

<comp id="84" class="1001" name="const_84">
<pin_list>
<pin id="85" dir="1" index="0" bw="1" slack="0"/>
</pin_list>
<bind>
<StgValue><ssdm name=""/></StgValue>
</bind>
</comp>

<comp id="86" class="1001" name="const_86">
<pin_list>
<pin id="87" dir="1" index="0" bw="1" slack="0"/>
</pin_list>
<bind>
<StgValue><ssdm name=""/></StgValue>
</bind>
</comp>

<comp id="88" class="1001" name="const_88">
<pin_list>
<pin id="89" dir="1" index="0" bw="1" slack="0"/>
</pin_list>
<bind>
<StgValue><ssdm name=""/></StgValue>
</bind>
</comp>

<comp id="90" class="1001" name="const_90">
<pin_list>
<pin id="91" dir="1" index="0" bw="1" slack="0"/>
</pin_list>
<bind>
<StgValue><ssdm name=""/></StgValue>
</bind>
</comp>

<comp id="92" class="1001" name="const_92">
<pin_list>
<pin id="93" dir="1" index="0" bw="1" slack="0"/>
</pin_list>
<bind>
<StgValue><ssdm name=""/></StgValue>
</bind>
</comp>

<comp id="94" class="1001" name="const_94">
<pin_list>
<pin id="95" dir="1" index="0" bw="1" slack="0"/>
</pin_list>
<bind>
<StgValue><ssdm name=""/></StgValue>
</bind>
</comp>

<comp id="96" class="1001" name="const_96">
<pin_list>
<pin id="97" dir="1" index="0" bw="1" slack="2147483647"/>
</pin_list>
<bind>
<StgValue><ssdm name="p_str2"/></StgValue>
</bind>
</comp>

<comp id="98" class="1001" name="const_98">
<pin_list>
<pin id="99" dir="1" index="0" bw="1" slack="2147483647"/>
</pin_list>
<bind>
<StgValue><ssdm name=""/></StgValue>
</bind>
</comp>

<comp id="100" class="1001" name="const_100">
<pin_list>
<pin id="101" dir="1" index="0" bw="1" slack="2147483647"/>
</pin_list>
<bind>
<StgValue><ssdm name=""/></StgValue>
</bind>
</comp>

<comp id="102" class="1004" name="in_height_read_2_read_fu_102">
<pin_list>
<pin id="103" dir="0" index="0" bw="16" slack="0"/>
<pin id="104" dir="0" index="1" bw="16" slack="0"/>
<pin id="105" dir="1" index="2" bw="16" slack="1"/>
</pin_list>
<bind>
<opcode="read(1150) " fcode="read"/>
<opset="in_height_read_2/1 "/>
</bind>
</comp>

<comp id="108" class="1004" name="in_width_read_2_read_fu_108">
<pin_list>
<pin id="109" dir="0" index="0" bw="16" slack="0"/>
<pin id="110" dir="0" index="1" bw="16" slack="0"/>
<pin id="111" dir="1" index="2" bw="16" slack="1"/>
</pin_list>
<bind>
<opcode="read(1150) " fcode="read"/>
<opset="in_width_read_2/1 "/>
</bind>
</comp>

<comp id="114" class="1004" name="in_channels_ch1_addr_gep_fu_114">
<pin_list>
<pin id="115" dir="0" index="0" bw="8" slack="0"/>
<pin id="116" dir="0" index="1" bw="1" slack="0"/>
<pin id="117" dir="0" index="2" bw="23" slack="0"/>
<pin id="118" dir="1" index="3" bw="22" slack="0"/>
</pin_list>
<bind>
<opcode="getelementptr(29) " fcode="getelementptr"/>
<opset="in_channels_ch1_addr/3 "/>
</bind>
</comp>

<comp id="121" class="1004" name="in_channels_ch2_addr_gep_fu_121">
<pin_list>
<pin id="122" dir="0" index="0" bw="8" slack="0"/>
<pin id="123" dir="0" index="1" bw="1" slack="0"/>
<pin id="124" dir="0" index="2" bw="23" slack="0"/>
<pin id="125" dir="1" index="3" bw="22" slack="0"/>
</pin_list>
<bind>
<opcode="getelementptr(29) " fcode="getelementptr"/>
<opset="in_channels_ch2_addr/3 "/>
</bind>
</comp>

<comp id="128" class="1004" name="grp_access_fu_128">
<pin_list>
<pin id="129" dir="0" index="0" bw="22" slack="0"/>
<pin id="130" dir="0" index="1" bw="8" slack="2147483647"/>
<pin id="131" dir="1" index="2" bw="8" slack="1"/>
</pin_list>
<bind>
<opcode="load(27) " fcode="load"/>
<opset="R/3 "/>
</bind>
</comp>

<comp id="133" class="1004" name="grp_access_fu_133">
<pin_list>
<pin id="134" dir="0" index="0" bw="22" slack="0"/>
<pin id="135" dir="0" index="1" bw="8" slack="2147483647"/>
<pin id="136" dir="1" index="2" bw="8" slack="1"/>
</pin_list>
<bind>
<opcode="load(27) " fcode="load"/>
<opset="G/3 "/>
</bind>
</comp>

<comp id="138" class="1004" name="in_channels_ch3_addr_gep_fu_138">
<pin_list>
<pin id="139" dir="0" index="0" bw="8" slack="0"/>
<pin id="140" dir="0" index="1" bw="1" slack="0"/>
<pin id="141" dir="0" index="2" bw="23" slack="2"/>
<pin id="142" dir="1" index="3" bw="22" slack="0"/>
</pin_list>
<bind>
<opcode="getelementptr(29) " fcode="getelementptr"/>
<opset="in_channels_ch3_addr/5 "/>
</bind>
</comp>

<comp id="145" class="1004" name="grp_access_fu_145">
<pin_list>
<pin id="146" dir="0" index="0" bw="22" slack="0"/>
<pin id="147" dir="0" index="1" bw="8" slack="2147483647"/>
<pin id="148" dir="1" index="2" bw="8" slack="1"/>
</pin_list>
<bind>
<opcode="load(27) " fcode="load"/>
<opset="B/5 "/>
</bind>
</comp>

<comp id="150" class="1004" name="out_channels_ch1_add_gep_fu_150">
<pin_list>
<pin id="151" dir="0" index="0" bw="8" slack="0"/>
<pin id="152" dir="0" index="1" bw="1" slack="0"/>
<pin id="153" dir="0" index="2" bw="23" slack="7"/>
<pin id="154" dir="1" index="3" bw="22" slack="0"/>
</pin_list>
<bind>
<opcode="getelementptr(29) " fcode="getelementptr"/>
<opset="out_channels_ch1_add/10 "/>
</bind>
</comp>

<comp id="157" class="1004" name="grp_access_fu_157">
<pin_list>
<pin id="158" dir="0" index="0" bw="22" slack="0"/>
<pin id="159" dir="0" index="1" bw="8" slack="0"/>
<pin id="160" dir="1" index="2" bw="8" slack="2147483647"/>
</pin_list>
<bind>
<opcode="store(28) " fcode="store"/>
<opset="StgValue_108/10 "/>
</bind>
</comp>

<comp id="162" class="1004" name="out_channels_ch2_add_gep_fu_162">
<pin_list>
<pin id="163" dir="0" index="0" bw="8" slack="0"/>
<pin id="164" dir="0" index="1" bw="1" slack="0"/>
<pin id="165" dir="0" index="2" bw="23" slack="8"/>
<pin id="166" dir="1" index="3" bw="22" slack="0"/>
</pin_list>
<bind>
<opcode="getelementptr(29) " fcode="getelementptr"/>
<opset="out_channels_ch2_add/11 "/>
</bind>
</comp>

<comp id="169" class="1004" name="out_channels_ch3_add_gep_fu_169">
<pin_list>
<pin id="170" dir="0" index="0" bw="8" slack="0"/>
<pin id="171" dir="0" index="1" bw="1" slack="0"/>
<pin id="172" dir="0" index="2" bw="23" slack="8"/>
<pin id="173" dir="1" index="3" bw="22" slack="0"/>
</pin_list>
<bind>
<opcode="getelementptr(29) " fcode="getelementptr"/>
<opset="out_channels_ch3_add/11 "/>
</bind>
</comp>

<comp id="176" class="1004" name="grp_access_fu_176">
<pin_list>
<pin id="177" dir="0" index="0" bw="22" slack="0"/>
<pin id="178" dir="0" index="1" bw="8" slack="0"/>
<pin id="179" dir="1" index="2" bw="8" slack="2147483647"/>
</pin_list>
<bind>
<opcode="store(28) " fcode="store"/>
<opset="StgValue_114/11 "/>
</bind>
</comp>

<comp id="181" class="1004" name="grp_access_fu_181">
<pin_list>
<pin id="182" dir="0" index="0" bw="22" slack="0"/>
<pin id="183" dir="0" index="1" bw="8" slack="0"/>
<pin id="184" dir="1" index="2" bw="8" slack="2147483647"/>
</pin_list>
<bind>
<opcode="store(28) " fcode="store"/>
<opset="StgValue_115/11 "/>
</bind>
</comp>

<comp id="186" class="1005" name="x_reg_186">
<pin_list>
<pin id="187" dir="0" index="0" bw="16" slack="1"/>
<pin id="188" dir="1" index="1" bw="16" slack="1"/>
</pin_list>
<bind>
<opset="x (phireg) "/>
</bind>
</comp>

<comp id="190" class="1004" name="x_phi_fu_190">
<pin_list>
<pin id="191" dir="0" index="0" bw="1" slack="1"/>
<pin id="192" dir="0" index="1" bw="0" slack="2147483647"/>
<pin id="193" dir="0" index="2" bw="16" slack="0"/>
<pin id="194" dir="0" index="3" bw="0" slack="2147483647"/>
<pin id="195" dir="1" index="4" bw="16" slack="0"/>
</pin_list>
<bind>
<opcode="phi(47) " fcode="phi"/>
<opset="x/2 "/>
</bind>
</comp>

<comp id="197" class="1005" name="y_reg_197">
<pin_list>
<pin id="198" dir="0" index="0" bw="16" slack="1"/>
<pin id="199" dir="1" index="1" bw="16" slack="1"/>
</pin_list>
<bind>
<opset="y (phireg) "/>
</bind>
</comp>

<comp id="201" class="1004" name="y_phi_fu_201">
<pin_list>
<pin id="202" dir="0" index="0" bw="1" slack="1"/>
<pin id="203" dir="0" index="1" bw="0" slack="2147483647"/>
<pin id="204" dir="0" index="2" bw="16" slack="0"/>
<pin id="205" dir="0" index="3" bw="0" slack="2147483647"/>
<pin id="206" dir="1" index="4" bw="16" slack="0"/>
</pin_list>
<bind>
<opcode="phi(47) " fcode="phi"/>
<opset="y/3 "/>
</bind>
</comp>

<comp id="208" class="1004" name="exitcond1_fu_208">
<pin_list>
<pin id="209" dir="0" index="0" bw="16" slack="0"/>
<pin id="210" dir="0" index="1" bw="16" slack="1"/>
<pin id="211" dir="1" index="2" bw="1" slack="2147483647"/>
</pin_list>
<bind>
<opcode="icmp(45) " fcode="icmp"/>
<opset="exitcond1/2 "/>
</bind>
</comp>

<comp id="213" class="1004" name="x_2_fu_213">
<pin_list>
<pin id="214" dir="0" index="0" bw="16" slack="0"/>
<pin id="215" dir="0" index="1" bw="1" slack="0"/>
<pin id="216" dir="1" index="2" bw="16" slack="0"/>
</pin_list>
<bind>
<opcode="add(8) " fcode="add"/>
<opset="x_2/2 "/>
</bind>
</comp>

<comp id="219" class="1004" name="tmp_fu_219">
<pin_list>
<pin id="220" dir="0" index="0" bw="16" slack="0"/>
<pin id="221" dir="1" index="1" bw="13" slack="0"/>
</pin_list>
<bind>
<opcode="trunc(33) " fcode="trunc"/>
<opset="tmp/2 "/>
</bind>
</comp>

<comp id="223" class="1004" name="p_shl_cast_fu_223">
<pin_list>
<pin id="224" dir="0" index="0" bw="23" slack="0"/>
<pin id="225" dir="0" index="1" bw="13" slack="0"/>
<pin id="226" dir="0" index="2" bw="1" slack="0"/>
<pin id="227" dir="1" index="3" bw="23" slack="0"/>
</pin_list>
<bind>
<opcode="bitconcatenate(1004) " fcode="bitconcatenate"/>
<opset="p_shl_cast/2 "/>
</bind>
</comp>

<comp id="231" class="1004" name="tmp_21_fu_231">
<pin_list>
<pin id="232" dir="0" index="0" bw="16" slack="0"/>
<pin id="233" dir="1" index="1" bw="15" slack="0"/>
</pin_list>
<bind>
<opcode="trunc(33) " fcode="trunc"/>
<opset="tmp_21/2 "/>
</bind>
</comp>

<comp id="235" class="1004" name="p_shl7_cast_fu_235">
<pin_list>
<pin id="236" dir="0" index="0" bw="23" slack="0"/>
<pin id="237" dir="0" index="1" bw="15" slack="0"/>
<pin id="238" dir="0" index="2" bw="1" slack="0"/>
<pin id="239" dir="1" index="3" bw="23" slack="0"/>
</pin_list>
<bind>
<opcode="bitconcatenate(1004) " fcode="bitconcatenate"/>
<opset="p_shl7_cast/2 "/>
</bind>
</comp>

<comp id="243" class="1004" name="tmp_22_fu_243">
<pin_list>
<pin id="244" dir="0" index="0" bw="23" slack="0"/>
<pin id="245" dir="0" index="1" bw="23" slack="0"/>
<pin id="246" dir="1" index="2" bw="23" slack="1"/>
</pin_list>
<bind>
<opcode="add(8) " fcode="add"/>
<opset="tmp_22/2 "/>
</bind>
</comp>

<comp id="249" class="1004" name="mrv_fu_249">
<pin_list>
<pin id="250" dir="0" index="0" bw="32" slack="0"/>
<pin id="251" dir="0" index="1" bw="16" slack="1"/>
<pin id="252" dir="1" index="2" bw="32" slack="0"/>
</pin_list>
<bind>
<opcode="insertvalue(57) " fcode="insertvalue"/>
<opset="mrv/2 "/>
</bind>
</comp>

<comp id="254" class="1004" name="mrv_1_fu_254">
<pin_list>
<pin id="255" dir="0" index="0" bw="32" slack="0"/>
<pin id="256" dir="0" index="1" bw="16" slack="1"/>
<pin id="257" dir="1" index="2" bw="32" slack="2147483647"/>
</pin_list>
<bind>
<opcode="insertvalue(57) " fcode="insertvalue"/>
<opset="mrv_1/2 "/>
</bind>
</comp>

<comp id="259" class="1004" name="exitcond_fu_259">
<pin_list>
<pin id="260" dir="0" index="0" bw="16" slack="0"/>
<pin id="261" dir="0" index="1" bw="16" slack="2"/>
<pin id="262" dir="1" index="2" bw="1" slack="2147483647"/>
</pin_list>
<bind>
<opcode="icmp(45) " fcode="icmp"/>
<opset="exitcond/3 "/>
</bind>
</comp>

<comp id="264" class="1004" name="y_2_fu_264">
<pin_list>
<pin id="265" dir="0" index="0" bw="16" slack="0"/>
<pin id="266" dir="0" index="1" bw="1" slack="0"/>
<pin id="267" dir="1" index="2" bw="16" slack="0"/>
</pin_list>
<bind>
<opcode="add(8) " fcode="add"/>
<opset="y_2/3 "/>
</bind>
</comp>

<comp id="270" class="1004" name="tmp_cast_fu_270">
<pin_list>
<pin id="271" dir="0" index="0" bw="16" slack="0"/>
<pin id="272" dir="1" index="1" bw="23" slack="0"/>
</pin_list>
<bind>
<opcode="zext(34) " fcode="zext"/>
<opset="tmp_cast/3 "/>
</bind>
</comp>

<comp id="274" class="1004" name="tmp_24_fu_274">
<pin_list>
<pin id="275" dir="0" index="0" bw="16" slack="0"/>
<pin id="276" dir="0" index="1" bw="23" slack="1"/>
<pin id="277" dir="1" index="2" bw="23" slack="0"/>
</pin_list>
<bind>
<opcode="add(8) " fcode="add"/>
<opset="tmp_24/3 "/>
</bind>
</comp>

<comp id="279" class="1004" name="tmp_24_cast_fu_279">
<pin_list>
<pin id="280" dir="0" index="0" bw="23" slack="0"/>
<pin id="281" dir="1" index="1" bw="64" slack="0"/>
</pin_list>
<bind>
<opcode="zext(34) " fcode="zext"/>
<opset="tmp_24_cast/3 "/>
</bind>
</comp>

<comp id="285" class="1004" name="tmp_33_cast1_fu_285">
<pin_list>
<pin id="286" dir="0" index="0" bw="8" slack="1"/>
<pin id="287" dir="1" index="1" bw="16" slack="0"/>
</pin_list>
<bind>
<opcode="zext(34) " fcode="zext"/>
<opset="tmp_33_cast1/7 "/>
</bind>
</comp>

<comp id="288" class="1004" name="tmp_35_cast1_fu_288">
<pin_list>
<pin id="289" dir="0" index="0" bw="8" slack="1"/>
<pin id="290" dir="1" index="1" bw="16" slack="0"/>
</pin_list>
<bind>
<opcode="zext(34) " fcode="zext"/>
<opset="tmp_35_cast1/7 "/>
</bind>
</comp>

<comp id="291" class="1004" name="grp_fu_291">
<pin_list>
<pin id="292" dir="0" index="0" bw="8" slack="0"/>
<pin id="293" dir="0" index="1" bw="8" slack="0"/>
<pin id="294" dir="1" index="2" bw="16" slack="1"/>
</pin_list>
<bind>
<opcode="mul(12) " fcode="mul"/>
<opset="tmp_29/7 "/>
</bind>
</comp>

<comp id="297" class="1004" name="grp_fu_297">
<pin_list>
<pin id="298" dir="0" index="0" bw="8" slack="0"/>
<pin id="299" dir="0" index="1" bw="8" slack="0"/>
<pin id="300" dir="1" index="2" bw="16" slack="1"/>
</pin_list>
<bind>
<opcode="mul(12) " fcode="mul"/>
<opset="tmp_33/7 "/>
</bind>
</comp>

<comp id="303" class="1004" name="tmp_35_cast2_fu_303">
<pin_list>
<pin id="304" dir="0" index="0" bw="8" slack="2"/>
<pin id="305" dir="1" index="1" bw="9" slack="0"/>
</pin_list>
<bind>
<opcode="zext(34) " fcode="zext"/>
<opset="tmp_35_cast2/8 "/>
</bind>
</comp>

<comp id="306" class="1004" name="tmp4_fu_306">
<pin_list>
<pin id="307" dir="0" index="0" bw="8" slack="0"/>
<pin id="308" dir="0" index="1" bw="9" slack="0"/>
<pin id="309" dir="1" index="2" bw="9" slack="1"/>
</pin_list>
<bind>
<opcode="add(8) " fcode="add"/>
<opset="tmp4/8 "/>
</bind>
</comp>

<comp id="312" class="1004" name="p_shl5_fu_312">
<pin_list>
<pin id="313" dir="0" index="0" bw="14" slack="0"/>
<pin id="314" dir="0" index="1" bw="8" slack="3"/>
<pin id="315" dir="0" index="2" bw="1" slack="0"/>
<pin id="316" dir="1" index="3" bw="14" slack="0"/>
</pin_list>
<bind>
<opcode="bitconcatenate(1004) " fcode="bitconcatenate"/>
<opset="p_shl5/9 "/>
</bind>
</comp>

<comp id="319" class="1004" name="p_shl5_cast_fu_319">
<pin_list>
<pin id="320" dir="0" index="0" bw="14" slack="0"/>
<pin id="321" dir="1" index="1" bw="15" slack="0"/>
</pin_list>
<bind>
<opcode="zext(34) " fcode="zext"/>
<opset="p_shl5_cast/9 "/>
</bind>
</comp>

<comp id="323" class="1004" name="p_shl6_fu_323">
<pin_list>
<pin id="324" dir="0" index="0" bw="9" slack="0"/>
<pin id="325" dir="0" index="1" bw="8" slack="3"/>
<pin id="326" dir="0" index="2" bw="1" slack="0"/>
<pin id="327" dir="1" index="3" bw="9" slack="0"/>
</pin_list>
<bind>
<opcode="bitconcatenate(1004) " fcode="bitconcatenate"/>
<opset="p_shl6/9 "/>
</bind>
</comp>

<comp id="330" class="1004" name="p_shl6_cast_fu_330">
<pin_list>
<pin id="331" dir="0" index="0" bw="9" slack="0"/>
<pin id="332" dir="1" index="1" bw="15" slack="0"/>
</pin_list>
<bind>
<opcode="zext(34) " fcode="zext"/>
<opset="p_shl6_cast/9 "/>
</bind>
</comp>

<comp id="334" class="1004" name="p_shl4_fu_334">
<pin_list>
<pin id="335" dir="0" index="0" bw="15" slack="0"/>
<pin id="336" dir="0" index="1" bw="8" slack="3"/>
<pin id="337" dir="0" index="2" bw="1" slack="0"/>
<pin id="338" dir="1" index="3" bw="15" slack="0"/>
</pin_list>
<bind>
<opcode="bitconcatenate(1004) " fcode="bitconcatenate"/>
<opset="p_shl4/9 "/>
</bind>
</comp>

<comp id="341" class="1004" name="p_shl4_cast_fu_341">
<pin_list>
<pin id="342" dir="0" index="0" bw="15" slack="0"/>
<pin id="343" dir="1" index="1" bw="16" slack="0"/>
</pin_list>
<bind>
<opcode="zext(34) " fcode="zext"/>
<opset="p_shl4_cast/9 "/>
</bind>
</comp>

<comp id="345" class="1004" name="tmp_37_cast1_fu_345">
<pin_list>
<pin id="346" dir="0" index="0" bw="8" slack="1"/>
<pin id="347" dir="1" index="1" bw="13" slack="0"/>
</pin_list>
<bind>
<opcode="zext(34) " fcode="zext"/>
<opset="tmp_37_cast1/9 "/>
</bind>
</comp>

<comp id="348" class="1004" name="tmp2_fu_348">
<pin_list>
<pin id="349" dir="0" index="0" bw="9" slack="0"/>
<pin id="350" dir="0" index="1" bw="14" slack="0"/>
<pin id="351" dir="1" index="2" bw="15" slack="0"/>
</pin_list>
<bind>
<opcode="add(8) " fcode="add"/>
<opset="tmp2/9 "/>
</bind>
</comp>

<comp id="354" class="1004" name="tmp2_cast_fu_354">
<pin_list>
<pin id="355" dir="0" index="0" bw="15" slack="0"/>
<pin id="356" dir="1" index="1" bw="16" slack="0"/>
</pin_list>
<bind>
<opcode="zext(34) " fcode="zext"/>
<opset="tmp2_cast/9 "/>
</bind>
</comp>

<comp id="358" class="1004" name="tmp1_fu_358">
<pin_list>
<pin id="359" dir="0" index="0" bw="15" slack="0"/>
<pin id="360" dir="0" index="1" bw="15" slack="0"/>
<pin id="361" dir="1" index="2" bw="16" slack="0"/>
</pin_list>
<bind>
<opcode="add(8) " fcode="add"/>
<opset="tmp1/9 "/>
</bind>
</comp>

<comp id="364" class="1004" name="tmp4_cast_fu_364">
<pin_list>
<pin id="365" dir="0" index="0" bw="9" slack="1"/>
<pin id="366" dir="1" index="1" bw="13" slack="0"/>
</pin_list>
<bind>
<opcode="zext(34) " fcode="zext"/>
<opset="tmp4_cast/9 "/>
</bind>
</comp>

<comp id="367" class="1004" name="tmp3_cast_fu_367">
<pin_list>
<pin id="368" dir="0" index="0" bw="13" slack="0"/>
<pin id="369" dir="1" index="1" bw="16" slack="0"/>
</pin_list>
<bind>
<opcode="zext(34) " fcode="zext"/>
<opset="tmp3_cast/9 "/>
</bind>
</comp>

<comp id="370" class="1004" name="tmp_26_fu_370">
<pin_list>
<pin id="371" dir="0" index="0" bw="13" slack="0"/>
<pin id="372" dir="0" index="1" bw="16" slack="0"/>
<pin id="373" dir="1" index="2" bw="16" slack="0"/>
</pin_list>
<bind>
<opcode="add(8) " fcode="add"/>
<opset="tmp_26/9 "/>
</bind>
</comp>

<comp id="376" class="1004" name="tmp_27_fu_376">
<pin_list>
<pin id="377" dir="0" index="0" bw="8" slack="0"/>
<pin id="378" dir="0" index="1" bw="16" slack="0"/>
<pin id="379" dir="0" index="2" bw="5" slack="0"/>
<pin id="380" dir="0" index="3" bw="5" slack="0"/>
<pin id="381" dir="1" index="4" bw="8" slack="1"/>
</pin_list>
<bind>
<opcode="partselect(1002) " fcode="partselect"/>
<opset="tmp_27/9 "/>
</bind>
</comp>

<comp id="386" class="1004" name="p_shl2_fu_386">
<pin_list>
<pin id="387" dir="0" index="0" bw="15" slack="0"/>
<pin id="388" dir="0" index="1" bw="8" slack="1"/>
<pin id="389" dir="0" index="2" bw="1" slack="0"/>
<pin id="390" dir="1" index="3" bw="15" slack="0"/>
</pin_list>
<bind>
<opcode="bitconcatenate(1004) " fcode="bitconcatenate"/>
<opset="p_shl2/9 "/>
</bind>
</comp>

<comp id="393" class="1004" name="p_shl2_cast_fu_393">
<pin_list>
<pin id="394" dir="0" index="0" bw="15" slack="0"/>
<pin id="395" dir="1" index="1" bw="16" slack="0"/>
</pin_list>
<bind>
<opcode="zext(34) " fcode="zext"/>
<opset="p_shl2_cast/9 "/>
</bind>
</comp>

<comp id="397" class="1004" name="p_shl3_fu_397">
<pin_list>
<pin id="398" dir="0" index="0" bw="12" slack="0"/>
<pin id="399" dir="0" index="1" bw="8" slack="1"/>
<pin id="400" dir="0" index="2" bw="1" slack="0"/>
<pin id="401" dir="1" index="3" bw="12" slack="0"/>
</pin_list>
<bind>
<opcode="bitconcatenate(1004) " fcode="bitconcatenate"/>
<opset="p_shl3/9 "/>
</bind>
</comp>

<comp id="404" class="1004" name="p_shl3_cast9_fu_404">
<pin_list>
<pin id="405" dir="0" index="0" bw="12" slack="0"/>
<pin id="406" dir="1" index="1" bw="13" slack="0"/>
</pin_list>
<bind>
<opcode="zext(34) " fcode="zext"/>
<opset="p_shl3_cast9/9 "/>
</bind>
</comp>

<comp id="408" class="1004" name="p_shl3_cast_fu_408">
<pin_list>
<pin id="409" dir="0" index="0" bw="12" slack="0"/>
<pin id="410" dir="1" index="1" bw="16" slack="0"/>
</pin_list>
<bind>
<opcode="zext(34) " fcode="zext"/>
<opset="p_shl3_cast/9 "/>
</bind>
</comp>

<comp id="412" class="1004" name="tmp_30_fu_412">
<pin_list>
<pin id="413" dir="0" index="0" bw="15" slack="0"/>
<pin id="414" dir="0" index="1" bw="12" slack="0"/>
<pin id="415" dir="1" index="2" bw="16" slack="1"/>
</pin_list>
<bind>
<opcode="sub(10) " fcode="sub"/>
<opset="tmp_30/9 "/>
</bind>
</comp>

<comp id="418" class="1004" name="p_neg_fu_418">
<pin_list>
<pin id="419" dir="0" index="0" bw="1" slack="0"/>
<pin id="420" dir="0" index="1" bw="12" slack="0"/>
<pin id="421" dir="1" index="2" bw="13" slack="0"/>
</pin_list>
<bind>
<opcode="sub(10) " fcode="sub"/>
<opset="p_neg/9 "/>
</bind>
</comp>

<comp id="424" class="1004" name="p_neg_cast_fu_424">
<pin_list>
<pin id="425" dir="0" index="0" bw="13" slack="0"/>
<pin id="426" dir="1" index="1" bw="14" slack="0"/>
</pin_list>
<bind>
<opcode="sext(35) " fcode="sext"/>
<opset="p_neg_cast/9 "/>
</bind>
</comp>

<comp id="428" class="1004" name="p_shl1_fu_428">
<pin_list>
<pin id="429" dir="0" index="0" bw="9" slack="0"/>
<pin id="430" dir="0" index="1" bw="8" slack="1"/>
<pin id="431" dir="0" index="2" bw="1" slack="0"/>
<pin id="432" dir="1" index="3" bw="9" slack="0"/>
</pin_list>
<bind>
<opcode="bitconcatenate(1004) " fcode="bitconcatenate"/>
<opset="p_shl1/9 "/>
</bind>
</comp>

<comp id="435" class="1004" name="p_shl1_cast_fu_435">
<pin_list>
<pin id="436" dir="0" index="0" bw="9" slack="0"/>
<pin id="437" dir="1" index="1" bw="14" slack="0"/>
</pin_list>
<bind>
<opcode="zext(34) " fcode="zext"/>
<opset="p_shl1_cast/9 "/>
</bind>
</comp>

<comp id="439" class="1004" name="tmp_35_fu_439">
<pin_list>
<pin id="440" dir="0" index="0" bw="13" slack="0"/>
<pin id="441" dir="0" index="1" bw="9" slack="0"/>
<pin id="442" dir="1" index="2" bw="14" slack="0"/>
</pin_list>
<bind>
<opcode="sub(10) " fcode="sub"/>
<opset="tmp_35/9 "/>
</bind>
</comp>

<comp id="445" class="1004" name="tmp8_fu_445">
<pin_list>
<pin id="446" dir="0" index="0" bw="14" slack="0"/>
<pin id="447" dir="0" index="1" bw="9" slack="0"/>
<pin id="448" dir="1" index="2" bw="14" slack="1"/>
</pin_list>
<bind>
<opcode="add(8) " fcode="add"/>
<opset="tmp8/9 "/>
</bind>
</comp>

<comp id="451" class="1004" name="tmp_33_cast2_fu_451">
<pin_list>
<pin id="452" dir="0" index="0" bw="8" slack="4"/>
<pin id="453" dir="1" index="1" bw="15" slack="0"/>
</pin_list>
<bind>
<opcode="zext(34) " fcode="zext"/>
<opset="tmp_33_cast2/10 "/>
</bind>
</comp>

<comp id="454" class="1004" name="Y_fu_454">
<pin_list>
<pin id="455" dir="0" index="0" bw="8" slack="1"/>
<pin id="456" dir="0" index="1" bw="6" slack="0"/>
<pin id="457" dir="1" index="2" bw="8" slack="0"/>
</pin_list>
<bind>
<opcode="add(8) " fcode="add"/>
<opset="Y/10 "/>
</bind>
</comp>

<comp id="460" class="1004" name="tmp6_fu_460">
<pin_list>
<pin id="461" dir="0" index="0" bw="16" slack="1"/>
<pin id="462" dir="0" index="1" bw="9" slack="0"/>
<pin id="463" dir="1" index="2" bw="16" slack="0"/>
</pin_list>
<bind>
<opcode="add(8) " fcode="add"/>
<opset="tmp6/10 "/>
</bind>
</comp>

<comp id="465" class="1004" name="tmp_31_fu_465">
<pin_list>
<pin id="466" dir="0" index="0" bw="16" slack="0"/>
<pin id="467" dir="0" index="1" bw="16" slack="0"/>
<pin id="468" dir="1" index="2" bw="16" slack="0"/>
</pin_list>
<bind>
<opcode="add(8) " fcode="add"/>
<opset="tmp_31/10 "/>
</bind>
</comp>

<comp id="470" class="1004" name="tmp_32_fu_470">
<pin_list>
<pin id="471" dir="0" index="0" bw="8" slack="0"/>
<pin id="472" dir="0" index="1" bw="16" slack="0"/>
<pin id="473" dir="0" index="2" bw="5" slack="0"/>
<pin id="474" dir="0" index="3" bw="5" slack="0"/>
<pin id="475" dir="1" index="4" bw="8" slack="1"/>
</pin_list>
<bind>
<opcode="partselect(1002) " fcode="partselect"/>
<opset="tmp_32/10 "/>
</bind>
</comp>

<comp id="480" class="1004" name="tmp8_cast_fu_480">
<pin_list>
<pin id="481" dir="0" index="0" bw="14" slack="1"/>
<pin id="482" dir="1" index="1" bw="16" slack="0"/>
</pin_list>
<bind>
<opcode="sext(35) " fcode="sext"/>
<opset="tmp8_cast/10 "/>
</bind>
</comp>

<comp id="483" class="1004" name="tmp_36_fu_483">
<pin_list>
<pin id="484" dir="0" index="0" bw="14" slack="0"/>
<pin id="485" dir="0" index="1" bw="16" slack="0"/>
<pin id="486" dir="1" index="2" bw="16" slack="0"/>
</pin_list>
<bind>
<opcode="add(8) " fcode="add"/>
<opset="tmp_36/10 "/>
</bind>
</comp>

<comp id="488" class="1004" name="tmp_37_fu_488">
<pin_list>
<pin id="489" dir="0" index="0" bw="8" slack="0"/>
<pin id="490" dir="0" index="1" bw="16" slack="0"/>
<pin id="491" dir="0" index="2" bw="5" slack="0"/>
<pin id="492" dir="0" index="3" bw="5" slack="0"/>
<pin id="493" dir="1" index="4" bw="8" slack="1"/>
</pin_list>
<bind>
<opcode="partselect(1002) " fcode="partselect"/>
<opset="tmp_37/10 "/>
</bind>
</comp>

<comp id="498" class="1004" name="U_fu_498">
<pin_list>
<pin id="499" dir="0" index="0" bw="8" slack="1"/>
<pin id="500" dir="0" index="1" bw="8" slack="0"/>
<pin id="501" dir="1" index="2" bw="8" slack="0"/>
</pin_list>
<bind>
<opcode="xor(25) " fcode="xor"/>
<opset="U/11 "/>
</bind>
</comp>

<comp id="504" class="1004" name="V_fu_504">
<pin_list>
<pin id="505" dir="0" index="0" bw="8" slack="1"/>
<pin id="506" dir="0" index="1" bw="8" slack="0"/>
<pin id="507" dir="1" index="2" bw="8" slack="0"/>
</pin_list>
<bind>
<opcode="xor(25) " fcode="xor"/>
<opset="V/11 "/>
</bind>
</comp>

<comp id="510" class="1007" name="grp_fu_510">
<pin_list>
<pin id="511" dir="0" index="0" bw="8" slack="0"/>
<pin id="512" dir="0" index="1" bw="13" slack="0"/>
<pin id="513" dir="0" index="2" bw="9" slack="0"/>
<pin id="514" dir="1" index="3" bw="13" slack="0"/>
</pin_list>
<bind>
<opcode="muladd(1172) " fcode="muladd"/>
<opset="tmp_25/9 tmp3/9 "/>
</bind>
</comp>

<comp id="519" class="1007" name="grp_fu_519">
<pin_list>
<pin id="520" dir="0" index="0" bw="8" slack="0"/>
<pin id="521" dir="0" index="1" bw="15" slack="0"/>
<pin id="522" dir="0" index="2" bw="16" slack="2147483647"/>
<pin id="523" dir="1" index="3" bw="16" slack="0"/>
</pin_list>
<bind>
<opcode="muladd(1172) " fcode="muladd"/>
<opset="tmp_28/10 tmp_44_cast/10 tmp5/10 "/>
</bind>
</comp>

<comp id="527" class="1007" name="grp_fu_527">
<pin_list>
<pin id="528" dir="0" index="0" bw="8" slack="1"/>
<pin id="529" dir="0" index="1" bw="16" slack="0"/>
<pin id="530" dir="0" index="2" bw="16" slack="2147483647"/>
<pin id="531" dir="1" index="3" bw="16" slack="0"/>
</pin_list>
<bind>
<opcode="muladd(1172) " fcode="muladd"/>
<opset="tmp_34/10 tmp7/10 "/>
</bind>
</comp>

<comp id="534" class="1005" name="in_height_read_2_reg_534">
<pin_list>
<pin id="535" dir="0" index="0" bw="16" slack="1"/>
<pin id="536" dir="1" index="1" bw="16" slack="1"/>
</pin_list>
<bind>
<opset="in_height_read_2 "/>
</bind>
</comp>

<comp id="540" class="1005" name="in_width_read_2_reg_540">
<pin_list>
<pin id="541" dir="0" index="0" bw="16" slack="1"/>
<pin id="542" dir="1" index="1" bw="16" slack="1"/>
</pin_list>
<bind>
<opset="in_width_read_2 "/>
</bind>
</comp>

<comp id="549" class="1005" name="x_2_reg_549">
<pin_list>
<pin id="550" dir="0" index="0" bw="16" slack="0"/>
<pin id="551" dir="1" index="1" bw="16" slack="0"/>
</pin_list>
<bind>
<opset="x_2 "/>
</bind>
</comp>

<comp id="554" class="1005" name="tmp_22_reg_554">
<pin_list>
<pin id="555" dir="0" index="0" bw="23" slack="1"/>
<pin id="556" dir="1" index="1" bw="23" slack="1"/>
</pin_list>
<bind>
<opset="tmp_22 "/>
</bind>
</comp>

<comp id="562" class="1005" name="y_2_reg_562">
<pin_list>
<pin id="563" dir="0" index="0" bw="16" slack="0"/>
<pin id="564" dir="1" index="1" bw="16" slack="0"/>
</pin_list>
<bind>
<opset="y_2 "/>
</bind>
</comp>

<comp id="567" class="1005" name="tmp_24_cast_reg_567">
<pin_list>
<pin id="568" dir="0" index="0" bw="64" slack="2"/>
<pin id="569" dir="1" index="1" bw="64" slack="2"/>
</pin_list>
<bind>
<opset="tmp_24_cast "/>
</bind>
</comp>

<comp id="575" class="1005" name="in_channels_ch1_addr_reg_575">
<pin_list>
<pin id="576" dir="0" index="0" bw="22" slack="1"/>
<pin id="577" dir="1" index="1" bw="22" slack="1"/>
</pin_list>
<bind>
<opset="in_channels_ch1_addr "/>
</bind>
</comp>

<comp id="580" class="1005" name="in_channels_ch2_addr_reg_580">
<pin_list>
<pin id="581" dir="0" index="0" bw="22" slack="1"/>
<pin id="582" dir="1" index="1" bw="22" slack="1"/>
</pin_list>
<bind>
<opset="in_channels_ch2_addr "/>
</bind>
</comp>

<comp id="585" class="1005" name="in_channels_ch3_addr_reg_585">
<pin_list>
<pin id="586" dir="0" index="0" bw="22" slack="1"/>
<pin id="587" dir="1" index="1" bw="22" slack="1"/>
</pin_list>
<bind>
<opset="in_channels_ch3_addr "/>
</bind>
</comp>

<comp id="590" class="1005" name="R_reg_590">
<pin_list>
<pin id="591" dir="0" index="0" bw="8" slack="1"/>
<pin id="592" dir="1" index="1" bw="8" slack="1"/>
</pin_list>
<bind>
<opset="R "/>
</bind>
</comp>

<comp id="598" class="1005" name="G_reg_598">
<pin_list>
<pin id="599" dir="0" index="0" bw="8" slack="1"/>
<pin id="600" dir="1" index="1" bw="8" slack="1"/>
</pin_list>
<bind>
<opset="G "/>
</bind>
</comp>

<comp id="605" class="1005" name="tmp_33_cast1_reg_605">
<pin_list>
<pin id="606" dir="0" index="0" bw="16" slack="1"/>
<pin id="607" dir="1" index="1" bw="16" slack="1"/>
</pin_list>
<bind>
<opset="tmp_33_cast1 "/>
</bind>
</comp>

<comp id="610" class="1005" name="tmp_35_cast1_reg_610">
<pin_list>
<pin id="611" dir="0" index="0" bw="16" slack="1"/>
<pin id="612" dir="1" index="1" bw="16" slack="1"/>
</pin_list>
<bind>
<opset="tmp_35_cast1 "/>
</bind>
</comp>

<comp id="616" class="1005" name="B_reg_616">
<pin_list>
<pin id="617" dir="0" index="0" bw="8" slack="1"/>
<pin id="618" dir="1" index="1" bw="8" slack="1"/>
</pin_list>
<bind>
<opset="B "/>
</bind>
</comp>

<comp id="624" class="1005" name="tmp4_reg_624">
<pin_list>
<pin id="625" dir="0" index="0" bw="9" slack="1"/>
<pin id="626" dir="1" index="1" bw="9" slack="1"/>
</pin_list>
<bind>
<opset="tmp4 "/>
</bind>
</comp>

<comp id="629" class="1005" name="tmp_27_reg_629">
<pin_list>
<pin id="630" dir="0" index="0" bw="8" slack="1"/>
<pin id="631" dir="1" index="1" bw="8" slack="1"/>
</pin_list>
<bind>
<opset="tmp_27 "/>
</bind>
</comp>

<comp id="634" class="1005" name="tmp_29_reg_634">
<pin_list>
<pin id="635" dir="0" index="0" bw="16" slack="1"/>
<pin id="636" dir="1" index="1" bw="16" slack="1"/>
</pin_list>
<bind>
<opset="tmp_29 "/>
</bind>
</comp>

<comp id="639" class="1005" name="tmp_30_reg_639">
<pin_list>
<pin id="640" dir="0" index="0" bw="16" slack="1"/>
<pin id="641" dir="1" index="1" bw="16" slack="1"/>
</pin_list>
<bind>
<opset="tmp_30 "/>
</bind>
</comp>

<comp id="644" class="1005" name="tmp_33_reg_644">
<pin_list>
<pin id="645" dir="0" index="0" bw="16" slack="1"/>
<pin id="646" dir="1" index="1" bw="16" slack="1"/>
</pin_list>
<bind>
<opset="tmp_33 "/>
</bind>
</comp>

<comp id="649" class="1005" name="tmp8_reg_649">
<pin_list>
<pin id="650" dir="0" index="0" bw="14" slack="1"/>
<pin id="651" dir="1" index="1" bw="14" slack="1"/>
</pin_list>
<bind>
<opset="tmp8 "/>
</bind>
</comp>

<comp id="654" class="1005" name="out_channels_ch1_add_reg_654">
<pin_list>
<pin id="655" dir="0" index="0" bw="22" slack="1"/>
<pin id="656" dir="1" index="1" bw="22" slack="1"/>
</pin_list>
<bind>
<opset="out_channels_ch1_add "/>
</bind>
</comp>

<comp id="659" class="1005" name="Y_reg_659">
<pin_list>
<pin id="660" dir="0" index="0" bw="8" slack="1"/>
<pin id="661" dir="1" index="1" bw="8" slack="1"/>
</pin_list>
<bind>
<opset="Y "/>
</bind>
</comp>

<comp id="664" class="1005" name="tmp_32_reg_664">
<pin_list>
<pin id="665" dir="0" index="0" bw="8" slack="1"/>
<pin id="666" dir="1" index="1" bw="8" slack="1"/>
</pin_list>
<bind>
<opset="tmp_32 "/>
</bind>
</comp>

<comp id="669" class="1005" name="tmp_37_reg_669">
<pin_list>
<pin id="670" dir="0" index="0" bw="8" slack="1"/>
<pin id="671" dir="1" index="1" bw="8" slack="1"/>
</pin_list>
<bind>
<opset="tmp_37 "/>
</bind>
</comp>

<comp id="674" class="1005" name="out_channels_ch2_add_reg_674">
<pin_list>
<pin id="675" dir="0" index="0" bw="22" slack="1"/>
<pin id="676" dir="1" index="1" bw="22" slack="1"/>
</pin_list>
<bind>
<opset="out_channels_ch2_add "/>
</bind>
</comp>

<comp id="679" class="1005" name="out_channels_ch3_add_reg_679">
<pin_list>
<pin id="680" dir="0" index="0" bw="22" slack="1"/>
<pin id="681" dir="1" index="1" bw="22" slack="1"/>
</pin_list>
<bind>
<opset="out_channels_ch3_add "/>
</bind>
</comp>

<comp id="684" class="1005" name="U_reg_684">
<pin_list>
<pin id="685" dir="0" index="0" bw="8" slack="1"/>
<pin id="686" dir="1" index="1" bw="8" slack="1"/>
</pin_list>
<bind>
<opset="U "/>
</bind>
</comp>

<comp id="689" class="1005" name="V_reg_689">
<pin_list>
<pin id="690" dir="0" index="0" bw="8" slack="1"/>
<pin id="691" dir="1" index="1" bw="8" slack="1"/>
</pin_list>
<bind>
<opset="V "/>
</bind>
</comp>

</comp_list>

<net_list>
<net id="106"><net_src comp="16" pin="0"/><net_sink comp="102" pin=0"/></net>

<net id="107"><net_src comp="8" pin="0"/><net_sink comp="102" pin=1"/></net>

<net id="112"><net_src comp="16" pin="0"/><net_sink comp="108" pin=0"/></net>

<net id="113"><net_src comp="6" pin="0"/><net_sink comp="108" pin=1"/></net>

<net id="119"><net_src comp="0" pin="0"/><net_sink comp="114" pin=0"/></net>

<net id="120"><net_src comp="48" pin="0"/><net_sink comp="114" pin=1"/></net>

<net id="126"><net_src comp="2" pin="0"/><net_sink comp="121" pin=0"/></net>

<net id="127"><net_src comp="48" pin="0"/><net_sink comp="121" pin=1"/></net>

<net id="132"><net_src comp="114" pin="3"/><net_sink comp="128" pin=0"/></net>

<net id="137"><net_src comp="121" pin="3"/><net_sink comp="133" pin=0"/></net>

<net id="143"><net_src comp="4" pin="0"/><net_sink comp="138" pin=0"/></net>

<net id="144"><net_src comp="48" pin="0"/><net_sink comp="138" pin=1"/></net>

<net id="149"><net_src comp="138" pin="3"/><net_sink comp="145" pin=0"/></net>

<net id="155"><net_src comp="10" pin="0"/><net_sink comp="150" pin=0"/></net>

<net id="156"><net_src comp="48" pin="0"/><net_sink comp="150" pin=1"/></net>

<net id="161"><net_src comp="150" pin="3"/><net_sink comp="157" pin=0"/></net>

<net id="167"><net_src comp="12" pin="0"/><net_sink comp="162" pin=0"/></net>

<net id="168"><net_src comp="48" pin="0"/><net_sink comp="162" pin=1"/></net>

<net id="174"><net_src comp="14" pin="0"/><net_sink comp="169" pin=0"/></net>

<net id="175"><net_src comp="48" pin="0"/><net_sink comp="169" pin=1"/></net>

<net id="180"><net_src comp="162" pin="3"/><net_sink comp="176" pin=0"/></net>

<net id="185"><net_src comp="169" pin="3"/><net_sink comp="181" pin=0"/></net>

<net id="189"><net_src comp="18" pin="0"/><net_sink comp="186" pin=0"/></net>

<net id="196"><net_src comp="186" pin="1"/><net_sink comp="190" pin=0"/></net>

<net id="200"><net_src comp="18" pin="0"/><net_sink comp="197" pin=0"/></net>

<net id="207"><net_src comp="197" pin="1"/><net_sink comp="201" pin=0"/></net>

<net id="212"><net_src comp="190" pin="4"/><net_sink comp="208" pin=0"/></net>

<net id="217"><net_src comp="190" pin="4"/><net_sink comp="213" pin=0"/></net>

<net id="218"><net_src comp="20" pin="0"/><net_sink comp="213" pin=1"/></net>

<net id="222"><net_src comp="190" pin="4"/><net_sink comp="219" pin=0"/></net>

<net id="228"><net_src comp="38" pin="0"/><net_sink comp="223" pin=0"/></net>

<net id="229"><net_src comp="219" pin="1"/><net_sink comp="223" pin=1"/></net>

<net id="230"><net_src comp="40" pin="0"/><net_sink comp="223" pin=2"/></net>

<net id="234"><net_src comp="190" pin="4"/><net_sink comp="231" pin=0"/></net>

<net id="240"><net_src comp="42" pin="0"/><net_sink comp="235" pin=0"/></net>

<net id="241"><net_src comp="231" pin="1"/><net_sink comp="235" pin=1"/></net>

<net id="242"><net_src comp="44" pin="0"/><net_sink comp="235" pin=2"/></net>

<net id="247"><net_src comp="223" pin="3"/><net_sink comp="243" pin=0"/></net>

<net id="248"><net_src comp="235" pin="3"/><net_sink comp="243" pin=1"/></net>

<net id="253"><net_src comp="46" pin="0"/><net_sink comp="249" pin=0"/></net>

<net id="258"><net_src comp="249" pin="2"/><net_sink comp="254" pin=0"/></net>

<net id="263"><net_src comp="201" pin="4"/><net_sink comp="259" pin=0"/></net>

<net id="268"><net_src comp="201" pin="4"/><net_sink comp="264" pin=0"/></net>

<net id="269"><net_src comp="20" pin="0"/><net_sink comp="264" pin=1"/></net>

<net id="273"><net_src comp="201" pin="4"/><net_sink comp="270" pin=0"/></net>

<net id="278"><net_src comp="270" pin="1"/><net_sink comp="274" pin=0"/></net>

<net id="282"><net_src comp="274" pin="2"/><net_sink comp="279" pin=0"/></net>

<net id="283"><net_src comp="279" pin="1"/><net_sink comp="114" pin=2"/></net>

<net id="284"><net_src comp="279" pin="1"/><net_sink comp="121" pin=2"/></net>

<net id="295"><net_src comp="288" pin="1"/><net_sink comp="291" pin=0"/></net>

<net id="296"><net_src comp="52" pin="0"/><net_sink comp="291" pin=1"/></net>

<net id="301"><net_src comp="285" pin="1"/><net_sink comp="297" pin=0"/></net>

<net id="302"><net_src comp="54" pin="0"/><net_sink comp="297" pin=1"/></net>

<net id="310"><net_src comp="303" pin="1"/><net_sink comp="306" pin=0"/></net>

<net id="311"><net_src comp="56" pin="0"/><net_sink comp="306" pin=1"/></net>

<net id="317"><net_src comp="58" pin="0"/><net_sink comp="312" pin=0"/></net>

<net id="318"><net_src comp="60" pin="0"/><net_sink comp="312" pin=2"/></net>

<net id="322"><net_src comp="312" pin="3"/><net_sink comp="319" pin=0"/></net>

<net id="328"><net_src comp="62" pin="0"/><net_sink comp="323" pin=0"/></net>

<net id="329"><net_src comp="64" pin="0"/><net_sink comp="323" pin=2"/></net>

<net id="333"><net_src comp="323" pin="3"/><net_sink comp="330" pin=0"/></net>

<net id="339"><net_src comp="66" pin="0"/><net_sink comp="334" pin=0"/></net>

<net id="340"><net_src comp="68" pin="0"/><net_sink comp="334" pin=2"/></net>

<net id="344"><net_src comp="334" pin="3"/><net_sink comp="341" pin=0"/></net>

<net id="352"><net_src comp="330" pin="1"/><net_sink comp="348" pin=0"/></net>

<net id="353"><net_src comp="319" pin="1"/><net_sink comp="348" pin=1"/></net>

<net id="357"><net_src comp="348" pin="2"/><net_sink comp="354" pin=0"/></net>

<net id="362"><net_src comp="354" pin="1"/><net_sink comp="358" pin=0"/></net>

<net id="363"><net_src comp="341" pin="1"/><net_sink comp="358" pin=1"/></net>

<net id="374"><net_src comp="367" pin="1"/><net_sink comp="370" pin=0"/></net>

<net id="375"><net_src comp="358" pin="2"/><net_sink comp="370" pin=1"/></net>

<net id="382"><net_src comp="72" pin="0"/><net_sink comp="376" pin=0"/></net>

<net id="383"><net_src comp="370" pin="2"/><net_sink comp="376" pin=1"/></net>

<net id="384"><net_src comp="74" pin="0"/><net_sink comp="376" pin=2"/></net>

<net id="385"><net_src comp="76" pin="0"/><net_sink comp="376" pin=3"/></net>

<net id="391"><net_src comp="66" pin="0"/><net_sink comp="386" pin=0"/></net>

<net id="392"><net_src comp="68" pin="0"/><net_sink comp="386" pin=2"/></net>

<net id="396"><net_src comp="386" pin="3"/><net_sink comp="393" pin=0"/></net>

<net id="402"><net_src comp="78" pin="0"/><net_sink comp="397" pin=0"/></net>

<net id="403"><net_src comp="80" pin="0"/><net_sink comp="397" pin=2"/></net>

<net id="407"><net_src comp="397" pin="3"/><net_sink comp="404" pin=0"/></net>

<net id="411"><net_src comp="397" pin="3"/><net_sink comp="408" pin=0"/></net>

<net id="416"><net_src comp="393" pin="1"/><net_sink comp="412" pin=0"/></net>

<net id="417"><net_src comp="408" pin="1"/><net_sink comp="412" pin=1"/></net>

<net id="422"><net_src comp="82" pin="0"/><net_sink comp="418" pin=0"/></net>

<net id="423"><net_src comp="404" pin="1"/><net_sink comp="418" pin=1"/></net>

<net id="427"><net_src comp="418" pin="2"/><net_sink comp="424" pin=0"/></net>

<net id="433"><net_src comp="62" pin="0"/><net_sink comp="428" pin=0"/></net>

<net id="434"><net_src comp="64" pin="0"/><net_sink comp="428" pin=2"/></net>

<net id="438"><net_src comp="428" pin="3"/><net_sink comp="435" pin=0"/></net>

<net id="443"><net_src comp="424" pin="1"/><net_sink comp="439" pin=0"/></net>

<net id="444"><net_src comp="435" pin="1"/><net_sink comp="439" pin=1"/></net>

<net id="449"><net_src comp="439" pin="2"/><net_sink comp="445" pin=0"/></net>

<net id="450"><net_src comp="84" pin="0"/><net_sink comp="445" pin=1"/></net>

<net id="458"><net_src comp="86" pin="0"/><net_sink comp="454" pin=1"/></net>

<net id="459"><net_src comp="454" pin="2"/><net_sink comp="157" pin=1"/></net>

<net id="464"><net_src comp="90" pin="0"/><net_sink comp="460" pin=1"/></net>

<net id="469"><net_src comp="460" pin="2"/><net_sink comp="465" pin=0"/></net>

<net id="476"><net_src comp="72" pin="0"/><net_sink comp="470" pin=0"/></net>

<net id="477"><net_src comp="465" pin="2"/><net_sink comp="470" pin=1"/></net>

<net id="478"><net_src comp="74" pin="0"/><net_sink comp="470" pin=2"/></net>

<net id="479"><net_src comp="76" pin="0"/><net_sink comp="470" pin=3"/></net>

<net id="487"><net_src comp="480" pin="1"/><net_sink comp="483" pin=0"/></net>

<net id="494"><net_src comp="72" pin="0"/><net_sink comp="488" pin=0"/></net>

<net id="495"><net_src comp="483" pin="2"/><net_sink comp="488" pin=1"/></net>

<net id="496"><net_src comp="74" pin="0"/><net_sink comp="488" pin=2"/></net>

<net id="497"><net_src comp="76" pin="0"/><net_sink comp="488" pin=3"/></net>

<net id="502"><net_src comp="94" pin="0"/><net_sink comp="498" pin=1"/></net>

<net id="503"><net_src comp="498" pin="2"/><net_sink comp="176" pin=1"/></net>

<net id="508"><net_src comp="94" pin="0"/><net_sink comp="504" pin=1"/></net>

<net id="509"><net_src comp="504" pin="2"/><net_sink comp="181" pin=1"/></net>

<net id="515"><net_src comp="345" pin="1"/><net_sink comp="510" pin=0"/></net>

<net id="516"><net_src comp="70" pin="0"/><net_sink comp="510" pin=1"/></net>

<net id="517"><net_src comp="364" pin="1"/><net_sink comp="510" pin=2"/></net>

<net id="518"><net_src comp="510" pin="3"/><net_sink comp="367" pin=0"/></net>

<net id="524"><net_src comp="451" pin="1"/><net_sink comp="519" pin=0"/></net>

<net id="525"><net_src comp="88" pin="0"/><net_sink comp="519" pin=1"/></net>

<net id="526"><net_src comp="519" pin="3"/><net_sink comp="465" pin=1"/></net>

<net id="532"><net_src comp="92" pin="0"/><net_sink comp="527" pin=1"/></net>

<net id="533"><net_src comp="527" pin="3"/><net_sink comp="483" pin=1"/></net>

<net id="537"><net_src comp="102" pin="2"/><net_sink comp="534" pin=0"/></net>

<net id="538"><net_src comp="534" pin="1"/><net_sink comp="254" pin=1"/></net>

<net id="539"><net_src comp="534" pin="1"/><net_sink comp="259" pin=1"/></net>

<net id="543"><net_src comp="108" pin="2"/><net_sink comp="540" pin=0"/></net>

<net id="544"><net_src comp="540" pin="1"/><net_sink comp="208" pin=1"/></net>

<net id="545"><net_src comp="540" pin="1"/><net_sink comp="249" pin=1"/></net>

<net id="552"><net_src comp="213" pin="2"/><net_sink comp="549" pin=0"/></net>

<net id="553"><net_src comp="549" pin="1"/><net_sink comp="190" pin=2"/></net>

<net id="557"><net_src comp="243" pin="2"/><net_sink comp="554" pin=0"/></net>

<net id="558"><net_src comp="554" pin="1"/><net_sink comp="274" pin=1"/></net>

<net id="565"><net_src comp="264" pin="2"/><net_sink comp="562" pin=0"/></net>

<net id="566"><net_src comp="562" pin="1"/><net_sink comp="201" pin=2"/></net>

<net id="570"><net_src comp="279" pin="1"/><net_sink comp="567" pin=0"/></net>

<net id="571"><net_src comp="567" pin="1"/><net_sink comp="138" pin=2"/></net>

<net id="572"><net_src comp="567" pin="1"/><net_sink comp="150" pin=2"/></net>

<net id="573"><net_src comp="567" pin="1"/><net_sink comp="162" pin=2"/></net>

<net id="574"><net_src comp="567" pin="1"/><net_sink comp="169" pin=2"/></net>

<net id="578"><net_src comp="114" pin="3"/><net_sink comp="575" pin=0"/></net>

<net id="579"><net_src comp="575" pin="1"/><net_sink comp="128" pin=0"/></net>

<net id="583"><net_src comp="121" pin="3"/><net_sink comp="580" pin=0"/></net>

<net id="584"><net_src comp="580" pin="1"/><net_sink comp="133" pin=0"/></net>

<net id="588"><net_src comp="138" pin="3"/><net_sink comp="585" pin=0"/></net>

<net id="589"><net_src comp="585" pin="1"/><net_sink comp="145" pin=0"/></net>

<net id="593"><net_src comp="128" pin="2"/><net_sink comp="590" pin=0"/></net>

<net id="594"><net_src comp="590" pin="1"/><net_sink comp="285" pin=0"/></net>

<net id="595"><net_src comp="590" pin="1"/><net_sink comp="312" pin=1"/></net>

<net id="596"><net_src comp="590" pin="1"/><net_sink comp="323" pin=1"/></net>

<net id="597"><net_src comp="590" pin="1"/><net_sink comp="451" pin=0"/></net>

<net id="601"><net_src comp="133" pin="2"/><net_sink comp="598" pin=0"/></net>

<net id="602"><net_src comp="598" pin="1"/><net_sink comp="288" pin=0"/></net>

<net id="603"><net_src comp="598" pin="1"/><net_sink comp="303" pin=0"/></net>

<net id="604"><net_src comp="598" pin="1"/><net_sink comp="334" pin=1"/></net>

<net id="608"><net_src comp="285" pin="1"/><net_sink comp="605" pin=0"/></net>

<net id="609"><net_src comp="605" pin="1"/><net_sink comp="297" pin=0"/></net>

<net id="613"><net_src comp="288" pin="1"/><net_sink comp="610" pin=0"/></net>

<net id="614"><net_src comp="610" pin="1"/><net_sink comp="291" pin=0"/></net>

<net id="615"><net_src comp="610" pin="1"/><net_sink comp="527" pin=0"/></net>

<net id="619"><net_src comp="145" pin="2"/><net_sink comp="616" pin=0"/></net>

<net id="620"><net_src comp="616" pin="1"/><net_sink comp="345" pin=0"/></net>

<net id="621"><net_src comp="616" pin="1"/><net_sink comp="386" pin=1"/></net>

<net id="622"><net_src comp="616" pin="1"/><net_sink comp="397" pin=1"/></net>

<net id="623"><net_src comp="616" pin="1"/><net_sink comp="428" pin=1"/></net>

<net id="627"><net_src comp="306" pin="2"/><net_sink comp="624" pin=0"/></net>

<net id="628"><net_src comp="624" pin="1"/><net_sink comp="364" pin=0"/></net>

<net id="632"><net_src comp="376" pin="4"/><net_sink comp="629" pin=0"/></net>

<net id="633"><net_src comp="629" pin="1"/><net_sink comp="454" pin=0"/></net>

<net id="637"><net_src comp="291" pin="2"/><net_sink comp="634" pin=0"/></net>

<net id="638"><net_src comp="634" pin="1"/><net_sink comp="519" pin=1"/></net>

<net id="642"><net_src comp="412" pin="2"/><net_sink comp="639" pin=0"/></net>

<net id="643"><net_src comp="639" pin="1"/><net_sink comp="460" pin=0"/></net>

<net id="647"><net_src comp="297" pin="2"/><net_sink comp="644" pin=0"/></net>

<net id="648"><net_src comp="644" pin="1"/><net_sink comp="527" pin=0"/></net>

<net id="652"><net_src comp="445" pin="2"/><net_sink comp="649" pin=0"/></net>

<net id="653"><net_src comp="649" pin="1"/><net_sink comp="480" pin=0"/></net>

<net id="657"><net_src comp="150" pin="3"/><net_sink comp="654" pin=0"/></net>

<net id="658"><net_src comp="654" pin="1"/><net_sink comp="157" pin=0"/></net>

<net id="662"><net_src comp="454" pin="2"/><net_sink comp="659" pin=0"/></net>

<net id="663"><net_src comp="659" pin="1"/><net_sink comp="157" pin=1"/></net>

<net id="667"><net_src comp="470" pin="4"/><net_sink comp="664" pin=0"/></net>

<net id="668"><net_src comp="664" pin="1"/><net_sink comp="498" pin=0"/></net>

<net id="672"><net_src comp="488" pin="4"/><net_sink comp="669" pin=0"/></net>

<net id="673"><net_src comp="669" pin="1"/><net_sink comp="504" pin=0"/></net>

<net id="677"><net_src comp="162" pin="3"/><net_sink comp="674" pin=0"/></net>

<net id="678"><net_src comp="674" pin="1"/><net_sink comp="176" pin=0"/></net>

<net id="682"><net_src comp="169" pin="3"/><net_sink comp="679" pin=0"/></net>

<net id="683"><net_src comp="679" pin="1"/><net_sink comp="181" pin=0"/></net>

<net id="687"><net_src comp="498" pin="2"/><net_sink comp="684" pin=0"/></net>

<net id="688"><net_src comp="684" pin="1"/><net_sink comp="176" pin=1"/></net>

<net id="692"><net_src comp="504" pin="2"/><net_sink comp="689" pin=0"/></net>

<net id="693"><net_src comp="689" pin="1"/><net_sink comp="181" pin=1"/></net>

</net_list>

</model> 
---------------- Datapath Model END ------------------

* FSMD analyzer results:
  - Output states:
	Port: out_channels_ch1 | {10 11 }
	Port: out_channels_ch2 | {11 12 }
	Port: out_channels_ch3 | {11 12 }
 - Input state : 
	Port: rgb2yuv : in_channels_ch1 | {3 4 5 6 }
	Port: rgb2yuv : in_channels_ch2 | {3 4 5 6 }
	Port: rgb2yuv : in_channels_ch3 | {5 6 7 8 }
	Port: rgb2yuv : in_width_read | {1 }
	Port: rgb2yuv : in_height_read | {1 }
  - Chain level:
	State 1
	State 2
		exitcond1 : 1
		x_2 : 1
		StgValue_19 : 2
		tmp : 1
		p_shl_cast : 2
		tmp_21 : 1
		p_shl7_cast : 2
		tmp_22 : 3
		mrv_1 : 1
		StgValue_31 : 2
	State 3
		exitcond : 1
		y_2 : 1
		StgValue_35 : 2
		tmp_cast : 1
		tmp_24 : 2
		tmp_24_cast : 3
		in_channels_ch1_addr : 4
		in_channels_ch2_addr : 4
		R : 5
		G : 5
	State 4
	State 5
		B : 1
	State 6
	State 7
		tmp_29 : 1
		tmp_33 : 1
	State 8
		tmp4 : 1
	State 9
		p_shl5_cast : 1
		p_shl6_cast : 1
		p_shl4_cast : 1
		tmp_25 : 1
		tmp2 : 2
		tmp2_cast : 3
		tmp1 : 4
		tmp3 : 2
		tmp3_cast : 3
		tmp_26 : 5
		tmp_27 : 6
		p_shl2_cast : 1
		p_shl3_cast9 : 1
		p_shl3_cast : 1
		tmp_30 : 2
		p_neg : 2
		p_neg_cast : 3
		p_shl1_cast : 1
		tmp_35 : 4
		tmp8 : 5
	State 10
		tmp_28 : 1
		tmp_44_cast : 2
		tmp5 : 3
		tmp_31 : 4
		tmp_32 : 5
		tmp7 : 1
		tmp_36 : 2
		tmp_37 : 3
		StgValue_108 : 1
	State 11
	State 12
		empty : 1


============================================================
+ Verbose Summary: Datapath Resource usage 
============================================================

* Functional unit list:
|----------|------------------------------|---------|---------|---------|
| Operation|        Functional Unit       |  DSP48E |    FF   |   LUT   |
|----------|------------------------------|---------|---------|---------|
|    mul   |          grp_fu_291          |    0    |    68   |    72   |
|          |          grp_fu_297          |    0    |    68   |    72   |
|----------|------------------------------|---------|---------|---------|
|          |          x_2_fu_213          |    0    |    0    |    23   |
|          |         tmp_22_fu_243        |    0    |    0    |    30   |
|          |          y_2_fu_264          |    0    |    0    |    23   |
|          |         tmp_24_fu_274        |    0    |    0    |    30   |
|          |          tmp4_fu_306         |    0    |    0    |    16   |
|          |          tmp2_fu_348         |    0    |    0    |    21   |
|    add   |          tmp1_fu_358         |    0    |    0    |    14   |
|          |         tmp_26_fu_370        |    0    |    0    |    14   |
|          |          tmp8_fu_445         |    0    |    0    |    14   |
|          |           Y_fu_454           |    0    |    0    |    15   |
|          |          tmp6_fu_460         |    0    |    0    |    14   |
|          |         tmp_31_fu_465        |    0    |    0    |    14   |
|          |         tmp_36_fu_483        |    0    |    0    |    23   |
|----------|------------------------------|---------|---------|---------|
|          |         tmp_30_fu_412        |    0    |    0    |    22   |
|    sub   |         p_neg_fu_418         |    0    |    0    |    19   |
|          |         tmp_35_fu_439        |    0    |    0    |    14   |
|----------|------------------------------|---------|---------|---------|
|   icmp   |       exitcond1_fu_208       |    0    |    0    |    8    |
|          |        exitcond_fu_259       |    0    |    0    |    8    |
|----------|------------------------------|---------|---------|---------|
|    xor   |           U_fu_498           |    0    |    0    |    8    |
|          |           V_fu_504           |    0    |    0    |    8    |
|----------|------------------------------|---------|---------|---------|
|          |          grp_fu_510          |    1    |    0    |    0    |
|  muladd  |          grp_fu_519          |    1    |    0    |    0    |
|          |          grp_fu_527          |    1    |    0    |    0    |
|----------|------------------------------|---------|---------|---------|
|   read   | in_height_read_2_read_fu_102 |    0    |    0    |    0    |
|          |  in_width_read_2_read_fu_108 |    0    |    0    |    0    |
|----------|------------------------------|---------|---------|---------|
|   trunc  |          tmp_fu_219          |    0    |    0    |    0    |
|          |         tmp_21_fu_231        |    0    |    0    |    0    |
|----------|------------------------------|---------|---------|---------|
|          |       p_shl_cast_fu_223      |    0    |    0    |    0    |
|          |      p_shl7_cast_fu_235      |    0    |    0    |    0    |
|          |         p_shl5_fu_312        |    0    |    0    |    0    |
|bitconcatenate|         p_shl6_fu_323        |    0    |    0    |    0    |
|          |         p_shl4_fu_334        |    0    |    0    |    0    |
|          |         p_shl2_fu_386        |    0    |    0    |    0    |
|          |         p_shl3_fu_397        |    0    |    0    |    0    |
|          |         p_shl1_fu_428        |    0    |    0    |    0    |
|----------|------------------------------|---------|---------|---------|
|insertvalue|          mrv_fu_249          |    0    |    0    |    0    |
|          |         mrv_1_fu_254         |    0    |    0    |    0    |
|----------|------------------------------|---------|---------|---------|
|          |        tmp_cast_fu_270       |    0    |    0    |    0    |
|          |      tmp_24_cast_fu_279      |    0    |    0    |    0    |
|          |      tmp_33_cast1_fu_285     |    0    |    0    |    0    |
|          |      tmp_35_cast1_fu_288     |    0    |    0    |    0    |
|          |      tmp_35_cast2_fu_303     |    0    |    0    |    0    |
|          |      p_shl5_cast_fu_319      |    0    |    0    |    0    |
|          |      p_shl6_cast_fu_330      |    0    |    0    |    0    |
|          |      p_shl4_cast_fu_341      |    0    |    0    |    0    |
|   zext   |      tmp_37_cast1_fu_345     |    0    |    0    |    0    |
|          |       tmp2_cast_fu_354       |    0    |    0    |    0    |
|          |       tmp4_cast_fu_364       |    0    |    0    |    0    |
|          |       tmp3_cast_fu_367       |    0    |    0    |    0    |
|          |      p_shl2_cast_fu_393      |    0    |    0    |    0    |
|          |      p_shl3_cast9_fu_404     |    0    |    0    |    0    |
|          |      p_shl3_cast_fu_408      |    0    |    0    |    0    |
|          |      p_shl1_cast_fu_435      |    0    |    0    |    0    |
|          |      tmp_33_cast2_fu_451     |    0    |    0    |    0    |
|----------|------------------------------|---------|---------|---------|
|          |         tmp_27_fu_376        |    0    |    0    |    0    |
|partselect|         tmp_32_fu_470        |    0    |    0    |    0    |
|          |         tmp_37_fu_488        |    0    |    0    |    0    |
|----------|------------------------------|---------|---------|---------|
|   sext   |       p_neg_cast_fu_424      |    0    |    0    |    0    |
|          |       tmp8_cast_fu_480       |    0    |    0    |    0    |
|----------|------------------------------|---------|---------|---------|
|   Total  |                              |    3    |   136   |   482   |
|----------|------------------------------|---------|---------|---------|

Memories:
N/A

* Register list:
+----------------------------+--------+
|                            |   FF   |
+----------------------------+--------+
|          B_reg_616         |    8   |
|          G_reg_598         |    8   |
|          R_reg_590         |    8   |
|          U_reg_684         |    8   |
|          V_reg_689         |    8   |
|          Y_reg_659         |    8   |
|in_channels_ch1_addr_reg_575|   22   |
|in_channels_ch2_addr_reg_580|   22   |
|in_channels_ch3_addr_reg_585|   22   |
|  in_height_read_2_reg_534  |   16   |
|   in_width_read_2_reg_540  |   16   |
|out_channels_ch1_add_reg_654|   22   |
|out_channels_ch2_add_reg_674|   22   |
|out_channels_ch3_add_reg_679|   22   |
|        tmp4_reg_624        |    9   |
|        tmp8_reg_649        |   14   |
|       tmp_22_reg_554       |   23   |
|     tmp_24_cast_reg_567    |   64   |
|       tmp_27_reg_629       |    8   |
|       tmp_29_reg_634       |   16   |
|       tmp_30_reg_639       |   16   |
|       tmp_32_reg_664       |    8   |
|    tmp_33_cast1_reg_605    |   16   |
|       tmp_33_reg_644       |   16   |
|    tmp_35_cast1_reg_610    |   16   |
|       tmp_37_reg_669       |    8   |
|         x_2_reg_549        |   16   |
|          x_reg_186         |   16   |
|         y_2_reg_562        |   16   |
|          y_reg_197         |   16   |
+----------------------------+--------+
|            Total           |   490  |
+----------------------------+--------+

* Multiplexer (MUX) list: 
|-------------------|------|------|------|--------||---------||---------|
|        Comp       |  Pin | Size |  BW  | S x BW ||  Delay  ||   LUT   |
|-------------------|------|------|------|--------||---------||---------|
| grp_access_fu_128 |  p0  |   2  |  22  |   44   ||    9    |
| grp_access_fu_133 |  p0  |   2  |  22  |   44   ||    9    |
| grp_access_fu_145 |  p0  |   2  |  22  |   44   ||    9    |
| grp_access_fu_157 |  p0  |   2  |  22  |   44   ||    9    |
| grp_access_fu_157 |  p1  |   2  |   8  |   16   ||    9    |
| grp_access_fu_176 |  p0  |   2  |  22  |   44   ||    9    |
| grp_access_fu_176 |  p1  |   2  |   8  |   16   ||    9    |
| grp_access_fu_181 |  p0  |   2  |  22  |   44   ||    9    |
| grp_access_fu_181 |  p1  |   2  |   8  |   16   ||    9    |
|     grp_fu_291    |  p0  |   2  |   8  |   16   ||    9    |
|     grp_fu_297    |  p0  |   2  |   8  |   16   ||    9    |
|     grp_fu_519    |  p1  |   2  |  15  |   30   ||    9    |
|     grp_fu_527    |  p0  |   2  |   8  |   16   ||    9    |
|-------------------|------|------|------|--------||---------||---------|
|       Total       |      |      |      |   390  ||  22.997 ||   117   |
|-------------------|------|------|------|--------||---------||---------|



* Summary:
+-----------+--------+--------+--------+--------+
|           | DSP48E |  Delay |   FF   |   LUT  |
+-----------+--------+--------+--------+--------+
|  Function |    3   |    -   |   136  |   482  |
|   Memory  |    -   |    -   |    -   |    -   |
|Multiplexer|    -   |   22   |    -   |   117  |
|  Register |    -   |    -   |   490  |    -   |
+-----------+--------+--------+--------+--------+
|   Total   |    3   |   22   |   626  |   599  |
+-----------+--------+--------+--------+--------+
