

================================================================
== Vivado HLS Report for 'yuv_filter'
================================================================
* Date:           Thu May 13 17:32:27 2021

* Version:        2017.1 (Build 1846317 on Fri Apr 14 19:19:38 MDT 2017)
* Project:        yuv_filter.prj
* Solution:       solution1
* Product family: zynq
* Target device:  xc7z010clg400-1


================================================================
== Performance Estimates
================================================================
+ Timing (ns): 
    * Summary: 
    +--------+-------+----------+------------+
    |  Clock | Target| Estimated| Uncertainty|
    +--------+-------+----------+------------+
    |ap_clk  |   8.00|      9.40|        1.00|
    +--------+-------+----------+------------+

+ Latency (clock cycles): 
    * Summary: 
    +---------+----------+---------+----------+---------+
    |       Latency      |      Interval      | Pipeline|
    |   min   |    max   |   min   |    max   |   Type  |
    +---------+----------+---------+----------+---------+
    |  1201205|  73739525|  1201206|  73739526|   none  |
    +---------+----------+---------+----------+---------+

    + Detail: 
        * Instance: 
        +--------------------+---------+--------+----------+--------+----------+---------+
        |                    |         |      Latency      |      Interval     | Pipeline|
        |      Instance      |  Module |   min  |    max   |   min  |    max   |   Type  |
        +--------------------+---------+--------+----------+--------+----------+---------+
        |grp_rgb2yuv_fu_244  |rgb2yuv  |  400401|  24579841|  400401|  24579841|   none  |
        |grp_yuv2rgb_fu_264  |yuv2rgb  |  440401|  27037441|  440401|  27037441|   none  |
        +--------------------+---------+--------+----------+--------+----------+---------+

        * Loop: 
        +---------------------+--------+----------+--------------+-----------+-----------+------------+----------+
        |                     |      Latency      |   Iteration  |  Initiation Interval  |    Trip    |          |
        |      Loop Name      |   min  |    max   |    Latency   |  achieved |   target  |    Count   | Pipelined|
        +---------------------+--------+----------+--------------+-----------+-----------+------------+----------+
        |- YUV_SCALE_LOOP_X   |  360400|  22122240| 1802 ~ 11522 |          -|          -| 200 ~ 1920 |    no    |
        | + YUV_SCALE_LOOP_Y  |    1800|     11520|             9|          -|          -| 200 ~ 1280 |    no    |
        +---------------------+--------+----------+--------------+-----------+-----------+------------+----------+

============================================================
+ Verbose Summary: Synthesis Manager
============================================================
InlineROM: 1
ExposeGlobal: 0
============================================================
+ Verbose Summary: CDFG Model
============================================================
IsTopModel: 1
ResetActiveHigh: 1
IsCombinational: 0
IsDatapathOnly: 0
HasWiredReturn: 1
HasMFsm: 0
HasVarLatency: 1
IsPipeline: 0
IsRtlPipelined: 0
IsInstanceOverlapped: 0
IsDontTouch: 0
HasImplIP: 0
IsGatedGlobalClock: 0


============================================================
+ Verbose Summary: Schedule
============================================================
* Number of FSM states: 13
* Pipeline: 0
* Dataflow Pipeline: 0

* FSM state transitions: 
1 --> 
	2  / true
2 --> 
	3  / true
3 --> 
	13  / (exitcond1_i)
	4  / (!exitcond1_i)
4 --> 
	5  / (!exitcond_i)
	3  / (exitcond_i)
5 --> 
	6  / true
6 --> 
	7  / true
7 --> 
	8  / true
8 --> 
	9  / true
9 --> 
	10  / true
10 --> 
	11  / true
11 --> 
	12  / true
12 --> 
	4  / true
13 --> 
* FSM state operations: 

 <State 1>: 3.25ns
ST_1: p_yuv_channels_ch1 (31)  [1/1] 3.25ns  loc: yuv_filter.c:17
:17  %p_yuv_channels_ch1 = alloca [2457600 x i8], align 1

ST_1: p_yuv_channels_ch2 (32)  [1/1] 3.25ns  loc: yuv_filter.c:17
:18  %p_yuv_channels_ch2 = alloca [2457600 x i8], align 1

ST_1: p_yuv_channels_ch3 (33)  [1/1] 3.25ns  loc: yuv_filter.c:17
:19  %p_yuv_channels_ch3 = alloca [2457600 x i8], align 1

ST_1: p_scale_channels_ch1 (34)  [1/1] 3.25ns  loc: yuv_filter.c:18
:20  %p_scale_channels_ch1 = alloca [2457600 x i8], align 1

ST_1: p_scale_channels_ch2 (35)  [1/1] 3.25ns  loc: yuv_filter.c:18
:21  %p_scale_channels_ch2 = alloca [2457600 x i8], align 1

ST_1: p_scale_channels_ch3 (36)  [1/1] 3.25ns  loc: yuv_filter.c:18
:22  %p_scale_channels_ch3 = alloca [2457600 x i8], align 1

ST_1: in_width_read (37)  [1/1] 0.00ns  loc: yuv_filter.c:23
:23  %in_width_read = call i16 @_ssdm_op_Read.ap_auto.i16P(i16* %in_width)

ST_1: in_height_read (38)  [1/1] 0.00ns  loc: yuv_filter.c:23
:24  %in_height_read = call i16 @_ssdm_op_Read.ap_auto.i16P(i16* %in_height)

ST_1: call_ret (39)  [2/2] 0.00ns  loc: yuv_filter.c:23
:25  %call_ret = call fastcc { i16, i16 } @rgb2yuv([2457600 x i8]* %in_channels_ch1, [2457600 x i8]* %in_channels_ch2, [2457600 x i8]* %in_channels_ch3, i16 %in_width_read, i16 %in_height_read, [2457600 x i8]* %p_yuv_channels_ch1, [2457600 x i8]* %p_yuv_channels_ch2, [2457600 x i8]* %p_yuv_channels_ch3)


 <State 2>: 1.77ns
ST_2: StgValue_23 (14)  [1/1] 0.00ns
:0  call void (...)* @_ssdm_op_SpecBitsMap([2457600 x i8]* %in_channels_ch1), !map !13

ST_2: StgValue_24 (15)  [1/1] 0.00ns
:1  call void (...)* @_ssdm_op_SpecBitsMap([2457600 x i8]* %in_channels_ch2), !map !20

ST_2: StgValue_25 (16)  [1/1] 0.00ns
:2  call void (...)* @_ssdm_op_SpecBitsMap([2457600 x i8]* %in_channels_ch3), !map !24

ST_2: StgValue_26 (17)  [1/1] 0.00ns
:3  call void (...)* @_ssdm_op_SpecBitsMap(i16* %in_width), !map !28

ST_2: StgValue_27 (18)  [1/1] 0.00ns
:4  call void (...)* @_ssdm_op_SpecBitsMap(i16* %in_height), !map !34

ST_2: StgValue_28 (19)  [1/1] 0.00ns
:5  call void (...)* @_ssdm_op_SpecBitsMap([2457600 x i8]* %out_channels_ch1), !map !38

ST_2: StgValue_29 (20)  [1/1] 0.00ns
:6  call void (...)* @_ssdm_op_SpecBitsMap([2457600 x i8]* %out_channels_ch2), !map !42

ST_2: StgValue_30 (21)  [1/1] 0.00ns
:7  call void (...)* @_ssdm_op_SpecBitsMap([2457600 x i8]* %out_channels_ch3), !map !46

ST_2: StgValue_31 (22)  [1/1] 0.00ns
:8  call void (...)* @_ssdm_op_SpecBitsMap(i16* %out_width), !map !50

ST_2: StgValue_32 (23)  [1/1] 0.00ns
:9  call void (...)* @_ssdm_op_SpecBitsMap(i16* %out_height), !map !54

ST_2: StgValue_33 (24)  [1/1] 0.00ns
:10  call void (...)* @_ssdm_op_SpecBitsMap(i8 %Y_scale), !map !58

ST_2: StgValue_34 (25)  [1/1] 0.00ns
:11  call void (...)* @_ssdm_op_SpecBitsMap(i8 %U_scale), !map !64

ST_2: StgValue_35 (26)  [1/1] 0.00ns
:12  call void (...)* @_ssdm_op_SpecBitsMap(i8 %V_scale), !map !68

ST_2: StgValue_36 (27)  [1/1] 0.00ns
:13  call void (...)* @_ssdm_op_SpecTopModule([11 x i8]* @yuv_filter_str) nounwind

ST_2: V_scale_read (28)  [1/1] 0.00ns
:14  %V_scale_read = call i8 @_ssdm_op_Read.ap_auto.i8(i8 %V_scale)

ST_2: U_scale_read (29)  [1/1] 0.00ns
:15  %U_scale_read = call i8 @_ssdm_op_Read.ap_auto.i8(i8 %U_scale)

ST_2: Y_scale_read (30)  [1/1] 0.00ns
:16  %Y_scale_read = call i8 @_ssdm_op_Read.ap_auto.i8(i8 %Y_scale)

ST_2: call_ret (39)  [1/2] 0.00ns  loc: yuv_filter.c:23
:25  %call_ret = call fastcc { i16, i16 } @rgb2yuv([2457600 x i8]* %in_channels_ch1, [2457600 x i8]* %in_channels_ch2, [2457600 x i8]* %in_channels_ch3, i16 %in_width_read, i16 %in_height_read, [2457600 x i8]* %p_yuv_channels_ch1, [2457600 x i8]* %p_yuv_channels_ch2, [2457600 x i8]* %p_yuv_channels_ch3)

ST_2: p_yuv_width (40)  [1/1] 0.00ns  loc: yuv_filter.c:23
:26  %p_yuv_width = extractvalue { i16, i16 } %call_ret, 0

ST_2: p_yuv_height (41)  [1/1] 0.00ns  loc: yuv_filter.c:23
:27  %p_yuv_height = extractvalue { i16, i16 } %call_ret, 1

ST_2: tmp_i_cast (42)  [1/1] 0.00ns  loc: yuv_filter.c:138->yuv_filter.c:24
:28  %tmp_i_cast = zext i8 %Y_scale_read to i15

ST_2: tmp_1_i_cast (43)  [1/1] 0.00ns  loc: yuv_filter.c:139->yuv_filter.c:24
:29  %tmp_1_i_cast = zext i8 %U_scale_read to i15

ST_2: tmp_2_i_cast (44)  [1/1] 0.00ns  loc: yuv_filter.c:129->yuv_filter.c:24
:30  %tmp_2_i_cast = zext i8 %V_scale_read to i15

ST_2: StgValue_46 (45)  [1/1] 1.77ns  loc: yuv_filter.c:129->yuv_filter.c:24
:31  br label %1


 <State 3>: 3.17ns
ST_3: x_i (47)  [1/1] 0.00ns
:0  %x_i = phi i16 [ 0, %0 ], [ %x, %5 ]

ST_3: exitcond1_i (48)  [1/1] 3.03ns  loc: yuv_filter.c:129->yuv_filter.c:24
:1  %exitcond1_i = icmp eq i16 %x_i, %p_yuv_width

ST_3: x (49)  [1/1] 2.96ns  loc: yuv_filter.c:129->yuv_filter.c:24
:2  %x = add i16 %x_i, 1

ST_3: StgValue_50 (50)  [1/1] 0.00ns  loc: yuv_filter.c:129->yuv_filter.c:24
:3  br i1 %exitcond1_i, label %yuv_scale.exit, label %2

ST_3: StgValue_51 (52)  [1/1] 0.00ns  loc: yuv_filter.c:129->yuv_filter.c:24
:0  call void (...)* @_ssdm_op_SpecLoopName([17 x i8]* @p_str5) nounwind

ST_3: tmp_13_i (53)  [1/1] 0.00ns  loc: yuv_filter.c:129->yuv_filter.c:24
:1  %tmp_13_i = call i32 (...)* @_ssdm_op_SpecRegionBegin([17 x i8]* @p_str5)

ST_3: StgValue_53 (54)  [1/1] 0.00ns  loc: yuv_filter.c:130->yuv_filter.c:24
:2  call void (...)* @_ssdm_op_SpecLoopTripCount(i32 200, i32 1920, i32 1060, [1 x i8]* @p_str1) nounwind

ST_3: tmp (55)  [1/1] 0.00ns  loc: yuv_filter.c:129->yuv_filter.c:24
:3  %tmp = trunc i16 %x_i to i13

ST_3: p_shl_cast (56)  [1/1] 0.00ns  loc: yuv_filter.c:129->yuv_filter.c:24
:4  %p_shl_cast = call i23 @_ssdm_op_BitConcatenate.i23.i13.i10(i13 %tmp, i10 0)

ST_3: tmp_1 (57)  [1/1] 0.00ns  loc: yuv_filter.c:129->yuv_filter.c:24
:5  %tmp_1 = trunc i16 %x_i to i15

ST_3: p_shl3_cast (58)  [1/1] 0.00ns  loc: yuv_filter.c:142->yuv_filter.c:24
:6  %p_shl3_cast = call i23 @_ssdm_op_BitConcatenate.i23.i15.i8(i15 %tmp_1, i8 0)

ST_3: tmp_2 (59)  [1/1] 3.17ns  loc: yuv_filter.c:142->yuv_filter.c:24
:7  %tmp_2 = add i23 %p_shl_cast, %p_shl3_cast

ST_3: StgValue_59 (60)  [1/1] 1.77ns  loc: yuv_filter.c:132->yuv_filter.c:24
:8  br label %3

ST_3: call_ret1 (100)  [2/2] 0.00ns  loc: yuv_filter.c:25
yuv_scale.exit:0  %call_ret1 = call fastcc { i16, i16 } @yuv2rgb([2457600 x i8]* %p_scale_channels_ch1, [2457600 x i8]* %p_scale_channels_ch2, [2457600 x i8]* %p_scale_channels_ch3, i16 %p_yuv_width, i16 %p_yuv_height, [2457600 x i8]* %out_channels_ch1, [2457600 x i8]* %out_channels_ch2, [2457600 x i8]* %out_channels_ch3)


 <State 4>: 6.42ns
ST_4: y_i (62)  [1/1] 0.00ns
:0  %y_i = phi i16 [ 0, %2 ], [ %y, %4 ]

ST_4: exitcond_i (63)  [1/1] 3.03ns  loc: yuv_filter.c:132->yuv_filter.c:24
:1  %exitcond_i = icmp eq i16 %y_i, %p_yuv_height

ST_4: y (64)  [1/1] 2.96ns  loc: yuv_filter.c:132->yuv_filter.c:24
:2  %y = add i16 %y_i, 1

ST_4: StgValue_64 (65)  [1/1] 0.00ns  loc: yuv_filter.c:132->yuv_filter.c:24
:3  br i1 %exitcond_i, label %5, label %4

ST_4: tmp_5_i_cast (70)  [1/1] 0.00ns  loc: yuv_filter.c:142->yuv_filter.c:24
:3  %tmp_5_i_cast = zext i16 %y_i to i23

ST_4: tmp_3 (71)  [1/1] 3.17ns  loc: yuv_filter.c:142->yuv_filter.c:24
:4  %tmp_3 = add i23 %tmp_2, %tmp_5_i_cast

ST_4: tmp_3_cast (72)  [1/1] 0.00ns  loc: yuv_filter.c:142->yuv_filter.c:24
:5  %tmp_3_cast = zext i23 %tmp_3 to i64

ST_4: yuv_channels_ch2_add (75)  [1/1] 0.00ns  loc: yuv_filter.c:135->yuv_filter.c:24
:8  %yuv_channels_ch2_add = getelementptr [2457600 x i8]* %p_yuv_channels_ch2, i64 0, i64 %tmp_3_cast

ST_4: yuv_channels_ch3_add (76)  [1/1] 0.00ns  loc: yuv_filter.c:136->yuv_filter.c:24
:9  %yuv_channels_ch3_add = getelementptr [2457600 x i8]* %p_yuv_channels_ch3, i64 0, i64 %tmp_3_cast

ST_4: yuv_channels_ch1_add (77)  [1/1] 0.00ns  loc: yuv_filter.c:134->yuv_filter.c:24
:10  %yuv_channels_ch1_add = getelementptr [2457600 x i8]* %p_yuv_channels_ch1, i64 0, i64 %tmp_3_cast

ST_4: Y (79)  [4/4] 3.25ns  loc: yuv_filter.c:134->yuv_filter.c:24
:12  %Y = load i8* %yuv_channels_ch1_add, align 1

ST_4: U (80)  [4/4] 3.25ns  loc: yuv_filter.c:135->yuv_filter.c:24
:13  %U = load i8* %yuv_channels_ch2_add, align 1

ST_4: V (81)  [4/4] 3.25ns  loc: yuv_filter.c:136->yuv_filter.c:24
:14  %V = load i8* %yuv_channels_ch3_add, align 1

ST_4: empty_15 (97)  [1/1] 0.00ns  loc: yuv_filter.c:144->yuv_filter.c:24
:0  %empty_15 = call i32 (...)* @_ssdm_op_SpecRegionEnd([17 x i8]* @p_str5, i32 %tmp_13_i)

ST_4: StgValue_75 (98)  [1/1] 0.00ns  loc: yuv_filter.c:129->yuv_filter.c:24
:1  br label %1


 <State 5>: 3.25ns
ST_5: Y (79)  [3/4] 3.25ns  loc: yuv_filter.c:134->yuv_filter.c:24
:12  %Y = load i8* %yuv_channels_ch1_add, align 1

ST_5: U (80)  [3/4] 3.25ns  loc: yuv_filter.c:135->yuv_filter.c:24
:13  %U = load i8* %yuv_channels_ch2_add, align 1

ST_5: V (81)  [3/4] 3.25ns  loc: yuv_filter.c:136->yuv_filter.c:24
:14  %V = load i8* %yuv_channels_ch3_add, align 1


 <State 6>: 3.25ns
ST_6: Y (79)  [2/4] 3.25ns  loc: yuv_filter.c:134->yuv_filter.c:24
:12  %Y = load i8* %yuv_channels_ch1_add, align 1

ST_6: U (80)  [2/4] 3.25ns  loc: yuv_filter.c:135->yuv_filter.c:24
:13  %U = load i8* %yuv_channels_ch2_add, align 1

ST_6: V (81)  [2/4] 3.25ns  loc: yuv_filter.c:136->yuv_filter.c:24
:14  %V = load i8* %yuv_channels_ch3_add, align 1


 <State 7>: 3.25ns
ST_7: Y (79)  [1/4] 3.25ns  loc: yuv_filter.c:134->yuv_filter.c:24
:12  %Y = load i8* %yuv_channels_ch1_add, align 1

ST_7: U (80)  [1/4] 3.25ns  loc: yuv_filter.c:135->yuv_filter.c:24
:13  %U = load i8* %yuv_channels_ch2_add, align 1

ST_7: V (81)  [1/4] 3.25ns  loc: yuv_filter.c:136->yuv_filter.c:24
:14  %V = load i8* %yuv_channels_ch3_add, align 1


 <State 8>: 5.51ns
ST_8: tmp_6_i_cast (82)  [1/1] 0.00ns  loc: yuv_filter.c:137->yuv_filter.c:24
:15  %tmp_6_i_cast = zext i8 %Y to i15

ST_8: tmp_7_i (83)  [3/3] 5.51ns  loc: yuv_filter.c:137->yuv_filter.c:24
:16  %tmp_7_i = mul i15 %tmp_i_cast, %tmp_6_i_cast

ST_8: tmp_9_i_cast (84)  [1/1] 0.00ns  loc: yuv_filter.c:138->yuv_filter.c:24
:17  %tmp_9_i_cast = zext i8 %U to i15

ST_8: tmp_i (85)  [3/3] 5.51ns  loc: yuv_filter.c:138->yuv_filter.c:24
:18  %tmp_i = mul i15 %tmp_1_i_cast, %tmp_9_i_cast

ST_8: tmp_4_i_cast (86)  [1/1] 0.00ns  loc: yuv_filter.c:139->yuv_filter.c:24
:19  %tmp_4_i_cast = zext i8 %V to i15

ST_8: tmp_8_i (87)  [3/3] 5.51ns  loc: yuv_filter.c:139->yuv_filter.c:24
:20  %tmp_8_i = mul i15 %tmp_2_i_cast, %tmp_4_i_cast


 <State 9>: 5.51ns
ST_9: tmp_7_i (83)  [2/3] 5.51ns  loc: yuv_filter.c:137->yuv_filter.c:24
:16  %tmp_7_i = mul i15 %tmp_i_cast, %tmp_6_i_cast

ST_9: tmp_i (85)  [2/3] 5.51ns  loc: yuv_filter.c:138->yuv_filter.c:24
:18  %tmp_i = mul i15 %tmp_1_i_cast, %tmp_9_i_cast

ST_9: tmp_8_i (87)  [2/3] 5.51ns  loc: yuv_filter.c:139->yuv_filter.c:24
:20  %tmp_8_i = mul i15 %tmp_2_i_cast, %tmp_4_i_cast


 <State 10>: 5.51ns
ST_10: tmp_7_i (83)  [1/3] 5.51ns  loc: yuv_filter.c:137->yuv_filter.c:24
:16  %tmp_7_i = mul i15 %tmp_i_cast, %tmp_6_i_cast

ST_10: tmp_i (85)  [1/3] 5.51ns  loc: yuv_filter.c:138->yuv_filter.c:24
:18  %tmp_i = mul i15 %tmp_1_i_cast, %tmp_9_i_cast

ST_10: tmp_8_i (87)  [1/3] 5.51ns  loc: yuv_filter.c:139->yuv_filter.c:24
:20  %tmp_8_i = mul i15 %tmp_2_i_cast, %tmp_4_i_cast

ST_10: tmp_10_i (88)  [1/1] 0.00ns  loc: yuv_filter.c:140->yuv_filter.c:24
:21  %tmp_10_i = call i8 @_ssdm_op_PartSelect.i8.i15.i32.i32(i15 %tmp_7_i, i32 7, i32 14)

ST_10: tmp_11_i (90)  [1/1] 0.00ns  loc: yuv_filter.c:141->yuv_filter.c:24
:23  %tmp_11_i = call i8 @_ssdm_op_PartSelect.i8.i15.i32.i32(i15 %tmp_i, i32 7, i32 14)

ST_10: tmp_12_i (92)  [1/1] 0.00ns  loc: yuv_filter.c:142->yuv_filter.c:24
:25  %tmp_12_i = call i8 @_ssdm_op_PartSelect.i8.i15.i32.i32(i15 %tmp_8_i, i32 7, i32 14)


 <State 11>: 3.25ns
ST_11: scale_channels_ch3_a (73)  [1/1] 0.00ns  loc: yuv_filter.c:142->yuv_filter.c:24
:6  %scale_channels_ch3_a = getelementptr [2457600 x i8]* %p_scale_channels_ch3, i64 0, i64 %tmp_3_cast

ST_11: scale_channels_ch1_a (74)  [1/1] 0.00ns  loc: yuv_filter.c:140->yuv_filter.c:24
:7  %scale_channels_ch1_a = getelementptr [2457600 x i8]* %p_scale_channels_ch1, i64 0, i64 %tmp_3_cast

ST_11: scale_channels_ch2_a (78)  [1/1] 0.00ns  loc: yuv_filter.c:141->yuv_filter.c:24
:11  %scale_channels_ch2_a = getelementptr [2457600 x i8]* %p_scale_channels_ch2, i64 0, i64 %tmp_3_cast

ST_11: StgValue_103 (89)  [2/2] 3.25ns  loc: yuv_filter.c:140->yuv_filter.c:24
:22  store i8 %tmp_10_i, i8* %scale_channels_ch1_a, align 1

ST_11: StgValue_104 (91)  [2/2] 3.25ns  loc: yuv_filter.c:141->yuv_filter.c:24
:24  store i8 %tmp_11_i, i8* %scale_channels_ch2_a, align 1

ST_11: StgValue_105 (93)  [2/2] 3.25ns  loc: yuv_filter.c:142->yuv_filter.c:24
:26  store i8 %tmp_12_i, i8* %scale_channels_ch3_a, align 1


 <State 12>: 3.25ns
ST_12: StgValue_106 (67)  [1/1] 0.00ns  loc: yuv_filter.c:132->yuv_filter.c:24
:0  call void (...)* @_ssdm_op_SpecLoopName([17 x i8]* @p_str6) nounwind

ST_12: tmp_14_i (68)  [1/1] 0.00ns  loc: yuv_filter.c:132->yuv_filter.c:24
:1  %tmp_14_i = call i32 (...)* @_ssdm_op_SpecRegionBegin([17 x i8]* @p_str6)

ST_12: StgValue_108 (69)  [1/1] 0.00ns  loc: yuv_filter.c:133->yuv_filter.c:24
:2  call void (...)* @_ssdm_op_SpecLoopTripCount(i32 200, i32 1280, i32 740, [1 x i8]* @p_str1) nounwind

ST_12: StgValue_109 (89)  [1/2] 3.25ns  loc: yuv_filter.c:140->yuv_filter.c:24
:22  store i8 %tmp_10_i, i8* %scale_channels_ch1_a, align 1

ST_12: StgValue_110 (91)  [1/2] 3.25ns  loc: yuv_filter.c:141->yuv_filter.c:24
:24  store i8 %tmp_11_i, i8* %scale_channels_ch2_a, align 1

ST_12: StgValue_111 (93)  [1/2] 3.25ns  loc: yuv_filter.c:142->yuv_filter.c:24
:26  store i8 %tmp_12_i, i8* %scale_channels_ch3_a, align 1

ST_12: empty (94)  [1/1] 0.00ns  loc: yuv_filter.c:143->yuv_filter.c:24
:27  %empty = call i32 (...)* @_ssdm_op_SpecRegionEnd([17 x i8]* @p_str6, i32 %tmp_14_i)

ST_12: StgValue_113 (95)  [1/1] 0.00ns  loc: yuv_filter.c:132->yuv_filter.c:24
:28  br label %3


 <State 13>: 0.00ns
ST_13: call_ret1 (100)  [1/2] 0.00ns  loc: yuv_filter.c:25
yuv_scale.exit:0  %call_ret1 = call fastcc { i16, i16 } @yuv2rgb([2457600 x i8]* %p_scale_channels_ch1, [2457600 x i8]* %p_scale_channels_ch2, [2457600 x i8]* %p_scale_channels_ch3, i16 %p_yuv_width, i16 %p_yuv_height, [2457600 x i8]* %out_channels_ch1, [2457600 x i8]* %out_channels_ch2, [2457600 x i8]* %out_channels_ch3)

ST_13: out_width_ret (101)  [1/1] 0.00ns  loc: yuv_filter.c:25
yuv_scale.exit:1  %out_width_ret = extractvalue { i16, i16 } %call_ret1, 0

ST_13: StgValue_116 (102)  [1/1] 0.00ns  loc: yuv_filter.c:25
yuv_scale.exit:2  call void @_ssdm_op_Write.ap_auto.i16P(i16* %out_width, i16 %out_width_ret)

ST_13: out_height_ret (103)  [1/1] 0.00ns  loc: yuv_filter.c:25
yuv_scale.exit:3  %out_height_ret = extractvalue { i16, i16 } %call_ret1, 1

ST_13: StgValue_118 (104)  [1/1] 0.00ns  loc: yuv_filter.c:25
yuv_scale.exit:4  call void @_ssdm_op_Write.ap_auto.i16P(i16* %out_height, i16 %out_height_ret)

ST_13: StgValue_119 (105)  [1/1] 0.00ns  loc: yuv_filter.c:26
yuv_scale.exit:5  ret void



============================================================
+ Verbose Summary: Binding
============================================================
STG Binding: 
---------------- STG Properties BEGIN ----------------
- Is combinational: 0
- Is one-state seq: 0
- Is datapath-only: 0
- Is pipelined: 0
- Is top level: 1
Port [ Return ] is wired: 1; IO mode=ap_ctrl_hs:ce=0
Port [ in_channels_ch1]:  wired=1; compound=1; hidden=0; nouse=0; global=0; static=0; extern=0; dir=0; type=1; pingpong=0; private_global=0; MemPort=[13]; IO mode=ap_memory:ce=0
Port [ in_channels_ch2]:  wired=1; compound=1; hidden=0; nouse=0; global=0; static=0; extern=0; dir=0; type=1; pingpong=0; private_global=0; MemPort=[13]; IO mode=ap_memory:ce=0
Port [ in_channels_ch3]:  wired=1; compound=1; hidden=0; nouse=0; global=0; static=0; extern=0; dir=0; type=1; pingpong=0; private_global=0; MemPort=[13]; IO mode=ap_memory:ce=0
Port [ in_width]:  wired=1; compound=0; hidden=0; nouse=0; global=0; static=0; extern=0; dir=0; type=0; pingpong=0; private_global=0; IO mode=ap_none:ce=0
Port [ in_height]:  wired=1; compound=0; hidden=0; nouse=0; global=0; static=0; extern=0; dir=0; type=0; pingpong=0; private_global=0; IO mode=ap_none:ce=0
Port [ out_channels_ch1]:  wired=1; compound=1; hidden=0; nouse=0; global=0; static=0; extern=0; dir=1; type=1; pingpong=0; private_global=0; MemPort=[03]; IO mode=ap_memory:ce=0
Port [ out_channels_ch2]:  wired=1; compound=1; hidden=0; nouse=0; global=0; static=0; extern=0; dir=1; type=1; pingpong=0; private_global=0; MemPort=[03]; IO mode=ap_memory:ce=0
Port [ out_channels_ch3]:  wired=1; compound=1; hidden=0; nouse=0; global=0; static=0; extern=0; dir=1; type=1; pingpong=0; private_global=0; MemPort=[03]; IO mode=ap_memory:ce=0
Port [ out_width]:  wired=1; compound=0; hidden=0; nouse=0; global=0; static=0; extern=0; dir=1; type=0; pingpong=0; private_global=0; IO mode=ap_vld:ce=0
Port [ out_height]:  wired=1; compound=0; hidden=0; nouse=0; global=0; static=0; extern=0; dir=1; type=0; pingpong=0; private_global=0; IO mode=ap_vld:ce=0
Port [ Y_scale]:  wired=1; compound=0; hidden=0; nouse=0; global=0; static=0; extern=0; dir=0; type=0; pingpong=0; private_global=0; IO mode=ap_none:ce=0
Port [ U_scale]:  wired=1; compound=0; hidden=0; nouse=0; global=0; static=0; extern=0; dir=0; type=0; pingpong=0; private_global=0; IO mode=ap_none:ce=0
Port [ V_scale]:  wired=1; compound=0; hidden=0; nouse=0; global=0; static=0; extern=0; dir=0; type=0; pingpong=0; private_global=0; IO mode=ap_none:ce=0
---------------- STG Properties END ------------------

---------------- Datapath Model BEGIN ----------------

<LifeTime>
<method=bitvector/>
p_yuv_channels_ch1   (alloca           ) [ 00111111111110]
p_yuv_channels_ch2   (alloca           ) [ 00111111111110]
p_yuv_channels_ch3   (alloca           ) [ 00111111111110]
p_scale_channels_ch1 (alloca           ) [ 00111111111111]
p_scale_channels_ch2 (alloca           ) [ 00111111111111]
p_scale_channels_ch3 (alloca           ) [ 00111111111111]
in_width_read        (read             ) [ 00100000000000]
in_height_read       (read             ) [ 00100000000000]
StgValue_23          (specbitsmap      ) [ 00000000000000]
StgValue_24          (specbitsmap      ) [ 00000000000000]
StgValue_25          (specbitsmap      ) [ 00000000000000]
StgValue_26          (specbitsmap      ) [ 00000000000000]
StgValue_27          (specbitsmap      ) [ 00000000000000]
StgValue_28          (specbitsmap      ) [ 00000000000000]
StgValue_29          (specbitsmap      ) [ 00000000000000]
StgValue_30          (specbitsmap      ) [ 00000000000000]
StgValue_31          (specbitsmap      ) [ 00000000000000]
StgValue_32          (specbitsmap      ) [ 00000000000000]
StgValue_33          (specbitsmap      ) [ 00000000000000]
StgValue_34          (specbitsmap      ) [ 00000000000000]
StgValue_35          (specbitsmap      ) [ 00000000000000]
StgValue_36          (spectopmodule    ) [ 00000000000000]
V_scale_read         (read             ) [ 00000000000000]
U_scale_read         (read             ) [ 00000000000000]
Y_scale_read         (read             ) [ 00000000000000]
call_ret             (call             ) [ 00000000000000]
p_yuv_width          (extractvalue     ) [ 00011111111111]
p_yuv_height         (extractvalue     ) [ 00011111111111]
tmp_i_cast           (zext             ) [ 00011111111110]
tmp_1_i_cast         (zext             ) [ 00011111111110]
tmp_2_i_cast         (zext             ) [ 00011111111110]
StgValue_46          (br               ) [ 00111111111110]
x_i                  (phi              ) [ 00010000000000]
exitcond1_i          (icmp             ) [ 00011111111110]
x                    (add              ) [ 00111111111110]
StgValue_50          (br               ) [ 00000000000000]
StgValue_51          (specloopname     ) [ 00000000000000]
tmp_13_i             (specregionbegin  ) [ 00001111111110]
StgValue_53          (speclooptripcount) [ 00000000000000]
tmp                  (trunc            ) [ 00000000000000]
p_shl_cast           (bitconcatenate   ) [ 00000000000000]
tmp_1                (trunc            ) [ 00000000000000]
p_shl3_cast          (bitconcatenate   ) [ 00000000000000]
tmp_2                (add              ) [ 00001111111110]
StgValue_59          (br               ) [ 00011111111110]
y_i                  (phi              ) [ 00001000000000]
exitcond_i           (icmp             ) [ 00011111111110]
y                    (add              ) [ 00011111111110]
StgValue_64          (br               ) [ 00000000000000]
tmp_5_i_cast         (zext             ) [ 00000000000000]
tmp_3                (add              ) [ 00000000000000]
tmp_3_cast           (zext             ) [ 00000111111100]
yuv_channels_ch2_add (getelementptr    ) [ 00000111000000]
yuv_channels_ch3_add (getelementptr    ) [ 00000111000000]
yuv_channels_ch1_add (getelementptr    ) [ 00000111000000]
empty_15             (specregionend    ) [ 00000000000000]
StgValue_75          (br               ) [ 00111111111110]
Y                    (load             ) [ 00000000100000]
U                    (load             ) [ 00000000100000]
V                    (load             ) [ 00000000100000]
tmp_6_i_cast         (zext             ) [ 00000000011000]
tmp_9_i_cast         (zext             ) [ 00000000011000]
tmp_4_i_cast         (zext             ) [ 00000000011000]
tmp_7_i              (mul              ) [ 00000000000000]
tmp_i                (mul              ) [ 00000000000000]
tmp_8_i              (mul              ) [ 00000000000000]
tmp_10_i             (partselect       ) [ 00000000000110]
tmp_11_i             (partselect       ) [ 00000000000110]
tmp_12_i             (partselect       ) [ 00000000000110]
scale_channels_ch3_a (getelementptr    ) [ 00000000000010]
scale_channels_ch1_a (getelementptr    ) [ 00000000000010]
scale_channels_ch2_a (getelementptr    ) [ 00000000000010]
StgValue_106         (specloopname     ) [ 00000000000000]
tmp_14_i             (specregionbegin  ) [ 00000000000000]
StgValue_108         (speclooptripcount) [ 00000000000000]
StgValue_109         (store            ) [ 00000000000000]
StgValue_110         (store            ) [ 00000000000000]
StgValue_111         (store            ) [ 00000000000000]
empty                (specregionend    ) [ 00000000000000]
StgValue_113         (br               ) [ 00011111111110]
call_ret1            (call             ) [ 00000000000000]
out_width_ret        (extractvalue     ) [ 00000000000000]
StgValue_116         (write            ) [ 00000000000000]
out_height_ret       (extractvalue     ) [ 00000000000000]
StgValue_118         (write            ) [ 00000000000000]
StgValue_119         (ret              ) [ 00000000000000]
</LifeTime>

<model>

<comp_list>
<comp id="0" class="1000" name="in_channels_ch1">
<pin_list>
<pin id="1" dir="1" index="0" bw="1" slack="0"/>
</pin_list>
<bind>
<StgValue><ssdm name="in_channels_ch1"/><MemPortTyVec>1 3 </MemPortTyVec>
</StgValue>
</bind>
</comp>

<comp id="2" class="1000" name="in_channels_ch2">
<pin_list>
<pin id="3" dir="1" index="0" bw="1" slack="0"/>
</pin_list>
<bind>
<StgValue><ssdm name="in_channels_ch2"/><MemPortTyVec>1 3 </MemPortTyVec>
</StgValue>
</bind>
</comp>

<comp id="4" class="1000" name="in_channels_ch3">
<pin_list>
<pin id="5" dir="1" index="0" bw="1" slack="0"/>
</pin_list>
<bind>
<StgValue><ssdm name="in_channels_ch3"/><MemPortTyVec>1 3 </MemPortTyVec>
</StgValue>
</bind>
</comp>

<comp id="6" class="1000" name="in_width">
<pin_list>
<pin id="7" dir="1" index="0" bw="1" slack="0"/>
</pin_list>
<bind>
<StgValue><ssdm name="in_width"/></StgValue>
</bind>
</comp>

<comp id="8" class="1000" name="in_height">
<pin_list>
<pin id="9" dir="1" index="0" bw="1" slack="0"/>
</pin_list>
<bind>
<StgValue><ssdm name="in_height"/></StgValue>
</bind>
</comp>

<comp id="10" class="1000" name="out_channels_ch1">
<pin_list>
<pin id="11" dir="1" index="0" bw="1" slack="0"/>
</pin_list>
<bind>
<StgValue><ssdm name="out_channels_ch1"/><MemPortTyVec>0 3 </MemPortTyVec>
</StgValue>
</bind>
</comp>

<comp id="12" class="1000" name="out_channels_ch2">
<pin_list>
<pin id="13" dir="1" index="0" bw="1" slack="0"/>
</pin_list>
<bind>
<StgValue><ssdm name="out_channels_ch2"/><MemPortTyVec>0 3 </MemPortTyVec>
</StgValue>
</bind>
</comp>

<comp id="14" class="1000" name="out_channels_ch3">
<pin_list>
<pin id="15" dir="1" index="0" bw="1" slack="0"/>
</pin_list>
<bind>
<StgValue><ssdm name="out_channels_ch3"/><MemPortTyVec>0 3 </MemPortTyVec>
</StgValue>
</bind>
</comp>

<comp id="16" class="1000" name="out_width">
<pin_list>
<pin id="17" dir="1" index="0" bw="1" slack="0"/>
</pin_list>
<bind>
<StgValue><ssdm name="out_width"/></StgValue>
</bind>
</comp>

<comp id="18" class="1000" name="out_height">
<pin_list>
<pin id="19" dir="1" index="0" bw="1" slack="0"/>
</pin_list>
<bind>
<StgValue><ssdm name="out_height"/></StgValue>
</bind>
</comp>

<comp id="20" class="1000" name="Y_scale">
<pin_list>
<pin id="21" dir="1" index="0" bw="1" slack="0"/>
</pin_list>
<bind>
<StgValue><ssdm name="Y_scale"/></StgValue>
</bind>
</comp>

<comp id="22" class="1000" name="U_scale">
<pin_list>
<pin id="23" dir="1" index="0" bw="1" slack="0"/>
</pin_list>
<bind>
<StgValue><ssdm name="U_scale"/></StgValue>
</bind>
</comp>

<comp id="24" class="1000" name="V_scale">
<pin_list>
<pin id="25" dir="1" index="0" bw="1" slack="0"/>
</pin_list>
<bind>
<StgValue><ssdm name="V_scale"/></StgValue>
</bind>
</comp>

<comp id="26" class="1001" name="const_26">
<pin_list>
<pin id="27" dir="1" index="0" bw="1" slack="0"/>
</pin_list>
<bind>
<StgValue><ssdm name=""/></StgValue>
</bind>
</comp>

<comp id="28" class="1001" name="const_28">
<pin_list>
<pin id="29" dir="1" index="0" bw="1" slack="0"/>
</pin_list>
<bind>
<StgValue><ssdm name="_ssdm_op_Read.ap_auto.i16P"/></StgValue>
</bind>
</comp>

<comp id="30" class="1001" name="const_30">
<pin_list>
<pin id="31" dir="1" index="0" bw="1" slack="0"/>
</pin_list>
<bind>
<StgValue><ssdm name="rgb2yuv"/></StgValue>
</bind>
</comp>

<comp id="32" class="1001" name="const_32">
<pin_list>
<pin id="33" dir="1" index="0" bw="1" slack="2147483647"/>
</pin_list>
<bind>
<StgValue><ssdm name="_ssdm_op_SpecBitsMap"/></StgValue>
</bind>
</comp>

<comp id="34" class="1001" name="const_34">
<pin_list>
<pin id="35" dir="1" index="0" bw="1" slack="2147483647"/>
</pin_list>
<bind>
<StgValue><ssdm name="_ssdm_op_SpecTopModule"/></StgValue>
</bind>
</comp>

<comp id="36" class="1001" name="const_36">
<pin_list>
<pin id="37" dir="1" index="0" bw="1" slack="2147483647"/>
</pin_list>
<bind>
<StgValue><ssdm name="yuv_filter_str"/></StgValue>
</bind>
</comp>

<comp id="38" class="1001" name="const_38">
<pin_list>
<pin id="39" dir="1" index="0" bw="1" slack="0"/>
</pin_list>
<bind>
<StgValue><ssdm name="_ssdm_op_Read.ap_auto.i8"/></StgValue>
</bind>
</comp>

<comp id="40" class="1001" name="const_40">
<pin_list>
<pin id="41" dir="1" index="0" bw="1" slack="1"/>
</pin_list>
<bind>
<StgValue><ssdm name=""/></StgValue>
</bind>
</comp>

<comp id="42" class="1001" name="const_42">
<pin_list>
<pin id="43" dir="1" index="0" bw="1" slack="0"/>
</pin_list>
<bind>
<StgValue><ssdm name=""/></StgValue>
</bind>
</comp>

<comp id="44" class="1001" name="const_44">
<pin_list>
<pin id="45" dir="1" index="0" bw="1" slack="2147483647"/>
</pin_list>
<bind>
<StgValue><ssdm name="_ssdm_op_SpecLoopName"/></StgValue>
</bind>
</comp>

<comp id="46" class="1001" name="const_46">
<pin_list>
<pin id="47" dir="1" index="0" bw="1" slack="2147483647"/>
</pin_list>
<bind>
<StgValue><ssdm name="p_str5"/></StgValue>
</bind>
</comp>

<comp id="48" class="1001" name="const_48">
<pin_list>
<pin id="49" dir="1" index="0" bw="1" slack="2147483647"/>
</pin_list>
<bind>
<StgValue><ssdm name="_ssdm_op_SpecRegionBegin"/></StgValue>
</bind>
</comp>

<comp id="50" class="1001" name="const_50">
<pin_list>
<pin id="51" dir="1" index="0" bw="1" slack="2147483647"/>
</pin_list>
<bind>
<StgValue><ssdm name="_ssdm_op_SpecLoopTripCount"/></StgValue>
</bind>
</comp>

<comp id="52" class="1001" name="const_52">
<pin_list>
<pin id="53" dir="1" index="0" bw="1" slack="2147483647"/>
</pin_list>
<bind>
<StgValue><ssdm name=""/></StgValue>
</bind>
</comp>

<comp id="54" class="1001" name="const_54">
<pin_list>
<pin id="55" dir="1" index="0" bw="1" slack="2147483647"/>
</pin_list>
<bind>
<StgValue><ssdm name=""/></StgValue>
</bind>
</comp>

<comp id="56" class="1001" name="const_56">
<pin_list>
<pin id="57" dir="1" index="0" bw="1" slack="2147483647"/>
</pin_list>
<bind>
<StgValue><ssdm name=""/></StgValue>
</bind>
</comp>

<comp id="58" class="1001" name="const_58">
<pin_list>
<pin id="59" dir="1" index="0" bw="1" slack="2147483647"/>
</pin_list>
<bind>
<StgValue><ssdm name="p_str1"/></StgValue>
</bind>
</comp>

<comp id="60" class="1001" name="const_60">
<pin_list>
<pin id="61" dir="1" index="0" bw="1" slack="0"/>
</pin_list>
<bind>
<StgValue><ssdm name="_ssdm_op_BitConcatenate.i23.i13.i10"/></StgValue>
</bind>
</comp>

<comp id="62" class="1001" name="const_62">
<pin_list>
<pin id="63" dir="1" index="0" bw="1" slack="0"/>
</pin_list>
<bind>
<StgValue><ssdm name=""/></StgValue>
</bind>
</comp>

<comp id="64" class="1001" name="const_64">
<pin_list>
<pin id="65" dir="1" index="0" bw="1" slack="0"/>
</pin_list>
<bind>
<StgValue><ssdm name="_ssdm_op_BitConcatenate.i23.i15.i8"/></StgValue>
</bind>
</comp>

<comp id="66" class="1001" name="const_66">
<pin_list>
<pin id="67" dir="1" index="0" bw="1" slack="0"/>
</pin_list>
<bind>
<StgValue><ssdm name=""/></StgValue>
</bind>
</comp>

<comp id="68" class="1001" name="const_68">
<pin_list>
<pin id="69" dir="1" index="0" bw="1" slack="0"/>
</pin_list>
<bind>
<StgValue><ssdm name="yuv2rgb"/></StgValue>
</bind>
</comp>

<comp id="70" class="1001" name="const_70">
<pin_list>
<pin id="71" dir="1" index="0" bw="1" slack="0"/>
</pin_list>
<bind>
<StgValue><ssdm name=""/></StgValue>
</bind>
</comp>

<comp id="72" class="1001" name="const_72">
<pin_list>
<pin id="73" dir="1" index="0" bw="1" slack="2147483647"/>
</pin_list>
<bind>
<StgValue><ssdm name="_ssdm_op_SpecRegionEnd"/></StgValue>
</bind>
</comp>

<comp id="74" class="1001" name="const_74">
<pin_list>
<pin id="75" dir="1" index="0" bw="1" slack="0"/>
</pin_list>
<bind>
<StgValue><ssdm name="_ssdm_op_PartSelect.i8.i15.i32.i32"/></StgValue>
</bind>
</comp>

<comp id="76" class="1001" name="const_76">
<pin_list>
<pin id="77" dir="1" index="0" bw="1" slack="0"/>
</pin_list>
<bind>
<StgValue><ssdm name=""/></StgValue>
</bind>
</comp>

<comp id="78" class="1001" name="const_78">
<pin_list>
<pin id="79" dir="1" index="0" bw="1" slack="0"/>
</pin_list>
<bind>
<StgValue><ssdm name=""/></StgValue>
</bind>
</comp>

<comp id="80" class="1001" name="const_80">
<pin_list>
<pin id="81" dir="1" index="0" bw="1" slack="2147483647"/>
</pin_list>
<bind>
<StgValue><ssdm name="p_str6"/></StgValue>
</bind>
</comp>

<comp id="82" class="1001" name="const_82">
<pin_list>
<pin id="83" dir="1" index="0" bw="1" slack="2147483647"/>
</pin_list>
<bind>
<StgValue><ssdm name=""/></StgValue>
</bind>
</comp>

<comp id="84" class="1001" name="const_84">
<pin_list>
<pin id="85" dir="1" index="0" bw="1" slack="2147483647"/>
</pin_list>
<bind>
<StgValue><ssdm name=""/></StgValue>
</bind>
</comp>

<comp id="86" class="1001" name="const_86">
<pin_list>
<pin id="87" dir="1" index="0" bw="1" slack="0"/>
</pin_list>
<bind>
<StgValue><ssdm name="_ssdm_op_Write.ap_auto.i16P"/></StgValue>
</bind>
</comp>

<comp id="88" class="1004" name="p_yuv_channels_ch1_alloca_fu_88">
<pin_list>
<pin id="89" dir="0" index="0" bw="1" slack="0"/>
<pin id="90" dir="1" index="1" bw="8" slack="0"/>
</pin_list>
<bind>
<opcode="alloca(26) " fcode="alloca"/>
<opset="p_yuv_channels_ch1/1 "/>
</bind>
</comp>

<comp id="92" class="1004" name="p_yuv_channels_ch2_alloca_fu_92">
<pin_list>
<pin id="93" dir="0" index="0" bw="1" slack="0"/>
<pin id="94" dir="1" index="1" bw="8" slack="0"/>
</pin_list>
<bind>
<opcode="alloca(26) " fcode="alloca"/>
<opset="p_yuv_channels_ch2/1 "/>
</bind>
</comp>

<comp id="96" class="1004" name="p_yuv_channels_ch3_alloca_fu_96">
<pin_list>
<pin id="97" dir="0" index="0" bw="1" slack="0"/>
<pin id="98" dir="1" index="1" bw="8" slack="0"/>
</pin_list>
<bind>
<opcode="alloca(26) " fcode="alloca"/>
<opset="p_yuv_channels_ch3/1 "/>
</bind>
</comp>

<comp id="100" class="1004" name="p_scale_channels_ch1_alloca_fu_100">
<pin_list>
<pin id="101" dir="0" index="0" bw="1" slack="0"/>
<pin id="102" dir="1" index="1" bw="8" slack="2147483647"/>
</pin_list>
<bind>
<opcode="alloca(26) " fcode="alloca"/>
<opset="p_scale_channels_ch1/1 "/>
</bind>
</comp>

<comp id="104" class="1004" name="p_scale_channels_ch2_alloca_fu_104">
<pin_list>
<pin id="105" dir="0" index="0" bw="1" slack="0"/>
<pin id="106" dir="1" index="1" bw="8" slack="2147483647"/>
</pin_list>
<bind>
<opcode="alloca(26) " fcode="alloca"/>
<opset="p_scale_channels_ch2/1 "/>
</bind>
</comp>

<comp id="108" class="1004" name="p_scale_channels_ch3_alloca_fu_108">
<pin_list>
<pin id="109" dir="0" index="0" bw="1" slack="0"/>
<pin id="110" dir="1" index="1" bw="8" slack="2147483647"/>
</pin_list>
<bind>
<opcode="alloca(26) " fcode="alloca"/>
<opset="p_scale_channels_ch3/1 "/>
</bind>
</comp>

<comp id="112" class="1004" name="in_width_read_read_fu_112">
<pin_list>
<pin id="113" dir="0" index="0" bw="16" slack="0"/>
<pin id="114" dir="0" index="1" bw="16" slack="0"/>
<pin id="115" dir="1" index="2" bw="16" slack="0"/>
</pin_list>
<bind>
<opcode="read(1150) " fcode="read"/>
<opset="in_width_read/1 "/>
</bind>
</comp>

<comp id="118" class="1004" name="in_height_read_read_fu_118">
<pin_list>
<pin id="119" dir="0" index="0" bw="16" slack="0"/>
<pin id="120" dir="0" index="1" bw="16" slack="0"/>
<pin id="121" dir="1" index="2" bw="16" slack="0"/>
</pin_list>
<bind>
<opcode="read(1150) " fcode="read"/>
<opset="in_height_read/1 "/>
</bind>
</comp>

<comp id="124" class="1004" name="V_scale_read_read_fu_124">
<pin_list>
<pin id="125" dir="0" index="0" bw="8" slack="0"/>
<pin id="126" dir="0" index="1" bw="8" slack="0"/>
<pin id="127" dir="1" index="2" bw="8" slack="0"/>
</pin_list>
<bind>
<opcode="read(1150) " fcode="read"/>
<opset="V_scale_read/2 "/>
</bind>
</comp>

<comp id="130" class="1004" name="U_scale_read_read_fu_130">
<pin_list>
<pin id="131" dir="0" index="0" bw="8" slack="0"/>
<pin id="132" dir="0" index="1" bw="8" slack="0"/>
<pin id="133" dir="1" index="2" bw="8" slack="0"/>
</pin_list>
<bind>
<opcode="read(1150) " fcode="read"/>
<opset="U_scale_read/2 "/>
</bind>
</comp>

<comp id="136" class="1004" name="Y_scale_read_read_fu_136">
<pin_list>
<pin id="137" dir="0" index="0" bw="8" slack="0"/>
<pin id="138" dir="0" index="1" bw="8" slack="0"/>
<pin id="139" dir="1" index="2" bw="8" slack="0"/>
</pin_list>
<bind>
<opcode="read(1150) " fcode="read"/>
<opset="Y_scale_read/2 "/>
</bind>
</comp>

<comp id="142" class="1004" name="StgValue_116_write_fu_142">
<pin_list>
<pin id="143" dir="0" index="0" bw="0" slack="0"/>
<pin id="144" dir="0" index="1" bw="16" slack="0"/>
<pin id="145" dir="0" index="2" bw="16" slack="0"/>
<pin id="146" dir="1" index="3" bw="0" slack="2147483647"/>
</pin_list>
<bind>
<opcode="write(1151) " fcode="write"/>
<opset="StgValue_116/13 "/>
</bind>
</comp>

<comp id="149" class="1004" name="StgValue_118_write_fu_149">
<pin_list>
<pin id="150" dir="0" index="0" bw="0" slack="0"/>
<pin id="151" dir="0" index="1" bw="16" slack="0"/>
<pin id="152" dir="0" index="2" bw="16" slack="0"/>
<pin id="153" dir="1" index="3" bw="0" slack="2147483647"/>
</pin_list>
<bind>
<opcode="write(1151) " fcode="write"/>
<opset="StgValue_118/13 "/>
</bind>
</comp>

<comp id="156" class="1004" name="yuv_channels_ch2_add_gep_fu_156">
<pin_list>
<pin id="157" dir="0" index="0" bw="8" slack="2147483647"/>
<pin id="158" dir="0" index="1" bw="1" slack="0"/>
<pin id="159" dir="0" index="2" bw="23" slack="0"/>
<pin id="160" dir="1" index="3" bw="22" slack="0"/>
</pin_list>
<bind>
<opcode="getelementptr(29) " fcode="getelementptr"/>
<opset="yuv_channels_ch2_add/4 "/>
</bind>
</comp>

<comp id="162" class="1004" name="yuv_channels_ch3_add_gep_fu_162">
<pin_list>
<pin id="163" dir="0" index="0" bw="8" slack="2147483647"/>
<pin id="164" dir="0" index="1" bw="1" slack="0"/>
<pin id="165" dir="0" index="2" bw="23" slack="0"/>
<pin id="166" dir="1" index="3" bw="22" slack="0"/>
</pin_list>
<bind>
<opcode="getelementptr(29) " fcode="getelementptr"/>
<opset="yuv_channels_ch3_add/4 "/>
</bind>
</comp>

<comp id="168" class="1004" name="yuv_channels_ch1_add_gep_fu_168">
<pin_list>
<pin id="169" dir="0" index="0" bw="8" slack="2147483647"/>
<pin id="170" dir="0" index="1" bw="1" slack="0"/>
<pin id="171" dir="0" index="2" bw="23" slack="0"/>
<pin id="172" dir="1" index="3" bw="22" slack="0"/>
</pin_list>
<bind>
<opcode="getelementptr(29) " fcode="getelementptr"/>
<opset="yuv_channels_ch1_add/4 "/>
</bind>
</comp>

<comp id="174" class="1004" name="grp_access_fu_174">
<pin_list>
<pin id="175" dir="0" index="0" bw="22" slack="0"/>
<pin id="176" dir="0" index="1" bw="8" slack="2147483647"/>
<pin id="177" dir="1" index="2" bw="8" slack="1"/>
</pin_list>
<bind>
<opcode="load(27) " fcode="load"/>
<opset="Y/4 "/>
</bind>
</comp>

<comp id="179" class="1004" name="grp_access_fu_179">
<pin_list>
<pin id="180" dir="0" index="0" bw="22" slack="0"/>
<pin id="181" dir="0" index="1" bw="8" slack="2147483647"/>
<pin id="182" dir="1" index="2" bw="8" slack="1"/>
</pin_list>
<bind>
<opcode="load(27) " fcode="load"/>
<opset="U/4 "/>
</bind>
</comp>

<comp id="184" class="1004" name="grp_access_fu_184">
<pin_list>
<pin id="185" dir="0" index="0" bw="22" slack="0"/>
<pin id="186" dir="0" index="1" bw="8" slack="2147483647"/>
<pin id="187" dir="1" index="2" bw="8" slack="1"/>
</pin_list>
<bind>
<opcode="load(27) " fcode="load"/>
<opset="V/4 "/>
</bind>
</comp>

<comp id="189" class="1004" name="scale_channels_ch3_a_gep_fu_189">
<pin_list>
<pin id="190" dir="0" index="0" bw="8" slack="2147483647"/>
<pin id="191" dir="0" index="1" bw="1" slack="0"/>
<pin id="192" dir="0" index="2" bw="23" slack="7"/>
<pin id="193" dir="1" index="3" bw="22" slack="0"/>
</pin_list>
<bind>
<opcode="getelementptr(29) " fcode="getelementptr"/>
<opset="scale_channels_ch3_a/11 "/>
</bind>
</comp>

<comp id="195" class="1004" name="scale_channels_ch1_a_gep_fu_195">
<pin_list>
<pin id="196" dir="0" index="0" bw="8" slack="2147483647"/>
<pin id="197" dir="0" index="1" bw="1" slack="0"/>
<pin id="198" dir="0" index="2" bw="23" slack="7"/>
<pin id="199" dir="1" index="3" bw="22" slack="0"/>
</pin_list>
<bind>
<opcode="getelementptr(29) " fcode="getelementptr"/>
<opset="scale_channels_ch1_a/11 "/>
</bind>
</comp>

<comp id="201" class="1004" name="scale_channels_ch2_a_gep_fu_201">
<pin_list>
<pin id="202" dir="0" index="0" bw="8" slack="2147483647"/>
<pin id="203" dir="0" index="1" bw="1" slack="0"/>
<pin id="204" dir="0" index="2" bw="23" slack="7"/>
<pin id="205" dir="1" index="3" bw="22" slack="0"/>
</pin_list>
<bind>
<opcode="getelementptr(29) " fcode="getelementptr"/>
<opset="scale_channels_ch2_a/11 "/>
</bind>
</comp>

<comp id="207" class="1004" name="grp_access_fu_207">
<pin_list>
<pin id="208" dir="0" index="0" bw="22" slack="0"/>
<pin id="209" dir="0" index="1" bw="8" slack="1"/>
<pin id="210" dir="1" index="2" bw="8" slack="2147483647"/>
</pin_list>
<bind>
<opcode="store(28) " fcode="store"/>
<opset="StgValue_103/11 "/>
</bind>
</comp>

<comp id="212" class="1004" name="grp_access_fu_212">
<pin_list>
<pin id="213" dir="0" index="0" bw="22" slack="0"/>
<pin id="214" dir="0" index="1" bw="8" slack="1"/>
<pin id="215" dir="1" index="2" bw="8" slack="2147483647"/>
</pin_list>
<bind>
<opcode="store(28) " fcode="store"/>
<opset="StgValue_104/11 "/>
</bind>
</comp>

<comp id="217" class="1004" name="grp_access_fu_217">
<pin_list>
<pin id="218" dir="0" index="0" bw="22" slack="0"/>
<pin id="219" dir="0" index="1" bw="8" slack="1"/>
<pin id="220" dir="1" index="2" bw="8" slack="2147483647"/>
</pin_list>
<bind>
<opcode="store(28) " fcode="store"/>
<opset="StgValue_105/11 "/>
</bind>
</comp>

<comp id="222" class="1005" name="x_i_reg_222">
<pin_list>
<pin id="223" dir="0" index="0" bw="16" slack="1"/>
<pin id="224" dir="1" index="1" bw="16" slack="1"/>
</pin_list>
<bind>
<opset="x_i (phireg) "/>
</bind>
</comp>

<comp id="226" class="1004" name="x_i_phi_fu_226">
<pin_list>
<pin id="227" dir="0" index="0" bw="1" slack="1"/>
<pin id="228" dir="0" index="1" bw="0" slack="2147483647"/>
<pin id="229" dir="0" index="2" bw="16" slack="0"/>
<pin id="230" dir="0" index="3" bw="0" slack="2147483647"/>
<pin id="231" dir="1" index="4" bw="16" slack="0"/>
</pin_list>
<bind>
<opcode="phi(47) " fcode="phi"/>
<opset="x_i/3 "/>
</bind>
</comp>

<comp id="233" class="1005" name="y_i_reg_233">
<pin_list>
<pin id="234" dir="0" index="0" bw="16" slack="1"/>
<pin id="235" dir="1" index="1" bw="16" slack="1"/>
</pin_list>
<bind>
<opset="y_i (phireg) "/>
</bind>
</comp>

<comp id="237" class="1004" name="y_i_phi_fu_237">
<pin_list>
<pin id="238" dir="0" index="0" bw="1" slack="1"/>
<pin id="239" dir="0" index="1" bw="0" slack="2147483647"/>
<pin id="240" dir="0" index="2" bw="16" slack="0"/>
<pin id="241" dir="0" index="3" bw="0" slack="2147483647"/>
<pin id="242" dir="1" index="4" bw="16" slack="0"/>
</pin_list>
<bind>
<opcode="phi(47) " fcode="phi"/>
<opset="y_i/4 "/>
</bind>
</comp>

<comp id="244" class="1004" name="grp_rgb2yuv_fu_244">
<pin_list>
<pin id="245" dir="0" index="0" bw="32" slack="0"/>
<pin id="246" dir="0" index="1" bw="8" slack="0"/>
<pin id="247" dir="0" index="2" bw="8" slack="0"/>
<pin id="248" dir="0" index="3" bw="8" slack="0"/>
<pin id="249" dir="0" index="4" bw="16" slack="0"/>
<pin id="250" dir="0" index="5" bw="16" slack="0"/>
<pin id="251" dir="0" index="6" bw="8" slack="0"/>
<pin id="252" dir="0" index="7" bw="8" slack="0"/>
<pin id="253" dir="0" index="8" bw="8" slack="0"/>
<pin id="254" dir="1" index="9" bw="32" slack="0"/>
</pin_list>
<bind>
<opcode="call(48) " fcode="call"/>
<opset="call_ret/1 "/>
</bind>
</comp>

<comp id="264" class="1004" name="grp_yuv2rgb_fu_264">
<pin_list>
<pin id="265" dir="0" index="0" bw="32" slack="0"/>
<pin id="266" dir="0" index="1" bw="8" slack="2147483647"/>
<pin id="267" dir="0" index="2" bw="8" slack="2147483647"/>
<pin id="268" dir="0" index="3" bw="8" slack="2147483647"/>
<pin id="269" dir="0" index="4" bw="16" slack="1"/>
<pin id="270" dir="0" index="5" bw="16" slack="1"/>
<pin id="271" dir="0" index="6" bw="8" slack="0"/>
<pin id="272" dir="0" index="7" bw="8" slack="0"/>
<pin id="273" dir="0" index="8" bw="8" slack="0"/>
<pin id="274" dir="1" index="9" bw="32" slack="0"/>
</pin_list>
<bind>
<opcode="call(48) " fcode="call"/>
<opset="call_ret1/3 "/>
</bind>
</comp>

<comp id="279" class="1004" name="p_yuv_width_fu_279">
<pin_list>
<pin id="280" dir="0" index="0" bw="32" slack="0"/>
<pin id="281" dir="1" index="1" bw="16" slack="1"/>
</pin_list>
<bind>
<opcode="extractvalue(56) " fcode="extractvalue"/>
<opset="p_yuv_width/2 "/>
</bind>
</comp>

<comp id="283" class="1004" name="p_yuv_height_fu_283">
<pin_list>
<pin id="284" dir="0" index="0" bw="32" slack="0"/>
<pin id="285" dir="1" index="1" bw="16" slack="1"/>
</pin_list>
<bind>
<opcode="extractvalue(56) " fcode="extractvalue"/>
<opset="p_yuv_height/2 "/>
</bind>
</comp>

<comp id="287" class="1004" name="tmp_i_cast_fu_287">
<pin_list>
<pin id="288" dir="0" index="0" bw="8" slack="0"/>
<pin id="289" dir="1" index="1" bw="15" slack="6"/>
</pin_list>
<bind>
<opcode="zext(34) " fcode="zext"/>
<opset="tmp_i_cast/2 "/>
</bind>
</comp>

<comp id="291" class="1004" name="tmp_1_i_cast_fu_291">
<pin_list>
<pin id="292" dir="0" index="0" bw="8" slack="0"/>
<pin id="293" dir="1" index="1" bw="15" slack="6"/>
</pin_list>
<bind>
<opcode="zext(34) " fcode="zext"/>
<opset="tmp_1_i_cast/2 "/>
</bind>
</comp>

<comp id="295" class="1004" name="tmp_2_i_cast_fu_295">
<pin_list>
<pin id="296" dir="0" index="0" bw="8" slack="0"/>
<pin id="297" dir="1" index="1" bw="15" slack="6"/>
</pin_list>
<bind>
<opcode="zext(34) " fcode="zext"/>
<opset="tmp_2_i_cast/2 "/>
</bind>
</comp>

<comp id="299" class="1004" name="exitcond1_i_fu_299">
<pin_list>
<pin id="300" dir="0" index="0" bw="16" slack="0"/>
<pin id="301" dir="0" index="1" bw="16" slack="1"/>
<pin id="302" dir="1" index="2" bw="1" slack="2147483647"/>
</pin_list>
<bind>
<opcode="icmp(45) " fcode="icmp"/>
<opset="exitcond1_i/3 "/>
</bind>
</comp>

<comp id="304" class="1004" name="x_fu_304">
<pin_list>
<pin id="305" dir="0" index="0" bw="16" slack="0"/>
<pin id="306" dir="0" index="1" bw="1" slack="0"/>
<pin id="307" dir="1" index="2" bw="16" slack="0"/>
</pin_list>
<bind>
<opcode="add(8) " fcode="add"/>
<opset="x/3 "/>
</bind>
</comp>

<comp id="310" class="1004" name="tmp_fu_310">
<pin_list>
<pin id="311" dir="0" index="0" bw="16" slack="0"/>
<pin id="312" dir="1" index="1" bw="13" slack="0"/>
</pin_list>
<bind>
<opcode="trunc(33) " fcode="trunc"/>
<opset="tmp/3 "/>
</bind>
</comp>

<comp id="314" class="1004" name="p_shl_cast_fu_314">
<pin_list>
<pin id="315" dir="0" index="0" bw="23" slack="0"/>
<pin id="316" dir="0" index="1" bw="13" slack="0"/>
<pin id="317" dir="0" index="2" bw="1" slack="0"/>
<pin id="318" dir="1" index="3" bw="23" slack="0"/>
</pin_list>
<bind>
<opcode="bitconcatenate(1004) " fcode="bitconcatenate"/>
<opset="p_shl_cast/3 "/>
</bind>
</comp>

<comp id="322" class="1004" name="tmp_1_fu_322">
<pin_list>
<pin id="323" dir="0" index="0" bw="16" slack="0"/>
<pin id="324" dir="1" index="1" bw="15" slack="0"/>
</pin_list>
<bind>
<opcode="trunc(33) " fcode="trunc"/>
<opset="tmp_1/3 "/>
</bind>
</comp>

<comp id="326" class="1004" name="p_shl3_cast_fu_326">
<pin_list>
<pin id="327" dir="0" index="0" bw="23" slack="0"/>
<pin id="328" dir="0" index="1" bw="15" slack="0"/>
<pin id="329" dir="0" index="2" bw="1" slack="0"/>
<pin id="330" dir="1" index="3" bw="23" slack="0"/>
</pin_list>
<bind>
<opcode="bitconcatenate(1004) " fcode="bitconcatenate"/>
<opset="p_shl3_cast/3 "/>
</bind>
</comp>

<comp id="334" class="1004" name="tmp_2_fu_334">
<pin_list>
<pin id="335" dir="0" index="0" bw="23" slack="0"/>
<pin id="336" dir="0" index="1" bw="23" slack="0"/>
<pin id="337" dir="1" index="2" bw="23" slack="1"/>
</pin_list>
<bind>
<opcode="add(8) " fcode="add"/>
<opset="tmp_2/3 "/>
</bind>
</comp>

<comp id="340" class="1004" name="exitcond_i_fu_340">
<pin_list>
<pin id="341" dir="0" index="0" bw="16" slack="0"/>
<pin id="342" dir="0" index="1" bw="16" slack="2"/>
<pin id="343" dir="1" index="2" bw="1" slack="2147483647"/>
</pin_list>
<bind>
<opcode="icmp(45) " fcode="icmp"/>
<opset="exitcond_i/4 "/>
</bind>
</comp>

<comp id="345" class="1004" name="y_fu_345">
<pin_list>
<pin id="346" dir="0" index="0" bw="16" slack="0"/>
<pin id="347" dir="0" index="1" bw="1" slack="0"/>
<pin id="348" dir="1" index="2" bw="16" slack="0"/>
</pin_list>
<bind>
<opcode="add(8) " fcode="add"/>
<opset="y/4 "/>
</bind>
</comp>

<comp id="351" class="1004" name="tmp_5_i_cast_fu_351">
<pin_list>
<pin id="352" dir="0" index="0" bw="16" slack="0"/>
<pin id="353" dir="1" index="1" bw="23" slack="0"/>
</pin_list>
<bind>
<opcode="zext(34) " fcode="zext"/>
<opset="tmp_5_i_cast/4 "/>
</bind>
</comp>

<comp id="355" class="1004" name="tmp_3_fu_355">
<pin_list>
<pin id="356" dir="0" index="0" bw="23" slack="1"/>
<pin id="357" dir="0" index="1" bw="16" slack="0"/>
<pin id="358" dir="1" index="2" bw="23" slack="0"/>
</pin_list>
<bind>
<opcode="add(8) " fcode="add"/>
<opset="tmp_3/4 "/>
</bind>
</comp>

<comp id="360" class="1004" name="tmp_3_cast_fu_360">
<pin_list>
<pin id="361" dir="0" index="0" bw="23" slack="0"/>
<pin id="362" dir="1" index="1" bw="64" slack="0"/>
</pin_list>
<bind>
<opcode="zext(34) " fcode="zext"/>
<opset="tmp_3_cast/4 "/>
</bind>
</comp>

<comp id="367" class="1004" name="tmp_6_i_cast_fu_367">
<pin_list>
<pin id="368" dir="0" index="0" bw="8" slack="1"/>
<pin id="369" dir="1" index="1" bw="15" slack="0"/>
</pin_list>
<bind>
<opcode="zext(34) " fcode="zext"/>
<opset="tmp_6_i_cast/8 "/>
</bind>
</comp>

<comp id="370" class="1004" name="grp_fu_370">
<pin_list>
<pin id="371" dir="0" index="0" bw="8" slack="6"/>
<pin id="372" dir="0" index="1" bw="8" slack="0"/>
<pin id="373" dir="1" index="2" bw="15" slack="0"/>
</pin_list>
<bind>
<opcode="mul(12) " fcode="mul"/>
<opset="tmp_7_i/8 "/>
</bind>
</comp>

<comp id="375" class="1004" name="tmp_9_i_cast_fu_375">
<pin_list>
<pin id="376" dir="0" index="0" bw="8" slack="1"/>
<pin id="377" dir="1" index="1" bw="15" slack="0"/>
</pin_list>
<bind>
<opcode="zext(34) " fcode="zext"/>
<opset="tmp_9_i_cast/8 "/>
</bind>
</comp>

<comp id="378" class="1004" name="grp_fu_378">
<pin_list>
<pin id="379" dir="0" index="0" bw="8" slack="6"/>
<pin id="380" dir="0" index="1" bw="8" slack="0"/>
<pin id="381" dir="1" index="2" bw="15" slack="0"/>
</pin_list>
<bind>
<opcode="mul(12) " fcode="mul"/>
<opset="tmp_i/8 "/>
</bind>
</comp>

<comp id="383" class="1004" name="tmp_4_i_cast_fu_383">
<pin_list>
<pin id="384" dir="0" index="0" bw="8" slack="1"/>
<pin id="385" dir="1" index="1" bw="15" slack="0"/>
</pin_list>
<bind>
<opcode="zext(34) " fcode="zext"/>
<opset="tmp_4_i_cast/8 "/>
</bind>
</comp>

<comp id="386" class="1004" name="grp_fu_386">
<pin_list>
<pin id="387" dir="0" index="0" bw="8" slack="6"/>
<pin id="388" dir="0" index="1" bw="8" slack="0"/>
<pin id="389" dir="1" index="2" bw="15" slack="0"/>
</pin_list>
<bind>
<opcode="mul(12) " fcode="mul"/>
<opset="tmp_8_i/8 "/>
</bind>
</comp>

<comp id="391" class="1004" name="tmp_10_i_fu_391">
<pin_list>
<pin id="392" dir="0" index="0" bw="8" slack="0"/>
<pin id="393" dir="0" index="1" bw="15" slack="0"/>
<pin id="394" dir="0" index="2" bw="4" slack="0"/>
<pin id="395" dir="0" index="3" bw="5" slack="0"/>
<pin id="396" dir="1" index="4" bw="8" slack="1"/>
</pin_list>
<bind>
<opcode="partselect(1002) " fcode="partselect"/>
<opset="tmp_10_i/10 "/>
</bind>
</comp>

<comp id="401" class="1004" name="tmp_11_i_fu_401">
<pin_list>
<pin id="402" dir="0" index="0" bw="8" slack="0"/>
<pin id="403" dir="0" index="1" bw="15" slack="0"/>
<pin id="404" dir="0" index="2" bw="4" slack="0"/>
<pin id="405" dir="0" index="3" bw="5" slack="0"/>
<pin id="406" dir="1" index="4" bw="8" slack="1"/>
</pin_list>
<bind>
<opcode="partselect(1002) " fcode="partselect"/>
<opset="tmp_11_i/10 "/>
</bind>
</comp>

<comp id="411" class="1004" name="tmp_12_i_fu_411">
<pin_list>
<pin id="412" dir="0" index="0" bw="8" slack="0"/>
<pin id="413" dir="0" index="1" bw="15" slack="0"/>
<pin id="414" dir="0" index="2" bw="4" slack="0"/>
<pin id="415" dir="0" index="3" bw="5" slack="0"/>
<pin id="416" dir="1" index="4" bw="8" slack="1"/>
</pin_list>
<bind>
<opcode="partselect(1002) " fcode="partselect"/>
<opset="tmp_12_i/10 "/>
</bind>
</comp>

<comp id="421" class="1004" name="out_width_ret_fu_421">
<pin_list>
<pin id="422" dir="0" index="0" bw="32" slack="0"/>
<pin id="423" dir="1" index="1" bw="16" slack="0"/>
</pin_list>
<bind>
<opcode="extractvalue(56) " fcode="extractvalue"/>
<opset="out_width_ret/13 "/>
</bind>
</comp>

<comp id="426" class="1004" name="out_height_ret_fu_426">
<pin_list>
<pin id="427" dir="0" index="0" bw="32" slack="0"/>
<pin id="428" dir="1" index="1" bw="16" slack="0"/>
</pin_list>
<bind>
<opcode="extractvalue(56) " fcode="extractvalue"/>
<opset="out_height_ret/13 "/>
</bind>
</comp>

<comp id="431" class="1005" name="in_width_read_reg_431">
<pin_list>
<pin id="432" dir="0" index="0" bw="16" slack="1"/>
<pin id="433" dir="1" index="1" bw="16" slack="1"/>
</pin_list>
<bind>
<opset="in_width_read "/>
</bind>
</comp>

<comp id="436" class="1005" name="in_height_read_reg_436">
<pin_list>
<pin id="437" dir="0" index="0" bw="16" slack="1"/>
<pin id="438" dir="1" index="1" bw="16" slack="1"/>
</pin_list>
<bind>
<opset="in_height_read "/>
</bind>
</comp>

<comp id="441" class="1005" name="p_yuv_width_reg_441">
<pin_list>
<pin id="442" dir="0" index="0" bw="16" slack="1"/>
<pin id="443" dir="1" index="1" bw="16" slack="1"/>
</pin_list>
<bind>
<opset="p_yuv_width "/>
</bind>
</comp>

<comp id="447" class="1005" name="p_yuv_height_reg_447">
<pin_list>
<pin id="448" dir="0" index="0" bw="16" slack="1"/>
<pin id="449" dir="1" index="1" bw="16" slack="1"/>
</pin_list>
<bind>
<opset="p_yuv_height "/>
</bind>
</comp>

<comp id="453" class="1005" name="tmp_i_cast_reg_453">
<pin_list>
<pin id="454" dir="0" index="0" bw="15" slack="6"/>
<pin id="455" dir="1" index="1" bw="15" slack="6"/>
</pin_list>
<bind>
<opset="tmp_i_cast "/>
</bind>
</comp>

<comp id="458" class="1005" name="tmp_1_i_cast_reg_458">
<pin_list>
<pin id="459" dir="0" index="0" bw="15" slack="6"/>
<pin id="460" dir="1" index="1" bw="15" slack="6"/>
</pin_list>
<bind>
<opset="tmp_1_i_cast "/>
</bind>
</comp>

<comp id="463" class="1005" name="tmp_2_i_cast_reg_463">
<pin_list>
<pin id="464" dir="0" index="0" bw="15" slack="6"/>
<pin id="465" dir="1" index="1" bw="15" slack="6"/>
</pin_list>
<bind>
<opset="tmp_2_i_cast "/>
</bind>
</comp>

<comp id="471" class="1005" name="x_reg_471">
<pin_list>
<pin id="472" dir="0" index="0" bw="16" slack="0"/>
<pin id="473" dir="1" index="1" bw="16" slack="0"/>
</pin_list>
<bind>
<opset="x "/>
</bind>
</comp>

<comp id="476" class="1005" name="tmp_2_reg_476">
<pin_list>
<pin id="477" dir="0" index="0" bw="23" slack="1"/>
<pin id="478" dir="1" index="1" bw="23" slack="1"/>
</pin_list>
<bind>
<opset="tmp_2 "/>
</bind>
</comp>

<comp id="484" class="1005" name="y_reg_484">
<pin_list>
<pin id="485" dir="0" index="0" bw="16" slack="0"/>
<pin id="486" dir="1" index="1" bw="16" slack="0"/>
</pin_list>
<bind>
<opset="y "/>
</bind>
</comp>

<comp id="489" class="1005" name="tmp_3_cast_reg_489">
<pin_list>
<pin id="490" dir="0" index="0" bw="64" slack="7"/>
<pin id="491" dir="1" index="1" bw="64" slack="7"/>
</pin_list>
<bind>
<opset="tmp_3_cast "/>
</bind>
</comp>

<comp id="496" class="1005" name="yuv_channels_ch2_add_reg_496">
<pin_list>
<pin id="497" dir="0" index="0" bw="22" slack="1"/>
<pin id="498" dir="1" index="1" bw="22" slack="1"/>
</pin_list>
<bind>
<opset="yuv_channels_ch2_add "/>
</bind>
</comp>

<comp id="501" class="1005" name="yuv_channels_ch3_add_reg_501">
<pin_list>
<pin id="502" dir="0" index="0" bw="22" slack="1"/>
<pin id="503" dir="1" index="1" bw="22" slack="1"/>
</pin_list>
<bind>
<opset="yuv_channels_ch3_add "/>
</bind>
</comp>

<comp id="506" class="1005" name="yuv_channels_ch1_add_reg_506">
<pin_list>
<pin id="507" dir="0" index="0" bw="22" slack="1"/>
<pin id="508" dir="1" index="1" bw="22" slack="1"/>
</pin_list>
<bind>
<opset="yuv_channels_ch1_add "/>
</bind>
</comp>

<comp id="511" class="1005" name="Y_reg_511">
<pin_list>
<pin id="512" dir="0" index="0" bw="8" slack="1"/>
<pin id="513" dir="1" index="1" bw="8" slack="1"/>
</pin_list>
<bind>
<opset="Y "/>
</bind>
</comp>

<comp id="516" class="1005" name="U_reg_516">
<pin_list>
<pin id="517" dir="0" index="0" bw="8" slack="1"/>
<pin id="518" dir="1" index="1" bw="8" slack="1"/>
</pin_list>
<bind>
<opset="U "/>
</bind>
</comp>

<comp id="521" class="1005" name="V_reg_521">
<pin_list>
<pin id="522" dir="0" index="0" bw="8" slack="1"/>
<pin id="523" dir="1" index="1" bw="8" slack="1"/>
</pin_list>
<bind>
<opset="V "/>
</bind>
</comp>

<comp id="526" class="1005" name="tmp_6_i_cast_reg_526">
<pin_list>
<pin id="527" dir="0" index="0" bw="15" slack="1"/>
<pin id="528" dir="1" index="1" bw="15" slack="1"/>
</pin_list>
<bind>
<opset="tmp_6_i_cast "/>
</bind>
</comp>

<comp id="531" class="1005" name="tmp_9_i_cast_reg_531">
<pin_list>
<pin id="532" dir="0" index="0" bw="15" slack="1"/>
<pin id="533" dir="1" index="1" bw="15" slack="1"/>
</pin_list>
<bind>
<opset="tmp_9_i_cast "/>
</bind>
</comp>

<comp id="536" class="1005" name="tmp_4_i_cast_reg_536">
<pin_list>
<pin id="537" dir="0" index="0" bw="15" slack="1"/>
<pin id="538" dir="1" index="1" bw="15" slack="1"/>
</pin_list>
<bind>
<opset="tmp_4_i_cast "/>
</bind>
</comp>

<comp id="541" class="1005" name="tmp_10_i_reg_541">
<pin_list>
<pin id="542" dir="0" index="0" bw="8" slack="1"/>
<pin id="543" dir="1" index="1" bw="8" slack="1"/>
</pin_list>
<bind>
<opset="tmp_10_i "/>
</bind>
</comp>

<comp id="546" class="1005" name="tmp_11_i_reg_546">
<pin_list>
<pin id="547" dir="0" index="0" bw="8" slack="1"/>
<pin id="548" dir="1" index="1" bw="8" slack="1"/>
</pin_list>
<bind>
<opset="tmp_11_i "/>
</bind>
</comp>

<comp id="551" class="1005" name="tmp_12_i_reg_551">
<pin_list>
<pin id="552" dir="0" index="0" bw="8" slack="1"/>
<pin id="553" dir="1" index="1" bw="8" slack="1"/>
</pin_list>
<bind>
<opset="tmp_12_i "/>
</bind>
</comp>

<comp id="556" class="1005" name="scale_channels_ch3_a_reg_556">
<pin_list>
<pin id="557" dir="0" index="0" bw="22" slack="1"/>
<pin id="558" dir="1" index="1" bw="22" slack="1"/>
</pin_list>
<bind>
<opset="scale_channels_ch3_a "/>
</bind>
</comp>

<comp id="561" class="1005" name="scale_channels_ch1_a_reg_561">
<pin_list>
<pin id="562" dir="0" index="0" bw="22" slack="1"/>
<pin id="563" dir="1" index="1" bw="22" slack="1"/>
</pin_list>
<bind>
<opset="scale_channels_ch1_a "/>
</bind>
</comp>

<comp id="566" class="1005" name="scale_channels_ch2_a_reg_566">
<pin_list>
<pin id="567" dir="0" index="0" bw="22" slack="1"/>
<pin id="568" dir="1" index="1" bw="22" slack="1"/>
</pin_list>
<bind>
<opset="scale_channels_ch2_a "/>
</bind>
</comp>

</comp_list>

<net_list>
<net id="91"><net_src comp="26" pin="0"/><net_sink comp="88" pin=0"/></net>

<net id="95"><net_src comp="26" pin="0"/><net_sink comp="92" pin=0"/></net>

<net id="99"><net_src comp="26" pin="0"/><net_sink comp="96" pin=0"/></net>

<net id="103"><net_src comp="26" pin="0"/><net_sink comp="100" pin=0"/></net>

<net id="107"><net_src comp="26" pin="0"/><net_sink comp="104" pin=0"/></net>

<net id="111"><net_src comp="26" pin="0"/><net_sink comp="108" pin=0"/></net>

<net id="116"><net_src comp="28" pin="0"/><net_sink comp="112" pin=0"/></net>

<net id="117"><net_src comp="6" pin="0"/><net_sink comp="112" pin=1"/></net>

<net id="122"><net_src comp="28" pin="0"/><net_sink comp="118" pin=0"/></net>

<net id="123"><net_src comp="8" pin="0"/><net_sink comp="118" pin=1"/></net>

<net id="128"><net_src comp="38" pin="0"/><net_sink comp="124" pin=0"/></net>

<net id="129"><net_src comp="24" pin="0"/><net_sink comp="124" pin=1"/></net>

<net id="134"><net_src comp="38" pin="0"/><net_sink comp="130" pin=0"/></net>

<net id="135"><net_src comp="22" pin="0"/><net_sink comp="130" pin=1"/></net>

<net id="140"><net_src comp="38" pin="0"/><net_sink comp="136" pin=0"/></net>

<net id="141"><net_src comp="20" pin="0"/><net_sink comp="136" pin=1"/></net>

<net id="147"><net_src comp="86" pin="0"/><net_sink comp="142" pin=0"/></net>

<net id="148"><net_src comp="16" pin="0"/><net_sink comp="142" pin=1"/></net>

<net id="154"><net_src comp="86" pin="0"/><net_sink comp="149" pin=0"/></net>

<net id="155"><net_src comp="18" pin="0"/><net_sink comp="149" pin=1"/></net>

<net id="161"><net_src comp="70" pin="0"/><net_sink comp="156" pin=1"/></net>

<net id="167"><net_src comp="70" pin="0"/><net_sink comp="162" pin=1"/></net>

<net id="173"><net_src comp="70" pin="0"/><net_sink comp="168" pin=1"/></net>

<net id="178"><net_src comp="168" pin="3"/><net_sink comp="174" pin=0"/></net>

<net id="183"><net_src comp="156" pin="3"/><net_sink comp="179" pin=0"/></net>

<net id="188"><net_src comp="162" pin="3"/><net_sink comp="184" pin=0"/></net>

<net id="194"><net_src comp="70" pin="0"/><net_sink comp="189" pin=1"/></net>

<net id="200"><net_src comp="70" pin="0"/><net_sink comp="195" pin=1"/></net>

<net id="206"><net_src comp="70" pin="0"/><net_sink comp="201" pin=1"/></net>

<net id="211"><net_src comp="195" pin="3"/><net_sink comp="207" pin=0"/></net>

<net id="216"><net_src comp="201" pin="3"/><net_sink comp="212" pin=0"/></net>

<net id="221"><net_src comp="189" pin="3"/><net_sink comp="217" pin=0"/></net>

<net id="225"><net_src comp="40" pin="0"/><net_sink comp="222" pin=0"/></net>

<net id="232"><net_src comp="222" pin="1"/><net_sink comp="226" pin=0"/></net>

<net id="236"><net_src comp="40" pin="0"/><net_sink comp="233" pin=0"/></net>

<net id="243"><net_src comp="233" pin="1"/><net_sink comp="237" pin=0"/></net>

<net id="255"><net_src comp="30" pin="0"/><net_sink comp="244" pin=0"/></net>

<net id="256"><net_src comp="0" pin="0"/><net_sink comp="244" pin=1"/></net>

<net id="257"><net_src comp="2" pin="0"/><net_sink comp="244" pin=2"/></net>

<net id="258"><net_src comp="4" pin="0"/><net_sink comp="244" pin=3"/></net>

<net id="259"><net_src comp="112" pin="2"/><net_sink comp="244" pin=4"/></net>

<net id="260"><net_src comp="118" pin="2"/><net_sink comp="244" pin=5"/></net>

<net id="261"><net_src comp="88" pin="1"/><net_sink comp="244" pin=6"/></net>

<net id="262"><net_src comp="92" pin="1"/><net_sink comp="244" pin=7"/></net>

<net id="263"><net_src comp="96" pin="1"/><net_sink comp="244" pin=8"/></net>

<net id="275"><net_src comp="68" pin="0"/><net_sink comp="264" pin=0"/></net>

<net id="276"><net_src comp="10" pin="0"/><net_sink comp="264" pin=6"/></net>

<net id="277"><net_src comp="12" pin="0"/><net_sink comp="264" pin=7"/></net>

<net id="278"><net_src comp="14" pin="0"/><net_sink comp="264" pin=8"/></net>

<net id="282"><net_src comp="244" pin="9"/><net_sink comp="279" pin=0"/></net>

<net id="286"><net_src comp="244" pin="9"/><net_sink comp="283" pin=0"/></net>

<net id="290"><net_src comp="136" pin="2"/><net_sink comp="287" pin=0"/></net>

<net id="294"><net_src comp="130" pin="2"/><net_sink comp="291" pin=0"/></net>

<net id="298"><net_src comp="124" pin="2"/><net_sink comp="295" pin=0"/></net>

<net id="303"><net_src comp="226" pin="4"/><net_sink comp="299" pin=0"/></net>

<net id="308"><net_src comp="226" pin="4"/><net_sink comp="304" pin=0"/></net>

<net id="309"><net_src comp="42" pin="0"/><net_sink comp="304" pin=1"/></net>

<net id="313"><net_src comp="226" pin="4"/><net_sink comp="310" pin=0"/></net>

<net id="319"><net_src comp="60" pin="0"/><net_sink comp="314" pin=0"/></net>

<net id="320"><net_src comp="310" pin="1"/><net_sink comp="314" pin=1"/></net>

<net id="321"><net_src comp="62" pin="0"/><net_sink comp="314" pin=2"/></net>

<net id="325"><net_src comp="226" pin="4"/><net_sink comp="322" pin=0"/></net>

<net id="331"><net_src comp="64" pin="0"/><net_sink comp="326" pin=0"/></net>

<net id="332"><net_src comp="322" pin="1"/><net_sink comp="326" pin=1"/></net>

<net id="333"><net_src comp="66" pin="0"/><net_sink comp="326" pin=2"/></net>

<net id="338"><net_src comp="314" pin="3"/><net_sink comp="334" pin=0"/></net>

<net id="339"><net_src comp="326" pin="3"/><net_sink comp="334" pin=1"/></net>

<net id="344"><net_src comp="237" pin="4"/><net_sink comp="340" pin=0"/></net>

<net id="349"><net_src comp="237" pin="4"/><net_sink comp="345" pin=0"/></net>

<net id="350"><net_src comp="42" pin="0"/><net_sink comp="345" pin=1"/></net>

<net id="354"><net_src comp="237" pin="4"/><net_sink comp="351" pin=0"/></net>

<net id="359"><net_src comp="351" pin="1"/><net_sink comp="355" pin=1"/></net>

<net id="363"><net_src comp="355" pin="2"/><net_sink comp="360" pin=0"/></net>

<net id="364"><net_src comp="360" pin="1"/><net_sink comp="156" pin=2"/></net>

<net id="365"><net_src comp="360" pin="1"/><net_sink comp="162" pin=2"/></net>

<net id="366"><net_src comp="360" pin="1"/><net_sink comp="168" pin=2"/></net>

<net id="374"><net_src comp="367" pin="1"/><net_sink comp="370" pin=1"/></net>

<net id="382"><net_src comp="375" pin="1"/><net_sink comp="378" pin=1"/></net>

<net id="390"><net_src comp="383" pin="1"/><net_sink comp="386" pin=1"/></net>

<net id="397"><net_src comp="74" pin="0"/><net_sink comp="391" pin=0"/></net>

<net id="398"><net_src comp="370" pin="2"/><net_sink comp="391" pin=1"/></net>

<net id="399"><net_src comp="76" pin="0"/><net_sink comp="391" pin=2"/></net>

<net id="400"><net_src comp="78" pin="0"/><net_sink comp="391" pin=3"/></net>

<net id="407"><net_src comp="74" pin="0"/><net_sink comp="401" pin=0"/></net>

<net id="408"><net_src comp="378" pin="2"/><net_sink comp="401" pin=1"/></net>

<net id="409"><net_src comp="76" pin="0"/><net_sink comp="401" pin=2"/></net>

<net id="410"><net_src comp="78" pin="0"/><net_sink comp="401" pin=3"/></net>

<net id="417"><net_src comp="74" pin="0"/><net_sink comp="411" pin=0"/></net>

<net id="418"><net_src comp="386" pin="2"/><net_sink comp="411" pin=1"/></net>

<net id="419"><net_src comp="76" pin="0"/><net_sink comp="411" pin=2"/></net>

<net id="420"><net_src comp="78" pin="0"/><net_sink comp="411" pin=3"/></net>

<net id="424"><net_src comp="264" pin="9"/><net_sink comp="421" pin=0"/></net>

<net id="425"><net_src comp="421" pin="1"/><net_sink comp="142" pin=2"/></net>

<net id="429"><net_src comp="264" pin="9"/><net_sink comp="426" pin=0"/></net>

<net id="430"><net_src comp="426" pin="1"/><net_sink comp="149" pin=2"/></net>

<net id="434"><net_src comp="112" pin="2"/><net_sink comp="431" pin=0"/></net>

<net id="435"><net_src comp="431" pin="1"/><net_sink comp="244" pin=4"/></net>

<net id="439"><net_src comp="118" pin="2"/><net_sink comp="436" pin=0"/></net>

<net id="440"><net_src comp="436" pin="1"/><net_sink comp="244" pin=5"/></net>

<net id="444"><net_src comp="279" pin="1"/><net_sink comp="441" pin=0"/></net>

<net id="445"><net_src comp="441" pin="1"/><net_sink comp="299" pin=1"/></net>

<net id="446"><net_src comp="441" pin="1"/><net_sink comp="264" pin=4"/></net>

<net id="450"><net_src comp="283" pin="1"/><net_sink comp="447" pin=0"/></net>

<net id="451"><net_src comp="447" pin="1"/><net_sink comp="264" pin=5"/></net>

<net id="452"><net_src comp="447" pin="1"/><net_sink comp="340" pin=1"/></net>

<net id="456"><net_src comp="287" pin="1"/><net_sink comp="453" pin=0"/></net>

<net id="457"><net_src comp="453" pin="1"/><net_sink comp="370" pin=0"/></net>

<net id="461"><net_src comp="291" pin="1"/><net_sink comp="458" pin=0"/></net>

<net id="462"><net_src comp="458" pin="1"/><net_sink comp="378" pin=0"/></net>

<net id="466"><net_src comp="295" pin="1"/><net_sink comp="463" pin=0"/></net>

<net id="467"><net_src comp="463" pin="1"/><net_sink comp="386" pin=0"/></net>

<net id="474"><net_src comp="304" pin="2"/><net_sink comp="471" pin=0"/></net>

<net id="475"><net_src comp="471" pin="1"/><net_sink comp="226" pin=2"/></net>

<net id="479"><net_src comp="334" pin="2"/><net_sink comp="476" pin=0"/></net>

<net id="480"><net_src comp="476" pin="1"/><net_sink comp="355" pin=0"/></net>

<net id="487"><net_src comp="345" pin="2"/><net_sink comp="484" pin=0"/></net>

<net id="488"><net_src comp="484" pin="1"/><net_sink comp="237" pin=2"/></net>

<net id="492"><net_src comp="360" pin="1"/><net_sink comp="489" pin=0"/></net>

<net id="493"><net_src comp="489" pin="1"/><net_sink comp="189" pin=2"/></net>

<net id="494"><net_src comp="489" pin="1"/><net_sink comp="195" pin=2"/></net>

<net id="495"><net_src comp="489" pin="1"/><net_sink comp="201" pin=2"/></net>

<net id="499"><net_src comp="156" pin="3"/><net_sink comp="496" pin=0"/></net>

<net id="500"><net_src comp="496" pin="1"/><net_sink comp="179" pin=0"/></net>

<net id="504"><net_src comp="162" pin="3"/><net_sink comp="501" pin=0"/></net>

<net id="505"><net_src comp="501" pin="1"/><net_sink comp="184" pin=0"/></net>

<net id="509"><net_src comp="168" pin="3"/><net_sink comp="506" pin=0"/></net>

<net id="510"><net_src comp="506" pin="1"/><net_sink comp="174" pin=0"/></net>

<net id="514"><net_src comp="174" pin="2"/><net_sink comp="511" pin=0"/></net>

<net id="515"><net_src comp="511" pin="1"/><net_sink comp="367" pin=0"/></net>

<net id="519"><net_src comp="179" pin="2"/><net_sink comp="516" pin=0"/></net>

<net id="520"><net_src comp="516" pin="1"/><net_sink comp="375" pin=0"/></net>

<net id="524"><net_src comp="184" pin="2"/><net_sink comp="521" pin=0"/></net>

<net id="525"><net_src comp="521" pin="1"/><net_sink comp="383" pin=0"/></net>

<net id="529"><net_src comp="367" pin="1"/><net_sink comp="526" pin=0"/></net>

<net id="530"><net_src comp="526" pin="1"/><net_sink comp="370" pin=1"/></net>

<net id="534"><net_src comp="375" pin="1"/><net_sink comp="531" pin=0"/></net>

<net id="535"><net_src comp="531" pin="1"/><net_sink comp="378" pin=1"/></net>

<net id="539"><net_src comp="383" pin="1"/><net_sink comp="536" pin=0"/></net>

<net id="540"><net_src comp="536" pin="1"/><net_sink comp="386" pin=1"/></net>

<net id="544"><net_src comp="391" pin="4"/><net_sink comp="541" pin=0"/></net>

<net id="545"><net_src comp="541" pin="1"/><net_sink comp="207" pin=1"/></net>

<net id="549"><net_src comp="401" pin="4"/><net_sink comp="546" pin=0"/></net>

<net id="550"><net_src comp="546" pin="1"/><net_sink comp="212" pin=1"/></net>

<net id="554"><net_src comp="411" pin="4"/><net_sink comp="551" pin=0"/></net>

<net id="555"><net_src comp="551" pin="1"/><net_sink comp="217" pin=1"/></net>

<net id="559"><net_src comp="189" pin="3"/><net_sink comp="556" pin=0"/></net>

<net id="560"><net_src comp="556" pin="1"/><net_sink comp="217" pin=0"/></net>

<net id="564"><net_src comp="195" pin="3"/><net_sink comp="561" pin=0"/></net>

<net id="565"><net_src comp="561" pin="1"/><net_sink comp="207" pin=0"/></net>

<net id="569"><net_src comp="201" pin="3"/><net_sink comp="566" pin=0"/></net>

<net id="570"><net_src comp="566" pin="1"/><net_sink comp="212" pin=0"/></net>

</net_list>

</model> 
---------------- Datapath Model END ------------------

* FSMD analyzer results:
  - Output states:
	Port: out_channels_ch1 | {3 13 }
	Port: out_channels_ch2 | {3 13 }
	Port: out_channels_ch3 | {3 13 }
	Port: out_width | {13 }
	Port: out_height | {13 }
 - Input state : 
	Port: yuv_filter : in_channels_ch1 | {1 2 }
	Port: yuv_filter : in_channels_ch2 | {1 2 }
	Port: yuv_filter : in_channels_ch3 | {1 2 }
	Port: yuv_filter : in_width | {1 }
	Port: yuv_filter : in_height | {1 }
	Port: yuv_filter : Y_scale | {2 }
	Port: yuv_filter : U_scale | {2 }
	Port: yuv_filter : V_scale | {2 }
  - Chain level:
	State 1
	State 2
		p_yuv_width : 1
		p_yuv_height : 1
	State 3
		exitcond1_i : 1
		x : 1
		StgValue_50 : 2
		tmp : 1
		p_shl_cast : 2
		tmp_1 : 1
		p_shl3_cast : 2
		tmp_2 : 3
	State 4
		exitcond_i : 1
		y : 1
		StgValue_64 : 2
		tmp_5_i_cast : 1
		tmp_3 : 2
		tmp_3_cast : 3
		yuv_channels_ch2_add : 4
		yuv_channels_ch3_add : 4
		yuv_channels_ch1_add : 4
		Y : 5
		U : 5
		V : 5
	State 5
	State 6
	State 7
	State 8
		tmp_7_i : 1
		tmp_i : 1
		tmp_8_i : 1
	State 9
	State 10
		tmp_10_i : 1
		tmp_11_i : 1
		tmp_12_i : 1
	State 11
		StgValue_103 : 1
		StgValue_104 : 1
		StgValue_105 : 1
	State 12
		empty : 1
	State 13
		out_width_ret : 1
		StgValue_116 : 2
		out_height_ret : 1
		StgValue_118 : 2


============================================================
+ Verbose Summary: Datapath Resource usage 
============================================================

* Functional unit list:
|----------|----------------------------|---------|---------|---------|---------|
| Operation|       Functional Unit      |  DSP48E |  Delay  |    FF   |   LUT   |
|----------|----------------------------|---------|---------|---------|---------|
|   call   |     grp_rgb2yuv_fu_244     |    3    |  22.997 |   626   |   599   |
|          |     grp_yuv2rgb_fu_264     |    3    |  17.69  |   552   |   443   |
|----------|----------------------------|---------|---------|---------|---------|
|          |         grp_fu_370         |    0    |    0    |    68   |    72   |
|    mul   |         grp_fu_378         |    0    |    0    |    68   |    72   |
|          |         grp_fu_386         |    0    |    0    |    68   |    72   |
|----------|----------------------------|---------|---------|---------|---------|
|          |          x_fu_304          |    0    |    0    |    0    |    23   |
|    add   |        tmp_2_fu_334        |    0    |    0    |    0    |    30   |
|          |          y_fu_345          |    0    |    0    |    0    |    23   |
|          |        tmp_3_fu_355        |    0    |    0    |    0    |    30   |
|----------|----------------------------|---------|---------|---------|---------|
|   icmp   |     exitcond1_i_fu_299     |    0    |    0    |    0    |    8    |
|          |      exitcond_i_fu_340     |    0    |    0    |    0    |    8    |
|----------|----------------------------|---------|---------|---------|---------|
|          |  in_width_read_read_fu_112 |    0    |    0    |    0    |    0    |
|          | in_height_read_read_fu_118 |    0    |    0    |    0    |    0    |
|   read   |  V_scale_read_read_fu_124  |    0    |    0    |    0    |    0    |
|          |  U_scale_read_read_fu_130  |    0    |    0    |    0    |    0    |
|          |  Y_scale_read_read_fu_136  |    0    |    0    |    0    |    0    |
|----------|----------------------------|---------|---------|---------|---------|
|   write  |  StgValue_116_write_fu_142 |    0    |    0    |    0    |    0    |
|          |  StgValue_118_write_fu_149 |    0    |    0    |    0    |    0    |
|----------|----------------------------|---------|---------|---------|---------|
|          |     p_yuv_width_fu_279     |    0    |    0    |    0    |    0    |
|extractvalue|     p_yuv_height_fu_283    |    0    |    0    |    0    |    0    |
|          |    out_width_ret_fu_421    |    0    |    0    |    0    |    0    |
|          |    out_height_ret_fu_426   |    0    |    0    |    0    |    0    |
|----------|----------------------------|---------|---------|---------|---------|
|          |      tmp_i_cast_fu_287     |    0    |    0    |    0    |    0    |
|          |     tmp_1_i_cast_fu_291    |    0    |    0    |    0    |    0    |
|          |     tmp_2_i_cast_fu_295    |    0    |    0    |    0    |    0    |
|   zext   |     tmp_5_i_cast_fu_351    |    0    |    0    |    0    |    0    |
|          |      tmp_3_cast_fu_360     |    0    |    0    |    0    |    0    |
|          |     tmp_6_i_cast_fu_367    |    0    |    0    |    0    |    0    |
|          |     tmp_9_i_cast_fu_375    |    0    |    0    |    0    |    0    |
|          |     tmp_4_i_cast_fu_383    |    0    |    0    |    0    |    0    |
|----------|----------------------------|---------|---------|---------|---------|
|   trunc  |         tmp_fu_310         |    0    |    0    |    0    |    0    |
|          |        tmp_1_fu_322        |    0    |    0    |    0    |    0    |
|----------|----------------------------|---------|---------|---------|---------|
|bitconcatenate|      p_shl_cast_fu_314     |    0    |    0    |    0    |    0    |
|          |     p_shl3_cast_fu_326     |    0    |    0    |    0    |    0    |
|----------|----------------------------|---------|---------|---------|---------|
|          |       tmp_10_i_fu_391      |    0    |    0    |    0    |    0    |
|partselect|       tmp_11_i_fu_401      |    0    |    0    |    0    |    0    |
|          |       tmp_12_i_fu_411      |    0    |    0    |    0    |    0    |
|----------|----------------------------|---------|---------|---------|---------|
|   Total  |                            |    6    |  40.687 |   1382  |   1380  |
|----------|----------------------------|---------|---------|---------|---------|

Memories:
+--------------------+--------+--------+--------+
|                    |  BRAM  |   FF   |   LUT  |
+--------------------+--------+--------+--------+
|p_scale_channels_ch1|  2048  |   16   |    0   |
|p_scale_channels_ch2|  2048  |   16   |    0   |
|p_scale_channels_ch3|  2048  |   16   |    0   |
| p_yuv_channels_ch1 |  2048  |   16   |    0   |
| p_yuv_channels_ch2 |  2048  |   16   |    0   |
| p_yuv_channels_ch3 |  2048  |   16   |    0   |
+--------------------+--------+--------+--------+
|        Total       |  12288 |   96   |    0   |
+--------------------+--------+--------+--------+

* Register list:
+----------------------------+--------+
|                            |   FF   |
+----------------------------+--------+
|          U_reg_516         |    8   |
|          V_reg_521         |    8   |
|          Y_reg_511         |    8   |
|   in_height_read_reg_436   |   16   |
|    in_width_read_reg_431   |   16   |
|    p_yuv_height_reg_447    |   16   |
|     p_yuv_width_reg_441    |   16   |
|scale_channels_ch1_a_reg_561|   22   |
|scale_channels_ch2_a_reg_566|   22   |
|scale_channels_ch3_a_reg_556|   22   |
|      tmp_10_i_reg_541      |    8   |
|      tmp_11_i_reg_546      |    8   |
|      tmp_12_i_reg_551      |    8   |
|    tmp_1_i_cast_reg_458    |   15   |
|    tmp_2_i_cast_reg_463    |   15   |
|        tmp_2_reg_476       |   23   |
|     tmp_3_cast_reg_489     |   64   |
|    tmp_4_i_cast_reg_536    |   15   |
|    tmp_6_i_cast_reg_526    |   15   |
|    tmp_9_i_cast_reg_531    |   15   |
|     tmp_i_cast_reg_453     |   15   |
|         x_i_reg_222        |   16   |
|          x_reg_471         |   16   |
|         y_i_reg_233        |   16   |
|          y_reg_484         |   16   |
|yuv_channels_ch1_add_reg_506|   22   |
|yuv_channels_ch2_add_reg_496|   22   |
|yuv_channels_ch3_add_reg_501|   22   |
+----------------------------+--------+
|            Total           |   485  |
+----------------------------+--------+

* Multiplexer (MUX) list: 
|--------------------|------|------|------|--------||---------||---------|
|        Comp        |  Pin | Size |  BW  | S x BW ||  Delay  ||   LUT   |
|--------------------|------|------|------|--------||---------||---------|
|  grp_access_fu_174 |  p0  |   2  |  22  |   44   ||    9    |
|  grp_access_fu_179 |  p0  |   2  |  22  |   44   ||    9    |
|  grp_access_fu_184 |  p0  |   2  |  22  |   44   ||    9    |
|  grp_access_fu_207 |  p0  |   2  |  22  |   44   ||    9    |
|  grp_access_fu_212 |  p0  |   2  |  22  |   44   ||    9    |
|  grp_access_fu_217 |  p0  |   2  |  22  |   44   ||    9    |
| grp_rgb2yuv_fu_244 |  p4  |   2  |  16  |   32   ||    9    |
| grp_rgb2yuv_fu_244 |  p5  |   2  |  16  |   32   ||    9    |
|     grp_fu_370     |  p1  |   2  |   8  |   16   ||    9    |
|     grp_fu_378     |  p1  |   2  |   8  |   16   ||    9    |
|     grp_fu_386     |  p1  |   2  |   8  |   16   ||    9    |
|--------------------|------|------|------|--------||---------||---------|
|        Total       |      |      |      |   376  ||  19.459 ||    99   |
|--------------------|------|------|------|--------||---------||---------|



* Summary:
+-----------+--------+--------+--------+--------+--------+
|           |  BRAM  | DSP48E |  Delay |   FF   |   LUT  |
+-----------+--------+--------+--------+--------+--------+
|  Function |    -   |    6   |   40   |  1382  |  1380  |
|   Memory  |  12288 |    -   |    -   |   96   |    0   |
|Multiplexer|    -   |    -   |   19   |    -   |   99   |
|  Register |    -   |    -   |    -   |   485  |    -   |
+-----------+--------+--------+--------+--------+--------+
|   Total   |  12288 |    6   |   60   |  1963  |  1479  |
+-----------+--------+--------+--------+--------+--------+
