==============================================================
File generated by Vivado(TM) HLS - High-Level Synthesis from C, C++ and SystemC
Version: 2017.1
Copyright (C) 1986-2017 Xilinx, Inc. All Rights Reserved.

==============================================================

INFO: [SYN 201-201] Setting up clock 'default' with a period of 8ns.
INFO: [HLS 200-10] Setting target device to 'xc7z010clg400-1'
INFO: [HLS 200-10] Analyzing design file 'yuv_filter.c' ... 
INFO: [HLS 200-10] Validating synthesis directives ...
INFO: [HLS 200-111] Finished Checking Pragmas Time (s): cpu = 00:00:04 ; elapsed = 00:00:03 . Memory (MB): peak = 325.777 ; gain = 12.582 ; free physical = 214 ; free virtual = 4805
INFO: [HLS 200-111] Finished Linking Time (s): cpu = 00:00:04 ; elapsed = 00:00:03 . Memory (MB): peak = 325.777 ; gain = 12.582 ; free physical = 211 ; free virtual = 4805
INFO: [HLS 200-10] Starting code transformations ...
INFO: [HLS 200-111] Finished Standard Transforms Time (s): cpu = 00:00:04 ; elapsed = 00:00:03 . Memory (MB): peak = 325.777 ; gain = 12.582 ; free physical = 203 ; free virtual = 4806
INFO: [HLS 200-10] Checking synthesizability ...
INFO: [HLS 200-111] Finished Checking Synthesizability Time (s): cpu = 00:00:04 ; elapsed = 00:00:03 . Memory (MB): peak = 325.777 ; gain = 12.582 ; free physical = 203 ; free virtual = 4806
INFO: [XFORM 203-602] Inlining function 'yuv_scale' into 'yuv_filter' (yuv_filter.c:24) automatically.
INFO: [XFORM 203-401] Performing if-conversion on hyperblock from (yuv_filter.c:92:33) to (yuv_filter.c:92:27) in function 'yuv2rgb'... converting 7 basic blocks.
INFO: [XFORM 203-11] Balancing expressions in function 'rgb2yuv' (yuv_filter.c:30)...11 expression(s) balanced.
INFO: [HLS 200-111] Finished Pre-synthesis Time (s): cpu = 00:00:04 ; elapsed = 00:00:03 . Memory (MB): peak = 453.777 ; gain = 140.582 ; free physical = 183 ; free virtual = 4787
INFO: [HLS 200-111] Finished Architecture Synthesis Time (s): cpu = 00:00:05 ; elapsed = 00:00:04 . Memory (MB): peak = 453.777 ; gain = 140.582 ; free physical = 172 ; free virtual = 4777
INFO: [HLS 200-10] Starting hardware synthesis ...
INFO: [HLS 200-10] Synthesizing 'yuv_filter' ...
INFO: [HLS 200-10] ----------------------------------------------------------------
INFO: [HLS 200-10] -- Implementing module 'rgb2yuv' 
INFO: [HLS 200-10] ----------------------------------------------------------------
INFO: [SCHED 204-11] Starting scheduling ...
WARNING: [SCHED 204-21] Estimated clock period (9.34ns) exceeds the target (target clock period: 8ns, clock uncertainty: 1ns, effective delay budget: 7ns).
WARNING: [SCHED 204-21] The critical path consists of the following:
	'mul' operation ('tmp_34', yuv_filter.c:59) (3.36 ns)
	'add' operation ('tmp7', yuv_filter.c:59) (3.02 ns)
	'add' operation ('tmp_36', yuv_filter.c:59) (2.96 ns)
INFO: [SCHED 204-11] Finished scheduling.
INFO: [HLS 200-111]  Elapsed time: 3.68 seconds; current allocated memory: 79.953 MB.
INFO: [BIND 205-100] Starting micro-architecture generation ...
INFO: [BIND 205-101] Performing variable lifetime analysis.
INFO: [BIND 205-101] Exploring resource sharing.
INFO: [BIND 205-101] Binding ...
INFO: [BIND 205-100] Finished micro-architecture generation.
INFO: [HLS 200-111]  Elapsed time: 0.06 seconds; current allocated memory: 80.367 MB.
INFO: [HLS 200-10] ----------------------------------------------------------------
INFO: [HLS 200-10] -- Implementing module 'yuv2rgb' 
INFO: [HLS 200-10] ----------------------------------------------------------------
INFO: [SCHED 204-11] Starting scheduling ...
WARNING: [SCHED 204-21] Estimated clock period (9.4ns) exceeds the target (target clock period: 8ns, clock uncertainty: 1ns, effective delay budget: 7ns).
WARNING: [SCHED 204-21] The critical path consists of the following:
	'mul' operation ('tmp_12', yuv_filter.c:101) (3.36 ns)
	'add' operation ('tmp1', yuv_filter.c:101) (3.02 ns)
	'add' operation ('tmp_14', yuv_filter.c:101) (3.02 ns)
INFO: [SCHED 204-11] Finished scheduling.
INFO: [HLS 200-111]  Elapsed time: 0.16 seconds; current allocated memory: 80.746 MB.
INFO: [BIND 205-100] Starting micro-architecture generation ...
INFO: [BIND 205-101] Performing variable lifetime analysis.
INFO: [BIND 205-101] Exploring resource sharing.
INFO: [BIND 205-101] Binding ...
INFO: [BIND 205-100] Finished micro-architecture generation.
INFO: [HLS 200-111]  Elapsed time: 0.06 seconds; current allocated memory: 81.108 MB.
INFO: [HLS 200-10] ----------------------------------------------------------------
INFO: [HLS 200-10] -- Implementing module 'yuv_filter' 
INFO: [HLS 200-10] ----------------------------------------------------------------
INFO: [SCHED 204-11] Starting scheduling ...
INFO: [SCHED 204-11] Finished scheduling.
INFO: [HLS 200-111]  Elapsed time: 0.14 seconds; current allocated memory: 81.444 MB.
INFO: [BIND 205-100] Starting micro-architecture generation ...
INFO: [BIND 205-101] Performing variable lifetime analysis.
INFO: [BIND 205-101] Exploring resource sharing.
INFO: [BIND 205-101] Binding ...
INFO: [BIND 205-100] Finished micro-architecture generation.
INFO: [HLS 200-111]  Elapsed time: 0.15 seconds; current allocated memory: 81.780 MB.
INFO: [HLS 200-10] ----------------------------------------------------------------
INFO: [HLS 200-10] -- Generating RTL for module 'rgb2yuv' 
INFO: [HLS 200-10] ----------------------------------------------------------------
INFO: [SYN 201-210] Renamed object name 'yuv_filter_mul_8ns_8s_16_3' to 'yuv_filter_mul_8nbkb' due to the length limit 20
INFO: [SYN 201-210] Renamed object name 'yuv_filter_mul_8ns_8ns_16_3' to 'yuv_filter_mul_8ncud' due to the length limit 20
INFO: [SYN 201-210] Renamed object name 'yuv_filter_mac_muladd_8ns_6ns_9ns_13_1' to 'yuv_filter_mac_mudEe' due to the length limit 20
INFO: [SYN 201-210] Renamed object name 'yuv_filter_mac_muladd_8ns_7s_16ns_16_1' to 'yuv_filter_mac_mueOg' due to the length limit 20
INFO: [SYN 201-210] Renamed object name 'yuv_filter_mac_muladd_8ns_8s_16ns_16_1' to 'yuv_filter_mac_mufYi' due to the length limit 20
INFO: [RTGEN 206-100] Generating core module 'yuv_filter_mac_mudEe': 1 instance(s).
INFO: [RTGEN 206-100] Generating core module 'yuv_filter_mac_mueOg': 1 instance(s).
INFO: [RTGEN 206-100] Generating core module 'yuv_filter_mac_mufYi': 1 instance(s).
INFO: [RTGEN 206-100] Generating core module 'yuv_filter_mul_8nbkb': 1 instance(s).
INFO: [RTGEN 206-100] Generating core module 'yuv_filter_mul_8ncud': 1 instance(s).
INFO: [RTGEN 206-100] Finished creating RTL model for 'rgb2yuv'.
INFO: [HLS 200-111]  Elapsed time: 0.21 seconds; current allocated memory: 82.531 MB.
INFO: [HLS 200-10] ----------------------------------------------------------------
INFO: [HLS 200-10] -- Generating RTL for module 'yuv2rgb' 
INFO: [HLS 200-10] ----------------------------------------------------------------
INFO: [SYN 201-210] Renamed object name 'yuv_filter_mul_9s_8s_17_3' to 'yuv_filter_mul_9sg8j' due to the length limit 20
INFO: [SYN 201-210] Renamed object name 'yuv_filter_ama_addmuladd_5s_8ns_10ns_9ns_18_1' to 'yuv_filter_ama_adhbi' due to the length limit 20
INFO: [SYN 201-210] Renamed object name 'yuv_filter_mac_muladd_10ns_8s_18s_18_1' to 'yuv_filter_mac_muibs' due to the length limit 20
INFO: [SYN 201-210] Renamed object name 'yuv_filter_mac_muladd_8s_8s_17ns_17_1' to 'yuv_filter_mac_mujbC' due to the length limit 20
INFO: [RTGEN 206-100] Generating core module 'yuv_filter_ama_adhbi': 1 instance(s).
INFO: [RTGEN 206-100] Generating core module 'yuv_filter_mac_muibs': 1 instance(s).
INFO: [RTGEN 206-100] Generating core module 'yuv_filter_mac_mujbC': 1 instance(s).
INFO: [RTGEN 206-100] Generating core module 'yuv_filter_mul_9sg8j': 1 instance(s).
INFO: [RTGEN 206-100] Finished creating RTL model for 'yuv2rgb'.
INFO: [HLS 200-111]  Elapsed time: 0.25 seconds; current allocated memory: 84.567 MB.
INFO: [HLS 200-10] ----------------------------------------------------------------
INFO: [HLS 200-10] -- Generating RTL for module 'yuv_filter' 
INFO: [HLS 200-10] ----------------------------------------------------------------
INFO: [RTGEN 206-500] Setting interface mode on port 'yuv_filter/in_channels_ch1' to 'ap_memory'.
INFO: [RTGEN 206-500] Setting interface mode on port 'yuv_filter/in_channels_ch2' to 'ap_memory'.
INFO: [RTGEN 206-500] Setting interface mode on port 'yuv_filter/in_channels_ch3' to 'ap_memory'.
INFO: [RTGEN 206-500] Setting interface mode on port 'yuv_filter/in_width' to 'ap_none'.
INFO: [RTGEN 206-500] Setting interface mode on port 'yuv_filter/in_height' to 'ap_none'.
INFO: [RTGEN 206-500] Setting interface mode on port 'yuv_filter/out_channels_ch1' to 'ap_memory'.
INFO: [RTGEN 206-500] Setting interface mode on port 'yuv_filter/out_channels_ch2' to 'ap_memory'.
INFO: [RTGEN 206-500] Setting interface mode on port 'yuv_filter/out_channels_ch3' to 'ap_memory'.
INFO: [RTGEN 206-500] Setting interface mode on port 'yuv_filter/out_width' to 'ap_vld'.
INFO: [RTGEN 206-500] Setting interface mode on port 'yuv_filter/out_height' to 'ap_vld'.
INFO: [RTGEN 206-500] Setting interface mode on port 'yuv_filter/Y_scale' to 'ap_none'.
INFO: [RTGEN 206-500] Setting interface mode on port 'yuv_filter/U_scale' to 'ap_none'.
INFO: [RTGEN 206-500] Setting interface mode on port 'yuv_filter/V_scale' to 'ap_none'.
INFO: [RTGEN 206-500] Setting interface mode on function 'yuv_filter' to 'ap_ctrl_hs'.
INFO: [SYN 201-210] Renamed object name 'yuv_filter_p_yuv_channels_ch1' to 'yuv_filter_p_yuv_kbM' due to the length limit 20
INFO: [SYN 201-210] Renamed object name 'yuv_filter_p_yuv_channels_ch2' to 'yuv_filter_p_yuv_lbW' due to the length limit 20
INFO: [SYN 201-210] Renamed object name 'yuv_filter_p_yuv_channels_ch3' to 'yuv_filter_p_yuv_mb6' due to the length limit 20
INFO: [SYN 201-210] Renamed object name 'yuv_filter_p_scale_channels_ch1' to 'yuv_filter_p_scalncg' due to the length limit 20
INFO: [SYN 201-210] Renamed object name 'yuv_filter_p_scale_channels_ch2' to 'yuv_filter_p_scalocq' due to the length limit 20
INFO: [SYN 201-210] Renamed object name 'yuv_filter_p_scale_channels_ch3' to 'yuv_filter_p_scalpcA' due to the length limit 20
INFO: [SYN 201-210] Renamed object name 'yuv_filter_mul_8ns_8ns_15_3' to 'yuv_filter_mul_8nqcK' due to the length limit 20
INFO: [RTGEN 206-100] Generating core module 'yuv_filter_mul_8nqcK': 3 instance(s).
INFO: [RTGEN 206-100] Finished creating RTL model for 'yuv_filter'.
INFO: [HLS 200-111]  Elapsed time: 0.24 seconds; current allocated memory: 86.676 MB.
INFO: [RTMG 210-282] Generating pipelined core: 'yuv_filter_mul_8nbkb_Mul3S_0'
INFO: [RTMG 210-282] Generating pipelined core: 'yuv_filter_mul_8ncud_Mul3S_1'
INFO: [RTMG 210-282] Generating pipelined core: 'yuv_filter_mul_9sg8j_Mul3S_2'
INFO: [RTMG 210-282] Generating pipelined core: 'yuv_filter_mul_8nqcK_Mul3S_3'
INFO: [RTMG 210-278] Implementing memory 'yuv_filter_p_yuv_kbM_ram' using block RAMs.
INFO: [HLS 200-111] Finished generating all RTL models Time (s): cpu = 00:00:07 ; elapsed = 00:00:06 . Memory (MB): peak = 453.777 ; gain = 140.582 ; free physical = 153 ; free virtual = 4763
INFO: [SYSC 207-301] Generating SystemC RTL for yuv_filter.
INFO: [VHDL 208-304] Generating VHDL RTL for yuv_filter.
INFO: [VLOG 209-307] Generating Verilog RTL for yuv_filter.
INFO: [HLS 200-112] Total elapsed time: 5.93 seconds; peak allocated memory: 86.676 MB.
