

================================================================
== Vivado HLS Report for 'yuv_scale'
================================================================
* Date:           Thu May 13 18:22:39 2021

* Version:        2017.1 (Build 1846317 on Fri Apr 14 19:19:38 MDT 2017)
* Project:        yuv_filter.prj
* Solution:       solution2
* Product family: zynq
* Target device:  xc7z010clg400-1


================================================================
== Performance Estimates
================================================================
+ Timing (ns): 
    * Summary: 
    +--------+-------+----------+------------+
    |  Clock | Target| Estimated| Uncertainty|
    +--------+-------+----------+------------+
    |ap_clk  |   8.00|      6.38|        1.00|
    +--------+-------+----------+------------+

+ Latency (clock cycles): 
    * Summary: 
    +-------+---------+-------+---------+---------+
    |     Latency     |     Interval    | Pipeline|
    |  min  |   max   |  min  |   max   |   Type  |
    +-------+---------+-------+---------+---------+
    |  40011|  2457611|  40011|  2457611|   none  |
    +-------+---------+-------+---------+---------+

    + Detail: 
        * Instance: 
        N/A

        * Loop: 
        +-------------------------------------+-------+---------+----------+-----------+-----------+-----------------+----------+
        |                                     |     Latency     | Iteration|  Initiation Interval  |       Trip      |          |
        |              Loop Name              |  min  |   max   |  Latency |  achieved |   target  |      Count      | Pipelined|
        +-------------------------------------+-------+---------+----------+-----------+-----------+-----------------+----------+
        |- YUV_SCALE_LOOP_X_YUV_SCALE_LOOP_Y  |  40009|  2457609|        11|          1|          1| 40000 ~ 2457600 |    yes   |
        +-------------------------------------+-------+---------+----------+-----------+-----------+-----------------+----------+



================================================================
== Utilization Estimates
================================================================
* Summary: 
+-----------------+---------+-------+-------+-------+
|       Name      | BRAM_18K| DSP48E|   FF  |  LUT  |
+-----------------+---------+-------+-------+-------+
|DSP              |        -|      1|      -|      -|
|Expression       |        -|      -|      0|    191|
|FIFO             |        -|      -|      -|      -|
|Instance         |        -|      0|    204|    216|
|Memory           |        -|      -|      -|      -|
|Multiplexer      |        -|      -|      -|     84|
|Register         |        -|      -|    417|     64|
+-----------------+---------+-------+-------+-------+
|Total            |        0|      1|    621|    555|
+-----------------+---------+-------+-------+-------+
|Available        |      120|     80|  35200|  17600|
+-----------------+---------+-------+-------+-------+
|Utilization (%)  |        0|      1|      1|      3|
+-----------------+---------+-------+-------+-------+

+ Detail: 
    * Instance: 
    +--------------------------+----------------------+---------+-------+----+----+
    |         Instance         |        Module        | BRAM_18K| DSP48E| FF | LUT|
    +--------------------------+----------------------+---------+-------+----+----+
    |yuv_filter_mul_8nhbi_U15  |yuv_filter_mul_8nhbi  |        0|      0|  68|  72|
    |yuv_filter_mul_8nhbi_U16  |yuv_filter_mul_8nhbi  |        0|      0|  68|  72|
    |yuv_filter_mul_8nhbi_U17  |yuv_filter_mul_8nhbi  |        0|      0|  68|  72|
    +--------------------------+----------------------+---------+-------+----+----+
    |Total                     |                      |        0|      0| 204| 216|
    +--------------------------+----------------------+---------+-------+----+----+

    * DSP48: 
    +----------------------------+----------------------+-----------+
    |          Instance          |        Module        | Expression|
    +----------------------------+----------------------+-----------+
    |yuv_filter_mul_mudEe_x_U18  |yuv_filter_mul_mudEe  |  i0 * i1  |
    +----------------------------+----------------------+-----------+

    * Memory: 
    N/A

    * FIFO: 
    N/A

    * Expression: 
    +-------------------------------+----------+-------+---+----+------------+------------+
    |         Variable Name         | Operation| DSP48E| FF| LUT| Bitwidth P0| Bitwidth P1|
    +-------------------------------+----------+-------+---+----+------------+------------+
    |indvar_flatten_next_fu_236_p2  |     +    |      0|  0|  39|          32|           1|
    |tmp_3_fu_291_p2                |     +    |      0|  0|  23|          23|          23|
    |tmp_5_fu_300_p2                |     +    |      0|  0|  23|          23|          23|
    |x_1_fu_242_p2                  |     +    |      0|  0|  23|           1|          16|
    |y_1_fu_306_p2                  |     +    |      0|  0|  23|           1|          16|
    |exitcond3_fu_248_p2            |   icmp   |      0|  0|   8|          16|          16|
    |exitcond_flatten_fu_231_p2     |   icmp   |      0|  0|  16|          32|          32|
    |tmp_3_mid2_v_fu_261_p3         |  select  |      0|  0|  16|           1|          16|
    |y_mid2_fu_253_p3               |  select  |      0|  0|  16|           1|           1|
    |ap_enable_pp0                  |    xor   |      0|  0|   2|           1|           2|
    |ap_enable_reg_pp0_iter1        |    xor   |      0|  0|   2|           1|           2|
    +-------------------------------+----------+-------+---+----+------------+------------+
    |Total                          |          |      0|  0| 191|         132|         148|
    +-------------------------------+----------+-------+---+----+------------+------------+

    * Multiplexer: 
    +--------------------------+----+-----------+-----+-----------+
    |           Name           | LUT| Input Size| Bits| Total Bits|
    +--------------------------+----+-----------+-----+-----------+
    |ap_NS_fsm                 |  21|          4|    1|          4|
    |ap_enable_reg_pp0_iter1   |   9|          2|    1|          2|
    |ap_enable_reg_pp0_iter10  |   9|          2|    1|          2|
    |indvar_flatten_reg_178    |   9|          2|   32|         64|
    |x_phi_fu_193_p4           |   9|          2|   16|         32|
    |x_reg_189                 |   9|          2|   16|         32|
    |y_phi_fu_204_p4           |   9|          2|   16|         32|
    |y_reg_200                 |   9|          2|   16|         32|
    +--------------------------+----+-----------+-----+-----------+
    |Total                     |  84|         18|   99|        200|
    +--------------------------+----+-----------+-----+-----------+

    * Register: 
    +--------------------------+----+----+-----+-----------+
    |           Name           | FF | LUT| Bits| Const Bits|
    +--------------------------+----+----+-----+-----------+
    |U_reg_485                 |   8|   0|    8|          0|
    |V_reg_490                 |   8|   0|    8|          0|
    |Y_reg_480                 |   8|   0|    8|          0|
    |ap_CS_fsm                 |   3|   0|    3|          0|
    |ap_enable_reg_pp0_iter0   |   1|   0|    1|          0|
    |ap_enable_reg_pp0_iter1   |   1|   0|    1|          0|
    |ap_enable_reg_pp0_iter10  |   1|   0|    1|          0|
    |ap_enable_reg_pp0_iter2   |   1|   0|    1|          0|
    |ap_enable_reg_pp0_iter3   |   1|   0|    1|          0|
    |ap_enable_reg_pp0_iter4   |   1|   0|    1|          0|
    |ap_enable_reg_pp0_iter5   |   1|   0|    1|          0|
    |ap_enable_reg_pp0_iter6   |   1|   0|    1|          0|
    |ap_enable_reg_pp0_iter7   |   1|   0|    1|          0|
    |ap_enable_reg_pp0_iter8   |   1|   0|    1|          0|
    |ap_enable_reg_pp0_iter9   |   1|   0|    1|          0|
    |bound_reg_413             |  32|   0|   32|          0|
    |exitcond_flatten_reg_418  |   1|   0|    1|          0|
    |indvar_flatten_reg_178    |  32|   0|   32|          0|
    |tmp_10_cast_reg_458       |  23|   0|   64|         41|
    |tmp_1_cast_reg_403        |   8|   0|   15|          7|
    |tmp_1_reg_443             |  15|   0|   15|          0|
    |tmp_2_cast_reg_408        |   8|   0|   15|          7|
    |tmp_3_mid2_v_reg_433      |  16|   0|   16|          0|
    |tmp_4_reg_510             |   8|   0|    8|          0|
    |tmp_5_reg_448             |  23|   0|   23|          0|
    |tmp_6_reg_515             |   8|   0|    8|          0|
    |tmp_9_reg_520             |   8|   0|    8|          0|
    |tmp_cast_reg_398          |   8|   0|   15|          7|
    |tmp_reg_438               |  13|   0|   13|          0|
    |x_reg_189                 |  16|   0|   16|          0|
    |y_mid2_reg_427            |  16|   0|   16|          0|
    |y_reg_200                 |  16|   0|   16|          0|
    |exitcond_flatten_reg_418  |  64|  32|    1|          0|
    |tmp_10_cast_reg_458       |  64|  32|   64|         41|
    +--------------------------+----+----+-----+-----------+
    |Total                     | 417|  64|  416|        103|
    +--------------------------+----+----+-----+-----------+



================================================================
== Interface
================================================================
* Summary: 
+---------------------------+-----+-----+------------+------------------+--------------+
|         RTL Ports         | Dir | Bits|  Protocol  |   Source Object  |    C Type    |
+---------------------------+-----+-----+------------+------------------+--------------+
|ap_clk                     |  in |    1| ap_ctrl_hs |     yuv_scale    | return value |
|ap_rst                     |  in |    1| ap_ctrl_hs |     yuv_scale    | return value |
|ap_start                   |  in |    1| ap_ctrl_hs |     yuv_scale    | return value |
|ap_done                    | out |    1| ap_ctrl_hs |     yuv_scale    | return value |
|ap_idle                    | out |    1| ap_ctrl_hs |     yuv_scale    | return value |
|ap_ready                   | out |    1| ap_ctrl_hs |     yuv_scale    | return value |
|ap_return_0                | out |   16| ap_ctrl_hs |     yuv_scale    | return value |
|ap_return_1                | out |   16| ap_ctrl_hs |     yuv_scale    | return value |
|in_channels_ch1_address0   | out |   22|  ap_memory |  in_channels_ch1 |     array    |
|in_channels_ch1_ce0        | out |    1|  ap_memory |  in_channels_ch1 |     array    |
|in_channels_ch1_q0         |  in |    8|  ap_memory |  in_channels_ch1 |     array    |
|in_channels_ch2_address0   | out |   22|  ap_memory |  in_channels_ch2 |     array    |
|in_channels_ch2_ce0        | out |    1|  ap_memory |  in_channels_ch2 |     array    |
|in_channels_ch2_q0         |  in |    8|  ap_memory |  in_channels_ch2 |     array    |
|in_channels_ch3_address0   | out |   22|  ap_memory |  in_channels_ch3 |     array    |
|in_channels_ch3_ce0        | out |    1|  ap_memory |  in_channels_ch3 |     array    |
|in_channels_ch3_q0         |  in |    8|  ap_memory |  in_channels_ch3 |     array    |
|in_width_read              |  in |   16|   ap_none  |   in_width_read  |    scalar    |
|in_height_read             |  in |   16|   ap_none  |  in_height_read  |    scalar    |
|out_channels_ch1_address0  | out |   22|  ap_memory | out_channels_ch1 |     array    |
|out_channels_ch1_ce0       | out |    1|  ap_memory | out_channels_ch1 |     array    |
|out_channels_ch1_we0       | out |    1|  ap_memory | out_channels_ch1 |     array    |
|out_channels_ch1_d0        | out |    8|  ap_memory | out_channels_ch1 |     array    |
|out_channels_ch2_address0  | out |   22|  ap_memory | out_channels_ch2 |     array    |
|out_channels_ch2_ce0       | out |    1|  ap_memory | out_channels_ch2 |     array    |
|out_channels_ch2_we0       | out |    1|  ap_memory | out_channels_ch2 |     array    |
|out_channels_ch2_d0        | out |    8|  ap_memory | out_channels_ch2 |     array    |
|out_channels_ch3_address0  | out |   22|  ap_memory | out_channels_ch3 |     array    |
|out_channels_ch3_ce0       | out |    1|  ap_memory | out_channels_ch3 |     array    |
|out_channels_ch3_we0       | out |    1|  ap_memory | out_channels_ch3 |     array    |
|out_channels_ch3_d0        | out |    8|  ap_memory | out_channels_ch3 |     array    |
|Y_scale                    |  in |    8|   ap_none  |      Y_scale     |    scalar    |
|U_scale                    |  in |    8|   ap_none  |      U_scale     |    scalar    |
|V_scale                    |  in |    8|   ap_none  |      V_scale     |    scalar    |
+---------------------------+-----+-----+------------+------------------+--------------+

