INFO: [HLS 200-0] Workspace C:/Users/luisf/Documents/PROYECTOS/labs/lab4/fir.prj/solution1 opened at Sat May 29 09:02:43 +0200 2021
INFO: [HLS 200-100] Execute     config_clock -quiet -name default -period 8 -default=false 
INFO: [SYN 201-201] Setting up clock 'default' with a period of 8ns.
INFO: [HLS 200-100] Command     config_clock returned 0; 0 sec.
INFO: [HLS 200-100] Execute     open_platform DefaultPlatform 
INFO: [HLS 200-100] Command     open_platform returned 0; 0 sec.
INFO: [HLS 200-100] Execute     import_lib C:/Xilinx/Vivado_HLS/2017.2/common/technology/xilinx/zynq/zynq 
INFO: [HLS 200-100] Execute       source C:/Xilinx/Vivado_HLS/2017.2/common/technology/xilinx/common/xilinx.lib 
INFO: [HLS 200-100] Execute         source C:/Xilinx/Vivado_HLS/2017.2/common/technology/xilinx/interface/xilinx_interface.lib 
INFO: [HLS 200-100] Execute           source C:/Xilinx/Vivado_HLS/2017.2/common/technology/xilinx/interface/plb46.lib 
INFO: [HLS 200-100] Command           ap_source returned 0; 0.001 sec.
INFO: [HLS 200-100] Execute           source C:/Xilinx/Vivado_HLS/2017.2/common/technology/xilinx/interface/fsl.lib 
INFO: [HLS 200-100] Command           ap_source returned 0; 0 sec.
INFO: [HLS 200-100] Execute           source C:/Xilinx/Vivado_HLS/2017.2/common/technology/xilinx/interface/axi4.lib 
INFO: [HLS 200-100] Command           ap_source returned 0; 0 sec.
INFO: [HLS 200-100] Execute           source C:/Xilinx/Vivado_HLS/2017.2/common/technology/xilinx/interface/maxi.lib 
INFO: [HLS 200-100] Command           ap_source returned 0; 0 sec.
INFO: [HLS 200-100] Execute           source C:/Xilinx/Vivado_HLS/2017.2/common/technology/xilinx/interface/saxilite.lib 
INFO: [HLS 200-100] Command           ap_source returned 0; 0 sec.
INFO: [HLS 200-100] Command         ap_source returned 0; 0.003 sec.
INFO: [HLS 200-100] Execute         source C:/Xilinx/Vivado_HLS/2017.2/common/technology/xilinx/common/dsp48.lib 
INFO: [HLS 200-100] Command         ap_source returned 0; 0.001 sec.
INFO: [HLS 200-100] Execute         source C:/Xilinx/Vivado_HLS/2017.2/common/technology/xilinx/ip/dds_compiler.lib 
INFO: [HLS 200-100] Command         ap_source returned 0; 0.001 sec.
INFO: [HLS 200-100] Execute         source C:/Xilinx/Vivado_HLS/2017.2/common/technology/xilinx/ip/xfft.lib 
INFO: [HLS 200-100] Command         ap_source returned 0; 0 sec.
INFO: [HLS 200-100] Execute         source C:/Xilinx/Vivado_HLS/2017.2/common/technology/xilinx/ip/xfir.lib 
INFO: [HLS 200-100] Command         ap_source returned 0; 0.001 sec.
INFO: [HLS 200-100] Command       ap_source returned 0; 0.007 sec.
INFO: [HLS 200-100] Execute       source C:/Xilinx/Vivado_HLS/2017.2/common/technology/xilinx/common/xilinx_old.lib 
INFO: [HLS 200-100] Command       ap_source returned 0; 0.001 sec.
INFO: [HLS 200-100] Execute       source C:/Xilinx/Vivado_HLS/2017.2/common/technology/xilinx/common/xilinx_vivado.lib 
INFO: [HLS 200-100] Command       ap_source returned 0; 0.001 sec.
INFO: [HLS 200-100] Execute       source C:/Xilinx/Vivado_HLS/2017.2/common/technology/xilinx/common/xilinx.hlp 
INFO: [HLS 200-100] Execute         source C:/Xilinx/Vivado_HLS/2017.2/common/technology/xilinx/common/target_info.tcl 
INFO: [HLS 200-100] Command         ap_source returned 0; 0.001 sec.
INFO: [HLS 200-100] Execute         source C:/Xilinx/Vivado_HLS/2017.2/common/technology/xilinx/interface/xilinx_interface.hlp 
INFO: [HLS 200-100] Execute           source C:/Xilinx/Vivado_HLS/2017.2/common/technology/xilinx/interface/maxi.hlp 
INFO: [HLS 200-100] Command           ap_source returned 0; 0.001 sec.
INFO: [HLS 200-100] Execute           source C:/Xilinx/Vivado_HLS/2017.2/common/technology/xilinx/interface/saxilite.hlp 
INFO: [HLS 200-100] Command           ap_source returned 0; 0 sec.
INFO: [HLS 200-100] Command         ap_source returned 0; 0.001 sec.
INFO: [HLS 200-100] Execute         source C:/Xilinx/Vivado_HLS/2017.2/common/technology/xilinx/common/dsp48.hlp 
INFO: [HLS 200-100] Command         ap_source returned 0; 0.001 sec.
INFO: [HLS 200-100] Command       ap_source returned 0; 0.005 sec.
INFO: [HLS 200-100] Execute       source C:/Xilinx/Vivado_HLS/2017.2/common/technology/xilinx/zynq/dsp48e1.hlp 
INFO: [HLS 200-100] Command       ap_source returned 0; 0 sec.
INFO: [HLS 200-100] Execute       get_default_platform 
INFO: [HLS 200-100] Command       get_default_platform returned 0; 0 sec.
INFO: [HLS 200-100] Execute       config_chip_info -quiet -resource  {SLICE 13300}  {LUT 53200}     {FF 106400} {DSP48E 220}   {BRAM 280}  
INFO: [HLS 200-100] Command       config_chip_info returned 0; 0 sec.
INFO: [HLS 200-100] Execute       config_chip_info -quiet -speed medium 
INFO: [HLS 200-100] Command       config_chip_info returned 0; 0 sec.
INFO: [HLS 200-100] Execute       source C:/Xilinx/Vivado_HLS/2017.2/common/technology/xilinx/common/xilinx.hlp 
INFO: [HLS 200-100] Execute         source C:/Xilinx/Vivado_HLS/2017.2/common/technology/xilinx/common/target_info.tcl 
INFO: [HLS 200-100] Command         ap_source returned 0; 0.003 sec.
INFO: [HLS 200-100] Execute         source C:/Xilinx/Vivado_HLS/2017.2/common/technology/xilinx/interface/xilinx_interface.hlp 
INFO: [HLS 200-100] Execute           source C:/Xilinx/Vivado_HLS/2017.2/common/technology/xilinx/interface/maxi.hlp 
INFO: [HLS 200-100] Command           ap_source returned 0; 0.001 sec.
INFO: [HLS 200-100] Execute           source C:/Xilinx/Vivado_HLS/2017.2/common/technology/xilinx/interface/saxilite.hlp 
INFO: [HLS 200-100] Command           ap_source returned 0; 0 sec.
INFO: [HLS 200-100] Command         ap_source returned 0; 0.001 sec.
INFO: [HLS 200-100] Execute         source C:/Xilinx/Vivado_HLS/2017.2/common/technology/xilinx/common/dsp48.hlp 
INFO: [HLS 200-100] Command         ap_source returned 0; 0.001 sec.
INFO: [HLS 200-100] Command       ap_source returned 0; 0.007 sec.
INFO: [HLS 200-100] Command     import_lib returned 0; 0.028 sec.
INFO: [HLS 200-100] Execute     source C:/Xilinx/Vivado_HLS/2017.2/common/technology/xilinx/zynq/zynq.gen 
INFO: [HLS 200-100] Execute       source C:/Xilinx/Vivado_HLS/2017.2/common/technology/xilinx/common/virtex.gen 
INFO: [HLS 200-100] Execute         source C:/Xilinx/Vivado_HLS/2017.2/common/technology/xilinx/common/xilinx.gen 
INFO: [HLS 200-100] Execute           source C:/Xilinx/Vivado_HLS/2017.2/common/technology/xilinx/interface/plb46.gen 
INFO: [HLS 200-100] Command           ap_source returned 0; 0.001 sec.
INFO: [HLS 200-100] Execute           source C:/Xilinx/Vivado_HLS/2017.2/common/technology/xilinx/interface/fsl.gen 
INFO: [HLS 200-100] Command           ap_source returned 0; 0.001 sec.
INFO: [HLS 200-100] Execute           source C:/Xilinx/Vivado_HLS/2017.2/common/technology/xilinx/interface/axi4.gen 
INFO: [HLS 200-100] Command           ap_source returned 0; 0.002 sec.
INFO: [HLS 200-100] Execute           source C:/Xilinx/Vivado_HLS/2017.2/common/technology/xilinx/interface/nativeAXI4.gen 
INFO: [HLS 200-100] Execute             source C:/Xilinx/Vivado_HLS/2017.2/common/technology/xilinx/interface/saxilite.gen 
INFO: [HLS 200-100] Command             ap_source returned 0; 0.003 sec.
INFO: [HLS 200-100] Execute             source C:/Xilinx/Vivado_HLS/2017.2/common/technology/xilinx/interface/maxi.gen 
INFO: [HLS 200-100] Command             ap_source returned 0; 0.009 sec.
INFO: [HLS 200-100] Command           ap_source returned 0; 0.013 sec.
INFO: [HLS 200-100] Execute           source C:/Xilinx/Vivado_HLS/2017.2/common/technology/xilinx/scripts/xilinxcoregen.gen 
INFO: [HLS 200-100] Command           ap_source returned 0; 0.009 sec.
INFO: [HLS 200-100] Execute           source C:/Xilinx/Vivado_HLS/2017.2/common/technology/xilinx/interface/XilEDKCoreGen.gen 
INFO: [HLS 200-100] Command           ap_source returned 0; 0.007 sec.
INFO: [HLS 200-100] Execute           source C:/Xilinx/Vivado_HLS/2017.2/common/technology/xilinx/ip/dds_compiler.gen 
INFO: [HLS 200-100] Command           ap_source returned 0; 0.003 sec.
INFO: [HLS 200-100] Execute           source C:/Xilinx/Vivado_HLS/2017.2/common/technology/xilinx/ip/util.gen 
INFO: [HLS 200-100] Command           ap_source returned 0; 0 sec.
INFO: [HLS 200-100] Execute           source C:/Xilinx/Vivado_HLS/2017.2/common/technology/xilinx/ip/xfft.gen 
INFO: [HLS 200-100] Command           ap_source returned 0; 0.112 sec.
INFO: [HLS 200-100] Execute           source C:/Xilinx/Vivado_HLS/2017.2/common/technology/xilinx/ip/xfir.gen 
INFO: [HLS 200-100] Command           ap_source returned 0; 0 sec.
INFO: [HLS 200-100] Command         ap_source returned 0; 0.155 sec.
INFO: [HLS 200-100] Execute         source C:/Xilinx/Vivado_HLS/2017.2/common/technology/xilinx/common/dsp48.gen 
INFO: [HLS 200-100] Command         ap_source returned 0; 0 sec.
INFO: [HLS 200-100] Command       ap_source returned 0; 0.157 sec.
INFO: [HLS 200-100] Command     ap_source returned 0; 0.159 sec.
INFO: [HLS 200-100] Execute     open_platform DefaultPlatform 
INFO: [HLS 200-100] Command     open_platform returned 0; 0 sec.
INFO: [HLS 200-100] Execute     import_lib C:/Xilinx/Vivado_HLS/2017.2/common/technology/xilinx/zynq/zynq_fpv6 
INFO: [HLS 200-100] Execute       source C:/Xilinx/Vivado_HLS/2017.2/common/technology/xilinx/common/xilinx_fpv7.lib 
INFO: [HLS 200-100] Execute         source C:/Xilinx/Vivado_HLS/2017.2/common/technology/xilinx/common/xilinx_hp.lib 
INFO: [HLS 200-100] Command         ap_source returned 0; 0.001 sec.
INFO: [HLS 200-100] Command       ap_source returned 0; 0.004 sec.
INFO: [HLS 200-100] Execute       source C:/Xilinx/Vivado_HLS/2017.2/common/technology/xilinx/common/xilinx_fpv.hlp 
INFO: [HLS 200-100] Execute         source C:/Xilinx/Vivado_HLS/2017.2/common/technology/xilinx/common/xilinx.hlp 
INFO: [HLS 200-100] Execute           source C:/Xilinx/Vivado_HLS/2017.2/common/technology/xilinx/common/target_info.tcl 
INFO: [HLS 200-100] Command           ap_source returned 0; 0.003 sec.
INFO: [HLS 200-100] Execute           source C:/Xilinx/Vivado_HLS/2017.2/common/technology/xilinx/interface/xilinx_interface.hlp 
INFO: [HLS 200-100] Execute             source C:/Xilinx/Vivado_HLS/2017.2/common/technology/xilinx/interface/maxi.hlp 
INFO: [HLS 200-100] Command             ap_source returned 0; 0 sec.
INFO: [HLS 200-100] Execute             source C:/Xilinx/Vivado_HLS/2017.2/common/technology/xilinx/interface/saxilite.hlp 
INFO: [HLS 200-100] Command             ap_source returned 0; 0.001 sec.
INFO: [HLS 200-100] Command           ap_source returned 0; 0.002 sec.
INFO: [HLS 200-100] Execute           source C:/Xilinx/Vivado_HLS/2017.2/common/technology/xilinx/common/dsp48.hlp 
INFO: [HLS 200-100] Command           ap_source returned 0; 0.001 sec.
INFO: [HLS 200-100] Command         ap_source returned 0; 0.008 sec.
INFO: [HLS 200-100] Command       ap_source returned 0; 0.008 sec.
INFO: [HLS 200-100] Execute       source C:/Xilinx/Vivado_HLS/2017.2/common/technology/xilinx/zynq/zynq_hp.hlp 
INFO: [HLS 200-100] Command       ap_source returned 0; 0.002 sec.
INFO: [HLS 200-100] Command     import_lib returned 0; 0.025 sec.
INFO: [HLS 200-100] Execute     source C:/Xilinx/Vivado_HLS/2017.2/common/technology/xilinx/zynq/zynq_fpv6.gen 
INFO: [HLS 200-100] Execute       source C:/Xilinx/Vivado_HLS/2017.2/common/technology/xilinx/common/xilinx_fpv6.gen 
INFO: [HLS 200-100] Command       ap_source returned 0; 0.002 sec.
INFO: [HLS 200-100] Command     ap_source returned 0; 0.002 sec.
INFO: [HLS 200-100] Execute     set_part xc7z010clg400-1 
INFO: [HLS 200-100] Execute       add_library xilinx/zynq/zynq:xc7z010:clg400:-1 
INFO: [HLS 200-100] Execute         get_default_platform 
INFO: [HLS 200-100] Command         get_default_platform returned 0; 0 sec.
INFO: [HLS 200-100] Execute         license_isbetapart xc7z010 
INFO: [HLS 200-100] Command         license_isbetapart returned 1; 0.013 sec.
INFO: [HLS 200-100] Execute         get_default_platform 
INFO: [HLS 200-100] Command         get_default_platform returned 0; 0 sec.
INFO: [HLS 200-100] Execute         config_chip_info -quiet -resource  {SLICE 4400}   {LUT 17600}     {FF 35200}  {DSP48E 80}    {BRAM 120}  
INFO: [HLS 200-100] Command         config_chip_info returned 0; 0 sec.
INFO: [HLS 200-100] Execute         config_chip_info -quiet -speed slow 
INFO: [HLS 200-100] Command         config_chip_info returned 0; 0 sec.
INFO: [HLS 200-100] Command       add_library returned 0; 0.018 sec.
INFO: [HLS 200-100] Execute       add_library xilinx/zynq/zynq_fpv6 
INFO: [HLS 200-100] Execute         get_default_platform 
INFO: [HLS 200-100] Command         get_default_platform returned 0; 0 sec.
INFO: [HLS 200-100] Command       add_library returned 0; 0.002 sec.
INFO: [HLS 200-10] Setting target device to 'xc7z010clg400-1'
INFO: [HLS 200-100] Execute       get_default_platform 
INFO: [HLS 200-100] Command       get_default_platform returned 0; 0 sec.
INFO: [HLS 200-100] Command     set_part returned 0; 0.068 sec.
INFO: [HLS 200-100] Execute     get_default_platform 
INFO: [HLS 200-100] Command     get_default_platform returned 0; 0 sec.
INFO: [HLS 200-100] Execute     config_chip_info -quiet -resource  {SLICE 4400}   {LUT 17600}     {FF 35200}  {DSP48E 80}    {BRAM 120}  
INFO: [HLS 200-100] Command     config_chip_info returned 0; 0 sec.
INFO: [HLS 200-100] Execute     config_chip_info -quiet -speed slow 
INFO: [HLS 200-100] Command     config_chip_info returned 0; 0 sec.
INFO: [HLS 200-100] Command   open_solution returned 0; 0.3 sec.
INFO: [HLS 200-100] Execute   export_design -rtl verilog -format ip_catalog 
INFO: [HLS 200-100] Execute     source C:/Users/luisf/Documents/PROYECTOS/labs/lab4/fir.prj/solution1/.autopilot/db/global.setting.tcl 
INFO: [HLS 200-100] Command     ap_source returned 0; 0.002 sec.
INFO: [HLS 200-100] Execute     source C:/Xilinx/Vivado_HLS/2017.2/common/technology/generic/autopilot/common.gen 
INFO: [HLS 200-100] Execute       source C:/Xilinx/Vivado_HLS/2017.2/common/technology/generic/autopilot/APCoreGen.gen 
INFO: [HLS 200-100] Command       ap_source returned 0; 0.001 sec.
INFO: [HLS 200-100] Command     ap_source returned 0; 0.002 sec.
INFO: [HLS 200-100] Execute     source C:/Xilinx/Vivado_HLS/2017.2/common/technology/generic/autopilot/op.gen 
INFO: [HLS 200-100] Command     ap_source returned 0; 0.001 sec.
INFO: [HLS 200-100] Execute     source C:/Xilinx/Vivado_HLS/2017.2/common/technology/generic/autopilot/op_simcore.gen 
INFO: [HLS 200-100] Command     ap_source returned 0; 0.001 sec.
INFO: [HLS 200-100] Execute     source C:/Xilinx/Vivado_HLS/2017.2/common/technology/generic/autopilot/interface.gen 
INFO: [HLS 200-100] Command     ap_source returned 0; 0.001 sec.
INFO: [HLS 200-100] Execute     source C:/Users/luisf/Documents/PROYECTOS/labs/lab4/fir.prj/solution1/.autopilot/db/global.setting.tcl 
INFO: [HLS 200-100] Command     ap_source returned 0; 0.001 sec.
INFO: [HLS 200-100] Execute     source C:/Xilinx/Vivado_HLS/2017.2/common/technology/xilinx/zynq/zynq.gen 
INFO: [HLS 200-100] Execute       source C:/Xilinx/Vivado_HLS/2017.2/common/technology/xilinx/common/virtex.gen 
INFO: [HLS 200-100] Execute         source C:/Xilinx/Vivado_HLS/2017.2/common/technology/xilinx/common/xilinx.gen 
INFO: [HLS 200-100] Execute           source C:/Xilinx/Vivado_HLS/2017.2/common/technology/xilinx/interface/plb46.gen 
INFO: [HLS 200-100] Command           ap_source returned 0; 0.001 sec.
INFO: [HLS 200-100] Execute           source C:/Xilinx/Vivado_HLS/2017.2/common/technology/xilinx/interface/fsl.gen 
INFO: [HLS 200-100] Command           ap_source returned 0; 0 sec.
INFO: [HLS 200-100] Execute           source C:/Xilinx/Vivado_HLS/2017.2/common/technology/xilinx/interface/axi4.gen 
INFO: [HLS 200-100] Command           ap_source returned 0; 0.002 sec.
INFO: [HLS 200-100] Execute           source C:/Xilinx/Vivado_HLS/2017.2/common/technology/xilinx/interface/nativeAXI4.gen 
INFO: [HLS 200-100] Execute             source C:/Xilinx/Vivado_HLS/2017.2/common/technology/xilinx/interface/saxilite.gen 
INFO: [HLS 200-100] Command             ap_source returned 0; 0.003 sec.
INFO: [HLS 200-100] Execute             source C:/Xilinx/Vivado_HLS/2017.2/common/technology/xilinx/interface/maxi.gen 
INFO: [HLS 200-100] Command             ap_source returned 0; 0.008 sec.
INFO: [HLS 200-100] Command           ap_source returned 0; 0.011 sec.
INFO: [HLS 200-100] Execute           source C:/Xilinx/Vivado_HLS/2017.2/common/technology/xilinx/scripts/xilinxcoregen.gen 
INFO: [HLS 200-100] Command           ap_source returned 0; 0.01 sec.
INFO: [HLS 200-100] Execute           source C:/Xilinx/Vivado_HLS/2017.2/common/technology/xilinx/interface/XilEDKCoreGen.gen 
INFO: [HLS 200-100] Command           ap_source returned 0; 0.008 sec.
INFO: [HLS 200-100] Execute           source C:/Xilinx/Vivado_HLS/2017.2/common/technology/xilinx/ip/dds_compiler.gen 
INFO: [HLS 200-100] Command           ap_source returned 0; 0.003 sec.
INFO: [HLS 200-100] Execute           source C:/Xilinx/Vivado_HLS/2017.2/common/technology/xilinx/ip/util.gen 
INFO: [HLS 200-100] Command           ap_source returned 0; 0 sec.
INFO: [HLS 200-100] Execute           source C:/Xilinx/Vivado_HLS/2017.2/common/technology/xilinx/ip/xfft.gen 
INFO: [HLS 200-100] Command           ap_source returned 0; 0.109 sec.
INFO: [HLS 200-100] Execute           source C:/Xilinx/Vivado_HLS/2017.2/common/technology/xilinx/ip/xfir.gen 
INFO: [HLS 200-100] Command           ap_source returned 0; 0.001 sec.
INFO: [HLS 200-100] Command         ap_source returned 0; 0.148 sec.
INFO: [HLS 200-100] Execute         source C:/Xilinx/Vivado_HLS/2017.2/common/technology/xilinx/common/dsp48.gen 
INFO: [HLS 200-100] Command         ap_source returned 0; 0 sec.
INFO: [HLS 200-100] Command       ap_source returned 0; 0.15 sec.
INFO: [HLS 200-100] Command     ap_source returned 0; 0.151 sec.
INFO: [HLS 200-100] Execute     source C:/Xilinx/Vivado_HLS/2017.2/common/technology/xilinx/zynq/zynq_fpv6.gen 
INFO: [HLS 200-100] Execute       source C:/Xilinx/Vivado_HLS/2017.2/common/technology/xilinx/common/xilinx_fpv6.gen 
INFO: [HLS 200-100] Command       ap_source returned 0; 0.002 sec.
INFO: [HLS 200-100] Command     ap_source returned 0; 0.002 sec.
INFO: [HLS 200-100] Execute     source C:/Users/luisf/Documents/PROYECTOS/labs/lab4/fir.prj/solution1/.autopilot/db/global.setting.tcl 
INFO: [HLS 200-100] Command     ap_source returned 0; 0.001 sec.
INFO: [IMPL 213-8] Exporting RTL as an IP in IP-XACT.
INFO: [HLS 200-100] Execute     source C:/Users/luisf/Documents/PROYECTOS/labs/lab4/fir.prj/solution1/.autopilot/db/global.setting.tcl 
INFO: [HLS 200-100] Command     ap_source returned 0; 0.002 sec.
INFO: [HLS 200-100] Execute     source C:/Users/luisf/Documents/PROYECTOS/labs/lab4/fir.prj/solution1/.autopilot/db/global.setting.tcl 
INFO: [HLS 200-100] Command     ap_source returned 0; 0.002 sec.
INFO: [HLS 200-100] Execute     source C:/Xilinx/Vivado_HLS/2017.2/common/technology/generic/autopilot/common.gen 
INFO: [HLS 200-100] Execute       source C:/Xilinx/Vivado_HLS/2017.2/common/technology/generic/autopilot/APCoreGen.gen 
INFO: [HLS 200-100] Command       ap_source returned 0; 0 sec.
INFO: [HLS 200-100] Command     ap_source returned 0; 0.002 sec.
INFO: [HLS 200-100] Execute     source C:/Xilinx/Vivado_HLS/2017.2/common/technology/generic/autopilot/op.gen 
INFO: [HLS 200-100] Command     ap_source returned 0; 0 sec.
INFO: [HLS 200-100] Execute     source C:/Xilinx/Vivado_HLS/2017.2/common/technology/generic/autopilot/op_simcore.gen 
INFO: [HLS 200-100] Command     ap_source returned 0; 0.001 sec.
INFO: [HLS 200-100] Execute     source C:/Xilinx/Vivado_HLS/2017.2/common/technology/generic/autopilot/interface.gen 
INFO: [HLS 200-100] Command     ap_source returned 0; 0 sec.
INFO: [HLS 200-100] Execute     source C:/Users/luisf/Documents/PROYECTOS/labs/lab4/fir.prj/solution1/.autopilot/db/global.setting.tcl 
INFO: [HLS 200-100] Command     ap_source returned 0; 0.002 sec.
INFO: [HLS 200-100] Execute     source C:/Xilinx/Vivado_HLS/2017.2/common/technology/xilinx/zynq/zynq.gen 
INFO: [HLS 200-100] Execute       source C:/Xilinx/Vivado_HLS/2017.2/common/technology/xilinx/common/virtex.gen 
INFO: [HLS 200-100] Execute         source C:/Xilinx/Vivado_HLS/2017.2/common/technology/xilinx/common/xilinx.gen 
INFO: [HLS 200-100] Execute           source C:/Xilinx/Vivado_HLS/2017.2/common/technology/xilinx/interface/plb46.gen 
INFO: [HLS 200-100] Command           ap_source returned 0; 0.001 sec.
INFO: [HLS 200-100] Execute           source C:/Xilinx/Vivado_HLS/2017.2/common/technology/xilinx/interface/fsl.gen 
INFO: [HLS 200-100] Command           ap_source returned 0; 0.001 sec.
INFO: [HLS 200-100] Execute           source C:/Xilinx/Vivado_HLS/2017.2/common/technology/xilinx/interface/axi4.gen 
INFO: [HLS 200-100] Command           ap_source returned 0; 0.002 sec.
INFO: [HLS 200-100] Execute           source C:/Xilinx/Vivado_HLS/2017.2/common/technology/xilinx/interface/nativeAXI4.gen 
INFO: [HLS 200-100] Execute             source C:/Xilinx/Vivado_HLS/2017.2/common/technology/xilinx/interface/saxilite.gen 
INFO: [HLS 200-100] Command             ap_source returned 0; 0.004 sec.
INFO: [HLS 200-100] Execute             source C:/Xilinx/Vivado_HLS/2017.2/common/technology/xilinx/interface/maxi.gen 
INFO: [HLS 200-100] Command             ap_source returned 0; 0.007 sec.
INFO: [HLS 200-100] Command           ap_source returned 0; 0.011 sec.
INFO: [HLS 200-100] Execute           source C:/Xilinx/Vivado_HLS/2017.2/common/technology/xilinx/scripts/xilinxcoregen.gen 
INFO: [HLS 200-100] Command           ap_source returned 0; 0.01 sec.
INFO: [HLS 200-100] Execute           source C:/Xilinx/Vivado_HLS/2017.2/common/technology/xilinx/interface/XilEDKCoreGen.gen 
INFO: [HLS 200-100] Command           ap_source returned 0; 0.008 sec.
INFO: [HLS 200-100] Execute           source C:/Xilinx/Vivado_HLS/2017.2/common/technology/xilinx/ip/dds_compiler.gen 
INFO: [HLS 200-100] Command           ap_source returned 0; 0.003 sec.
INFO: [HLS 200-100] Execute           source C:/Xilinx/Vivado_HLS/2017.2/common/technology/xilinx/ip/util.gen 
INFO: [HLS 200-100] Command           ap_source returned 0; 0 sec.
INFO: [HLS 200-100] Execute           source C:/Xilinx/Vivado_HLS/2017.2/common/technology/xilinx/ip/xfft.gen 
INFO: [HLS 200-100] Command           ap_source returned 0; 0.107 sec.
INFO: [HLS 200-100] Execute           source C:/Xilinx/Vivado_HLS/2017.2/common/technology/xilinx/ip/xfir.gen 
INFO: [HLS 200-100] Command           ap_source returned 0; 0.001 sec.
INFO: [HLS 200-100] Command         ap_source returned 0; 0.145 sec.
INFO: [HLS 200-100] Execute         source C:/Xilinx/Vivado_HLS/2017.2/common/technology/xilinx/common/dsp48.gen 
INFO: [HLS 200-100] Command         ap_source returned 0; 0.001 sec.
INFO: [HLS 200-100] Command       ap_source returned 0; 0.148 sec.
INFO: [HLS 200-100] Command     ap_source returned 0; 0.148 sec.
INFO: [HLS 200-100] Execute     source C:/Xilinx/Vivado_HLS/2017.2/common/technology/xilinx/zynq/zynq_fpv6.gen 
INFO: [HLS 200-100] Execute       source C:/Xilinx/Vivado_HLS/2017.2/common/technology/xilinx/common/xilinx_fpv6.gen 
INFO: [HLS 200-100] Command       ap_source returned 0; 0.001 sec.
INFO: [HLS 200-100] Command     ap_source returned 0; 0.002 sec.
INFO: [HLS 200-100] Execute     source C:/Users/luisf/Documents/PROYECTOS/labs/lab4/fir.prj/solution1/.autopilot/db/global.setting.tcl 
INFO: [HLS 200-100] Command     ap_source returned 0; 0.002 sec.
INFO: [HLS 200-100] Execute     source C:/Users/luisf/Documents/PROYECTOS/labs/lab4/fir.prj/solution1/.autopilot/db/global.setting.tcl 
INFO: [HLS 200-100] Command     ap_source returned 0; 0.002 sec.
INFO: [HLS 200-100] Execute     source C:/Users/luisf/Documents/PROYECTOS/labs/lab4/fir.prj/solution1/.autopilot/db/fir.compgen.tcl 
INFO: [HLS 200-100] Command     ap_source returned 0; 0.002 sec.
INFO: [HLS 200-100] Execute     source C:/Users/luisf/Documents/PROYECTOS/labs/lab4/fir.prj/solution1/.autopilot/db/global.setting.tcl 
INFO: [HLS 200-100] Command     ap_source returned 0; 0.002 sec.
INFO: [HLS 200-100] Execute     source C:/Users/luisf/Documents/PROYECTOS/labs/lab4/fir.prj/solution1/.autopilot/db/global.setting.tcl 
INFO: [HLS 200-100] Command     ap_source returned 0; 0.002 sec.
INFO: [HLS 200-100] Execute     source C:/Users/luisf/Documents/PROYECTOS/labs/lab4/fir.prj/solution1/.autopilot/db/fir.compgen.tcl 
INFO: [HLS 200-100] Execute       source C:/Users/luisf/Documents/PROYECTOS/labs/lab4/fir.prj/solution1/.autopilot/db/fir.rtl_wrap.cfg.tcl 
INFO: [HLS 200-100] Command       ap_source returned 0; 0.003 sec.
INFO: [HLS 200-100] Execute       source C:/Users/luisf/Documents/PROYECTOS/labs/lab4/fir.prj/solution1/.autopilot/db/fir.rtl_wrap.cfg.tcl 
INFO: [HLS 200-100] Command       ap_source returned 0; 0.002 sec.
INFO: [HLS 200-100] Execute       source C:/Users/luisf/Documents/PROYECTOS/labs/lab4/fir.prj/solution1/.autopilot/db/fir.rtl_wrap.cfg.tcl 
INFO: [HLS 200-100] Command       ap_source returned 0; 0.001 sec.
INFO: [HLS 200-100] Execute       source C:/Users/luisf/Documents/PROYECTOS/labs/lab4/fir.prj/solution1/.autopilot/db/fir.tbgen.tcl 
INFO: [HLS 200-100] Command       ap_source returned 0; 0.002 sec.
INFO: [HLS 200-100] Execute       source C:/Users/luisf/Documents/PROYECTOS/labs/lab4/fir.prj/solution1/.autopilot/db/fir.tbgen.tcl 
INFO: [HLS 200-100] Command       ap_source returned 0; 0.002 sec.
INFO: [HLS 200-100] Command     ap_source returned 0; 0.056 sec.
INFO: [HLS 200-100] Execute     source C:/Users/luisf/Documents/PROYECTOS/labs/lab4/fir.prj/solution1/.autopilot/db/global.setting.tcl 
INFO: [HLS 200-100] Command     ap_source returned 0; 0.001 sec.
INFO: [HLS 200-100] Execute     source C:/Users/luisf/Documents/PROYECTOS/labs/lab4/fir.prj/solution1/.autopilot/db/global.setting.tcl 
INFO: [HLS 200-100] Command     ap_source returned 0; 0.001 sec.
INFO: [HLS 200-100] Execute     source C:/Users/luisf/Documents/PROYECTOS/labs/lab4/fir.prj/solution1/.autopilot/db/fir.compgen.tcl 
INFO: [HLS 200-100] Command     ap_source returned 0; 0.002 sec.
INFO: [HLS 200-100] Execute     source C:/Users/luisf/Documents/PROYECTOS/labs/lab4/fir.prj/solution1/.autopilot/db/global.setting.tcl 
INFO: [HLS 200-100] Command     ap_source returned 0; 0.001 sec.
INFO: [HLS 200-100] Execute     source C:/Users/luisf/Documents/PROYECTOS/labs/lab4/fir.prj/solution1/.autopilot/db/fir.constraint.tcl 
INFO: [HLS 200-100] Command     ap_source returned 0; 0.002 sec.
INFO: [HLS 200-100] Execute     source C:/Users/luisf/Documents/PROYECTOS/labs/lab4/fir.prj/solution1/.autopilot/db/global.setting.tcl 
INFO: [HLS 200-100] Command     ap_source returned 0; 0.001 sec.
INFO: [HLS 200-100] Execute     source C:/Users/luisf/Documents/PROYECTOS/labs/lab4/fir.prj/solution1/.autopilot/db/fir.rtl_wrap.cfg.tcl 
INFO: [HLS 200-100] Command     ap_source returned 0; 0.002 sec.
INFO: [HLS 200-100] Execute     source C:/Users/luisf/Documents/PROYECTOS/labs/lab4/fir.prj/solution1/.autopilot/db/fir.rtl_wrap.cfg.tcl 
INFO: [HLS 200-100] Command     ap_source returned 0; 0.003 sec.
INFO: [HLS 200-100] Execute     source C:/Users/luisf/Documents/PROYECTOS/labs/lab4/fir.prj/solution1/.autopilot/db/fir.rtl_wrap.cfg.tcl 
INFO: [HLS 200-100] Command     ap_source returned 0; 0.002 sec.
INFO: [HLS 200-100] Execute     source C:/Users/luisf/Documents/PROYECTOS/labs/lab4/fir.prj/solution1/.autopilot/db/fir.tbgen.tcl 
INFO: [HLS 200-100] Command     ap_source returned 0; 0.002 sec.
INFO: [HLS 200-100] Execute     source C:/Users/luisf/Documents/PROYECTOS/labs/lab4/fir.prj/solution1/.autopilot/db/fir.tbgen.tcl 
INFO: [HLS 200-100] Command     ap_source returned 0; 0.001 sec.
INFO: [HLS 200-100] Execute     source C:/Users/luisf/Documents/PROYECTOS/labs/lab4/fir.prj/solution1/.autopilot/db/fir.tbgen.tcl 
INFO: [HLS 200-100] Command     ap_source returned 0; 0.002 sec.
INFO: [HLS 200-100] Execute     source C:/Users/luisf/Documents/PROYECTOS/labs/lab4/fir.prj/solution1/.autopilot/db/global.setting.tcl 
INFO: [HLS 200-100] Command     ap_source returned 0; 0.002 sec.
INFO: [HLS 200-100] Execute     source C:/Users/luisf/Documents/PROYECTOS/labs/lab4/fir.prj/solution1/.autopilot/db/global.setting.tcl 
INFO: [HLS 200-100] Command     ap_source returned 0; 0.002 sec.
INFO: [HLS 200-100] Execute     source C:/Users/luisf/Documents/PROYECTOS/labs/lab4/fir.prj/solution1/.autopilot/db/global.setting.tcl 
INFO: [HLS 200-100] Command     ap_source returned 0; 0.003 sec.
INFO: [HLS 200-100] Execute     source C:/Users/luisf/Documents/PROYECTOS/labs/lab4/fir.prj/solution1/.autopilot/db/fir.rtl_wrap.cfg.tcl 
INFO: [HLS 200-100] Command     ap_source returned 0; 0.001 sec.
INFO: [HLS 200-100] Execute     source C:/Users/luisf/Documents/PROYECTOS/labs/lab4/fir.prj/solution1/.autopilot/db/fir.rtl_wrap.cfg.tcl 
INFO: [HLS 200-100] Command     ap_source returned 0; 0.002 sec.
INFO: [HLS 200-100] Execute     source C:/Users/luisf/Documents/PROYECTOS/labs/lab4/fir.prj/solution1/.autopilot/db/fir.tbgen.tcl 
INFO: [HLS 200-100] Command     ap_source returned 0; 0.002 sec.
INFO: [HLS 200-100] Execute     source C:/Users/luisf/Documents/PROYECTOS/labs/lab4/fir.prj/solution1/.autopilot/db/fir.tbgen.tcl 
INFO: [HLS 200-100] Command     ap_source returned 0; 0.003 sec.
INFO: [HLS 200-100] Execute     source C:/Users/luisf/Documents/PROYECTOS/labs/lab4/fir.prj/solution1/.autopilot/db/fir.rtl_wrap.cfg.tcl 
INFO: [HLS 200-100] Command     ap_source returned 0; 0.002 sec.
INFO: [HLS 200-100] Execute     source C:/Users/luisf/Documents/PROYECTOS/labs/lab4/fir.prj/solution1/.autopilot/db/fir.rtl_wrap.cfg.tcl 
INFO: [HLS 200-100] Command     ap_source returned 0; 0.002 sec.
INFO: [HLS 200-100] Execute     source C:/Users/luisf/Documents/PROYECTOS/labs/lab4/fir.prj/solution1/.autopilot/db/fir.tbgen.tcl 
INFO: [HLS 200-100] Command     ap_source returned 0; 0.002 sec.
INFO: [HLS 200-100] Execute     source C:/Users/luisf/Documents/PROYECTOS/labs/lab4/fir.prj/solution1/.autopilot/db/fir.tbgen.tcl 
INFO: [HLS 200-100] Command     ap_source returned 0; 0.002 sec.
INFO: [HLS 200-100] Execute     source C:/Users/luisf/Documents/PROYECTOS/labs/lab4/fir.prj/solution1/.autopilot/db/global.setting.tcl 
INFO: [HLS 200-100] Command     ap_source returned 0; 0.002 sec.
INFO: [HLS 200-100] Execute     source C:/Users/luisf/Documents/PROYECTOS/labs/lab4/fir.prj/solution1/.autopilot/db/global.setting.tcl 
INFO: [HLS 200-100] Command     ap_source returned 0; 0.002 sec.
INFO: [HLS 200-100] Execute     source C:/Users/luisf/Documents/PROYECTOS/labs/lab4/fir.prj/solution1/.autopilot/db/fir.constraint.tcl 
INFO: [HLS 200-100] Command     ap_source returned 0; 0.002 sec.
INFO: [HLS 200-100] Execute     source C:/Users/luisf/Documents/PROYECTOS/labs/lab4/fir.prj/solution1/.autopilot/db/global.setting.tcl 
INFO: [HLS 200-100] Command     ap_source returned 0; 0.003 sec.
INFO: [HLS 200-100] Execute     source C:/Users/luisf/Documents/PROYECTOS/labs/lab4/fir.prj/solution1/.autopilot/db/global.setting.tcl 
INFO: [HLS 200-100] Command     ap_source returned 0; 0.002 sec.
INFO: [HLS 200-100] Execute     source C:/Users/luisf/Documents/PROYECTOS/labs/lab4/fir.prj/solution1/.autopilot/db/fir.constraint.tcl 
INFO: [HLS 200-100] Command     ap_source returned 0; 0.002 sec.
INFO: [HLS 200-100] Execute     source C:/Users/luisf/Documents/PROYECTOS/labs/lab4/fir.prj/solution1/.autopilot/db/global.setting.tcl 
INFO: [HLS 200-100] Command     ap_source returned 0; 0.002 sec.
INFO: [HLS 200-100] Execute     source C:/Users/luisf/Documents/PROYECTOS/labs/lab4/fir.prj/solution1/.autopilot/db/fir.constraint.tcl 
INFO: [HLS 200-100] Command     ap_source returned 0; 0.002 sec.
INFO: [HLS 200-100] Execute     source C:/Users/luisf/Documents/PROYECTOS/labs/lab4/fir.prj/solution1/.autopilot/db/global.setting.tcl 
INFO: [HLS 200-100] Command     ap_source returned 0; 0.002 sec.
INFO: [HLS 200-100] Execute     source C:/Xilinx/Vivado_HLS/2017.2/common/technology/generic/autopilot/common.gen 
INFO: [HLS 200-100] Execute       source C:/Xilinx/Vivado_HLS/2017.2/common/technology/generic/autopilot/APCoreGen.gen 
INFO: [HLS 200-100] Command       ap_source returned 0; 0.001 sec.
INFO: [HLS 200-100] Command     ap_source returned 0; 0.002 sec.
INFO: [HLS 200-100] Execute     source C:/Xilinx/Vivado_HLS/2017.2/common/technology/generic/autopilot/op.gen 
INFO: [HLS 200-100] Command     ap_source returned 0; 0.001 sec.
INFO: [HLS 200-100] Execute     source C:/Xilinx/Vivado_HLS/2017.2/common/technology/generic/autopilot/op_simcore.gen 
INFO: [HLS 200-100] Command     ap_source returned 0; 0.002 sec.
INFO: [HLS 200-100] Execute     source C:/Xilinx/Vivado_HLS/2017.2/common/technology/generic/autopilot/interface.gen 
INFO: [HLS 200-100] Command     ap_source returned 0; 0 sec.
INFO: [HLS 200-100] Execute     source C:/Users/luisf/Documents/PROYECTOS/labs/lab4/fir.prj/solution1/.autopilot/db/global.setting.tcl 
INFO: [HLS 200-100] Command     ap_source returned 0; 0.004 sec.
INFO: [HLS 200-100] Execute     source C:/Xilinx/Vivado_HLS/2017.2/common/technology/xilinx/zynq/zynq.gen 
INFO: [HLS 200-100] Execute       source C:/Xilinx/Vivado_HLS/2017.2/common/technology/xilinx/common/virtex.gen 
INFO: [HLS 200-100] Execute         source C:/Xilinx/Vivado_HLS/2017.2/common/technology/xilinx/common/xilinx.gen 
INFO: [HLS 200-100] Execute           source C:/Xilinx/Vivado_HLS/2017.2/common/technology/xilinx/interface/plb46.gen 
INFO: [HLS 200-100] Command           ap_source returned 0; 0.001 sec.
INFO: [HLS 200-100] Execute           source C:/Xilinx/Vivado_HLS/2017.2/common/technology/xilinx/interface/fsl.gen 
INFO: [HLS 200-100] Command           ap_source returned 0; 0.001 sec.
INFO: [HLS 200-100] Execute           source C:/Xilinx/Vivado_HLS/2017.2/common/technology/xilinx/interface/axi4.gen 
INFO: [HLS 200-100] Command           ap_source returned 0; 0.003 sec.
INFO: [HLS 200-100] Execute           source C:/Xilinx/Vivado_HLS/2017.2/common/technology/xilinx/interface/nativeAXI4.gen 
INFO: [HLS 200-100] Execute             source C:/Xilinx/Vivado_HLS/2017.2/common/technology/xilinx/interface/saxilite.gen 
INFO: [HLS 200-100] Command             ap_source returned 0; 0.005 sec.
INFO: [HLS 200-100] Execute             source C:/Xilinx/Vivado_HLS/2017.2/common/technology/xilinx/interface/maxi.gen 
INFO: [HLS 200-100] Command             ap_source returned 0; 0.009 sec.
INFO: [HLS 200-100] Command           ap_source returned 0; 0.014 sec.
INFO: [HLS 200-100] Execute           source C:/Xilinx/Vivado_HLS/2017.2/common/technology/xilinx/scripts/xilinxcoregen.gen 
INFO: [HLS 200-100] Command           ap_source returned 0; 0.012 sec.
INFO: [HLS 200-100] Execute           source C:/Xilinx/Vivado_HLS/2017.2/common/technology/xilinx/interface/XilEDKCoreGen.gen 
INFO: [HLS 200-100] Command           ap_source returned 0; 0.012 sec.
INFO: [HLS 200-100] Execute           source C:/Xilinx/Vivado_HLS/2017.2/common/technology/xilinx/ip/dds_compiler.gen 
INFO: [HLS 200-100] Command           ap_source returned 0; 0.004 sec.
INFO: [HLS 200-100] Execute           source C:/Xilinx/Vivado_HLS/2017.2/common/technology/xilinx/ip/util.gen 
INFO: [HLS 200-100] Command           ap_source returned 0; 0.001 sec.
INFO: [HLS 200-100] Execute           source C:/Xilinx/Vivado_HLS/2017.2/common/technology/xilinx/ip/xfft.gen 
INFO: [HLS 200-100] Command           ap_source returned 0; 0.126 sec.
INFO: [HLS 200-100] Execute           source C:/Xilinx/Vivado_HLS/2017.2/common/technology/xilinx/ip/xfir.gen 
INFO: [HLS 200-100] Command           ap_source returned 0; 0.001 sec.
INFO: [HLS 200-100] Command         ap_source returned 0; 0.176 sec.
INFO: [HLS 200-100] Execute         source C:/Xilinx/Vivado_HLS/2017.2/common/technology/xilinx/common/dsp48.gen 
INFO: [HLS 200-100] Command         ap_source returned 0; 0 sec.
INFO: [HLS 200-100] Command       ap_source returned 0; 0.18 sec.
INFO: [HLS 200-100] Command     ap_source returned 0; 0.18 sec.
INFO: [HLS 200-100] Execute     source C:/Xilinx/Vivado_HLS/2017.2/common/technology/xilinx/zynq/zynq_fpv6.gen 
INFO: [HLS 200-100] Execute       source C:/Xilinx/Vivado_HLS/2017.2/common/technology/xilinx/common/xilinx_fpv6.gen 
INFO: [HLS 200-100] Command       ap_source returned 0; 0.002 sec.
INFO: [HLS 200-100] Command     ap_source returned 0; 0.002 sec.
INFO: [HLS 200-100] Execute     source C:/Users/luisf/Documents/PROYECTOS/labs/lab4/fir.prj/solution1/.autopilot/db/global.setting.tcl 
INFO: [HLS 200-100] Command     ap_source returned 0; 0.004 sec.
INFO: [HLS 200-100] Execute     source C:/Xilinx/Vivado_HLS/2017.2/common/technology/generic/autopilot/common.gen 
INFO: [HLS 200-100] Execute       source C:/Xilinx/Vivado_HLS/2017.2/common/technology/generic/autopilot/APCoreGen.gen 
INFO: [HLS 200-100] Command       ap_source returned 0; 0.001 sec.
INFO: [HLS 200-100] Command     ap_source returned 0; 0.002 sec.
INFO: [HLS 200-100] Execute     source C:/Xilinx/Vivado_HLS/2017.2/common/technology/generic/autopilot/op.gen 
INFO: [HLS 200-100] Command     ap_source returned 0; 0.001 sec.
INFO: [HLS 200-100] Execute     source C:/Xilinx/Vivado_HLS/2017.2/common/technology/generic/autopilot/op_simcore.gen 
INFO: [HLS 200-100] Command     ap_source returned 0; 0.001 sec.
INFO: [HLS 200-100] Execute     source C:/Xilinx/Vivado_HLS/2017.2/common/technology/generic/autopilot/interface.gen 
INFO: [HLS 200-100] Command     ap_source returned 0; 0 sec.
INFO: [HLS 200-100] Execute     source C:/Users/luisf/Documents/PROYECTOS/labs/lab4/fir.prj/solution1/.autopilot/db/global.setting.tcl 
INFO: [HLS 200-100] Command     ap_source returned 0; 0.002 sec.
INFO: [HLS 200-100] Execute     source C:/Xilinx/Vivado_HLS/2017.2/common/technology/xilinx/zynq/zynq.gen 
INFO: [HLS 200-100] Execute       source C:/Xilinx/Vivado_HLS/2017.2/common/technology/xilinx/common/virtex.gen 
INFO: [HLS 200-100] Execute         source C:/Xilinx/Vivado_HLS/2017.2/common/technology/xilinx/common/xilinx.gen 
INFO: [HLS 200-100] Execute           source C:/Xilinx/Vivado_HLS/2017.2/common/technology/xilinx/interface/plb46.gen 
INFO: [HLS 200-100] Command           ap_source returned 0; 0.001 sec.
INFO: [HLS 200-100] Execute           source C:/Xilinx/Vivado_HLS/2017.2/common/technology/xilinx/interface/fsl.gen 
INFO: [HLS 200-100] Command           ap_source returned 0; 0 sec.
INFO: [HLS 200-100] Execute           source C:/Xilinx/Vivado_HLS/2017.2/common/technology/xilinx/interface/axi4.gen 
INFO: [HLS 200-100] Command           ap_source returned 0; 0.003 sec.
INFO: [HLS 200-100] Execute           source C:/Xilinx/Vivado_HLS/2017.2/common/technology/xilinx/interface/nativeAXI4.gen 
INFO: [HLS 200-100] Execute             source C:/Xilinx/Vivado_HLS/2017.2/common/technology/xilinx/interface/saxilite.gen 
INFO: [HLS 200-100] Command             ap_source returned 0; 0.004 sec.
INFO: [HLS 200-100] Execute             source C:/Xilinx/Vivado_HLS/2017.2/common/technology/xilinx/interface/maxi.gen 
INFO: [HLS 200-100] Command             ap_source returned 0; 0.007 sec.
INFO: [HLS 200-100] Command           ap_source returned 0; 0.011 sec.
INFO: [HLS 200-100] Execute           source C:/Xilinx/Vivado_HLS/2017.2/common/technology/xilinx/scripts/xilinxcoregen.gen 
INFO: [HLS 200-100] Command           ap_source returned 0; 0.01 sec.
INFO: [HLS 200-100] Execute           source C:/Xilinx/Vivado_HLS/2017.2/common/technology/xilinx/interface/XilEDKCoreGen.gen 
INFO: [HLS 200-100] Command           ap_source returned 0; 0.009 sec.
INFO: [HLS 200-100] Execute           source C:/Xilinx/Vivado_HLS/2017.2/common/technology/xilinx/ip/dds_compiler.gen 
INFO: [HLS 200-100] Command           ap_source returned 0; 0.004 sec.
INFO: [HLS 200-100] Execute           source C:/Xilinx/Vivado_HLS/2017.2/common/technology/xilinx/ip/util.gen 
INFO: [HLS 200-100] Command           ap_source returned 0; 0 sec.
INFO: [HLS 200-100] Execute           source C:/Xilinx/Vivado_HLS/2017.2/common/technology/xilinx/ip/xfft.gen 
INFO: [HLS 200-100] Command           ap_source returned 0; 0.108 sec.
INFO: [HLS 200-100] Execute           source C:/Xilinx/Vivado_HLS/2017.2/common/technology/xilinx/ip/xfir.gen 
INFO: [HLS 200-100] Command           ap_source returned 0; 0.001 sec.
INFO: [HLS 200-100] Command         ap_source returned 0; 0.149 sec.
INFO: [HLS 200-100] Execute         source C:/Xilinx/Vivado_HLS/2017.2/common/technology/xilinx/common/dsp48.gen 
INFO: [HLS 200-100] Command         ap_source returned 0; 0 sec.
INFO: [HLS 200-100] Command       ap_source returned 0; 0.152 sec.
INFO: [HLS 200-100] Command     ap_source returned 0; 0.152 sec.
INFO: [HLS 200-100] Execute     source C:/Xilinx/Vivado_HLS/2017.2/common/technology/xilinx/zynq/zynq_fpv6.gen 
INFO: [HLS 200-100] Execute       source C:/Xilinx/Vivado_HLS/2017.2/common/technology/xilinx/common/xilinx_fpv6.gen 
INFO: [HLS 200-100] Command       ap_source returned 0; 0.001 sec.
INFO: [HLS 200-100] Command     ap_source returned 0; 0.001 sec.
INFO: [HLS 200-100] Execute     source C:/Users/luisf/Documents/PROYECTOS/labs/lab4/fir.prj/solution1/.autopilot/db/global.setting.tcl 
INFO: [HLS 200-100] Command     ap_source returned 0; 0.001 sec.
INFO: [HLS 200-100] Execute     source C:/Users/luisf/Documents/PROYECTOS/labs/lab4/fir.prj/solution1/.autopilot/db/global.setting.tcl 
INFO: [HLS 200-100] Command     ap_source returned 0; 0.002 sec.
INFO: [HLS 200-100] Execute     source C:/Users/luisf/Documents/PROYECTOS/labs/lab4/fir.prj/solution1/.autopilot/db/global.setting.tcl 
INFO: [HLS 200-100] Command     ap_source returned 0; 0.001 sec.
INFO: [HLS 200-100] Execute     source C:/Xilinx/Vivado_HLS/2017.2/common/technology/generic/autopilot/common.gen 
INFO: [HLS 200-100] Execute       source C:/Xilinx/Vivado_HLS/2017.2/common/technology/generic/autopilot/APCoreGen.gen 
INFO: [HLS 200-100] Command       ap_source returned 0; 0.001 sec.
INFO: [HLS 200-100] Command     ap_source returned 0; 0.002 sec.
INFO: [HLS 200-100] Execute     source C:/Xilinx/Vivado_HLS/2017.2/common/technology/generic/autopilot/op.gen 
INFO: [HLS 200-100] Command     ap_source returned 0; 0.001 sec.
INFO: [HLS 200-100] Execute     source C:/Xilinx/Vivado_HLS/2017.2/common/technology/generic/autopilot/op_simcore.gen 
INFO: [HLS 200-100] Command     ap_source returned 0; 0.001 sec.
INFO: [HLS 200-100] Execute     source C:/Xilinx/Vivado_HLS/2017.2/common/technology/generic/autopilot/interface.gen 
INFO: [HLS 200-100] Command     ap_source returned 0; 0.001 sec.
INFO: [HLS 200-100] Execute     source C:/Users/luisf/Documents/PROYECTOS/labs/lab4/fir.prj/solution1/.autopilot/db/global.setting.tcl 
INFO: [HLS 200-100] Command     ap_source returned 0; 0.001 sec.
INFO: [HLS 200-100] Execute     source C:/Xilinx/Vivado_HLS/2017.2/common/technology/xilinx/zynq/zynq.gen 
INFO: [HLS 200-100] Execute       source C:/Xilinx/Vivado_HLS/2017.2/common/technology/xilinx/common/virtex.gen 
INFO: [HLS 200-100] Execute         source C:/Xilinx/Vivado_HLS/2017.2/common/technology/xilinx/common/xilinx.gen 
INFO: [HLS 200-100] Execute           source C:/Xilinx/Vivado_HLS/2017.2/common/technology/xilinx/interface/plb46.gen 
INFO: [HLS 200-100] Command           ap_source returned 0; 0.001 sec.
INFO: [HLS 200-100] Execute           source C:/Xilinx/Vivado_HLS/2017.2/common/technology/xilinx/interface/fsl.gen 
INFO: [HLS 200-100] Command           ap_source returned 0; 0.001 sec.
INFO: [HLS 200-100] Execute           source C:/Xilinx/Vivado_HLS/2017.2/common/technology/xilinx/interface/axi4.gen 
INFO: [HLS 200-100] Command           ap_source returned 0; 0.002 sec.
INFO: [HLS 200-100] Execute           source C:/Xilinx/Vivado_HLS/2017.2/common/technology/xilinx/interface/nativeAXI4.gen 
INFO: [HLS 200-100] Execute             source C:/Xilinx/Vivado_HLS/2017.2/common/technology/xilinx/interface/saxilite.gen 
INFO: [HLS 200-100] Command             ap_source returned 0; 0.003 sec.
INFO: [HLS 200-100] Execute             source C:/Xilinx/Vivado_HLS/2017.2/common/technology/xilinx/interface/maxi.gen 
INFO: [HLS 200-100] Command             ap_source returned 0; 0.008 sec.
INFO: [HLS 200-100] Command           ap_source returned 0; 0.013 sec.
INFO: [HLS 200-100] Execute           source C:/Xilinx/Vivado_HLS/2017.2/common/technology/xilinx/scripts/xilinxcoregen.gen 
INFO: [HLS 200-100] Command           ap_source returned 0; 0.011 sec.
INFO: [HLS 200-100] Execute           source C:/Xilinx/Vivado_HLS/2017.2/common/technology/xilinx/interface/XilEDKCoreGen.gen 
INFO: [HLS 200-100] Command           ap_source returned 0; 0.009 sec.
INFO: [HLS 200-100] Execute           source C:/Xilinx/Vivado_HLS/2017.2/common/technology/xilinx/ip/dds_compiler.gen 
INFO: [HLS 200-100] Command           ap_source returned 0; 0.003 sec.
INFO: [HLS 200-100] Execute           source C:/Xilinx/Vivado_HLS/2017.2/common/technology/xilinx/ip/util.gen 
INFO: [HLS 200-100] Command           ap_source returned 0; 0.001 sec.
INFO: [HLS 200-100] Execute           source C:/Xilinx/Vivado_HLS/2017.2/common/technology/xilinx/ip/xfft.gen 
INFO: [HLS 200-100] Command           ap_source returned 0; 0.111 sec.
INFO: [HLS 200-100] Execute           source C:/Xilinx/Vivado_HLS/2017.2/common/technology/xilinx/ip/xfir.gen 
INFO: [HLS 200-100] Command           ap_source returned 0; 0.001 sec.
INFO: [HLS 200-100] Command         ap_source returned 0; 0.154 sec.
INFO: [HLS 200-100] Execute         source C:/Xilinx/Vivado_HLS/2017.2/common/technology/xilinx/common/dsp48.gen 
INFO: [HLS 200-100] Command         ap_source returned 0; 0.001 sec.
INFO: [HLS 200-100] Command       ap_source returned 0; 0.157 sec.
INFO: [HLS 200-100] Command     ap_source returned 0; 0.157 sec.
INFO: [HLS 200-100] Execute     source C:/Xilinx/Vivado_HLS/2017.2/common/technology/xilinx/zynq/zynq_fpv6.gen 
INFO: [HLS 200-100] Execute       source C:/Xilinx/Vivado_HLS/2017.2/common/technology/xilinx/common/xilinx_fpv6.gen 
INFO: [HLS 200-100] Command       ap_source returned 0; 0.001 sec.
INFO: [HLS 200-100] Command     ap_source returned 0; 0.002 sec.
INFO: [HLS 200-100] Execute     source C:/Users/luisf/Documents/PROYECTOS/labs/lab4/fir.prj/solution1/.autopilot/db/global.setting.tcl 
INFO: [HLS 200-100] Command     ap_source returned 0; 0.001 sec.
INFO: [HLS 200-100] Execute     source C:/Users/luisf/Documents/PROYECTOS/labs/lab4/fir.prj/solution1/.autopilot/db/global.setting.tcl 
INFO: [HLS 200-100] Command     ap_source returned 0; 0.001 sec.
INFO: [HLS 200-100] Execute     source C:/Users/luisf/Documents/PROYECTOS/labs/lab4/fir.prj/solution1/.autopilot/db/fir.compgen.tcl 
INFO: [HLS 200-100] Command     ap_source returned 0; 0.002 sec.
INFO: [HLS 200-100] Execute     source C:/Users/luisf/Documents/PROYECTOS/labs/lab4/fir.prj/solution1/.autopilot/db/global.setting.tcl 
INFO: [HLS 200-100] Command     ap_source returned 0; 0.002 sec.
INFO: [HLS 200-100] Execute     source C:/Users/luisf/Documents/PROYECTOS/labs/lab4/fir.prj/solution1/.autopilot/db/fir.constraint.tcl 
INFO: [HLS 200-100] Command     ap_source returned 0; 0.001 sec.
INFO: [HLS 200-100] Execute     source C:/Users/luisf/Documents/PROYECTOS/labs/lab4/fir.prj/solution1/.autopilot/db/global.setting.tcl 
INFO: [HLS 200-100] Command     ap_source returned 0; 0.001 sec.
INFO: [HLS 200-100] Execute     source C:/Xilinx/Vivado_HLS/2017.2/common/technology/generic/autopilot/common.gen 
INFO: [HLS 200-100] Execute       source C:/Xilinx/Vivado_HLS/2017.2/common/technology/generic/autopilot/APCoreGen.gen 
INFO: [HLS 200-100] Command       ap_source returned 0; 0.001 sec.
INFO: [HLS 200-100] Command     ap_source returned 0; 0.001 sec.
INFO: [HLS 200-100] Execute     source C:/Xilinx/Vivado_HLS/2017.2/common/technology/generic/autopilot/op.gen 
INFO: [HLS 200-100] Command     ap_source returned 0; 0.001 sec.
INFO: [HLS 200-100] Execute     source C:/Xilinx/Vivado_HLS/2017.2/common/technology/generic/autopilot/op_simcore.gen 
INFO: [HLS 200-100] Command     ap_source returned 0; 0.001 sec.
INFO: [HLS 200-100] Execute     source C:/Xilinx/Vivado_HLS/2017.2/common/technology/generic/autopilot/interface.gen 
INFO: [HLS 200-100] Command     ap_source returned 0; 0 sec.
INFO: [HLS 200-100] Execute     source C:/Users/luisf/Documents/PROYECTOS/labs/lab4/fir.prj/solution1/.autopilot/db/global.setting.tcl 
INFO: [HLS 200-100] Command     ap_source returned 0; 0.001 sec.
INFO: [HLS 200-100] Execute     source C:/Xilinx/Vivado_HLS/2017.2/common/technology/xilinx/zynq/zynq.gen 
INFO: [HLS 200-100] Execute       source C:/Xilinx/Vivado_HLS/2017.2/common/technology/xilinx/common/virtex.gen 
INFO: [HLS 200-100] Execute         source C:/Xilinx/Vivado_HLS/2017.2/common/technology/xilinx/common/xilinx.gen 
INFO: [HLS 200-100] Execute           source C:/Xilinx/Vivado_HLS/2017.2/common/technology/xilinx/interface/plb46.gen 
INFO: [HLS 200-100] Command           ap_source returned 0; 0.001 sec.
INFO: [HLS 200-100] Execute           source C:/Xilinx/Vivado_HLS/2017.2/common/technology/xilinx/interface/fsl.gen 
INFO: [HLS 200-100] Command           ap_source returned 0; 0 sec.
INFO: [HLS 200-100] Execute           source C:/Xilinx/Vivado_HLS/2017.2/common/technology/xilinx/interface/axi4.gen 
INFO: [HLS 200-100] Command           ap_source returned 0; 0.002 sec.
INFO: [HLS 200-100] Execute           source C:/Xilinx/Vivado_HLS/2017.2/common/technology/xilinx/interface/nativeAXI4.gen 
INFO: [HLS 200-100] Execute             source C:/Xilinx/Vivado_HLS/2017.2/common/technology/xilinx/interface/saxilite.gen 
INFO: [HLS 200-100] Command             ap_source returned 0; 0.004 sec.
INFO: [HLS 200-100] Execute             source C:/Xilinx/Vivado_HLS/2017.2/common/technology/xilinx/interface/maxi.gen 
INFO: [HLS 200-100] Command             ap_source returned 0; 0.007 sec.
INFO: [HLS 200-100] Command           ap_source returned 0; 0.011 sec.
INFO: [HLS 200-100] Execute           source C:/Xilinx/Vivado_HLS/2017.2/common/technology/xilinx/scripts/xilinxcoregen.gen 
INFO: [HLS 200-100] Command           ap_source returned 0; 0.01 sec.
INFO: [HLS 200-100] Execute           source C:/Xilinx/Vivado_HLS/2017.2/common/technology/xilinx/interface/XilEDKCoreGen.gen 
INFO: [HLS 200-100] Command           ap_source returned 0; 0.008 sec.
INFO: [HLS 200-100] Execute           source C:/Xilinx/Vivado_HLS/2017.2/common/technology/xilinx/ip/dds_compiler.gen 
INFO: [HLS 200-100] Command           ap_source returned 0; 0.003 sec.
INFO: [HLS 200-100] Execute           source C:/Xilinx/Vivado_HLS/2017.2/common/technology/xilinx/ip/util.gen 
INFO: [HLS 200-100] Command           ap_source returned 0; 0 sec.
INFO: [HLS 200-100] Execute           source C:/Xilinx/Vivado_HLS/2017.2/common/technology/xilinx/ip/xfft.gen 
INFO: [HLS 200-100] Command           ap_source returned 0; 0.108 sec.
INFO: [HLS 200-100] Execute           source C:/Xilinx/Vivado_HLS/2017.2/common/technology/xilinx/ip/xfir.gen 
INFO: [HLS 200-100] Command           ap_source returned 0; 0.001 sec.
INFO: [HLS 200-100] Command         ap_source returned 0; 0.147 sec.
INFO: [HLS 200-100] Execute         source C:/Xilinx/Vivado_HLS/2017.2/common/technology/xilinx/common/dsp48.gen 
INFO: [HLS 200-100] Command         ap_source returned 0; 0 sec.
INFO: [HLS 200-100] Command       ap_source returned 0; 0.149 sec.
INFO: [HLS 200-100] Command     ap_source returned 0; 0.15 sec.
INFO: [HLS 200-100] Execute     source C:/Xilinx/Vivado_HLS/2017.2/common/technology/xilinx/zynq/zynq_fpv6.gen 
INFO: [HLS 200-100] Execute       source C:/Xilinx/Vivado_HLS/2017.2/common/technology/xilinx/common/xilinx_fpv6.gen 
INFO: [HLS 200-100] Command       ap_source returned 0; 0.002 sec.
INFO: [HLS 200-100] Command     ap_source returned 0; 0.002 sec.
INFO: [HLS 200-100] Execute     source C:/Users/luisf/Documents/PROYECTOS/labs/lab4/fir.prj/solution1/.autopilot/db/global.setting.tcl 
INFO: [HLS 200-100] Command     ap_source returned 0; 0.002 sec.
INFO: [HLS 200-100] Execute     source C:/Users/luisf/Documents/PROYECTOS/labs/lab4/fir.prj/solution1/.autopilot/db/global.setting.tcl 
INFO: [HLS 200-100] Command     ap_source returned 0; 0.002 sec.
INFO: [HLS 200-100] Execute     source C:/Xilinx/Vivado_HLS/2017.2/common/technology/generic/autopilot/common.gen 
INFO: [HLS 200-100] Execute       source C:/Xilinx/Vivado_HLS/2017.2/common/technology/generic/autopilot/APCoreGen.gen 
INFO: [HLS 200-100] Command       ap_source returned 0; 0.001 sec.
INFO: [HLS 200-100] Command     ap_source returned 0; 0.001 sec.
INFO: [HLS 200-100] Execute     source C:/Xilinx/Vivado_HLS/2017.2/common/technology/generic/autopilot/op.gen 
INFO: [HLS 200-100] Command     ap_source returned 0; 0.001 sec.
INFO: [HLS 200-100] Execute     source C:/Xilinx/Vivado_HLS/2017.2/common/technology/generic/autopilot/op_simcore.gen 
INFO: [HLS 200-100] Command     ap_source returned 0; 0.001 sec.
INFO: [HLS 200-100] Execute     source C:/Xilinx/Vivado_HLS/2017.2/common/technology/generic/autopilot/interface.gen 
INFO: [HLS 200-100] Command     ap_source returned 0; 0.001 sec.
INFO: [HLS 200-100] Execute     source C:/Users/luisf/Documents/PROYECTOS/labs/lab4/fir.prj/solution1/.autopilot/db/global.setting.tcl 
INFO: [HLS 200-100] Command     ap_source returned 0; 0.007 sec.
INFO: [HLS 200-100] Execute     source C:/Xilinx/Vivado_HLS/2017.2/common/technology/xilinx/zynq/zynq.gen 
INFO: [HLS 200-100] Execute       source C:/Xilinx/Vivado_HLS/2017.2/common/technology/xilinx/common/virtex.gen 
INFO: [HLS 200-100] Execute         source C:/Xilinx/Vivado_HLS/2017.2/common/technology/xilinx/common/xilinx.gen 
INFO: [HLS 200-100] Execute           source C:/Xilinx/Vivado_HLS/2017.2/common/technology/xilinx/interface/plb46.gen 
INFO: [HLS 200-100] Command           ap_source returned 0; 0.002 sec.
INFO: [HLS 200-100] Execute           source C:/Xilinx/Vivado_HLS/2017.2/common/technology/xilinx/interface/fsl.gen 
INFO: [HLS 200-100] Command           ap_source returned 0; 0 sec.
INFO: [HLS 200-100] Execute           source C:/Xilinx/Vivado_HLS/2017.2/common/technology/xilinx/interface/axi4.gen 
INFO: [HLS 200-100] Command           ap_source returned 0; 0.002 sec.
INFO: [HLS 200-100] Execute           source C:/Xilinx/Vivado_HLS/2017.2/common/technology/xilinx/interface/nativeAXI4.gen 
INFO: [HLS 200-100] Execute             source C:/Xilinx/Vivado_HLS/2017.2/common/technology/xilinx/interface/saxilite.gen 
INFO: [HLS 200-100] Command             ap_source returned 0; 0.003 sec.
INFO: [HLS 200-100] Execute             source C:/Xilinx/Vivado_HLS/2017.2/common/technology/xilinx/interface/maxi.gen 
INFO: [HLS 200-100] Command             ap_source returned 0; 0.007 sec.
INFO: [HLS 200-100] Command           ap_source returned 0; 0.011 sec.
INFO: [HLS 200-100] Execute           source C:/Xilinx/Vivado_HLS/2017.2/common/technology/xilinx/scripts/xilinxcoregen.gen 
INFO: [HLS 200-100] Command           ap_source returned 0; 0.009 sec.
INFO: [HLS 200-100] Execute           source C:/Xilinx/Vivado_HLS/2017.2/common/technology/xilinx/interface/XilEDKCoreGen.gen 
INFO: [HLS 200-100] Command           ap_source returned 0; 0.008 sec.
INFO: [HLS 200-100] Execute           source C:/Xilinx/Vivado_HLS/2017.2/common/technology/xilinx/ip/dds_compiler.gen 
INFO: [HLS 200-100] Command           ap_source returned 0; 0.003 sec.
INFO: [HLS 200-100] Execute           source C:/Xilinx/Vivado_HLS/2017.2/common/technology/xilinx/ip/util.gen 
INFO: [HLS 200-100] Command           ap_source returned 0; 0.001 sec.
INFO: [HLS 200-100] Execute           source C:/Xilinx/Vivado_HLS/2017.2/common/technology/xilinx/ip/xfft.gen 
INFO: [HLS 200-100] Command           ap_source returned 0; 0.105 sec.
INFO: [HLS 200-100] Execute           source C:/Xilinx/Vivado_HLS/2017.2/common/technology/xilinx/ip/xfir.gen 
INFO: [HLS 200-100] Command           ap_source returned 0; 0.001 sec.
INFO: [HLS 200-100] Command         ap_source returned 0; 0.144 sec.
INFO: [HLS 200-100] Execute         source C:/Xilinx/Vivado_HLS/2017.2/common/technology/xilinx/common/dsp48.gen 
INFO: [HLS 200-100] Command         ap_source returned 0; 0.001 sec.
INFO: [HLS 200-100] Command       ap_source returned 0; 0.147 sec.
INFO: [HLS 200-100] Command     ap_source returned 0; 0.147 sec.
INFO: [HLS 200-100] Execute     source C:/Xilinx/Vivado_HLS/2017.2/common/technology/xilinx/zynq/zynq_fpv6.gen 
INFO: [HLS 200-100] Execute       source C:/Xilinx/Vivado_HLS/2017.2/common/technology/xilinx/common/xilinx_fpv6.gen 
INFO: [HLS 200-100] Command       ap_source returned 0; 0.002 sec.
INFO: [HLS 200-100] Command     ap_source returned 0; 0.002 sec.
INFO: [HLS 200-100] Execute     source C:/Users/luisf/Documents/PROYECTOS/labs/lab4/fir.prj/solution1/.autopilot/db/global.setting.tcl 
INFO: [HLS 200-100] Command     ap_source returned 0; 0.003 sec.
INFO: [HLS 200-100] Execute     source C:/Users/luisf/Documents/PROYECTOS/labs/lab4/fir.prj/solution1/.autopilot/db/global.setting.tcl 
INFO: [HLS 200-100] Command     ap_source returned 0; 0.002 sec.
INFO: [HLS 200-100] Execute     source C:/Users/luisf/Documents/PROYECTOS/labs/lab4/fir.prj/solution1/.autopilot/db/global.setting.tcl 
INFO: [HLS 200-100] Command     ap_source returned 0; 0.002 sec.
INFO: [HLS 200-100] Execute     source C:/Xilinx/Vivado_HLS/2017.2/common/technology/generic/autopilot/common.gen 
INFO: [HLS 200-100] Execute       source C:/Xilinx/Vivado_HLS/2017.2/common/technology/generic/autopilot/APCoreGen.gen 
INFO: [HLS 200-100] Command       ap_source returned 0; 0.001 sec.
INFO: [HLS 200-100] Command     ap_source returned 0; 0.001 sec.
INFO: [HLS 200-100] Execute     source C:/Xilinx/Vivado_HLS/2017.2/common/technology/generic/autopilot/op.gen 
INFO: [HLS 200-100] Command     ap_source returned 0; 0 sec.
INFO: [HLS 200-100] Execute     source C:/Xilinx/Vivado_HLS/2017.2/common/technology/generic/autopilot/op_simcore.gen 
INFO: [HLS 200-100] Command     ap_source returned 0; 0.001 sec.
INFO: [HLS 200-100] Execute     source C:/Xilinx/Vivado_HLS/2017.2/common/technology/generic/autopilot/interface.gen 
INFO: [HLS 200-100] Command     ap_source returned 0; 0.001 sec.
INFO: [HLS 200-100] Execute     source C:/Users/luisf/Documents/PROYECTOS/labs/lab4/fir.prj/solution1/.autopilot/db/global.setting.tcl 
INFO: [HLS 200-100] Command     ap_source returned 0; 0.001 sec.
INFO: [HLS 200-100] Execute     source C:/Xilinx/Vivado_HLS/2017.2/common/technology/xilinx/zynq/zynq.gen 
INFO: [HLS 200-100] Execute       source C:/Xilinx/Vivado_HLS/2017.2/common/technology/xilinx/common/virtex.gen 
INFO: [HLS 200-100] Execute         source C:/Xilinx/Vivado_HLS/2017.2/common/technology/xilinx/common/xilinx.gen 
INFO: [HLS 200-100] Execute           source C:/Xilinx/Vivado_HLS/2017.2/common/technology/xilinx/interface/plb46.gen 
INFO: [HLS 200-100] Command           ap_source returned 0; 0.001 sec.
INFO: [HLS 200-100] Execute           source C:/Xilinx/Vivado_HLS/2017.2/common/technology/xilinx/interface/fsl.gen 
INFO: [HLS 200-100] Command           ap_source returned 0; 0 sec.
INFO: [HLS 200-100] Execute           source C:/Xilinx/Vivado_HLS/2017.2/common/technology/xilinx/interface/axi4.gen 
INFO: [HLS 200-100] Command           ap_source returned 0; 0.002 sec.
INFO: [HLS 200-100] Execute           source C:/Xilinx/Vivado_HLS/2017.2/common/technology/xilinx/interface/nativeAXI4.gen 
INFO: [HLS 200-100] Execute             source C:/Xilinx/Vivado_HLS/2017.2/common/technology/xilinx/interface/saxilite.gen 
INFO: [HLS 200-100] Command             ap_source returned 0; 0.003 sec.
INFO: [HLS 200-100] Execute             source C:/Xilinx/Vivado_HLS/2017.2/common/technology/xilinx/interface/maxi.gen 
INFO: [HLS 200-100] Command             ap_source returned 0; 0.007 sec.
INFO: [HLS 200-100] Command           ap_source returned 0; 0.011 sec.
INFO: [HLS 200-100] Execute           source C:/Xilinx/Vivado_HLS/2017.2/common/technology/xilinx/scripts/xilinxcoregen.gen 
INFO: [HLS 200-100] Command           ap_source returned 0; 0.01 sec.
INFO: [HLS 200-100] Execute           source C:/Xilinx/Vivado_HLS/2017.2/common/technology/xilinx/interface/XilEDKCoreGen.gen 
INFO: [HLS 200-100] Command           ap_source returned 0; 0.007 sec.
INFO: [HLS 200-100] Execute           source C:/Xilinx/Vivado_HLS/2017.2/common/technology/xilinx/ip/dds_compiler.gen 
INFO: [HLS 200-100] Command           ap_source returned 0; 0.003 sec.
INFO: [HLS 200-100] Execute           source C:/Xilinx/Vivado_HLS/2017.2/common/technology/xilinx/ip/util.gen 
INFO: [HLS 200-100] Command           ap_source returned 0; 0 sec.
INFO: [HLS 200-100] Execute           source C:/Xilinx/Vivado_HLS/2017.2/common/technology/xilinx/ip/xfft.gen 
INFO: [HLS 200-100] Command           ap_source returned 0; 0.107 sec.
INFO: [HLS 200-100] Execute           source C:/Xilinx/Vivado_HLS/2017.2/common/technology/xilinx/ip/xfir.gen 
INFO: [HLS 200-100] Command           ap_source returned 0; 0.001 sec.
INFO: [HLS 200-100] Command         ap_source returned 0; 0.145 sec.
INFO: [HLS 200-100] Execute         source C:/Xilinx/Vivado_HLS/2017.2/common/technology/xilinx/common/dsp48.gen 
INFO: [HLS 200-100] Command         ap_source returned 0; 0 sec.
INFO: [HLS 200-100] Command       ap_source returned 0; 0.146 sec.
INFO: [HLS 200-100] Command     ap_source returned 0; 0.148 sec.
INFO: [HLS 200-100] Execute     source C:/Xilinx/Vivado_HLS/2017.2/common/technology/xilinx/zynq/zynq_fpv6.gen 
INFO: [HLS 200-100] Execute       source C:/Xilinx/Vivado_HLS/2017.2/common/technology/xilinx/common/xilinx_fpv6.gen 
INFO: [HLS 200-100] Command       ap_source returned 0; 0.002 sec.
INFO: [HLS 200-100] Command     ap_source returned 0; 0.002 sec.
INFO: [HLS 200-100] Execute     source C:/Users/luisf/Documents/PROYECTOS/labs/lab4/fir.prj/solution1/.autopilot/db/global.setting.tcl 
INFO: [HLS 200-100] Command     ap_source returned 0; 0.001 sec.
INFO: [HLS 200-100] Execute     source C:/Users/luisf/Documents/PROYECTOS/labs/lab4/fir.prj/solution1/.autopilot/db/global.setting.tcl 
INFO: [HLS 200-100] Command     ap_source returned 0; 0.001 sec.
INFO: [HLS 200-100] Execute     source C:/Users/luisf/Documents/PROYECTOS/labs/lab4/fir.prj/solution1/.autopilot/db/fir.compgen.tcl 
INFO: [HLS 200-100] Command     ap_source returned 0; 0.002 sec.
INFO: [HLS 200-100] Execute     source C:/Users/luisf/Documents/PROYECTOS/labs/lab4/fir.prj/solution1/.autopilot/db/global.setting.tcl 
INFO: [HLS 200-100] Command     ap_source returned 0; 0.001 sec.
INFO: [HLS 200-100] Execute     source C:/Users/luisf/Documents/PROYECTOS/labs/lab4/fir.prj/solution1/.autopilot/db/fir.constraint.tcl 
INFO: [HLS 200-100] Command     ap_source returned 0; 0.001 sec.
INFO: [HLS 200-100] Execute     source C:/Users/luisf/Documents/PROYECTOS/labs/lab4/fir.prj/solution1/.autopilot/db/global.setting.tcl 
INFO: [HLS 200-100] Command     ap_source returned 0; 0.001 sec.
INFO: [HLS 200-100] Execute     source C:/Xilinx/Vivado_HLS/2017.2/common/technology/generic/autopilot/common.gen 
INFO: [HLS 200-100] Execute       source C:/Xilinx/Vivado_HLS/2017.2/common/technology/generic/autopilot/APCoreGen.gen 
INFO: [HLS 200-100] Command       ap_source returned 0; 0.001 sec.
INFO: [HLS 200-100] Command     ap_source returned 0; 0.002 sec.
INFO: [HLS 200-100] Execute     source C:/Xilinx/Vivado_HLS/2017.2/common/technology/generic/autopilot/op.gen 
INFO: [HLS 200-100] Command     ap_source returned 0; 0.001 sec.
INFO: [HLS 200-100] Execute     source C:/Xilinx/Vivado_HLS/2017.2/common/technology/generic/autopilot/op_simcore.gen 
INFO: [HLS 200-100] Command     ap_source returned 0; 0.001 sec.
INFO: [HLS 200-100] Execute     source C:/Xilinx/Vivado_HLS/2017.2/common/technology/generic/autopilot/interface.gen 
INFO: [HLS 200-100] Command     ap_source returned 0; 0 sec.
INFO: [HLS 200-100] Execute     source C:/Users/luisf/Documents/PROYECTOS/labs/lab4/fir.prj/solution1/.autopilot/db/global.setting.tcl 
INFO: [HLS 200-100] Command     ap_source returned 0; 0.002 sec.
INFO: [HLS 200-100] Execute     source C:/Xilinx/Vivado_HLS/2017.2/common/technology/xilinx/zynq/zynq.gen 
INFO: [HLS 200-100] Execute       source C:/Xilinx/Vivado_HLS/2017.2/common/technology/xilinx/common/virtex.gen 
INFO: [HLS 200-100] Execute         source C:/Xilinx/Vivado_HLS/2017.2/common/technology/xilinx/common/xilinx.gen 
INFO: [HLS 200-100] Execute           source C:/Xilinx/Vivado_HLS/2017.2/common/technology/xilinx/interface/plb46.gen 
INFO: [HLS 200-100] Command           ap_source returned 0; 0.001 sec.
INFO: [HLS 200-100] Execute           source C:/Xilinx/Vivado_HLS/2017.2/common/technology/xilinx/interface/fsl.gen 
INFO: [HLS 200-100] Command           ap_source returned 0; 0.001 sec.
INFO: [HLS 200-100] Execute           source C:/Xilinx/Vivado_HLS/2017.2/common/technology/xilinx/interface/axi4.gen 
INFO: [HLS 200-100] Command           ap_source returned 0; 0.002 sec.
INFO: [HLS 200-100] Execute           source C:/Xilinx/Vivado_HLS/2017.2/common/technology/xilinx/interface/nativeAXI4.gen 
INFO: [HLS 200-100] Execute             source C:/Xilinx/Vivado_HLS/2017.2/common/technology/xilinx/interface/saxilite.gen 
INFO: [HLS 200-100] Command             ap_source returned 0; 0.004 sec.
INFO: [HLS 200-100] Execute             source C:/Xilinx/Vivado_HLS/2017.2/common/technology/xilinx/interface/maxi.gen 
INFO: [HLS 200-100] Command             ap_source returned 0; 0.007 sec.
INFO: [HLS 200-100] Command           ap_source returned 0; 0.011 sec.
INFO: [HLS 200-100] Execute           source C:/Xilinx/Vivado_HLS/2017.2/common/technology/xilinx/scripts/xilinxcoregen.gen 
INFO: [HLS 200-100] Command           ap_source returned 0; 0.01 sec.
INFO: [HLS 200-100] Execute           source C:/Xilinx/Vivado_HLS/2017.2/common/technology/xilinx/interface/XilEDKCoreGen.gen 
INFO: [HLS 200-100] Command           ap_source returned 0; 0.008 sec.
INFO: [HLS 200-100] Execute           source C:/Xilinx/Vivado_HLS/2017.2/common/technology/xilinx/ip/dds_compiler.gen 
INFO: [HLS 200-100] Command           ap_source returned 0; 0.003 sec.
INFO: [HLS 200-100] Execute           source C:/Xilinx/Vivado_HLS/2017.2/common/technology/xilinx/ip/util.gen 
INFO: [HLS 200-100] Command           ap_source returned 0; 0.001 sec.
INFO: [HLS 200-100] Execute           source C:/Xilinx/Vivado_HLS/2017.2/common/technology/xilinx/ip/xfft.gen 
INFO: [HLS 200-100] Command           ap_source returned 0; 0.108 sec.
INFO: [HLS 200-100] Execute           source C:/Xilinx/Vivado_HLS/2017.2/common/technology/xilinx/ip/xfir.gen 
INFO: [HLS 200-100] Command           ap_source returned 0; 0 sec.
INFO: [HLS 200-100] Command         ap_source returned 0; 0.148 sec.
INFO: [HLS 200-100] Execute         source C:/Xilinx/Vivado_HLS/2017.2/common/technology/xilinx/common/dsp48.gen 
INFO: [HLS 200-100] Command         ap_source returned 0; 0 sec.
INFO: [HLS 200-100] Command       ap_source returned 0; 0.15 sec.
INFO: [HLS 200-100] Command     ap_source returned 0; 0.15 sec.
INFO: [HLS 200-100] Execute     source C:/Xilinx/Vivado_HLS/2017.2/common/technology/xilinx/zynq/zynq_fpv6.gen 
INFO: [HLS 200-100] Execute       source C:/Xilinx/Vivado_HLS/2017.2/common/technology/xilinx/common/xilinx_fpv6.gen 
INFO: [HLS 200-100] Command       ap_source returned 0; 0.001 sec.
INFO: [HLS 200-100] Command     ap_source returned 0; 0.002 sec.
INFO: [HLS 200-100] Execute     source C:/Users/luisf/Documents/PROYECTOS/labs/lab4/fir.prj/solution1/.autopilot/db/global.setting.tcl 
INFO: [HLS 200-100] Command     ap_source returned 0; 0.002 sec.
INFO: [HLS 200-100] Command   export_design returned 0; 22.963 sec.
INFO: [HLS 200-100] Command ap_source returned 0; 23.269 sec.
INFO: [HLS 200-100] Execute cleanup_all 
INFO: [HLS 200-100] Command cleanup_all returned 0; 0 sec.
