

================================================================
== Vivado HLS Report for 'dct'
================================================================
* Date:           Wed May 26 18:04:08 2021

* Version:        2017.1 (Build 1846317 on Fri Apr 14 19:19:38 MDT 2017)
* Project:        dct.prj
* Solution:       solution5
* Product family: zynq
* Target device:  xc7z020clg484-1


================================================================
== Performance Estimates
================================================================
+ Timing (ns): 
    * Summary: 
    +--------+-------+----------+------------+
    |  Clock | Target| Estimated| Uncertainty|
    +--------+-------+----------+------------+
    |ap_clk  |   8.00|      9.73|        1.00|
    +--------+-------+----------+------------+

+ Latency (clock cycles): 
    * Summary: 
    +-----+-----+-----+-----+----------+
    |  Latency  |  Interval | Pipeline |
    | min | max | min | max |   Type   |
    +-----+-----+-----+-----+----------+
    |  528|  528|  393|  393| dataflow |
    +-----+-----+-----+-----+----------+

    + Detail: 
        * Instance: 
        +---------------+------------+-----+-----+-----+-----+---------+
        |               |            |  Latency  |  Interval | Pipeline|
        |    Instance   |   Module   | min | max | min | max |   Type  |
        +---------------+------------+-----+-----+-----+-----+---------+
        |dct_2d_U0      |dct_2d      |  392|  392|  392|  392|   none  |
        |write_data_U0  |write_data  |   67|   67|   67|   67|   none  |
        |read_data_U0   |read_data   |   67|   67|   67|   67|   none  |
        +---------------+------------+-----+-----+-----+-----+---------+

        * Loop: 
        N/A



================================================================
== Utilization Estimates
================================================================
* Summary: 
+-----------------+---------+-------+--------+-------+
|       Name      | BRAM_18K| DSP48E|   FF   |  LUT  |
+-----------------+---------+-------+--------+-------+
|DSP              |        -|      -|       -|      -|
|Expression       |        -|      -|       0|     38|
|FIFO             |        -|      -|       -|      -|
|Instance         |        2|      8|    1179|   1560|
|Memory           |        2|      -|     512|     32|
|Multiplexer      |        -|      -|       -|     72|
|Register         |        -|      -|       8|      -|
+-----------------+---------+-------+--------+-------+
|Total            |        4|      8|    1699|   1702|
+-----------------+---------+-------+--------+-------+
|Available        |      280|    220|  106400|  53200|
+-----------------+---------+-------+--------+-------+
|Utilization (%)  |        1|      3|       1|      3|
+-----------------+---------+-------+--------+-------+

+ Detail: 
    * Instance: 
    +---------------+------------+---------+-------+------+------+
    |    Instance   |   Module   | BRAM_18K| DSP48E|  FF  |  LUT |
    +---------------+------------+---------+-------+------+------+
    |dct_2d_U0      |dct_2d      |        2|      8|  1094|  1207|
    |read_data_U0   |read_data   |        0|      0|    44|   169|
    |write_data_U0  |write_data  |        0|      0|    41|   184|
    +---------------+------------+---------+-------+------+------+
    |Total          |            |        2|      8|  1179|  1560|
    +---------------+------------+---------+-------+------+------+

    * DSP48: 
    N/A

    * Memory: 
    +---------------+-----------------+---------+----+----+------+-----+------+-------------+
    |     Memory    |      Module     | BRAM_18K| FF | LUT| Words| Bits| Banks| W*Bits*Banks|
    +---------------+-----------------+---------+----+----+------+-----+------+-------------+
    |buf_2d_in_0_U  |dct_buf_2d_in_0  |        0|  64|   4|     8|   16|     2|          256|
    |buf_2d_in_1_U  |dct_buf_2d_in_0  |        0|  64|   4|     8|   16|     2|          256|
    |buf_2d_in_2_U  |dct_buf_2d_in_0  |        0|  64|   4|     8|   16|     2|          256|
    |buf_2d_in_3_U  |dct_buf_2d_in_0  |        0|  64|   4|     8|   16|     2|          256|
    |buf_2d_in_4_U  |dct_buf_2d_in_0  |        0|  64|   4|     8|   16|     2|          256|
    |buf_2d_in_5_U  |dct_buf_2d_in_0  |        0|  64|   4|     8|   16|     2|          256|
    |buf_2d_in_6_U  |dct_buf_2d_in_0  |        0|  64|   4|     8|   16|     2|          256|
    |buf_2d_in_7_U  |dct_buf_2d_in_0  |        0|  64|   4|     8|   16|     2|          256|
    |buf_2d_out_U   |dct_buf_2d_out   |        2|   0|   0|    64|   16|     2|         2048|
    +---------------+-----------------+---------+----+----+------+-----+------+-------------+
    |Total          |                 |        2| 512|  32|   128|  144|    18|         4096|
    +---------------+-----------------+---------+----+----+------+-----+------+-------------+

    * FIFO: 
    N/A

    * Expression: 
    +-----------------------------------+----------+-------+---+----+------------+------------+
    |           Variable Name           | Operation| DSP48E| FF| LUT| Bitwidth P0| Bitwidth P1|
    +-----------------------------------+----------+-------+---+----+------------+------------+
    |ap_channel_done_buf_2d_in_0        |    and   |      0|  0|   2|           1|           1|
    |ap_channel_done_buf_2d_in_1        |    and   |      0|  0|   2|           1|           1|
    |ap_channel_done_buf_2d_in_2        |    and   |      0|  0|   2|           1|           1|
    |ap_channel_done_buf_2d_in_3        |    and   |      0|  0|   2|           1|           1|
    |ap_channel_done_buf_2d_in_4        |    and   |      0|  0|   2|           1|           1|
    |ap_channel_done_buf_2d_in_5        |    and   |      0|  0|   2|           1|           1|
    |ap_channel_done_buf_2d_in_6        |    and   |      0|  0|   2|           1|           1|
    |ap_channel_done_buf_2d_in_7        |    and   |      0|  0|   2|           1|           1|
    |ap_idle                            |    and   |      0|  0|   2|           1|           1|
    |dct_2d_U0_ap_start                 |    and   |      0|  0|   2|           1|           1|
    |read_data_U0_ap_continue           |    and   |      0|  0|   2|           1|           1|
    |ap_sync_channel_write_buf_2d_in_0  |    or    |      0|  0|   2|           1|           1|
    |ap_sync_channel_write_buf_2d_in_1  |    or    |      0|  0|   2|           1|           1|
    |ap_sync_channel_write_buf_2d_in_2  |    or    |      0|  0|   2|           1|           1|
    |ap_sync_channel_write_buf_2d_in_3  |    or    |      0|  0|   2|           1|           1|
    |ap_sync_channel_write_buf_2d_in_4  |    or    |      0|  0|   2|           1|           1|
    |ap_sync_channel_write_buf_2d_in_5  |    or    |      0|  0|   2|           1|           1|
    |ap_sync_channel_write_buf_2d_in_6  |    or    |      0|  0|   2|           1|           1|
    |ap_sync_channel_write_buf_2d_in_7  |    or    |      0|  0|   2|           1|           1|
    +-----------------------------------+----------+-------+---+----+------------+------------+
    |Total                              |          |      0|  0|  38|          19|          19|
    +-----------------------------------+----------+-------+---+----+------------+------------+

    * Multiplexer: 
    +---------------------------------------+----+-----------+-----+-----------+
    |                  Name                 | LUT| Input Size| Bits| Total Bits|
    +---------------------------------------+----+-----------+-----+-----------+
    |ap_sync_reg_channel_write_buf_2d_in_0  |   9|          2|    1|          2|
    |ap_sync_reg_channel_write_buf_2d_in_1  |   9|          2|    1|          2|
    |ap_sync_reg_channel_write_buf_2d_in_2  |   9|          2|    1|          2|
    |ap_sync_reg_channel_write_buf_2d_in_3  |   9|          2|    1|          2|
    |ap_sync_reg_channel_write_buf_2d_in_4  |   9|          2|    1|          2|
    |ap_sync_reg_channel_write_buf_2d_in_5  |   9|          2|    1|          2|
    |ap_sync_reg_channel_write_buf_2d_in_6  |   9|          2|    1|          2|
    |ap_sync_reg_channel_write_buf_2d_in_7  |   9|          2|    1|          2|
    +---------------------------------------+----+-----------+-----+-----------+
    |Total                                  |  72|         16|    8|         16|
    +---------------------------------------+----+-----------+-----+-----------+

    * Register: 
    +---------------------------------------+---+----+-----+-----------+
    |                  Name                 | FF| LUT| Bits| Const Bits|
    +---------------------------------------+---+----+-----+-----------+
    |ap_sync_reg_channel_write_buf_2d_in_0  |  1|   0|    1|          0|
    |ap_sync_reg_channel_write_buf_2d_in_1  |  1|   0|    1|          0|
    |ap_sync_reg_channel_write_buf_2d_in_2  |  1|   0|    1|          0|
    |ap_sync_reg_channel_write_buf_2d_in_3  |  1|   0|    1|          0|
    |ap_sync_reg_channel_write_buf_2d_in_4  |  1|   0|    1|          0|
    |ap_sync_reg_channel_write_buf_2d_in_5  |  1|   0|    1|          0|
    |ap_sync_reg_channel_write_buf_2d_in_6  |  1|   0|    1|          0|
    |ap_sync_reg_channel_write_buf_2d_in_7  |  1|   0|    1|          0|
    +---------------------------------------+---+----+-----+-----------+
    |Total                                  |  8|   0|    8|          0|
    +---------------------------------------+---+----+-----+-----------+



================================================================
== Interface
================================================================
* Summary: 
+-------------------+-----+-----+------------+--------------+--------------+
|     RTL Ports     | Dir | Bits|  Protocol  | Source Object|    C Type    |
+-------------------+-----+-----+------------+--------------+--------------+
|ap_clk             |  in |    1| ap_ctrl_hs |      dct     | return value |
|ap_rst             |  in |    1| ap_ctrl_hs |      dct     | return value |
|ap_done            | out |    1| ap_ctrl_hs |      dct     | return value |
|ap_start           |  in |    1| ap_ctrl_hs |      dct     | return value |
|ap_ready           | out |    1| ap_ctrl_hs |      dct     | return value |
|ap_idle            | out |    1| ap_ctrl_hs |      dct     | return value |
|input_r_address0   | out |    6|  ap_memory |    input_r   |     array    |
|input_r_ce0        | out |    1|  ap_memory |    input_r   |     array    |
|input_r_d0         | out |   16|  ap_memory |    input_r   |     array    |
|input_r_q0         |  in |   16|  ap_memory |    input_r   |     array    |
|input_r_we0        | out |    1|  ap_memory |    input_r   |     array    |
|input_r_address1   | out |    6|  ap_memory |    input_r   |     array    |
|input_r_ce1        | out |    1|  ap_memory |    input_r   |     array    |
|input_r_d1         | out |   16|  ap_memory |    input_r   |     array    |
|input_r_q1         |  in |   16|  ap_memory |    input_r   |     array    |
|input_r_we1        | out |    1|  ap_memory |    input_r   |     array    |
|output_r_address0  | out |    6|  ap_memory |   output_r   |     array    |
|output_r_ce0       | out |    1|  ap_memory |   output_r   |     array    |
|output_r_d0        | out |   16|  ap_memory |   output_r   |     array    |
|output_r_q0        |  in |   16|  ap_memory |   output_r   |     array    |
|output_r_we0       | out |    1|  ap_memory |   output_r   |     array    |
|output_r_address1  | out |    6|  ap_memory |   output_r   |     array    |
|output_r_ce1       | out |    1|  ap_memory |   output_r   |     array    |
|output_r_d1        | out |   16|  ap_memory |   output_r   |     array    |
|output_r_q1        |  in |   16|  ap_memory |   output_r   |     array    |
|output_r_we1       | out |    1|  ap_memory |   output_r   |     array    |
+-------------------+-----+-----+------------+--------------+--------------+

