

================================================================
== Vivado HLS Report for 'rgb2yuv'
================================================================
* Date:           Thu May 13 17:32:27 2021

* Version:        2017.1 (Build 1846317 on Fri Apr 14 19:19:38 MDT 2017)
* Project:        yuv_filter.prj
* Solution:       solution1
* Product family: zynq
* Target device:  xc7z010clg400-1


================================================================
== Performance Estimates
================================================================
+ Timing (ns): 
    * Summary: 
    +--------+-------+----------+------------+
    |  Clock | Target| Estimated| Uncertainty|
    +--------+-------+----------+------------+
    |ap_clk  |   8.00|      9.34|        1.00|
    +--------+-------+----------+------------+

+ Latency (clock cycles): 
    * Summary: 
    +--------+----------+--------+----------+---------+
    |      Latency      |      Interval     | Pipeline|
    |   min  |    max   |   min  |    max   |   Type  |
    +--------+----------+--------+----------+---------+
    |  400401|  24579841|  400401|  24579841|   none  |
    +--------+----------+--------+----------+---------+

    + Detail: 
        * Instance: 
        N/A

        * Loop: 
        +-------------------+--------+----------+--------------+-----------+-----------+------------+----------+
        |                   |      Latency      |   Iteration  |  Initiation Interval  |    Trip    |          |
        |     Loop Name     |   min  |    max   |    Latency   |  achieved |   target  |    Count   | Pipelined|
        +-------------------+--------+----------+--------------+-----------+-----------+------------+----------+
        |- RGB2YUV_LOOP_X   |  400400|  24579840| 2002 ~ 12802 |          -|          -| 200 ~ 1920 |    no    |
        | + RGB2YUV_LOOP_Y  |    2000|     12800|            10|          -|          -| 200 ~ 1280 |    no    |
        +-------------------+--------+----------+--------------+-----------+-----------+------------+----------+



================================================================
== Utilization Estimates
================================================================
* Summary: 
+-----------------+---------+-------+-------+-------+
|       Name      | BRAM_18K| DSP48E|   FF  |  LUT  |
+-----------------+---------+-------+-------+-------+
|DSP              |        -|      3|      -|      -|
|Expression       |        -|      -|      0|    343|
|FIFO             |        -|      -|      -|      -|
|Instance         |        -|      0|    136|    144|
|Memory           |        -|      -|      -|      -|
|Multiplexer      |        -|      -|      -|     74|
|Register         |        -|      -|    236|      -|
+-----------------+---------+-------+-------+-------+
|Total            |        0|      3|    372|    561|
+-----------------+---------+-------+-------+-------+
|Available        |      120|     80|  35200|  17600|
+-----------------+---------+-------+-------+-------+
|Utilization (%)  |        0|      3|      1|      3|
+-----------------+---------+-------+-------+-------+

+ Detail: 
    * Instance: 
    +-------------------------+----------------------+---------+-------+----+----+
    |         Instance        |        Module        | BRAM_18K| DSP48E| FF | LUT|
    +-------------------------+----------------------+---------+-------+----+----+
    |yuv_filter_mul_8nbkb_U1  |yuv_filter_mul_8nbkb  |        0|      0|  68|  72|
    |yuv_filter_mul_8ncud_U2  |yuv_filter_mul_8ncud  |        0|      0|  68|  72|
    +-------------------------+----------------------+---------+-------+----+----+
    |Total                    |                      |        0|      0| 136| 144|
    +-------------------------+----------------------+---------+-------+----+----+

    * DSP48: 
    +-------------------------+----------------------+--------------+
    |         Instance        |        Module        |  Expression  |
    +-------------------------+----------------------+--------------+
    |yuv_filter_mac_mudEe_U3  |yuv_filter_mac_mudEe  | i0 + i1 * i2 |
    |yuv_filter_mac_mueOg_U4  |yuv_filter_mac_mueOg  | i0 * i1 + i2 |
    |yuv_filter_mac_mufYi_U5  |yuv_filter_mac_mufYi  | i0 + i1 * i2 |
    +-------------------------+----------------------+--------------+

    * Memory: 
    N/A

    * FIFO: 
    N/A

    * Expression: 
    +---------------------+----------+-------+---+----+------------+------------+
    |    Variable Name    | Operation| DSP48E| FF| LUT| Bitwidth P0| Bitwidth P1|
    +---------------------+----------+-------+---+----+------------+------------+
    |out_channels_ch1_d0  |     +    |      0|  0|  15|           8|           5|
    |tmp1_fu_358_p2       |     +    |      0|  0|  14|          16|          16|
    |tmp2_fu_348_p2       |     +    |      0|  0|  22|          15|          15|
    |tmp4_fu_306_p2       |     +    |      0|  0|  16|           9|           8|
    |tmp6_fu_460_p2       |     +    |      0|  0|  14|          16|           8|
    |tmp8_fu_445_p2       |     +    |      0|  0|  14|          14|           8|
    |tmp_22_fu_243_p2     |     +    |      0|  0|  30|          23|          23|
    |tmp_24_fu_274_p2     |     +    |      0|  0|  30|          23|          23|
    |tmp_26_fu_370_p2     |     +    |      0|  0|  14|          16|          16|
    |tmp_31_fu_465_p2     |     +    |      0|  0|  14|          16|          16|
    |tmp_36_fu_483_p2     |     +    |      0|  0|  23|          16|          16|
    |x_2_fu_213_p2        |     +    |      0|  0|  23|          16|           1|
    |y_2_fu_264_p2        |     +    |      0|  0|  23|          16|           1|
    |p_neg_fu_418_p2      |     -    |      0|  0|  20|           1|          13|
    |tmp_30_fu_412_p2     |     -    |      0|  0|  23|          16|          16|
    |tmp_35_fu_439_p2     |     -    |      0|  0|  14|          14|          14|
    |exitcond1_fu_208_p2  |   icmp   |      0|  0|   8|          16|          16|
    |exitcond_fu_259_p2   |   icmp   |      0|  0|   8|          16|          16|
    |out_channels_ch2_d0  |    xor   |      0|  0|   9|           8|           9|
    |out_channels_ch3_d0  |    xor   |      0|  0|   9|           8|           9|
    +---------------------+----------+-------+---+----+------------+------------+
    |Total                |          |      0|  0| 343|         283|         249|
    +---------------------+----------+-------+---+----+------------+------------+

    * Multiplexer: 
    +-----------+----+-----------+-----+-----------+
    |    Name   | LUT| Input Size| Bits| Total Bits|
    +-----------+----+-----------+-----+-----------+
    |ap_NS_fsm  |  56|         13|    1|         13|
    |x_reg_186  |   9|          2|   16|         32|
    |y_reg_197  |   9|          2|   16|         32|
    +-----------+----+-----------+-----+-----------+
    |Total      |  74|         17|   33|         77|
    +-----------+----+-----------+-----+-----------+

    * Register: 
    +----------------------+----+----+-----+-----------+
    |         Name         | FF | LUT| Bits| Const Bits|
    +----------------------+----+----+-----+-----------+
    |B_reg_616             |   8|   0|    8|          0|
    |G_reg_598             |   8|   0|    8|          0|
    |R_reg_590             |   8|   0|    8|          0|
    |ap_CS_fsm             |  12|   0|   12|          0|
    |tmp4_reg_624          |   9|   0|    9|          0|
    |tmp8_reg_649          |  13|   0|   14|          1|
    |tmp_22_reg_554        |  15|   0|   23|          8|
    |tmp_24_cast_reg_567   |  23|   0|   64|         41|
    |tmp_27_reg_629        |   8|   0|    8|          0|
    |tmp_29_reg_634        |  16|   0|   16|          0|
    |tmp_30_reg_639        |  12|   0|   16|          4|
    |tmp_32_reg_664        |   8|   0|    8|          0|
    |tmp_33_reg_644        |  16|   0|   16|          0|
    |tmp_35_cast1_reg_610  |   8|   0|   16|          8|
    |tmp_37_reg_669        |   8|   0|    8|          0|
    |x_2_reg_549           |  16|   0|   16|          0|
    |x_reg_186             |  16|   0|   16|          0|
    |y_2_reg_562           |  16|   0|   16|          0|
    |y_reg_197             |  16|   0|   16|          0|
    +----------------------+----+----+-----+-----------+
    |Total                 | 236|   0|  298|         62|
    +----------------------+----+----+-----+-----------+



================================================================
== Interface
================================================================
* Summary: 
+---------------------------+-----+-----+------------+------------------+--------------+
|         RTL Ports         | Dir | Bits|  Protocol  |   Source Object  |    C Type    |
+---------------------------+-----+-----+------------+------------------+--------------+
|ap_clk                     |  in |    1| ap_ctrl_hs |      rgb2yuv     | return value |
|ap_rst                     |  in |    1| ap_ctrl_hs |      rgb2yuv     | return value |
|ap_start                   |  in |    1| ap_ctrl_hs |      rgb2yuv     | return value |
|ap_done                    | out |    1| ap_ctrl_hs |      rgb2yuv     | return value |
|ap_idle                    | out |    1| ap_ctrl_hs |      rgb2yuv     | return value |
|ap_ready                   | out |    1| ap_ctrl_hs |      rgb2yuv     | return value |
|ap_return_0                | out |   16| ap_ctrl_hs |      rgb2yuv     | return value |
|ap_return_1                | out |   16| ap_ctrl_hs |      rgb2yuv     | return value |
|in_channels_ch1_address0   | out |   22|  ap_memory |  in_channels_ch1 |     array    |
|in_channels_ch1_ce0        | out |    1|  ap_memory |  in_channels_ch1 |     array    |
|in_channels_ch1_q0         |  in |    8|  ap_memory |  in_channels_ch1 |     array    |
|in_channels_ch2_address0   | out |   22|  ap_memory |  in_channels_ch2 |     array    |
|in_channels_ch2_ce0        | out |    1|  ap_memory |  in_channels_ch2 |     array    |
|in_channels_ch2_q0         |  in |    8|  ap_memory |  in_channels_ch2 |     array    |
|in_channels_ch3_address0   | out |   22|  ap_memory |  in_channels_ch3 |     array    |
|in_channels_ch3_ce0        | out |    1|  ap_memory |  in_channels_ch3 |     array    |
|in_channels_ch3_q0         |  in |    8|  ap_memory |  in_channels_ch3 |     array    |
|in_width_read              |  in |   16|   ap_none  |   in_width_read  |    scalar    |
|in_height_read             |  in |   16|   ap_none  |  in_height_read  |    scalar    |
|out_channels_ch1_address0  | out |   22|  ap_memory | out_channels_ch1 |     array    |
|out_channels_ch1_ce0       | out |    1|  ap_memory | out_channels_ch1 |     array    |
|out_channels_ch1_we0       | out |    1|  ap_memory | out_channels_ch1 |     array    |
|out_channels_ch1_d0        | out |    8|  ap_memory | out_channels_ch1 |     array    |
|out_channels_ch2_address0  | out |   22|  ap_memory | out_channels_ch2 |     array    |
|out_channels_ch2_ce0       | out |    1|  ap_memory | out_channels_ch2 |     array    |
|out_channels_ch2_we0       | out |    1|  ap_memory | out_channels_ch2 |     array    |
|out_channels_ch2_d0        | out |    8|  ap_memory | out_channels_ch2 |     array    |
|out_channels_ch3_address0  | out |   22|  ap_memory | out_channels_ch3 |     array    |
|out_channels_ch3_ce0       | out |    1|  ap_memory | out_channels_ch3 |     array    |
|out_channels_ch3_we0       | out |    1|  ap_memory | out_channels_ch3 |     array    |
|out_channels_ch3_d0        | out |    8|  ap_memory | out_channels_ch3 |     array    |
+---------------------------+-----+-----+------------+------------------+--------------+

