

================================================================
== Vivado HLS Report for 'yuv_filter'
================================================================
* Date:           Thu May 13 17:32:28 2021

* Version:        2017.1 (Build 1846317 on Fri Apr 14 19:19:38 MDT 2017)
* Project:        yuv_filter.prj
* Solution:       solution1
* Product family: zynq
* Target device:  xc7z010clg400-1


================================================================
== Performance Estimates
================================================================
+ Timing (ns): 
    * Summary: 
    +--------+-------+----------+------------+
    |  Clock | Target| Estimated| Uncertainty|
    +--------+-------+----------+------------+
    |ap_clk  |   8.00|      9.40|        1.00|
    +--------+-------+----------+------------+

+ Latency (clock cycles): 
    * Summary: 
    +---------+----------+---------+----------+---------+
    |       Latency      |      Interval      | Pipeline|
    |   min   |    max   |   min   |    max   |   Type  |
    +---------+----------+---------+----------+---------+
    |  1201205|  73739525|  1201206|  73739526|   none  |
    +---------+----------+---------+----------+---------+

    + Detail: 
        * Instance: 
        +--------------------+---------+--------+----------+--------+----------+---------+
        |                    |         |      Latency      |      Interval     | Pipeline|
        |      Instance      |  Module |   min  |    max   |   min  |    max   |   Type  |
        +--------------------+---------+--------+----------+--------+----------+---------+
        |grp_rgb2yuv_fu_244  |rgb2yuv  |  400401|  24579841|  400401|  24579841|   none  |
        |grp_yuv2rgb_fu_264  |yuv2rgb  |  440401|  27037441|  440401|  27037441|   none  |
        +--------------------+---------+--------+----------+--------+----------+---------+

        * Loop: 
        +---------------------+--------+----------+--------------+-----------+-----------+------------+----------+
        |                     |      Latency      |   Iteration  |  Initiation Interval  |    Trip    |          |
        |      Loop Name      |   min  |    max   |    Latency   |  achieved |   target  |    Count   | Pipelined|
        +---------------------+--------+----------+--------------+-----------+-----------+------------+----------+
        |- YUV_SCALE_LOOP_X   |  360400|  22122240| 1802 ~ 11522 |          -|          -| 200 ~ 1920 |    no    |
        | + YUV_SCALE_LOOP_Y  |    1800|     11520|             9|          -|          -| 200 ~ 1280 |    no    |
        +---------------------+--------+----------+--------------+-----------+-----------+------------+----------+



================================================================
== Utilization Estimates
================================================================
* Summary: 
+-----------------+---------+-------+-------+-------+
|       Name      | BRAM_18K| DSP48E|   FF  |  LUT  |
+-----------------+---------+-------+-------+-------+
|DSP              |        -|      -|      -|      -|
|Expression       |        -|      -|      0|    122|
|FIFO             |        -|      -|      -|      -|
|Instance         |        -|      6|    903|   1210|
|Memory           |    12288|      -|     96|      0|
|Multiplexer      |        -|      -|      -|    284|
|Register         |        -|      -|    221|      -|
+-----------------+---------+-------+-------+-------+
|Total            |    12288|      6|   1220|   1616|
+-----------------+---------+-------+-------+-------+
|Available        |      120|     80|  35200|  17600|
+-----------------+---------+-------+-------+-------+
|Utilization (%)  |    10240|      7|      3|      9|
+-----------------+---------+-------+-------+-------+

+ Detail: 
    * Instance: 
    +--------------------------+----------------------+---------+-------+-----+-----+
    |         Instance         |        Module        | BRAM_18K| DSP48E|  FF | LUT |
    +--------------------------+----------------------+---------+-------+-----+-----+
    |grp_rgb2yuv_fu_244        |rgb2yuv               |        0|      3|  372|  561|
    |grp_yuv2rgb_fu_264        |yuv2rgb               |        0|      3|  327|  433|
    |yuv_filter_mul_8nqcK_U26  |yuv_filter_mul_8nqcK  |        0|      0|   68|   72|
    |yuv_filter_mul_8nqcK_U27  |yuv_filter_mul_8nqcK  |        0|      0|   68|   72|
    |yuv_filter_mul_8nqcK_U28  |yuv_filter_mul_8nqcK  |        0|      0|   68|   72|
    +--------------------------+----------------------+---------+-------+-----+-----+
    |Total                     |                      |        0|      6|  903| 1210|
    +--------------------------+----------------------+---------+-------+-----+-----+

    * DSP48: 
    N/A

    * Memory: 
    +------------------------+----------------------+---------+----+----+---------+-----+------+-------------+
    |         Memory         |        Module        | BRAM_18K| FF | LUT|  Words  | Bits| Banks| W*Bits*Banks|
    +------------------------+----------------------+---------+----+----+---------+-----+------+-------------+
    |p_yuv_channels_ch1_U    |yuv_filter_p_yuv_kbM  |     2048|  16|   0|  2457600|    8|     1|     19660800|
    |p_yuv_channels_ch2_U    |yuv_filter_p_yuv_kbM  |     2048|  16|   0|  2457600|    8|     1|     19660800|
    |p_yuv_channels_ch3_U    |yuv_filter_p_yuv_kbM  |     2048|  16|   0|  2457600|    8|     1|     19660800|
    |p_scale_channels_ch1_U  |yuv_filter_p_yuv_kbM  |     2048|  16|   0|  2457600|    8|     1|     19660800|
    |p_scale_channels_ch2_U  |yuv_filter_p_yuv_kbM  |     2048|  16|   0|  2457600|    8|     1|     19660800|
    |p_scale_channels_ch3_U  |yuv_filter_p_yuv_kbM  |     2048|  16|   0|  2457600|    8|     1|     19660800|
    +------------------------+----------------------+---------+----+----+---------+-----+------+-------------+
    |Total                   |                      |    12288|  96|   0| 14745600|   48|     6|    117964800|
    +------------------------+----------------------+---------+----+----+---------+-----+------+-------------+

    * FIFO: 
    N/A

    * Expression: 
    +-----------------------+----------+-------+---+----+------------+------------+
    |     Variable Name     | Operation| DSP48E| FF| LUT| Bitwidth P0| Bitwidth P1|
    +-----------------------+----------+-------+---+----+------------+------------+
    |tmp_2_fu_334_p2        |     +    |      0|  0|  30|          23|          23|
    |tmp_3_fu_355_p2        |     +    |      0|  0|  30|          23|          23|
    |x_fu_304_p2            |     +    |      0|  0|  23|          16|           1|
    |y_fu_345_p2            |     +    |      0|  0|  23|          16|           1|
    |exitcond1_i_fu_299_p2  |   icmp   |      0|  0|   8|          16|          16|
    |exitcond_i_fu_340_p2   |   icmp   |      0|  0|   8|          16|          16|
    +-----------------------+----------+-------+---+----+------------+------------+
    |Total                  |          |      0|  0| 122|         110|          80|
    +-----------------------+----------+-------+---+----+------------+------------+

    * Multiplexer: 
    +-------------------------------+----+-----------+-----+-----------+
    |              Name             | LUT| Input Size| Bits| Total Bits|
    +-------------------------------+----+-----------+-----+-----------+
    |ap_NS_fsm                      |  59|         14|    1|         14|
    |p_scale_channels_ch1_address0  |  15|          3|   22|         66|
    |p_scale_channels_ch1_ce0       |  15|          3|    1|          3|
    |p_scale_channels_ch2_address0  |  15|          3|   22|         66|
    |p_scale_channels_ch2_ce0       |  15|          3|    1|          3|
    |p_scale_channels_ch3_address0  |  15|          3|   22|         66|
    |p_scale_channels_ch3_ce0       |  15|          3|    1|          3|
    |p_yuv_channels_ch1_address0    |  15|          3|   22|         66|
    |p_yuv_channels_ch1_ce0         |  15|          3|    1|          3|
    |p_yuv_channels_ch1_we0         |   9|          2|    1|          2|
    |p_yuv_channels_ch2_address0    |  15|          3|   22|         66|
    |p_yuv_channels_ch2_ce0         |  15|          3|    1|          3|
    |p_yuv_channels_ch2_we0         |   9|          2|    1|          2|
    |p_yuv_channels_ch3_address0    |  15|          3|   22|         66|
    |p_yuv_channels_ch3_ce0         |  15|          3|    1|          3|
    |p_yuv_channels_ch3_we0         |   9|          2|    1|          2|
    |x_i_reg_222                    |   9|          2|   16|         32|
    |y_i_reg_233                    |   9|          2|   16|         32|
    +-------------------------------+----+-----------+-----+-----------+
    |Total                          | 284|         60|  174|        498|
    +-------------------------------+----+-----------+-----+-----------+

    * Register: 
    +------------------------------------+----+----+-----+-----------+
    |                Name                | FF | LUT| Bits| Const Bits|
    +------------------------------------+----+----+-----+-----------+
    |U_reg_516                           |   8|   0|    8|          0|
    |V_reg_521                           |   8|   0|    8|          0|
    |Y_reg_511                           |   8|   0|    8|          0|
    |ap_CS_fsm                           |  13|   0|   13|          0|
    |ap_reg_grp_rgb2yuv_fu_244_ap_start  |   1|   0|    1|          0|
    |ap_reg_grp_yuv2rgb_fu_264_ap_start  |   1|   0|    1|          0|
    |p_yuv_height_reg_447                |  16|   0|   16|          0|
    |p_yuv_width_reg_441                 |  16|   0|   16|          0|
    |tmp_10_i_reg_541                    |   8|   0|    8|          0|
    |tmp_11_i_reg_546                    |   8|   0|    8|          0|
    |tmp_12_i_reg_551                    |   8|   0|    8|          0|
    |tmp_1_i_cast_reg_458                |   8|   0|   15|          7|
    |tmp_2_i_cast_reg_463                |   8|   0|   15|          7|
    |tmp_2_reg_476                       |  15|   0|   23|          8|
    |tmp_3_cast_reg_489                  |  23|   0|   64|         41|
    |tmp_i_cast_reg_453                  |   8|   0|   15|          7|
    |x_i_reg_222                         |  16|   0|   16|          0|
    |x_reg_471                           |  16|   0|   16|          0|
    |y_i_reg_233                         |  16|   0|   16|          0|
    |y_reg_484                           |  16|   0|   16|          0|
    +------------------------------------+----+----+-----+-----------+
    |Total                               | 221|   0|  291|         70|
    +------------------------------------+----+----+-----+-----------+



================================================================
== Interface
================================================================
* Summary: 
+---------------------------+-----+-----+------------+------------------+--------------+
|         RTL Ports         | Dir | Bits|  Protocol  |   Source Object  |    C Type    |
+---------------------------+-----+-----+------------+------------------+--------------+
|ap_clk                     |  in |    1| ap_ctrl_hs |    yuv_filter    | return value |
|ap_rst                     |  in |    1| ap_ctrl_hs |    yuv_filter    | return value |
|ap_start                   |  in |    1| ap_ctrl_hs |    yuv_filter    | return value |
|ap_done                    | out |    1| ap_ctrl_hs |    yuv_filter    | return value |
|ap_idle                    | out |    1| ap_ctrl_hs |    yuv_filter    | return value |
|ap_ready                   | out |    1| ap_ctrl_hs |    yuv_filter    | return value |
|in_channels_ch1_address0   | out |   22|  ap_memory |  in_channels_ch1 |     array    |
|in_channels_ch1_ce0        | out |    1|  ap_memory |  in_channels_ch1 |     array    |
|in_channels_ch1_q0         |  in |    8|  ap_memory |  in_channels_ch1 |     array    |
|in_channels_ch2_address0   | out |   22|  ap_memory |  in_channels_ch2 |     array    |
|in_channels_ch2_ce0        | out |    1|  ap_memory |  in_channels_ch2 |     array    |
|in_channels_ch2_q0         |  in |    8|  ap_memory |  in_channels_ch2 |     array    |
|in_channels_ch3_address0   | out |   22|  ap_memory |  in_channels_ch3 |     array    |
|in_channels_ch3_ce0        | out |    1|  ap_memory |  in_channels_ch3 |     array    |
|in_channels_ch3_q0         |  in |    8|  ap_memory |  in_channels_ch3 |     array    |
|in_width                   |  in |   16|   ap_none  |     in_width     |    pointer   |
|in_height                  |  in |   16|   ap_none  |     in_height    |    pointer   |
|out_channels_ch1_address0  | out |   22|  ap_memory | out_channels_ch1 |     array    |
|out_channels_ch1_ce0       | out |    1|  ap_memory | out_channels_ch1 |     array    |
|out_channels_ch1_we0       | out |    1|  ap_memory | out_channels_ch1 |     array    |
|out_channels_ch1_d0        | out |    8|  ap_memory | out_channels_ch1 |     array    |
|out_channels_ch2_address0  | out |   22|  ap_memory | out_channels_ch2 |     array    |
|out_channels_ch2_ce0       | out |    1|  ap_memory | out_channels_ch2 |     array    |
|out_channels_ch2_we0       | out |    1|  ap_memory | out_channels_ch2 |     array    |
|out_channels_ch2_d0        | out |    8|  ap_memory | out_channels_ch2 |     array    |
|out_channels_ch3_address0  | out |   22|  ap_memory | out_channels_ch3 |     array    |
|out_channels_ch3_ce0       | out |    1|  ap_memory | out_channels_ch3 |     array    |
|out_channels_ch3_we0       | out |    1|  ap_memory | out_channels_ch3 |     array    |
|out_channels_ch3_d0        | out |    8|  ap_memory | out_channels_ch3 |     array    |
|out_width                  | out |   16|   ap_vld   |     out_width    |    pointer   |
|out_width_ap_vld           | out |    1|   ap_vld   |     out_width    |    pointer   |
|out_height                 | out |   16|   ap_vld   |    out_height    |    pointer   |
|out_height_ap_vld          | out |    1|   ap_vld   |    out_height    |    pointer   |
|Y_scale                    |  in |    8|   ap_none  |      Y_scale     |    scalar    |
|U_scale                    |  in |    8|   ap_none  |      U_scale     |    scalar    |
|V_scale                    |  in |    8|   ap_none  |      V_scale     |    scalar    |
+---------------------------+-----+-----+------------+------------------+--------------+

