Copyright 1986-2017 Xilinx, Inc. All Rights Reserved.
------------------------------------------------------------------------------------
| Tool Version : Vivado v.2017.1 (lin64) Build 1846317 Fri Apr 14 18:54:47 MDT 2017
| Date         : Thu May 13 18:35:57 2021
| Host         : lfvelez-Latitude-7290 running 64-bit Ubuntu 20.04.2 LTS
| Command      : report_timing -file ./report/yuv_filter_timing_synth.rpt
| Design       : yuv_filter
| Device       : 7z010-clg400
| Speed File   : -1  PRODUCTION 1.11 2014-09-11
------------------------------------------------------------------------------------

Timing Report

Slack (MET) :             0.167ns  (required time - arrival time)
  Source:                 rgb2yuv11_U0/yuv_filter_mac_mudEe_U3/yuv_filter_mac_mudEe_DSP48_2_U/p/CLK
                            (rising edge-triggered cell DSP48E1 clocked by ap_clk  {rise@0.000ns fall@4.000ns period=8.000ns})
  Destination:            rgb2yuv11_U0/yuv_filter_mac_mufYi_U5/yuv_filter_mac_mufYi_DSP48_4_U/p/C[13]
                            (rising edge-triggered cell DSP48E1 clocked by ap_clk  {rise@0.000ns fall@4.000ns period=8.000ns})
  Path Group:             ap_clk
  Path Type:              Setup (Max at Slow Process Corner)
  Requirement:            8.000ns  (ap_clk rise@8.000ns - ap_clk rise@0.000ns)
  Data Path Delay:        7.337ns  (logic 5.238ns (71.387%)  route 2.099ns (28.613%))
  Logic Levels:           4  (CARRY4=2 LUT3=1 LUT4=1)
  Clock Path Skew:        -0.049ns (DCD - SCD + CPR)
    Destination Clock Delay (DCD):    0.924ns = ( 8.924 - 8.000 ) 
    Source Clock Delay      (SCD):    0.973ns
    Clock Pessimism Removal (CPR):    0.000ns
  Clock Uncertainty:      0.035ns  ((TSJ^2 + TIJ^2)^1/2 + DJ) / 2 + PE
    Total System Jitter     (TSJ):    0.071ns
    Total Input Jitter      (TIJ):    0.000ns
    Discrete Jitter          (DJ):    0.000ns
    Phase Error              (PE):    0.000ns

    Location             Delay type                Incr(ns)  Path(ns)    Netlist Resource(s)
  -------------------------------------------------------------------    -------------------
                         (clock ap_clk rise edge)     0.000     0.000 r  
                                                      0.000     0.000 r  ap_clk (IN)
                         net (fo=1168, unset)         0.973     0.973    rgb2yuv11_U0/yuv_filter_mac_mudEe_U3/yuv_filter_mac_mudEe_DSP48_2_U/ap_clk
                         DSP48E1                                      r  rgb2yuv11_U0/yuv_filter_mac_mudEe_U3/yuv_filter_mac_mudEe_DSP48_2_U/p/CLK
  -------------------------------------------------------------------    -------------------
                         DSP48E1 (Prop_dsp48e1_CLK_P[10])
                                                      4.009     4.982 r  rgb2yuv11_U0/yuv_filter_mac_mudEe_U3/yuv_filter_mac_mudEe_DSP48_2_U/p/P[10]
                         net (fo=2, unplaced)         0.800     5.782    rgb2yuv11_U0/yuv_filter_mac_mudEe_U3/yuv_filter_mac_mudEe_DSP48_2_U/grp_fu_609_p3[10]
                         LUT3 (Prop_lut3_I1_O)        0.153     5.935 r  rgb2yuv11_U0/yuv_filter_mac_mudEe_U3/yuv_filter_mac_mudEe_DSP48_2_U/tmp3_fu_510_p2__0_carry__0_i_1/O
                         net (fo=2, unplaced)         0.500     6.435    rgb2yuv11_U0/yuv_filter_mac_mudEe_U3/yuv_filter_mac_mudEe_DSP48_2_U/p_3[3]
                         LUT4 (Prop_lut4_I0_O)        0.327     6.762 r  rgb2yuv11_U0/yuv_filter_mac_mudEe_U3/yuv_filter_mac_mudEe_DSP48_2_U/tmp3_fu_510_p2__0_carry__0_i_5/O
                         net (fo=1, unplaced)         0.000     6.762    rgb2yuv11_U0/yuv_filter_mac_mudEe_U3_n_18
                         CARRY4 (Prop_carry4_S[3]_CO[3])
                                                      0.401     7.163 r  rgb2yuv11_U0/tmp3_fu_510_p2__0_carry__0/CO[3]
                         net (fo=1, unplaced)         0.000     7.163    rgb2yuv11_U0/tmp3_fu_510_p2__0_carry__0_n_0
                         CARRY4 (Prop_carry4_CI_O[1])
                                                      0.348     7.511 r  rgb2yuv11_U0/tmp3_fu_510_p2__0_carry__1/O[1]
                         net (fo=1, unplaced)         0.800     8.310    rgb2yuv11_U0/yuv_filter_mac_mufYi_U5/yuv_filter_mac_mufYi_DSP48_4_U/C[13]
                         DSP48E1                                      r  rgb2yuv11_U0/yuv_filter_mac_mufYi_U5/yuv_filter_mac_mufYi_DSP48_4_U/p/C[13]
  -------------------------------------------------------------------    -------------------

                         (clock ap_clk rise edge)     8.000     8.000 r  
                                                      0.000     8.000 r  ap_clk (IN)
                         net (fo=1168, unset)         0.924     8.924    rgb2yuv11_U0/yuv_filter_mac_mufYi_U5/yuv_filter_mac_mufYi_DSP48_4_U/ap_clk
                         DSP48E1                                      r  rgb2yuv11_U0/yuv_filter_mac_mufYi_U5/yuv_filter_mac_mufYi_DSP48_4_U/p/CLK
                         clock pessimism              0.000     8.924    
                         clock uncertainty           -0.035     8.889    
                         DSP48E1 (Setup_dsp48e1_CLK_C[13])
                                                     -0.412     8.477    rgb2yuv11_U0/yuv_filter_mac_mufYi_U5/yuv_filter_mac_mufYi_DSP48_4_U/p
  -------------------------------------------------------------------
                         required time                          8.477    
                         arrival time                          -8.310    
  -------------------------------------------------------------------
                         slack                                  0.167    




