

================================================================
== Vivado HLS Report for 'dct_2d'
================================================================
* Date:           Wed May 26 17:45:10 2021

* Version:        2017.1 (Build 1846317 on Fri Apr 14 19:19:38 MDT 2017)
* Project:        dct.prj
* Solution:       solution3
* Product family: zynq
* Target device:  xc7z020clg484-1


================================================================
== Performance Estimates
================================================================
+ Timing (ns): 
    * Summary: 
    +--------+-------+----------+------------+
    |  Clock | Target| Estimated| Uncertainty|
    +--------+-------+----------+------------+
    |ap_clk  |   8.00|      9.73|        1.00|
    +--------+-------+----------+------------+

+ Latency (clock cycles): 
    * Summary: 
    +-----+-----+-----+-----+---------+
    |  Latency  |  Interval | Pipeline|
    | min | max | min | max |   Type  |
    +-----+-----+-----+-----+---------+
    |  760|  760|  760|  760|   none  |
    +-----+-----+-----+-----+---------+

    + Detail: 
        * Instance: 
        +--------------------+---------+-----+-----+-----+-----+---------+
        |                    |         |  Latency  |  Interval | Pipeline|
        |      Instance      |  Module | min | max | min | max |   Type  |
        +--------------------+---------+-----+-----+-----+-----+---------+
        |grp_dct_1d2_fu_225  |dct_1d2  |   37|   37|   37|   37|   none  |
        +--------------------+---------+-----+-----+-----+-----+---------+

        * Loop: 
        +---------------------------------------------+-----+-----+----------+-----------+-----------+------+----------+
        |                                             |  Latency  | Iteration|  Initiation Interval  | Trip |          |
        |                  Loop Name                  | min | max |  Latency |  achieved |   target  | Count| Pipelined|
        +---------------------------------------------+-----+-----+----------+-----------+-----------+------+----------+
        |- Row_DCT_Loop                               |  312|  312|        39|          -|          -|     8|    no    |
        |- Xpose_Row_Outer_Loop_Xpose_Row_Inner_Loop  |   65|   65|         3|          1|          1|    64|    yes   |
        |- Col_DCT_Loop                               |  312|  312|        39|          -|          -|     8|    no    |
        |- Xpose_Col_Outer_Loop_Xpose_Col_Inner_Loop  |   65|   65|         3|          1|          1|    64|    yes   |
        +---------------------------------------------+-----+-----+----------+-----------+-----------+------+----------+



================================================================
== Utilization Estimates
================================================================
* Summary: 
+-----------------+---------+-------+--------+-------+
|       Name      | BRAM_18K| DSP48E|   FF   |  LUT  |
+-----------------+---------+-------+--------+-------+
|DSP              |        -|      -|       -|      -|
|Expression       |        -|      -|       0|    208|
|FIFO             |        -|      -|       -|      -|
|Instance         |        0|      8|     555|    318|
|Memory           |        3|      -|       0|      0|
|Multiplexer      |        -|      -|       -|    386|
|Register         |        -|      -|      98|      -|
+-----------------+---------+-------+--------+-------+
|Total            |        3|      8|     653|    912|
+-----------------+---------+-------+--------+-------+
|Available        |      280|    220|  106400|  53200|
+-----------------+---------+-------+--------+-------+
|Utilization (%)  |        1|      3|   ~0   |      1|
+-----------------+---------+-------+--------+-------+

+ Detail: 
    * Instance: 
    +--------------------+---------+---------+-------+-----+-----+
    |      Instance      |  Module | BRAM_18K| DSP48E|  FF | LUT |
    +--------------------+---------+---------+-------+-----+-----+
    |grp_dct_1d2_fu_225  |dct_1d2  |        0|      8|  555|  318|
    +--------------------+---------+---------+-------+-----+-----+
    |Total               |         |        0|      8|  555|  318|
    +--------------------+---------+---------+-------+-----+-----+

    * DSP48: 
    N/A

    * Memory: 
    +--------------+-------------------+---------+---+----+------+-----+------+-------------+
    |    Memory    |       Module      | BRAM_18K| FF| LUT| Words| Bits| Banks| W*Bits*Banks|
    +--------------+-------------------+---------+---+----+------+-----+------+-------------+
    |col_inbuf_U   |dct_2d_col_inbuf   |        1|  0|   0|    64|   16|     1|         1024|
    |row_outbuf_U  |dct_2d_row_outbuf  |        1|  0|   0|    64|   16|     1|         1024|
    |col_outbuf_U  |dct_2d_row_outbuf  |        1|  0|   0|    64|   16|     1|         1024|
    +--------------+-------------------+---------+---+----+------+-----+------+-------------+
    |Total         |                   |        3|  0|   0|   192|   48|     3|         3072|
    +--------------+-------------------+---------+---+----+------+-----+------+-------------+

    * FIFO: 
    N/A

    * Expression: 
    +--------------------------------+----------+-------+---+----+------------+------------+
    |          Variable Name         | Operation| DSP48E| FF| LUT| Bitwidth P0| Bitwidth P1|
    +--------------------------------+----------+-------+---+----+------------+------------+
    |i_4_fu_260_p2                   |     +    |      0|  0|  13|           4|           1|
    |i_5_fu_367_p2                   |     +    |      0|  0|  13|           4|           1|
    |i_6_fu_331_p2                   |     +    |      0|  0|  13|           4|           1|
    |i_7_fu_438_p2                   |     +    |      0|  0|  13|           4|           1|
    |indvar_flatten_next1_fu_379_p2  |     +    |      0|  0|  15|           7|           1|
    |indvar_flatten_next_fu_272_p2   |     +    |      0|  0|  15|           7|           1|
    |j_2_fu_278_p2                   |     +    |      0|  0|  13|           4|           1|
    |j_3_fu_385_p2                   |     +    |      0|  0|  13|           4|           1|
    |tmp_10_fu_457_p2                |     +    |      0|  0|  15|           8|           8|
    |tmp_12_fu_427_p2                |     +    |      0|  0|  15|           8|           8|
    |tmp_3_fu_320_p2                 |     +    |      0|  0|  15|           8|           8|
    |tmp_5_fu_350_p2                 |     +    |      0|  0|  15|           8|           8|
    |exitcond_flatten1_fu_373_p2     |   icmp   |      0|  0|   4|           7|           8|
    |exitcond_flatten_fu_266_p2      |   icmp   |      0|  0|   4|           7|           8|
    |tmp_1_fu_284_p2                 |   icmp   |      0|  0|   2|           4|           5|
    |tmp_4_fu_361_p2                 |   icmp   |      0|  0|   2|           4|           5|
    |tmp_7_fu_391_p2                 |   icmp   |      0|  0|   2|           4|           5|
    |tmp_fu_254_p2                   |   icmp   |      0|  0|   2|           4|           5|
    |i_1_mid2_fu_290_p3              |  select  |      0|  0|   4|           1|           1|
    |i_3_mid2_fu_397_p3              |  select  |      0|  0|   4|           1|           1|
    |tmp_3_mid2_v_fu_298_p3          |  select  |      0|  0|   4|           1|           4|
    |tmp_9_mid2_v_fu_405_p3          |  select  |      0|  0|   4|           1|           4|
    |ap_enable_pp0                   |    xor   |      0|  0|   2|           1|           2|
    |ap_enable_pp1                   |    xor   |      0|  0|   2|           1|           2|
    |ap_enable_reg_pp0_iter1         |    xor   |      0|  0|   2|           1|           2|
    |ap_enable_reg_pp1_iter1         |    xor   |      0|  0|   2|           1|           2|
    +--------------------------------+----------+-------+---+----+------------+------------+
    |Total                           |          |      0|  0| 208|         108|          94|
    +--------------------------------+----------+-------+---+----+------------+------------+

    * Multiplexer: 
    +---------------------------+----+-----------+-----+-----------+
    |            Name           | LUT| Input Size| Bits| Total Bits|
    +---------------------------+----+-----------+-----+-----------+
    |ap_NS_fsm                  |  47|         10|    1|         10|
    |ap_enable_reg_pp0_iter1    |   9|          2|    1|          2|
    |ap_enable_reg_pp0_iter2    |   9|          2|    1|          2|
    |ap_enable_reg_pp1_iter1    |   9|          2|    1|          2|
    |ap_enable_reg_pp1_iter2    |   9|          2|    1|          2|
    |col_inbuf_address0         |  15|          3|    6|         18|
    |col_inbuf_ce0              |  15|          3|    1|          3|
    |col_inbuf_ce1              |   9|          2|    1|          2|
    |col_outbuf_address0        |  15|          3|    6|         18|
    |col_outbuf_ce0             |  15|          3|    1|          3|
    |col_outbuf_we0             |   9|          2|    1|          2|
    |grp_dct_1d2_fu_225_src_q0  |  15|          3|   16|         48|
    |grp_dct_1d2_fu_225_src_q1  |  15|          3|   16|         48|
    |grp_dct_1d2_fu_225_tmp_6   |  15|          3|    4|         12|
    |grp_dct_1d2_fu_225_tmp_61  |  15|          3|    4|         12|
    |i_1_phi_fu_173_p4          |   9|          2|    4|          8|
    |i_1_reg_169                |   9|          2|    4|          8|
    |i_2_reg_180                |   9|          2|    4|          8|
    |i_3_phi_fu_218_p4          |   9|          2|    4|          8|
    |i_3_reg_214                |   9|          2|    4|          8|
    |i_reg_135                  |   9|          2|    4|          8|
    |in_block_ce0               |   9|          2|    1|          2|
    |in_block_ce1               |   9|          2|    1|          2|
    |indvar_flatten1_reg_192    |   9|          2|    7|         14|
    |indvar_flatten_reg_147     |   9|          2|    7|         14|
    |j_1_phi_fu_207_p4          |   9|          2|    4|          8|
    |j_1_reg_203                |   9|          2|    4|          8|
    |j_phi_fu_162_p4            |   9|          2|    4|          8|
    |j_reg_158                  |   9|          2|    4|          8|
    |row_outbuf_address0        |  15|          3|    6|         18|
    |row_outbuf_ce0             |  15|          3|    1|          3|
    |row_outbuf_we0             |   9|          2|    1|          2|
    +---------------------------+----+-----------+-----+-----------+
    |Total                      | 386|         82|  125|        319|
    +---------------------------+----+-----------+-----+-----------+

    * Register: 
    +--------------------------------------------+---+----+-----+-----------+
    |                    Name                    | FF| LUT| Bits| Const Bits|
    +--------------------------------------------+---+----+-----+-----------+
    |ap_CS_fsm                                   |  9|   0|    9|          0|
    |ap_enable_reg_pp0_iter0                     |  1|   0|    1|          0|
    |ap_enable_reg_pp0_iter1                     |  1|   0|    1|          0|
    |ap_enable_reg_pp0_iter2                     |  1|   0|    1|          0|
    |ap_enable_reg_pp1_iter0                     |  1|   0|    1|          0|
    |ap_enable_reg_pp1_iter1                     |  1|   0|    1|          0|
    |ap_enable_reg_pp1_iter2                     |  1|   0|    1|          0|
    |ap_reg_grp_dct_1d2_fu_225_ap_start          |  1|   0|    1|          0|
    |ap_reg_pp0_iter1_exitcond_flatten_reg_477   |  1|   0|    1|          0|
    |ap_reg_pp0_iter1_i_1_mid2_reg_486           |  4|   0|    4|          0|
    |ap_reg_pp0_iter1_tmp_3_mid2_v_reg_493       |  4|   0|    4|          0|
    |ap_reg_pp1_iter1_exitcond_flatten1_reg_519  |  1|   0|    1|          0|
    |ap_reg_pp1_iter1_i_3_mid2_reg_528           |  4|   0|    4|          0|
    |ap_reg_pp1_iter1_tmp_9_mid2_v_reg_535       |  4|   0|    4|          0|
    |exitcond_flatten1_reg_519                   |  1|   0|    1|          0|
    |exitcond_flatten_reg_477                    |  1|   0|    1|          0|
    |i_1_mid2_reg_486                            |  4|   0|    4|          0|
    |i_1_reg_169                                 |  4|   0|    4|          0|
    |i_2_reg_180                                 |  4|   0|    4|          0|
    |i_3_mid2_reg_528                            |  4|   0|    4|          0|
    |i_3_reg_214                                 |  4|   0|    4|          0|
    |i_4_reg_472                                 |  4|   0|    4|          0|
    |i_5_reg_514                                 |  4|   0|    4|          0|
    |i_reg_135                                   |  4|   0|    4|          0|
    |indvar_flatten1_reg_192                     |  7|   0|    7|          0|
    |indvar_flatten_reg_147                      |  7|   0|    7|          0|
    |j_1_reg_203                                 |  4|   0|    4|          0|
    |j_reg_158                                   |  4|   0|    4|          0|
    |tmp_3_mid2_v_reg_493                        |  4|   0|    4|          0|
    |tmp_9_mid2_v_reg_535                        |  4|   0|    4|          0|
    +--------------------------------------------+---+----+-----+-----------+
    |Total                                       | 98|   0|   98|          0|
    +--------------------------------------------+---+----+-----+-----------+



================================================================
== Interface
================================================================
* Summary: 
+--------------------+-----+-----+------------+--------------+--------------+
|      RTL Ports     | Dir | Bits|  Protocol  | Source Object|    C Type    |
+--------------------+-----+-----+------------+--------------+--------------+
|ap_clk              |  in |    1| ap_ctrl_hs |    dct_2d    | return value |
|ap_rst              |  in |    1| ap_ctrl_hs |    dct_2d    | return value |
|ap_start            |  in |    1| ap_ctrl_hs |    dct_2d    | return value |
|ap_done             | out |    1| ap_ctrl_hs |    dct_2d    | return value |
|ap_idle             | out |    1| ap_ctrl_hs |    dct_2d    | return value |
|ap_ready            | out |    1| ap_ctrl_hs |    dct_2d    | return value |
|in_block_address0   | out |    6|  ap_memory |   in_block   |     array    |
|in_block_ce0        | out |    1|  ap_memory |   in_block   |     array    |
|in_block_q0         |  in |   16|  ap_memory |   in_block   |     array    |
|in_block_address1   | out |    6|  ap_memory |   in_block   |     array    |
|in_block_ce1        | out |    1|  ap_memory |   in_block   |     array    |
|in_block_q1         |  in |   16|  ap_memory |   in_block   |     array    |
|out_block_address0  | out |    6|  ap_memory |   out_block  |     array    |
|out_block_ce0       | out |    1|  ap_memory |   out_block  |     array    |
|out_block_we0       | out |    1|  ap_memory |   out_block  |     array    |
|out_block_d0        | out |   16|  ap_memory |   out_block  |     array    |
+--------------------+-----+-----+------------+--------------+--------------+

