
*** Running vivado
    with args -log system_xbar_0.vds -m64 -product Vivado -mode batch -messageDb vivado.pb -notrace -source system_xbar_0.tcl


****** Vivado v2017.2 (64-bit)
  **** SW Build 1909853 on Thu Jun 15 18:39:09 MDT 2017
  **** IP Build 1909766 on Thu Jun 15 19:58:00 MDT 2017
    ** Copyright 1986-2017 Xilinx, Inc. All Rights Reserved.

source system_xbar_0.tcl -notrace
Starting RTL Elaboration : Time (s): cpu = 00:00:05 ; elapsed = 00:00:05 . Memory (MB): peak = 335.309 ; gain = 84.145
INFO: [Synth 8-638] synthesizing module 'system_xbar_0' [c:/Users/luisf/Documents/PROYECTOS/labs/lab4/audio/audio.srcs/sources_1/bd/system/ip/system_xbar_0/synth/system_xbar_0.v:59]
INFO: [Synth 8-638] synthesizing module 'axi_crossbar_v2_1_14_axi_crossbar' [c:/Users/luisf/Documents/PROYECTOS/labs/lab4/audio/audio.srcs/sources_1/bd/system/ipshared/f582/hdl/axi_crossbar_v2_1_vl_rfs.v:4882]
INFO: [Synth 8-638] synthesizing module 'axi_crossbar_v2_1_14_crossbar_sasd' [c:/Users/luisf/Documents/PROYECTOS/labs/lab4/audio/audio.srcs/sources_1/bd/system/ipshared/f582/hdl/axi_crossbar_v2_1_vl_rfs.v:1240]
INFO: [Synth 8-638] synthesizing module 'axi_crossbar_v2_1_14_addr_decoder' [c:/Users/luisf/Documents/PROYECTOS/labs/lab4/audio/audio.srcs/sources_1/bd/system/ipshared/f582/hdl/axi_crossbar_v2_1_vl_rfs.v:794]
INFO: [Synth 8-638] synthesizing module 'generic_baseblocks_v2_1_0_comparator_static' [c:/Users/luisf/Documents/PROYECTOS/labs/lab4/audio/audio.srcs/sources_1/bd/system/ipshared/f9c1/hdl/generic_baseblocks_v2_1_vl_rfs.v:2133]
INFO: [Synth 8-638] synthesizing module 'generic_baseblocks_v2_1_0_carry_and' [c:/Users/luisf/Documents/PROYECTOS/labs/lab4/audio/audio.srcs/sources_1/bd/system/ipshared/f9c1/hdl/generic_baseblocks_v2_1_vl_rfs.v:62]
INFO: [Synth 8-256] done synthesizing module 'generic_baseblocks_v2_1_0_carry_and' (1#1) [c:/Users/luisf/Documents/PROYECTOS/labs/lab4/audio/audio.srcs/sources_1/bd/system/ipshared/f9c1/hdl/generic_baseblocks_v2_1_vl_rfs.v:62]
INFO: [Synth 8-256] done synthesizing module 'generic_baseblocks_v2_1_0_comparator_static' (2#1) [c:/Users/luisf/Documents/PROYECTOS/labs/lab4/audio/audio.srcs/sources_1/bd/system/ipshared/f9c1/hdl/generic_baseblocks_v2_1_vl_rfs.v:2133]
INFO: [Synth 8-638] synthesizing module 'generic_baseblocks_v2_1_0_comparator_static__parameterized0' [c:/Users/luisf/Documents/PROYECTOS/labs/lab4/audio/audio.srcs/sources_1/bd/system/ipshared/f9c1/hdl/generic_baseblocks_v2_1_vl_rfs.v:2133]
INFO: [Synth 8-256] done synthesizing module 'generic_baseblocks_v2_1_0_comparator_static__parameterized0' (2#1) [c:/Users/luisf/Documents/PROYECTOS/labs/lab4/audio/audio.srcs/sources_1/bd/system/ipshared/f9c1/hdl/generic_baseblocks_v2_1_vl_rfs.v:2133]
INFO: [Synth 8-638] synthesizing module 'generic_baseblocks_v2_1_0_comparator_static__parameterized1' [c:/Users/luisf/Documents/PROYECTOS/labs/lab4/audio/audio.srcs/sources_1/bd/system/ipshared/f9c1/hdl/generic_baseblocks_v2_1_vl_rfs.v:2133]
INFO: [Synth 8-256] done synthesizing module 'generic_baseblocks_v2_1_0_comparator_static__parameterized1' (2#1) [c:/Users/luisf/Documents/PROYECTOS/labs/lab4/audio/audio.srcs/sources_1/bd/system/ipshared/f9c1/hdl/generic_baseblocks_v2_1_vl_rfs.v:2133]
INFO: [Synth 8-638] synthesizing module 'generic_baseblocks_v2_1_0_comparator_static__parameterized2' [c:/Users/luisf/Documents/PROYECTOS/labs/lab4/audio/audio.srcs/sources_1/bd/system/ipshared/f9c1/hdl/generic_baseblocks_v2_1_vl_rfs.v:2133]
INFO: [Synth 8-256] done synthesizing module 'generic_baseblocks_v2_1_0_comparator_static__parameterized2' (2#1) [c:/Users/luisf/Documents/PROYECTOS/labs/lab4/audio/audio.srcs/sources_1/bd/system/ipshared/f9c1/hdl/generic_baseblocks_v2_1_vl_rfs.v:2133]
INFO: [Synth 8-256] done synthesizing module 'axi_crossbar_v2_1_14_addr_decoder' (3#1) [c:/Users/luisf/Documents/PROYECTOS/labs/lab4/audio/audio.srcs/sources_1/bd/system/ipshared/f582/hdl/axi_crossbar_v2_1_vl_rfs.v:794]
INFO: [Synth 8-638] synthesizing module 'axi_crossbar_v2_1_14_decerr_slave' [c:/Users/luisf/Documents/PROYECTOS/labs/lab4/audio/audio.srcs/sources_1/bd/system/ipshared/f582/hdl/axi_crossbar_v2_1_vl_rfs.v:3500]
INFO: [Synth 8-256] done synthesizing module 'axi_crossbar_v2_1_14_decerr_slave' (4#1) [c:/Users/luisf/Documents/PROYECTOS/labs/lab4/audio/audio.srcs/sources_1/bd/system/ipshared/f582/hdl/axi_crossbar_v2_1_vl_rfs.v:3500]
INFO: [Synth 8-638] synthesizing module 'axi_crossbar_v2_1_14_addr_arbiter_sasd' [c:/Users/luisf/Documents/PROYECTOS/labs/lab4/audio/audio.srcs/sources_1/bd/system/ipshared/f582/hdl/axi_crossbar_v2_1_vl_rfs.v:65]
INFO: [Synth 8-256] done synthesizing module 'axi_crossbar_v2_1_14_addr_arbiter_sasd' (5#1) [c:/Users/luisf/Documents/PROYECTOS/labs/lab4/audio/audio.srcs/sources_1/bd/system/ipshared/f582/hdl/axi_crossbar_v2_1_vl_rfs.v:65]
INFO: [Synth 8-638] synthesizing module 'axi_crossbar_v2_1_14_splitter' [c:/Users/luisf/Documents/PROYECTOS/labs/lab4/audio/audio.srcs/sources_1/bd/system/ipshared/f582/hdl/axi_crossbar_v2_1_vl_rfs.v:4459]
INFO: [Synth 8-256] done synthesizing module 'axi_crossbar_v2_1_14_splitter' (6#1) [c:/Users/luisf/Documents/PROYECTOS/labs/lab4/audio/audio.srcs/sources_1/bd/system/ipshared/f582/hdl/axi_crossbar_v2_1_vl_rfs.v:4459]
INFO: [Synth 8-638] synthesizing module 'axi_crossbar_v2_1_14_splitter__parameterized0' [c:/Users/luisf/Documents/PROYECTOS/labs/lab4/audio/audio.srcs/sources_1/bd/system/ipshared/f582/hdl/axi_crossbar_v2_1_vl_rfs.v:4459]
INFO: [Synth 8-256] done synthesizing module 'axi_crossbar_v2_1_14_splitter__parameterized0' (6#1) [c:/Users/luisf/Documents/PROYECTOS/labs/lab4/audio/audio.srcs/sources_1/bd/system/ipshared/f582/hdl/axi_crossbar_v2_1_vl_rfs.v:4459]
INFO: [Synth 8-638] synthesizing module 'generic_baseblocks_v2_1_0_mux_enc' [c:/Users/luisf/Documents/PROYECTOS/labs/lab4/audio/audio.srcs/sources_1/bd/system/ipshared/f9c1/hdl/generic_baseblocks_v2_1_vl_rfs.v:2452]
INFO: [Synth 8-256] done synthesizing module 'generic_baseblocks_v2_1_0_mux_enc' (7#1) [c:/Users/luisf/Documents/PROYECTOS/labs/lab4/audio/audio.srcs/sources_1/bd/system/ipshared/f9c1/hdl/generic_baseblocks_v2_1_vl_rfs.v:2452]
INFO: [Synth 8-638] synthesizing module 'generic_baseblocks_v2_1_0_mux_enc__parameterized0' [c:/Users/luisf/Documents/PROYECTOS/labs/lab4/audio/audio.srcs/sources_1/bd/system/ipshared/f9c1/hdl/generic_baseblocks_v2_1_vl_rfs.v:2452]
INFO: [Synth 8-256] done synthesizing module 'generic_baseblocks_v2_1_0_mux_enc__parameterized0' (7#1) [c:/Users/luisf/Documents/PROYECTOS/labs/lab4/audio/audio.srcs/sources_1/bd/system/ipshared/f9c1/hdl/generic_baseblocks_v2_1_vl_rfs.v:2452]
INFO: [Synth 8-638] synthesizing module 'generic_baseblocks_v2_1_0_mux_enc__parameterized1' [c:/Users/luisf/Documents/PROYECTOS/labs/lab4/audio/audio.srcs/sources_1/bd/system/ipshared/f9c1/hdl/generic_baseblocks_v2_1_vl_rfs.v:2452]
INFO: [Synth 8-256] done synthesizing module 'generic_baseblocks_v2_1_0_mux_enc__parameterized1' (7#1) [c:/Users/luisf/Documents/PROYECTOS/labs/lab4/audio/audio.srcs/sources_1/bd/system/ipshared/f9c1/hdl/generic_baseblocks_v2_1_vl_rfs.v:2452]
INFO: [Synth 8-638] synthesizing module 'axi_register_slice_v2_1_13_axic_register_slice' [c:/Users/luisf/Documents/PROYECTOS/labs/lab4/audio/audio.srcs/sources_1/bd/system/ipshared/55c0/hdl/axi_register_slice_v2_1_vl_rfs.v:85]
INFO: [Synth 8-256] done synthesizing module 'axi_register_slice_v2_1_13_axic_register_slice' (8#1) [c:/Users/luisf/Documents/PROYECTOS/labs/lab4/audio/audio.srcs/sources_1/bd/system/ipshared/55c0/hdl/axi_register_slice_v2_1_vl_rfs.v:85]
INFO: [Synth 8-638] synthesizing module 'generic_baseblocks_v2_1_0_mux_enc__parameterized2' [c:/Users/luisf/Documents/PROYECTOS/labs/lab4/audio/audio.srcs/sources_1/bd/system/ipshared/f9c1/hdl/generic_baseblocks_v2_1_vl_rfs.v:2452]
INFO: [Synth 8-256] done synthesizing module 'generic_baseblocks_v2_1_0_mux_enc__parameterized2' (8#1) [c:/Users/luisf/Documents/PROYECTOS/labs/lab4/audio/audio.srcs/sources_1/bd/system/ipshared/f9c1/hdl/generic_baseblocks_v2_1_vl_rfs.v:2452]
INFO: [Synth 8-256] done synthesizing module 'axi_crossbar_v2_1_14_crossbar_sasd' (9#1) [c:/Users/luisf/Documents/PROYECTOS/labs/lab4/audio/audio.srcs/sources_1/bd/system/ipshared/f582/hdl/axi_crossbar_v2_1_vl_rfs.v:1240]
INFO: [Synth 8-256] done synthesizing module 'axi_crossbar_v2_1_14_axi_crossbar' (10#1) [c:/Users/luisf/Documents/PROYECTOS/labs/lab4/audio/audio.srcs/sources_1/bd/system/ipshared/f582/hdl/axi_crossbar_v2_1_vl_rfs.v:4882]
INFO: [Synth 8-256] done synthesizing module 'system_xbar_0' (11#1) [c:/Users/luisf/Documents/PROYECTOS/labs/lab4/audio/audio.srcs/sources_1/bd/system/ip/system_xbar_0/synth/system_xbar_0.v:59]
Finished RTL Elaboration : Time (s): cpu = 00:00:11 ; elapsed = 00:00:11 . Memory (MB): peak = 455.203 ; gain = 204.039
Finished RTL Optimization Phase 1 : Time (s): cpu = 00:00:11 ; elapsed = 00:00:11 . Memory (MB): peak = 455.203 ; gain = 204.039
INFO: [Device 21-403] Loading part xc7z010clg400-1
Constraint Validation Runtime : Time (s): cpu = 00:00:00 ; elapsed = 00:00:00.035 . Memory (MB): peak = 681.266 ; gain = 0.000
Finished Constraint Validation : Time (s): cpu = 00:00:20 ; elapsed = 00:00:20 . Memory (MB): peak = 681.266 ; gain = 430.102
Finished Loading Part and Timing Information : Time (s): cpu = 00:00:20 ; elapsed = 00:00:20 . Memory (MB): peak = 681.266 ; gain = 430.102
Finished applying 'set_property' XDC Constraints : Time (s): cpu = 00:00:20 ; elapsed = 00:00:20 . Memory (MB): peak = 681.266 ; gain = 430.102
Finished RTL Optimization Phase 2 : Time (s): cpu = 00:00:20 ; elapsed = 00:00:21 . Memory (MB): peak = 681.266 ; gain = 430.102
Finished Cross Boundary and Area Optimization : Time (s): cpu = 00:00:21 ; elapsed = 00:00:22 . Memory (MB): peak = 681.266 ; gain = 430.102
Finished Applying XDC Timing Constraints : Time (s): cpu = 00:00:31 ; elapsed = 00:00:32 . Memory (MB): peak = 681.266 ; gain = 430.102
Finished Timing Optimization : Time (s): cpu = 00:00:32 ; elapsed = 00:00:33 . Memory (MB): peak = 681.266 ; gain = 430.102
Finished Technology Mapping : Time (s): cpu = 00:00:32 ; elapsed = 00:00:33 . Memory (MB): peak = 681.266 ; gain = 430.102
Finished IO Insertion : Time (s): cpu = 00:00:32 ; elapsed = 00:00:33 . Memory (MB): peak = 681.266 ; gain = 430.102
Finished Renaming Generated Instances : Time (s): cpu = 00:00:32 ; elapsed = 00:00:33 . Memory (MB): peak = 681.266 ; gain = 430.102
Finished Rebuilding User Hierarchy : Time (s): cpu = 00:00:33 ; elapsed = 00:00:33 . Memory (MB): peak = 681.266 ; gain = 430.102
Finished Renaming Generated Ports : Time (s): cpu = 00:00:33 ; elapsed = 00:00:33 . Memory (MB): peak = 681.266 ; gain = 430.102
Finished Handling Custom Attributes : Time (s): cpu = 00:00:33 ; elapsed = 00:00:33 . Memory (MB): peak = 681.266 ; gain = 430.102
Finished Renaming Generated Nets : Time (s): cpu = 00:00:33 ; elapsed = 00:00:33 . Memory (MB): peak = 681.266 ; gain = 430.102

Report Cell Usage: 
+------+-----+------+
|      |Cell |Count |
+------+-----+------+
|1     |LUT1 |     2|
|2     |LUT2 |    11|
|3     |LUT3 |    45|
|4     |LUT4 |    52|
|5     |LUT5 |    63|
|6     |LUT6 |    60|
|7     |FDRE |   133|
+------+-----+------+
Finished Writing Synthesis Report : Time (s): cpu = 00:00:33 ; elapsed = 00:00:33 . Memory (MB): peak = 681.266 ; gain = 430.102
synth_design: Time (s): cpu = 00:00:34 ; elapsed = 00:00:35 . Memory (MB): peak = 681.266 ; gain = 434.738
