Copyright 1986-2017 Xilinx, Inc. All Rights Reserved.
------------------------------------------------------------------------------------
| Tool Version : Vivado v.2017.1 (lin64) Build 1846317 Fri Apr 14 18:54:47 MDT 2017
| Date         : Mon Apr 26 16:22:01 2021
| Host         : lfvelez-Latitude-7290 running 64-bit Ubuntu 20.04.2 LTS
| Command      : report_timing -file ./report/matrixmul_timing_synth.rpt
| Design       : matrixmul
| Device       : 7z010-clg400
| Speed File   : -1  PRODUCTION 1.11 2014-09-11
------------------------------------------------------------------------------------

Timing Report

Slack (MET) :             4.981ns  (required time - arrival time)
  Source:                 matrixmul_mac_mulbkb_U1/matrixmul_mac_mulbkb_DSP48_0_U/p/CLK
                            (rising edge-triggered cell DSP48E1 clocked by ap_clk  {rise@0.000ns fall@4.000ns period=8.000ns})
  Destination:            matrixmul_mac_mulbkb_U1/matrixmul_mac_mulbkb_DSP48_0_U/p/C[0]
                            (rising edge-triggered cell DSP48E1 clocked by ap_clk  {rise@0.000ns fall@4.000ns period=8.000ns})
  Path Group:             ap_clk
  Path Type:              Setup (Max at Slow Process Corner)
  Requirement:            8.000ns  (ap_clk rise@8.000ns - ap_clk rise@0.000ns)
  Data Path Delay:        1.234ns  (logic 0.434ns (35.178%)  route 0.800ns (64.822%))
  Logic Levels:           0  
  Clock Path Skew:        -0.049ns (DCD - SCD + CPR)
    Destination Clock Delay (DCD):    0.924ns = ( 8.924 - 8.000 ) 
    Source Clock Delay      (SCD):    0.973ns
    Clock Pessimism Removal (CPR):    0.000ns
  Clock Uncertainty:      0.035ns  ((TSJ^2 + TIJ^2)^1/2 + DJ) / 2 + PE
    Total System Jitter     (TSJ):    0.071ns
    Total Input Jitter      (TIJ):    0.000ns
    Discrete Jitter          (DJ):    0.000ns
    Phase Error              (PE):    0.000ns

    Location             Delay type                Incr(ns)  Path(ns)    Netlist Resource(s)
  -------------------------------------------------------------------    -------------------
                         (clock ap_clk rise edge)     0.000     0.000 r  
                                                      0.000     0.000 r  ap_clk (IN)
                         net (fo=28, unset)           0.973     0.973    matrixmul_mac_mulbkb_U1/matrixmul_mac_mulbkb_DSP48_0_U/ap_clk
                         DSP48E1                                      r  matrixmul_mac_mulbkb_U1/matrixmul_mac_mulbkb_DSP48_0_U/p/CLK
  -------------------------------------------------------------------    -------------------
                         DSP48E1 (Prop_dsp48e1_CLK_P[0])
                                                      0.434     1.407 r  matrixmul_mac_mulbkb_U1/matrixmul_mac_mulbkb_DSP48_0_U/p/P[0]
                         net (fo=1, unplaced)         0.800     2.207    matrixmul_mac_mulbkb_U1/matrixmul_mac_mulbkb_DSP48_0_U/P[0]
                         DSP48E1                                      r  matrixmul_mac_mulbkb_U1/matrixmul_mac_mulbkb_DSP48_0_U/p/C[0]
  -------------------------------------------------------------------    -------------------

                         (clock ap_clk rise edge)     8.000     8.000 r  
                                                      0.000     8.000 r  ap_clk (IN)
                         net (fo=28, unset)           0.924     8.924    matrixmul_mac_mulbkb_U1/matrixmul_mac_mulbkb_DSP48_0_U/ap_clk
                         DSP48E1                                      r  matrixmul_mac_mulbkb_U1/matrixmul_mac_mulbkb_DSP48_0_U/p/CLK
                         clock pessimism              0.000     8.924    
                         clock uncertainty           -0.035     8.889    
                         DSP48E1 (Setup_dsp48e1_CLK_C[0])
                                                     -1.701     7.188    matrixmul_mac_mulbkb_U1/matrixmul_mac_mulbkb_DSP48_0_U/p
  -------------------------------------------------------------------
                         required time                          7.188    
                         arrival time                          -2.207    
  -------------------------------------------------------------------
                         slack                                  4.981    




