Copyright 1986-2017 Xilinx, Inc. All Rights Reserved.
-----------------------------------------------------------------------------------------------------------------------------------
| Tool Version : Vivado v.2017.2 (win64) Build 1909853 Thu Jun 15 18:39:09 MDT 2017
| Date         : Sat May 29 09:29:52 2021
| Host         : DESKTOP-0VN1C2G running 64-bit major release  (build 9200)
| Command      : report_methodology -file system_wrapper_methodology_drc_routed.rpt -rpx system_wrapper_methodology_drc_routed.rpx
| Design       : system_wrapper
| Device       : xc7z010clg400-1
| Speed File   : -1
| Design State : Routed
-----------------------------------------------------------------------------------------------------------------------------------

Report Methodology

Table of Contents
-----------------
1. REPORT SUMMARY
2. REPORT DETAILS

1. REPORT SUMMARY
-----------------
            Netlist: netlist
          Floorplan: design_1
      Design limits: <entire design considered>
             Max violations: <unlimited>
             Violations found: 7
+-----------+----------+-------------------------------+------------+
| Rule      | Severity | Description                   | Violations |
+-----------+----------+-------------------------------+------------+
| TIMING-18 | Warning  | Missing input or output delay | 7          |
+-----------+----------+-------------------------------+------------+

2. REPORT DETAILS
-----------------
TIMING-18#1 Warning
Missing input or output delay  
An input delay is missing on RECDAT relative to clock(s) clk_fpga_0 
Related violations: <none>

TIMING-18#2 Warning
Missing input or output delay  
An input delay is missing on gpio2_tri_i[0] relative to clock(s) clk_fpga_0 
Related violations: <none>

TIMING-18#3 Warning
Missing input or output delay  
An output delay is missing on BCLK relative to clock(s) clk_fpga_0 
Related violations: <none>

TIMING-18#4 Warning
Missing input or output delay  
An output delay is missing on PBDATA relative to clock(s) clk_fpga_0 
Related violations: <none>

TIMING-18#5 Warning
Missing input or output delay  
An output delay is missing on PBLRCLK relative to clock(s) clk_fpga_0 
Related violations: <none>

TIMING-18#6 Warning
Missing input or output delay  
An output delay is missing on RECLRCLK relative to clock(s) clk_fpga_0 
Related violations: <none>

TIMING-18#7 Warning
Missing input or output delay  
An output delay is missing on gpio_tri_o[0] relative to clock(s) clk_fpga_0 
Related violations: <none>


