INFO: [HLS 200-0] Workspace /home/lfvelez/Documentos/ISPR/HLS/labsource/labs/lab3/dct.prj/solution3 opened at Wed May 26 17:45:05 CEST 2021
INFO: [HLS 200-100] Execute     config_clock -quiet -name default -period 8 -default=false 
INFO: [SYN 201-201] Setting up clock 'default' with a period of 8ns.
INFO: [HLS 200-100] Command     config_clock returned 0; 0 sec.
INFO: [HLS 200-100] Execute     open_platform DefaultPlatform 
INFO: [HLS 200-100] Command     open_platform returned 0; 0 sec.
INFO: [HLS 200-100] Execute     import_lib /opt/Xilinx/Vivado_HLS/2017.1/common/technology/xilinx/zynq/zynq 
INFO: [HLS 200-100] Execute       source /opt/Xilinx/Vivado_HLS/2017.1/common/technology/xilinx/common/xilinx.lib 
INFO: [HLS 200-100] Execute         source /opt/Xilinx/Vivado_HLS/2017.1/common/technology/xilinx/interface/xilinx_interface.lib 
INFO: [HLS 200-100] Execute           source /opt/Xilinx/Vivado_HLS/2017.1/common/technology/xilinx/interface/plb46.lib 
INFO: [HLS 200-100] Command           ap_source returned 0; 0 sec.
INFO: [HLS 200-100] Execute           source /opt/Xilinx/Vivado_HLS/2017.1/common/technology/xilinx/interface/fsl.lib 
INFO: [HLS 200-100] Command           ap_source returned 0; 0 sec.
INFO: [HLS 200-100] Execute           source /opt/Xilinx/Vivado_HLS/2017.1/common/technology/xilinx/interface/axi4.lib 
INFO: [HLS 200-100] Command           ap_source returned 0; 0 sec.
INFO: [HLS 200-100] Execute           source /opt/Xilinx/Vivado_HLS/2017.1/common/technology/xilinx/interface/maxi.lib 
INFO: [HLS 200-100] Command           ap_source returned 0; 0 sec.
INFO: [HLS 200-100] Execute           source /opt/Xilinx/Vivado_HLS/2017.1/common/technology/xilinx/interface/saxilite.lib 
INFO: [HLS 200-100] Command           ap_source returned 0; 0 sec.
INFO: [HLS 200-100] Command         ap_source returned 0; 0 sec.
INFO: [HLS 200-100] Execute         source /opt/Xilinx/Vivado_HLS/2017.1/common/technology/xilinx/common/dsp48.lib 
INFO: [HLS 200-100] Command         ap_source returned 0; 0 sec.
INFO: [HLS 200-100] Execute         source /opt/Xilinx/Vivado_HLS/2017.1/common/technology/xilinx/ip/xfir.lib 
INFO: [HLS 200-100] Command         ap_source returned 0; 0 sec.
INFO: [HLS 200-100] Execute         source /opt/Xilinx/Vivado_HLS/2017.1/common/technology/xilinx/ip/xfft.lib 
INFO: [HLS 200-100] Command         ap_source returned 0; 0 sec.
INFO: [HLS 200-100] Execute         source /opt/Xilinx/Vivado_HLS/2017.1/common/technology/xilinx/ip/dds_compiler.lib 
INFO: [HLS 200-100] Command         ap_source returned 0; 0 sec.
INFO: [HLS 200-100] Command       ap_source returned 0; 0.01 sec.
INFO: [HLS 200-100] Execute       source /opt/Xilinx/Vivado_HLS/2017.1/common/technology/xilinx/common/xilinx_old.lib 
INFO: [HLS 200-100] Command       ap_source returned 0; 0 sec.
INFO: [HLS 200-100] Execute       source /opt/Xilinx/Vivado_HLS/2017.1/common/technology/xilinx/common/xilinx_vivado.lib 
INFO: [HLS 200-100] Command       ap_source returned 0; 0.01 sec.
INFO: [HLS 200-100] Execute       source /opt/Xilinx/Vivado_HLS/2017.1/common/technology/xilinx/common/xilinx.hlp 
INFO: [HLS 200-100] Execute         source /opt/Xilinx/Vivado_HLS/2017.1/common/technology/xilinx/common/target_info.tcl 
INFO: [HLS 200-100] Command         ap_source returned 0; 0 sec.
INFO: [HLS 200-100] Execute         source /opt/Xilinx/Vivado_HLS/2017.1/common/technology/xilinx/interface/xilinx_interface.hlp 
INFO: [HLS 200-100] Execute           source /opt/Xilinx/Vivado_HLS/2017.1/common/technology/xilinx/interface/maxi.hlp 
INFO: [HLS 200-100] Command           ap_source returned 0; 0 sec.
INFO: [HLS 200-100] Execute           source /opt/Xilinx/Vivado_HLS/2017.1/common/technology/xilinx/interface/saxilite.hlp 
INFO: [HLS 200-100] Command           ap_source returned 0; 0 sec.
INFO: [HLS 200-100] Command         ap_source returned 0; 0 sec.
INFO: [HLS 200-100] Execute         source /opt/Xilinx/Vivado_HLS/2017.1/common/technology/xilinx/common/dsp48.hlp 
INFO: [HLS 200-100] Command         ap_source returned 0; 0 sec.
INFO: [HLS 200-100] Command       ap_source returned 0; 0 sec.
INFO: [HLS 200-100] Execute       source /opt/Xilinx/Vivado_HLS/2017.1/common/technology/xilinx/zynq/dsp48e1.hlp 
INFO: [HLS 200-100] Command       ap_source returned 0; 0 sec.
INFO: [HLS 200-100] Execute       get_default_platform 
INFO: [HLS 200-100] Command       get_default_platform returned 0; 0 sec.
INFO: [HLS 200-100] Execute       config_chip_info -quiet -resource  {SLICE 13300}  {LUT 53200}     {FF 106400} {DSP48E 220}   {BRAM 280}  
INFO: [HLS 200-100] Command       config_chip_info returned 0; 0 sec.
INFO: [HLS 200-100] Execute       config_chip_info -quiet -speed medium 
INFO: [HLS 200-100] Command       config_chip_info returned 0; 0 sec.
INFO: [HLS 200-100] Execute       source /opt/Xilinx/Vivado_HLS/2017.1/common/technology/xilinx/common/xilinx.hlp 
INFO: [HLS 200-100] Execute         source /opt/Xilinx/Vivado_HLS/2017.1/common/technology/xilinx/common/target_info.tcl 
INFO: [HLS 200-100] Command         ap_source returned 0; 0 sec.
INFO: [HLS 200-100] Execute         source /opt/Xilinx/Vivado_HLS/2017.1/common/technology/xilinx/interface/xilinx_interface.hlp 
INFO: [HLS 200-100] Execute           source /opt/Xilinx/Vivado_HLS/2017.1/common/technology/xilinx/interface/maxi.hlp 
INFO: [HLS 200-100] Command           ap_source returned 0; 0 sec.
INFO: [HLS 200-100] Execute           source /opt/Xilinx/Vivado_HLS/2017.1/common/technology/xilinx/interface/saxilite.hlp 
INFO: [HLS 200-100] Command           ap_source returned 0; 0 sec.
INFO: [HLS 200-100] Command         ap_source returned 0; 0 sec.
INFO: [HLS 200-100] Execute         source /opt/Xilinx/Vivado_HLS/2017.1/common/technology/xilinx/common/dsp48.hlp 
INFO: [HLS 200-100] Command         ap_source returned 0; 0 sec.
INFO: [HLS 200-100] Command       ap_source returned 0; 0.01 sec.
INFO: [HLS 200-100] Command     import_lib returned 0; 0.03 sec.
INFO: [HLS 200-100] Execute     source /opt/Xilinx/Vivado_HLS/2017.1/common/technology/xilinx/zynq/zynq.gen 
INFO: [HLS 200-100] Execute       source /opt/Xilinx/Vivado_HLS/2017.1/common/technology/xilinx/common/virtex.gen 
INFO: [HLS 200-100] Execute         source /opt/Xilinx/Vivado_HLS/2017.1/common/technology/xilinx/common/xilinx.gen 
INFO: [HLS 200-100] Execute           source /opt/Xilinx/Vivado_HLS/2017.1/common/technology/xilinx/interface/plb46.gen 
INFO: [HLS 200-100] Command           ap_source returned 0; 0 sec.
INFO: [HLS 200-100] Execute           source /opt/Xilinx/Vivado_HLS/2017.1/common/technology/xilinx/interface/fsl.gen 
INFO: [HLS 200-100] Command           ap_source returned 0; 0 sec.
INFO: [HLS 200-100] Execute           source /opt/Xilinx/Vivado_HLS/2017.1/common/technology/xilinx/interface/axi4.gen 
INFO: [HLS 200-100] Command           ap_source returned 0; 0.01 sec.
INFO: [HLS 200-100] Execute           source /opt/Xilinx/Vivado_HLS/2017.1/common/technology/xilinx/interface/nativeAXI4.gen 
INFO: [HLS 200-100] Execute             source /opt/Xilinx/Vivado_HLS/2017.1/common/technology/xilinx/interface/saxilite.gen 
INFO: [HLS 200-100] Command             ap_source returned 0; 0 sec.
INFO: [HLS 200-100] Execute             source /opt/Xilinx/Vivado_HLS/2017.1/common/technology/xilinx/interface/maxi.gen 
INFO: [HLS 200-100] Command             ap_source returned 0; 0.01 sec.
INFO: [HLS 200-100] Command           ap_source returned 0; 0.01 sec.
INFO: [HLS 200-100] Execute           source /opt/Xilinx/Vivado_HLS/2017.1/common/technology/xilinx/scripts/xilinxcoregen.gen 
INFO: [HLS 200-100] Command           ap_source returned 0; 0.01 sec.
INFO: [HLS 200-100] Execute           source /opt/Xilinx/Vivado_HLS/2017.1/common/technology/xilinx/interface/XilEDKCoreGen.gen 
INFO: [HLS 200-100] Command           ap_source returned 0; 0.02 sec.
INFO: [HLS 200-100] Execute           source /opt/Xilinx/Vivado_HLS/2017.1/common/technology/xilinx/ip/xfft.gen 
INFO: [HLS 200-100] Command           ap_source returned 0; 0.12 sec.
INFO: [HLS 200-100] Execute           source /opt/Xilinx/Vivado_HLS/2017.1/common/technology/xilinx/ip/dds_compiler.gen 
INFO: [HLS 200-100] Command           ap_source returned 0; 0.01 sec.
INFO: [HLS 200-100] Execute           source /opt/Xilinx/Vivado_HLS/2017.1/common/technology/xilinx/ip/xfir.gen 
INFO: [HLS 200-100] Command           ap_source returned 0; 0 sec.
INFO: [HLS 200-100] Execute           source /opt/Xilinx/Vivado_HLS/2017.1/common/technology/xilinx/ip/util.gen 
INFO: [HLS 200-100] Command           ap_source returned 0; 0 sec.
INFO: [HLS 200-100] Command         ap_source returned 0; 0.18 sec.
INFO: [HLS 200-100] Execute         source /opt/Xilinx/Vivado_HLS/2017.1/common/technology/xilinx/common/dsp48.gen 
INFO: [HLS 200-100] Command         ap_source returned 0; 0 sec.
INFO: [HLS 200-100] Command       ap_source returned 0; 0.18 sec.
INFO: [HLS 200-100] Command     ap_source returned 0; 0.18 sec.
INFO: [HLS 200-100] Execute     open_platform DefaultPlatform 
INFO: [HLS 200-100] Command     open_platform returned 0; 0.01 sec.
INFO: [HLS 200-100] Execute     import_lib /opt/Xilinx/Vivado_HLS/2017.1/common/technology/xilinx/zynq/zynq_fpv6 
INFO: [HLS 200-100] Execute       source /opt/Xilinx/Vivado_HLS/2017.1/common/technology/xilinx/common/xilinx_fpv7.lib 
INFO: [HLS 200-100] Execute         source /opt/Xilinx/Vivado_HLS/2017.1/common/technology/xilinx/common/xilinx_hp.lib 
INFO: [HLS 200-100] Command         ap_source returned 0; 0 sec.
INFO: [HLS 200-100] Command       ap_source returned 0; 0 sec.
INFO: [HLS 200-100] Execute       source /opt/Xilinx/Vivado_HLS/2017.1/common/technology/xilinx/common/xilinx_fpv.hlp 
INFO: [HLS 200-100] Execute         source /opt/Xilinx/Vivado_HLS/2017.1/common/technology/xilinx/common/xilinx.hlp 
INFO: [HLS 200-100] Execute           source /opt/Xilinx/Vivado_HLS/2017.1/common/technology/xilinx/common/target_info.tcl 
INFO: [HLS 200-100] Command           ap_source returned 0; 0.01 sec.
INFO: [HLS 200-100] Execute           source /opt/Xilinx/Vivado_HLS/2017.1/common/technology/xilinx/interface/xilinx_interface.hlp 
INFO: [HLS 200-100] Execute             source /opt/Xilinx/Vivado_HLS/2017.1/common/technology/xilinx/interface/maxi.hlp 
INFO: [HLS 200-100] Command             ap_source returned 0; 0 sec.
INFO: [HLS 200-100] Execute             source /opt/Xilinx/Vivado_HLS/2017.1/common/technology/xilinx/interface/saxilite.hlp 
INFO: [HLS 200-100] Command             ap_source returned 0; 0 sec.
INFO: [HLS 200-100] Command           ap_source returned 0; 0 sec.
INFO: [HLS 200-100] Execute           source /opt/Xilinx/Vivado_HLS/2017.1/common/technology/xilinx/common/dsp48.hlp 
INFO: [HLS 200-100] Command           ap_source returned 0; 0 sec.
INFO: [HLS 200-100] Command         ap_source returned 0; 0.01 sec.
INFO: [HLS 200-100] Command       ap_source returned 0; 0.01 sec.
INFO: [HLS 200-100] Execute       source /opt/Xilinx/Vivado_HLS/2017.1/common/technology/xilinx/zynq/zynq_hp.hlp 
INFO: [HLS 200-100] Command       ap_source returned 0; 0 sec.
INFO: [HLS 200-100] Command     import_lib returned 0; 0.02 sec.
INFO: [HLS 200-100] Execute     source /opt/Xilinx/Vivado_HLS/2017.1/common/technology/xilinx/zynq/zynq_fpv6.gen 
INFO: [HLS 200-100] Execute       source /opt/Xilinx/Vivado_HLS/2017.1/common/technology/xilinx/common/xilinx_fpv6.gen 
INFO: [HLS 200-100] Command       ap_source returned 0; 0 sec.
INFO: [HLS 200-100] Command     ap_source returned 0; 0.01 sec.
INFO: [HLS 200-100] Execute     set_part xc7z020clg484-1 
INFO: [HLS 200-100] Execute       add_library xilinx/zynq/zynq:xc7z020:clg484:-1 
INFO: [HLS 200-100] Execute         get_default_platform 
INFO: [HLS 200-100] Command         get_default_platform returned 0; 0 sec.
INFO: [HLS 200-100] Execute         license_isbetapart xc7z020 
INFO: [HLS 200-100] Command         license_isbetapart returned 1; 0 sec.
INFO: [HLS 200-100] Execute         get_default_platform 
INFO: [HLS 200-100] Command         get_default_platform returned 0; 0 sec.
INFO: [HLS 200-100] Execute         config_chip_info -quiet -resource  {SLICE 13300}  {LUT 53200}     {FF 106400} {DSP48E 220}   {BRAM 280}  
INFO: [HLS 200-100] Command         config_chip_info returned 0; 0 sec.
INFO: [HLS 200-100] Execute         config_chip_info -quiet -speed slow 
INFO: [HLS 200-100] Command         config_chip_info returned 0; 0 sec.
INFO: [HLS 200-100] Command       add_library returned 0; 0.02 sec.
INFO: [HLS 200-100] Execute       add_library xilinx/zynq/zynq_fpv6 
INFO: [HLS 200-100] Execute         get_default_platform 
INFO: [HLS 200-100] Command         get_default_platform returned 0; 0 sec.
INFO: [HLS 200-100] Command       add_library returned 0; 0 sec.
INFO: [HLS 200-10] Setting target device to 'xc7z020clg484-1'
INFO: [HLS 200-100] Execute       get_default_platform 
INFO: [HLS 200-100] Command       get_default_platform returned 0; 0 sec.
INFO: [HLS 200-100] Command     set_part returned 0; 0.06 sec.
INFO: [HLS 200-100] Execute     get_default_platform 
INFO: [HLS 200-100] Command     get_default_platform returned 0; 0 sec.
INFO: [HLS 200-100] Execute     config_chip_info -quiet -resource  {SLICE 13300}  {LUT 53200}     {FF 106400} {DSP48E 220}   {BRAM 280}  
INFO: [HLS 200-100] Command     config_chip_info returned 0; 0 sec.
INFO: [HLS 200-100] Execute     config_chip_info -quiet -speed slow 
INFO: [HLS 200-100] Command     config_chip_info returned 0; 0 sec.
INFO: [HLS 200-100] Command   open_solution returned 0; 0.33 sec.
INFO: [HLS 200-100] Execute   set_part xc7z020clg484-1 
INFO: [HLS 200-100] Execute     add_library xilinx/zynq/zynq:xc7z020:clg484:-1 
INFO: [HLS 200-100] Execute       get_default_platform 
INFO: [HLS 200-100] Command       get_default_platform returned 0; 0 sec.
INFO: [HLS 200-100] Execute       license_isbetapart xc7z020 
INFO: [HLS 200-100] Command       license_isbetapart returned 1; 0 sec.
INFO: [HLS 200-100] Execute       get_default_platform 
INFO: [HLS 200-100] Command       get_default_platform returned 0; 0 sec.
INFO: [HLS 200-100] Execute       config_chip_info -quiet -resource  {SLICE 13300}  {LUT 53200}     {FF 106400} {DSP48E 220}   {BRAM 280}  
INFO: [HLS 200-100] Command       config_chip_info returned 0; 0 sec.
INFO: [HLS 200-100] Execute       config_chip_info -quiet -speed slow 
INFO: [HLS 200-100] Command       config_chip_info returned 0; 0 sec.
INFO: [HLS 200-100] Command     add_library returned 0; 0 sec.
INFO: [HLS 200-100] Execute     add_library xilinx/zynq/zynq_fpv6 
INFO: [HLS 200-100] Execute       get_default_platform 
INFO: [HLS 200-100] Command       get_default_platform returned 0; 0 sec.
INFO: [HLS 200-100] Command     add_library returned 0; 0 sec.
INFO: [HLS 200-100] Execute     get_default_platform 
INFO: [HLS 200-100] Command     get_default_platform returned 0; 0 sec.
INFO: [HLS 200-100] Command   set_part returned 0; 0.05 sec.
INFO: [HLS 200-100] Execute   create_clock -period 8 -name default 
INFO: [HLS 200-100] Command   create_clock returned 0; 0 sec.
INFO: [HLS 200-100] Execute   source ./dct.prj/solution3/directives.tcl 
INFO: [HLS 200-100] Execute     set_directive_pipeline dct_2d/Xpose_Row_Inner_Loop 
INFO: [HLS 200-0] Setting directive 'PIPELINE' 
INFO: [HLS 200-100] Command     set_directive_pipeline returned 0; 0 sec.
INFO: [HLS 200-100] Execute     set_directive_pipeline dct_2d/Xpose_Col_Inner_Loop 
INFO: [HLS 200-0] Setting directive 'PIPELINE' 
INFO: [HLS 200-0] Setting directive 'PIPELINE' 
INFO: [HLS 200-100] Command     set_directive_pipeline returned 0; 0 sec.
INFO: [HLS 200-100] Execute     set_directive_pipeline read_data/RD_Loop_Col 
INFO: [HLS 200-0] Setting directive 'PIPELINE' 
INFO: [HLS 200-0] Setting directive 'PIPELINE' 
INFO: [HLS 200-0] Setting directive 'PIPELINE' 
INFO: [HLS 200-100] Command     set_directive_pipeline returned 0; 0 sec.
INFO: [HLS 200-100] Execute     set_directive_pipeline write_data/WR_Loop_Col 
INFO: [HLS 200-0] Setting directive 'PIPELINE' 
INFO: [HLS 200-0] Setting directive 'PIPELINE' 
INFO: [HLS 200-0] Setting directive 'PIPELINE' 
INFO: [HLS 200-0] Setting directive 'PIPELINE' 
INFO: [HLS 200-100] Command     set_directive_pipeline returned 0; 0.01 sec.
INFO: [HLS 200-100] Execute     set_directive_pipeline dct_1d/DCT_Outer_Loop 
INFO: [HLS 200-0] Setting directive 'PIPELINE' 
INFO: [HLS 200-0] Setting directive 'PIPELINE' 
INFO: [HLS 200-0] Setting directive 'PIPELINE' 
INFO: [HLS 200-0] Setting directive 'PIPELINE' 
INFO: [HLS 200-0] Setting directive 'PIPELINE' 
INFO: [HLS 200-100] Command     set_directive_pipeline returned 0; 0 sec.
INFO: [HLS 200-100] Command   ap_source returned 0; 0.01 sec.
INFO: [HLS 200-100] Execute   csynth_design 
INFO: [HLS 200-100] Execute     elaborate -effort=medium -skip_syncheck=0 -keep_printf=0 -lm=0 -skip_cdt=0 -skip_transform=0 -ng=0 -g=0 -opt_fp=0 
INFO: [HLS 200-10] Analyzing design file 'dct.c' ... 
INFO: [HLS 200-0] Compiling one TU...
INFO: [HLS 200-100] Execute       is_m_axi_addr64 
INFO: [HLS 200-100] Command       is_m_axi_addr64 returned 0; 0 sec.
INFO: [HLS 200-0] Handling dct.c as C
INFO: [HLS 200-0] Syntax Checking before pre-processing...
INFO: [HLS 200-100] Execute       clang  -fno-limit-debug-info -gcc-toolchain "/opt/Xilinx/Vivado_HLS/2017.1/lnx64/tools/gcc" -hls    -fno-math-errno -c -emit-llvm -O0  -mllvm -disable-llvm-optzns -std=gnu89   -DAESL_SYN -D__SYNTHESIS__ -D__HLS_SYN__ -I "/opt/Xilinx/Vivado_HLS/2017.1/common/technology/autopilot" -I "/opt/Xilinx/Vivado_HLS/2017.1/common/technology/autopilot/ap_sysc" -include etc/autopilot_ssdm_op.h  "dct.c"  -o "/home/lfvelez/Documentos/ISPR/HLS/labsource/labs/lab3/dct.prj/solution3/.autopilot/db/dct.pp.00.o" 
INFO: [HLS 200-0] exec clang -fno-limit-debug-info -gcc-toolchain /opt/Xilinx/Vivado_HLS/2017.1/lnx64/tools/gcc -hls -fno-math-errno -c -emit-llvm -O0 -mllvm -disable-llvm-optzns -std=gnu89 -DAESL_SYN -D__SYNTHESIS__ -D__HLS_SYN__ -I /opt/Xilinx/Vivado_HLS/2017.1/common/technology/autopilot -I /opt/Xilinx/Vivado_HLS/2017.1/common/technology/autopilot/ap_sysc -include etc/autopilot_ssdm_op.h dct.c -o /home/lfvelez/Documentos/ISPR/HLS/labsource/labs/lab3/dct.prj/solution3/.autopilot/db/dct.pp.00.o
INFO: [HLS 200-100] Command       clang returned 0; 0.08 sec.
INFO: [HLS 200-100] Execute       is_encrypted /home/lfvelez/Documentos/ISPR/HLS/labsource/labs/lab3/dct.prj/solution3/.autopilot/db/dct.pp.00.o 
INFO: [HLS 200-100] Command       is_encrypted returned 0; 0 sec.
INFO: [HLS 200-0] Source preprocessing
INFO: [HLS 200-100] Execute       clang  -fno-limit-debug-info -gcc-toolchain "/opt/Xilinx/Vivado_HLS/2017.1/lnx64/tools/gcc" -hls -fno-exceptions  -D__llvm__  -CC -E "dct.c"     -fno-math-errno -c -emit-llvm -O0  -mllvm -disable-llvm-optzns -std=gnu89   -DAESL_SYN -D__SYNTHESIS__ -D__HLS_SYN__ -I "/opt/Xilinx/Vivado_HLS/2017.1/common/technology/autopilot" -I "/opt/Xilinx/Vivado_HLS/2017.1/common/technology/autopilot/ap_sysc" -include etc/autopilot_ssdm_op.h  -o "/home/lfvelez/Documentos/ISPR/HLS/labsource/labs/lab3/dct.prj/solution3/.autopilot/db/dct.pp.0.c" 
INFO: [HLS 200-0] exec clang -fno-limit-debug-info -gcc-toolchain /opt/Xilinx/Vivado_HLS/2017.1/lnx64/tools/gcc -hls -fno-exceptions -D__llvm__ -CC -E dct.c -fno-math-errno -c -emit-llvm -O0 -mllvm -disable-llvm-optzns -std=gnu89 -DAESL_SYN -D__SYNTHESIS__ -D__HLS_SYN__ -I /opt/Xilinx/Vivado_HLS/2017.1/common/technology/autopilot -I /opt/Xilinx/Vivado_HLS/2017.1/common/technology/autopilot/ap_sysc -include etc/autopilot_ssdm_op.h -o /home/lfvelez/Documentos/ISPR/HLS/labsource/labs/lab3/dct.prj/solution3/.autopilot/db/dct.pp.0.c
INFO: [HLS 200-100] Command       clang returned 0; 0.06 sec.
INFO: [HLS 200-0] GCC PP time: 0 seconds per iteration
INFO: [HLS 200-0] Setting directive 'PIPELINE' 
INFO: [HLS 200-0] Setting directive 'PIPELINE' 
INFO: [HLS 200-0] Setting directive 'PIPELINE' 
INFO: [HLS 200-0] Setting directive 'PIPELINE' 
INFO: [HLS 200-0] Setting directive 'PIPELINE' 
INFO: [HLS 200-100] Execute       list_core -type functional_unit 
INFO: [HLS 200-100] Command       list_core returned 0; 0 sec.
INFO: [HLS 200-0] CDT Preprocessing...
INFO: [HLS 200-0] Marker-Pragma convertor: /home/lfvelez/Documentos/ISPR/HLS/labsource/labs/lab3/dct.prj/solution3/.autopilot/db/dct.pp.0.c /home/lfvelez/Documentos/ISPR/HLS/labsource/labs/lab3/dct.prj/solution3/.autopilot/db/dct.pp.0.c.ap-line.c /home/lfvelez/Documentos/ISPR/HLS/labsource/labs/lab3/dct.prj/solution3/.autopilot/db/dct.pp.0.c.ap-line.c.CXX 1
INFO: [HLS 200-0] Converting Markers to Pragmas...
INFO: [HLS 200-100] Execute       cdt  "/home/lfvelez/Documentos/ISPR/HLS/labsource/labs/lab3/dct.prj/solution3/.autopilot/db/dct.pp.0.c.ap-line.c"  -m "dct" -o "/home/lfvelez/Documentos/ISPR/HLS/labsource/labs/lab3/dct.prj/solution3/.autopilot/db/dct.pp.0.c.ap-cdt.c" -c --pp --directive /home/lfvelez/Documentos/ISPR/HLS/labsource/labs/lab3/dct.prj/solution3/solution3.directive --source /home/lfvelez/Documentos/ISPR/HLS/labsource/labs/lab3/dct.c --error /home/lfvelez/Documentos/ISPR/HLS/labsource/labs/lab3/dct.prj/solution3/.autopilot/db --funcunit "AddSub AddSub_DSP AddSubnS DAddSub_fulldsp DAddSub_nodsp DDiv DExp_fulldsp DExp_meddsp DExp_nodsp DLog_fulldsp DLog_meddsp DLog_nodsp DMul_fulldsp DMul_maxdsp DMul_meddsp DMul_nodsp DRSqrt DRecip DSqrt DivnS FAddSub_fulldsp FAddSub_nodsp FDiv FExp_fulldsp FExp_meddsp FExp_nodsp FLog_fulldsp FLog_meddsp FLog_nodsp FMul_fulldsp FMul_maxdsp FMul_meddsp FMul_nodsp FRSqrt_fulldsp FRSqrt_nodsp FRecip_fulldsp FRecip_nodsp FSqrt HAddSub_fulldsp HAddSub_meddsp HAddSub_nodsp HDiv HMul_fulldsp HMul_maxdsp HMul_nodsp HSqrt Mul Mul2S Mul3S Mul4S Mul5S Mul6S Mul_LUT MulnS MuxnS" --ca --gf --pd --p2d /home/lfvelez/Documentos/ISPR/HLS/labsource/labs/lab3/dct.prj/solution3/.autopilot/db --sd --scff /home/lfvelez/Documentos/ISPR/HLS/labsource/labs/lab3/dct.prj/solution3/.autopilot/db/.systemc_flag --ad 
INFO: [HLS 200-100] Command       cdt returned 0; 1.32 sec.
INFO: [HLS 200-0] Marker-Pragma convertor: /home/lfvelez/Documentos/ISPR/HLS/labsource/labs/lab3/dct.prj/solution3/.autopilot/db/dct.pp.0.c.ap-cdt.c /home/lfvelez/Documentos/ISPR/HLS/labsource/labs/lab3/dct.prj/solution3/.autopilot/db/dct.pragma.0.c /home/lfvelez/Documentos/ISPR/HLS/labsource/labs/lab3/dct.prj/solution3/.autopilot/db/dct.pragma.0.c.ap-line.CXX 0
INFO: [HLS 200-0] Converting Pragmas to Markers...
INFO: [HLS 200-100] Execute       source /home/lfvelez/Documentos/ISPR/HLS/labsource/labs/lab3/dct.prj/solution3/.autopilot/db/pragma.status.tcl 
INFO: [HLS 200-100] Command       ap_source returned 0; 0 sec.
INFO: [HLS 200-0] Pragma Handling...
INFO: [HLS 200-0] Source preprocessing
INFO: [HLS 200-100] Execute       clang  -fno-limit-debug-info -gcc-toolchain "/opt/Xilinx/Vivado_HLS/2017.1/lnx64/tools/gcc" -hls -fno-exceptions  -D__llvm__  -CC -E "/home/lfvelez/Documentos/ISPR/HLS/labsource/labs/lab3/dct.prj/solution3/.autopilot/db/dct.pragma.1.c"     -fno-math-errno -c -emit-llvm -O0  -mllvm -disable-llvm-optzns -std=gnu89   -DAESL_SYN -D__SYNTHESIS__ -D__HLS_SYN__ -I "/opt/Xilinx/Vivado_HLS/2017.1/common/technology/autopilot" -I "/opt/Xilinx/Vivado_HLS/2017.1/common/technology/autopilot/ap_sysc" -include etc/autopilot_ssdm_op.h  -o "/home/lfvelez/Documentos/ISPR/HLS/labsource/labs/lab3/dct.prj/solution3/.autopilot/db/dct.pragma.2.c" 
INFO: [HLS 200-0] exec clang -fno-limit-debug-info -gcc-toolchain /opt/Xilinx/Vivado_HLS/2017.1/lnx64/tools/gcc -hls -fno-exceptions -D__llvm__ -CC -E /home/lfvelez/Documentos/ISPR/HLS/labsource/labs/lab3/dct.prj/solution3/.autopilot/db/dct.pragma.1.c -fno-math-errno -c -emit-llvm -O0 -mllvm -disable-llvm-optzns -std=gnu89 -DAESL_SYN -D__SYNTHESIS__ -D__HLS_SYN__ -I /opt/Xilinx/Vivado_HLS/2017.1/common/technology/autopilot -I /opt/Xilinx/Vivado_HLS/2017.1/common/technology/autopilot/ap_sysc -include etc/autopilot_ssdm_op.h -o /home/lfvelez/Documentos/ISPR/HLS/labsource/labs/lab3/dct.prj/solution3/.autopilot/db/dct.pragma.2.c
INFO: [HLS 200-100] Command       clang returned 0; 0.07 sec.
INFO: [HLS 200-0] Processing labels
INFO: [HLS 200-100] Execute       clang  -fno-limit-debug-info -gcc-toolchain /opt/Xilinx/Vivado_HLS/2017.1/lnx64/tools/gcc -hls -hls-analyze-label -hls-analyze-pragma -fno-exceptions  -D__llvm__  -w  "/home/lfvelez/Documentos/ISPR/HLS/labsource/labs/lab3/dct.prj/solution3/.autopilot/db/dct.pragma.2.c"    -fno-math-errno -c -emit-llvm -O0  -mllvm -disable-llvm-optzns -std=gnu89  -DAESL_SYN -D__SYNTHESIS__ -D__HLS_SYN__ -I "/opt/Xilinx/Vivado_HLS/2017.1/common/technology/autopilot" -I "/opt/Xilinx/Vivado_HLS/2017.1/common/technology/autopilot/ap_sysc" -include etc/autopilot_ssdm_op.h -g -o "/home/lfvelez/Documentos/ISPR/HLS/labsource/labs/lab3/dct.prj/solution3/.autopilot/db/dct.g.bc" 
INFO: [HLS 200-0] exec clang -fno-limit-debug-info -gcc-toolchain /opt/Xilinx/Vivado_HLS/2017.1/lnx64/tools/gcc -hls -hls-analyze-label -hls-analyze-pragma -fno-exceptions -D__llvm__ -w /home/lfvelez/Documentos/ISPR/HLS/labsource/labs/lab3/dct.prj/solution3/.autopilot/db/dct.pragma.2.c -fno-math-errno -c -emit-llvm -O0 -mllvm -disable-llvm-optzns -std=gnu89 -DAESL_SYN -D__SYNTHESIS__ -D__HLS_SYN__ -I /opt/Xilinx/Vivado_HLS/2017.1/common/technology/autopilot -I /opt/Xilinx/Vivado_HLS/2017.1/common/technology/autopilot/ap_sysc -include etc/autopilot_ssdm_op.h -g -o /home/lfvelez/Documentos/ISPR/HLS/labsource/labs/lab3/dct.prj/solution3/.autopilot/db/dct.g.bc
INFO: [HLS 200-100] Command       clang returned 0; 0.07 sec.
INFO: [HLS 200-10] Validating synthesis directives ...
INFO: [HLS 200-100] Execute       source /home/lfvelez/Documentos/ISPR/HLS/labsource/labs/lab3/dct.prj/solution3/.autopilot/db/pragma.status.tcl 
INFO: [HLS 200-100] Command       ap_source returned 0; 0 sec.
INFO: [HLS 200-111] Finished Checking Pragmas Time (s): cpu = 00:00:04 ; elapsed = 00:00:02 . Memory (MB): peak = 325.777 ; gain = 12.582 ; free physical = 459 ; free virtual = 4659
INFO: [HLS 200-0] Linking Release ...
INFO: [HLS 200-100] Execute       llvm-ld /home/lfvelez/Documentos/ISPR/HLS/labsource/labs/lab3/dct.prj/solution3/.autopilot/db/dct.bc -disable-opt -L/opt/Xilinx/Vivado_HLS/2017.1/lnx64/lib -lm_basic -o /home/lfvelez/Documentos/ISPR/HLS/labsource/labs/lab3/dct.prj/solution3/.autopilot/db/a.o 
INFO: [HLS 200-100] Command       llvm-ld returned 0; 0.04 sec.
INFO: [HLS 200-100] Execute       disassemble /home/lfvelez/Documentos/ISPR/HLS/labsource/labs/lab3/dct.prj/solution3/.autopilot/db/a.o /home/lfvelez/Documentos/ISPR/HLS/labsource/labs/lab3/dct.prj/solution3/.autopilot/db/a.o 
INFO: [HLS 200-100] Execute         is_encrypted /home/lfvelez/Documentos/ISPR/HLS/labsource/labs/lab3/dct.prj/solution3/.autopilot/db/a.o.bc 
INFO: [HLS 200-100] Command         is_encrypted returned 0; 0 sec.
INFO: [HLS 200-100] Command       disassemble returned 0; 0.04 sec.
INFO: [HLS 200-0] Disassemble time: 0 seconds per iteration
INFO: [HLS 200-0] Linking Debug ...
INFO: [HLS 200-100] Execute       llvm-ld /home/lfvelez/Documentos/ISPR/HLS/labsource/labs/lab3/dct.prj/solution3/.autopilot/db/dct.g.bc -disable-opt -L/opt/Xilinx/Vivado_HLS/2017.1/lnx64/lib -lm_basic -o /home/lfvelez/Documentos/ISPR/HLS/labsource/labs/lab3/dct.prj/solution3/.autopilot/db/a.g 
INFO: [HLS 200-100] Command       llvm-ld returned 0; 0.04 sec.
INFO: [HLS 200-100] Execute       disassemble /home/lfvelez/Documentos/ISPR/HLS/labsource/labs/lab3/dct.prj/solution3/.autopilot/db/a.g /home/lfvelez/Documentos/ISPR/HLS/labsource/labs/lab3/dct.prj/solution3/.autopilot/db/a.g 
INFO: [HLS 200-100] Execute         is_encrypted /home/lfvelez/Documentos/ISPR/HLS/labsource/labs/lab3/dct.prj/solution3/.autopilot/db/a.g.bc 
INFO: [HLS 200-100] Command         is_encrypted returned 0; 0 sec.
INFO: [HLS 200-100] Command       disassemble returned 0; 0.03 sec.
INFO: [HLS 200-0] Disassemble time: 0 seconds per iteration
INFO: [HLS 200-111] Finished Linking Time (s): cpu = 00:00:04 ; elapsed = 00:00:03 . Memory (MB): peak = 325.777 ; gain = 12.582 ; free physical = 458 ; free virtual = 4659
INFO: [HLS 200-100] Execute       opt_and_import_c a -opt_level=2 -skip_syncheck=0 -ng=0 -keep_printf=0 
INFO: [HLS 200-100] Execute         cleanup_all_models 
INFO: [HLS 200-100] Command         cleanup_all_models returned 0; 0 sec.
INFO: [HLS 200-10] Starting code transformations ...
INFO: [HLS 200-100] Execute         transform -promote-dbg-pointer /home/lfvelez/Documentos/ISPR/HLS/labsource/labs/lab3/dct.prj/solution3/.autopilot/db/a.pp.bc -o /home/lfvelez/Documentos/ISPR/HLS/labsource/labs/lab3/dct.prj/solution3/.autopilot/db/a.pp.0.bc -f 
INFO: [HLS 200-100] Command         transform returned 0; 0 sec.
INFO: [HLS 200-100] Execute         llvm-ld /home/lfvelez/Documentos/ISPR/HLS/labsource/labs/lab3/dct.prj/solution3/.autopilot/db/a.pp.0.bc -disable-opt -L/opt/Xilinx/Vivado_HLS/2017.1/lnx64/lib -lfloatconversion -o /home/lfvelez/Documentos/ISPR/HLS/labsource/labs/lab3/dct.prj/solution3/.autopilot/db/a.g.0 
INFO: [HLS 200-100] Command         llvm-ld returned 0; 0.04 sec.
INFO: [HLS 200-0] Running Standard Transforms...
INFO: [HLS 200-100] Execute         transform -hls -share-std-xform -demangle-name -inline-byval-memcpy -always-inline -promote-dbg-pointer -interface-preproc -scalarrepl -mem2reg -keep-read-access -instcombine -dce -promote-dbg-pointer -bitop-raise -loop-simplify -indvarspre -indvars -loop-simplify -xunroll -constprop -instcombine -simplifycfg -indvars -simplifycfg -dce -globaldce -basicaa -simplifycfg -mem2reg -globalopt -global-constprop -deadargelim -instcombine -simplifycfg -prune-eh -simplifycfg -scalarrepl -instcombine -reassociate -licm -simplifycfg -loop-simplify -indvars -instcombine -simplifycfg -mem2reg -loop-simplify -indvars -instcombine -gvn -gvn -instcombine -adce -break-crit-edges -simplifycfg -loop-delete -global-array-opt -dce -dse -adce -find-syn-modules -top dct -deadargelim -mem2reg -instcombine -dce -presyn-prepare -auto-rom-infer -interface-preproc -syn-check -check-rec-only -find-region -simplifycfg -func-extr -function-inline -globaldce -mem2reg -instcombine -dce -gvn -globaldce -adce -adse -constprop -instcombine -bit-constprop -instcombine -dce -simplifycfg -bitop-raise -simplifycfg -dce -loop-delete -reassociate -globalopt -global-privatize -mem2reg -dce -global-constprop -pointer-simplify -constprop -dce -func-inst -deadargelim -auto-shift-reg-idiom -promote-dbg-pointer -norm-name /home/lfvelez/Documentos/ISPR/HLS/labsource/labs/lab3/dct.prj/solution3/.autopilot/db/a.g.0.bc -o /home/lfvelez/Documentos/ISPR/HLS/labsource/labs/lab3/dct.prj/solution3/.autopilot/db/a.g.1.bc -f -phase std-opt 
INFO: [HLS 200-100] Command         transform returned 0; 0.1 sec.
INFO: [HLS 200-100] Execute         disassemble /home/lfvelez/Documentos/ISPR/HLS/labsource/labs/lab3/dct.prj/solution3/.autopilot/db/a.g.1 /home/lfvelez/Documentos/ISPR/HLS/labsource/labs/lab3/dct.prj/solution3/.autopilot/db/a.g.1 
INFO: [HLS 200-100] Execute           is_encrypted /home/lfvelez/Documentos/ISPR/HLS/labsource/labs/lab3/dct.prj/solution3/.autopilot/db/a.g.1.bc 
INFO: [HLS 200-100] Command           is_encrypted returned 0; 0 sec.
INFO: [HLS 200-100] Command         disassemble returned 0; 0.04 sec.
INFO: [HLS 200-111] Finished Standard Transforms Time (s): cpu = 00:00:04 ; elapsed = 00:00:03 . Memory (MB): peak = 325.777 ; gain = 12.582 ; free physical = 455 ; free virtual = 4658
INFO: [HLS 200-10] Checking synthesizability ...
INFO: [HLS 200-0] Checking Synthesizability 1/2..
INFO: [HLS 200-100] Execute         transform -hls -syn-check -check-rec-only -disaggr -scalarrepl -norm-name -dce -mem2reg -instcombine -function-uniquify -directive-preproc -mem2reg -dse -dce -auto-rom-infer -dce -array-normalize -instcombine -dce -warn-fifo-pointer -array-seg-normalize -instcombine -dce -array-flatten -instcombine -dce -array-burst -dce -deadargelim -promote-global-argument -simplifycfg -mem2reg -globaldce -resolve-double-ptr -dce -deadargelim -dce -instcombine -function-inline -globaldce -dce -doublePtrSimplify -doublePtrElim -dce -doublePtrSimplify -promote-dbg-pointer -dce -scalarrepl -dse -adse -instcombine -ptrLegalization -simplifycfg -dce -instcombine -pointer-simplify -ptrArgReplace -dce -instcombine -disaggr -scalarrepl -norm-name -dce -mem2reg -instcombine -ptrLegalization -simplifycfg -deadargelim -instcombine -dce -inst-simplify -function-uniquify -directive-preproc -mem2reg -dse -dce -globaldce /home/lfvelez/Documentos/ISPR/HLS/labsource/labs/lab3/dct.prj/solution3/.autopilot/db/a.g.1.bc -o /home/lfvelez/Documentos/ISPR/HLS/labsource/labs/lab3/dct.prj/solution3/.autopilot/db/a.g.2.prechk.bc -f 
INFO: [XFORM 203-602] Inlining function 'read_data' into 'dct' (dct.c:85) automatically.
INFO: [XFORM 203-602] Inlining function 'write_data' into 'dct' (dct.c:90) automatically.
INFO: [HLS 200-100] Command         transform returned 0; 0.14 sec.
INFO: [HLS 200-0] Checking Synthesizability 2/2..
INFO: [HLS 200-100] Execute         transform -syn-check /home/lfvelez/Documentos/ISPR/HLS/labsource/labs/lab3/dct.prj/solution3/.autopilot/db/a.g.2.prechk.bc -o /home/lfvelez/Documentos/ISPR/HLS/labsource/labs/lab3/dct.prj/solution3/.autopilot/db/a.g.2.bc -f -phase syn-check 
INFO: [HLS 200-100] Command         transform returned 0; 0 sec.
INFO: [HLS 200-111] Finished Checking Synthesizability Time (s): cpu = 00:00:04 ; elapsed = 00:00:03 . Memory (MB): peak = 325.777 ; gain = 12.582 ; free physical = 455 ; free virtual = 4658
INFO: [HLS 200-0] Compiler optimizing ...
INFO: [HLS 200-0] Share syncheck's 1.bc for syn flow: copy /home/lfvelez/Documentos/ISPR/HLS/labsource/labs/lab3/dct.prj/solution3/.autopilot/db/a.g.1.bc to /home/lfvelez/Documentos/ISPR/HLS/labsource/labs/lab3/dct.prj/solution3/.autopilot/db/a.o.1.bc
INFO: [HLS 200-0] Presyn 1...
INFO: [HLS 200-100] Execute         transform -hls -tmp /home/lfvelez/Documentos/ISPR/HLS/labsource/labs/lab3/dct.prj/solution3/.autopilot/db -interface-port-rename -type-info -function-uniquify -directive-preproc -mem2reg -dse -dce -disaggr -scalarrepl -norm-name -deadargelim -mem2reg -instcombine -dce -auto-rom-infer -dce -function-uniquify -resource-proc -simplifycfg -mem2reg -globaldce -resolve-double-ptr -dce -deadargelim -dce -instcombine -clib-intrinsic-prepare -dce -func-buffer -dce -array-normalize -func-legal -instcombine -gvn -constprop -dce -ptrArgReplace -mem2reg -instcombine -dce -array-seg-normalize -deadargelim -instcombine -dce -pointer-simplify -dce -port-alignment -dce -interface-preproc -data-pack -instcombine -dce -basicaa -aggr-aa -aggrmodref-aa -aggr-aa -gvn -gvn -basicaa -aggr-aa -aggrmodref-aa -aggr-aa -dse -adse -adce -loop-simplify -indvars -instcombine -gvn -loop-simplify -mem2reg -dce -simplifycfg -find-region -instcombine -auto-loop-pipeline -inst-simplify -interface-preproc -cfgopt -instcombine -indvars -auto-loop-unroll -loop-simplify -loop-bound -xunroll -constprop -instcombine -simplifycfg -indvars -simplifycfg -dce -globaldce -clean-region -attach-range -gvn -inst-simplify -constprop -simplifycfg -dce -pointer-simplify -dce -globalopt -constprop -dce -array-promote -constprop -instcombine -dce -ptrArgReplace -mem2reg -instcombine -simplifycfg -dce -auto-par -instcombine -dce -array-transform-check -array-reshape -instcombine -simplifycfg -dce -ptrArgReplace -deadargelim -mem2reg -instcombine -simplifycfg -dce -indvars -loop-simplify -loop-bound -xunroll -constprop -instcombine -simplifycfg -indvars -simplifycfg -dce -globaldce -duplicate-dataflow-processes -globaldce -instcombine -array-partition -instcombine -simplifycfg -dce -ptrArgReplace -global-constprop -deadargelim -mem2reg -func-legal -instcombine -dce -global-constprop -deadargelim -mem2reg -instcombine -simplifycfg -dce -globalopt -constprop -dce -array-promote -constprop -instcombine -dce -ptrArgReplace -mem2reg -instcombine -simplifycfg -dce -mem-intrinsic-preproc -dce -global-privatize -mem2reg -globaldce -promote-global-argument -ptrArgReplace -mem2reg -instcombine -dce -globalopt -mergereturn -simplify-global-access -mem2reg -dce -pointer-simplify -dce -functionattrs -basicaa -aggr-aa -aggrmodref-aa -aggr-aa -gvn -gvn -basicaa -aggr-aa -aggrmodref-aa -aggr-aa -dse -adse -adce -inst-simplify -dce -norm-name -function-inline -globaldce -func-inst -constprop -instcombine -simplifycfg -dce -func-legal -dce -loop-bound -arraycheck -bitwidthmin -on-by-dataflow -loop-delete -instcombine -simplifycfg -globaldce -dce -gvn -deadargelim -dce -loop-simplify -clean-region -simplifycfg -propagate-stable-arguments -loop-stream -instcombine -simplifycfg -dce -globaldce -stream-intrinsic-preproc -dce -check-ap-stream -loop-simplify -eliminate-keepreads -extract-dataflow-in-loop -loop-simplify -dce -gvn -deadargelim -dse -check-dataflow-syntax -legalize-stream-variable -legalize-global -extract-subproc -dce -dead-channel-elimination -canonicalize-gep -globaldce -dce -gvn -deadargelim -annotate-dataflow-channels -scalar-propagation -deadargelim -globaldce -mem2reg -check-dataflow-channels -function-stream -dce -globaldce -prop-fifo-spec -internal-stream-gen -canonicalize-gep -globaldce -dce -gvn -deadargelim -mergereturn -indvars -loop-simplify -instcombine -array-stream -array-seg-normalize -array-partition -func-legal -instcombine -simplifycfg -dce -bundle-memfifo-ops -deadargelim -function-uniquify -directive-preproc -mem2reg -dse -dce -group-axi-access -licm -simplifycfg -dce -loop-delete -norm-name /home/lfvelez/Documentos/ISPR/HLS/labsource/labs/lab3/dct.prj/solution3/.autopilot/db/a.o.1.bc -o /home/lfvelez/Documentos/ISPR/HLS/labsource/labs/lab3/dct.prj/solution3/.autopilot/db/a.o.1.tmp.bc -f 
INFO: [XFORM 203-502] Unrolling all sub-loops inside loop 'DCT_Outer_Loop' (dct.c:13) in function 'dct_1d' for pipelining.
INFO: [XFORM 203-501] Unrolling loop 'DCT_Inner_Loop' (dct.c:15) in function 'dct_1d' completely.
INFO: [XFORM 203-102] Partitioning array 'dct_coeff_table' in dimension 2 automatically.
INFO: [XFORM 203-602] Inlining function 'read_data' into 'dct' (dct.c:85) automatically.
INFO: [XFORM 203-602] Inlining function 'write_data' into 'dct' (dct.c:90) automatically.
INFO: [HLS 200-100] Command         transform returned 0; 0.27 sec.
INFO: [HLS 200-0] Presyn 2...
INFO: [HLS 200-100] Execute         transform -hls -keep-callgraph -scalarrepl -mem2reg -port-alignment -attach-range -dce -pipe-mux-gen -indvars -loop-bound -inst-simplify -instcombine -dce -merge-array-access -mem2reg -dce -clean-region -mergereturn -if-conv -instcombine -dce -constprop -basicaa -aggr-aa -aggrmodref-aa -aggr-aa -gvn -gvn -basicaa -aggr-aa -aggrmodref-aa -aggr-aa -dse -adse -adce -scalarrepl -mem2reg -global-constprop -deadargelim -deadargelim -instcombine -dce -simplifycfg -ptrArgReplace -mem2reg -function-inline -globaldce -mem2reg -instcombine -dce -expr-balance -instcombine -dce -bitwidthmin -interface-preproc -directive-preproc -inst-rectify -instcombine -dce -functionattrs -constprop -instcombine -bit-constprop -simplify-global-access -globalopt -globaldce -inst-simplify -instcombine -elimdeaddata -dce -loop-delete -simplifycfg -loop-simplify -auto-burst -norm-name /home/lfvelez/Documentos/ISPR/HLS/labsource/labs/lab3/dct.prj/solution3/.autopilot/db/a.o.1.tmp.bc -o /home/lfvelez/Documentos/ISPR/HLS/labsource/labs/lab3/dct.prj/solution3/.autopilot/db/a.o.2.bc -f -phase presyn 
INFO: [XFORM 203-11] Balancing expressions in function 'dct_1d' (dct.c:4)...8 expression(s) balanced.
INFO: [HLS 200-100] Command         transform returned 0; 0.13 sec.
INFO: [HLS 200-100] Execute         disassemble /home/lfvelez/Documentos/ISPR/HLS/labsource/labs/lab3/dct.prj/solution3/.autopilot/db/a.o.2 /home/lfvelez/Documentos/ISPR/HLS/labsource/labs/lab3/dct.prj/solution3/.autopilot/db/a.o.2 
INFO: [HLS 200-100] Execute           is_encrypted /home/lfvelez/Documentos/ISPR/HLS/labsource/labs/lab3/dct.prj/solution3/.autopilot/db/a.o.2.bc 
INFO: [HLS 200-100] Command           is_encrypted returned 0; 0 sec.
INFO: [HLS 200-100] Command         disassemble returned 0; 0.03 sec.
INFO: [HLS 200-111] Finished Pre-synthesis Time (s): cpu = 00:00:05 ; elapsed = 00:00:03 . Memory (MB): peak = 453.777 ; gain = 140.582 ; free physical = 433 ; free virtual = 4638
INFO: [HLS 200-0] Building ssdm...
INFO: [HLS 200-100] Execute         transform -hls -function-uniquify -auto-function-inline -globaldce -ptrArgReplace -mem2reg -instcombine -dce -reset-lda -loop-simplify -indvars -licm -loop-dep -loop-bound -licm -loop-simplify -flattenloopnest -array-flatten -gvn -instcombine -dce -array-map -dce -func-legal -gvn -adce -instcombine -cfgopt -simplifycfg -loop-simplify -array-burst -promote-global-argument -dce -axi4-lower -array-seg-normalize -basicaa -aggrmodref-aa -globalsmodref-aa -aggr-aa -gvn -gvn -basicaa -aggrmodref-aa -globalsmodref-aa -aggr-aa -dse -adse -adce -licm -inst-simplify -dce -globaldce -instcombine -array-stream -eliminate-keepreads -instcombine -dce -deadargelim -doublePtrSimplify -doublePtrElim -dce -doublePtrSimplify -promote-dbg-pointer -dce -scalarrepl -mem2reg -disaggr -norm-name -mem2reg -instcombine -dse -adse -adce -ptrLegalization -dce -auto-rom-infer -array-flatten -dce -instcombine -loop-rot -constprop -cfgopt -simplifycfg -loop-simplify -indvars -pointer-simplify -dce -loop-bound -loop-simplify -loop-preproc -constprop -global-constprop -gvn -mem2reg -instcombine -dce -loop-bound -loop-merge -dce -bitwidthmin -deadargelim -dce -canonicalize-dataflow -dce -scalar-propagation -deadargelim -globaldce -mem2reg -interface-preproc -interface-gen -deadargelim -directive-preproc -inst-simplify -dce -gvn -mem2reg -instcombine -dce -adse -loop-bound -instcombine -cfgopt -simplifycfg -loop-simplify -clean-region -io-protocol -find-region -mem2reg -bitop-raise -inst-simplify -inst-rectify -instcombine -adce -deadargelim -loop-simplify -phi-opt -bitop-raise -cfgopt -simplifycfg -strip-dead-prototypes -interface-lower -bitop-lower -intrinsic-lower -auto-function-inline -basicaa -aggrmodref-aa -globalsmodref-aa -aggr-aa -inst-simplify -simplifycfg -loop-simplify -mergereturn -inst-simplify -inst-rectify -dce -bitop-lower -loop-rewind -pointer-simplify -dce -cfgopt -read-loop-dep -dce -bitwidth -loop-dep -norm-name -legalize -validate-dataflow -cdfg-build /home/lfvelez/Documentos/ISPR/HLS/labsource/labs/lab3/dct.prj/solution3/.autopilot/db/a.o.2.bc -o /home/lfvelez/Documentos/ISPR/HLS/labsource/labs/lab3/dct.prj/solution3/.autopilot/db/a.o.3.bc -f -phase build-ssdm 
INFO: [XFORM 203-541] Flattening a loop nest 'Xpose_Row_Outer_Loop' (dct.c:38:1) in function 'dct_2d'.
INFO: [XFORM 203-541] Flattening a loop nest 'Xpose_Col_Outer_Loop' (dct.c:49:1) in function 'dct_2d'.
INFO: [XFORM 203-541] Flattening a loop nest 'RD_Loop_Row' (dct.c:59:67) in function 'dct'.
INFO: [XFORM 203-541] Flattening a loop nest 'WR_Loop_Row' (dct.c:71:67) in function 'dct'.
INFO: [HLS 200-100] Command         transform returned 0; 0.27 sec.
INFO: [HLS 200-100] Execute         disassemble /home/lfvelez/Documentos/ISPR/HLS/labsource/labs/lab3/dct.prj/solution3/.autopilot/db/a.o.3 /home/lfvelez/Documentos/ISPR/HLS/labsource/labs/lab3/dct.prj/solution3/.autopilot/db/a.o.3 
INFO: [HLS 200-100] Execute           is_encrypted /home/lfvelez/Documentos/ISPR/HLS/labsource/labs/lab3/dct.prj/solution3/.autopilot/db/a.o.3.bc 
INFO: [HLS 200-100] Command           is_encrypted returned 0; 0 sec.
INFO: [HLS 200-100] Command         disassemble returned 0; 0.04 sec.
INFO: [HLS 200-111] Finished Architecture Synthesis Time (s): cpu = 00:00:05 ; elapsed = 00:00:04 . Memory (MB): peak = 453.777 ; gain = 140.582 ; free physical = 425 ; free virtual = 4629
INFO: [HLS 200-0] Finish building internal data model.
INFO: [HLS 200-100] Command       opt_and_import_c returned 0; 1.08 sec.
INFO: [HLS 200-100] Command     elaborate returned 0; 2.88 sec.
INFO: [HLS 200-100] Execute     autosyn 
INFO: [HLS 200-10] Starting hardware synthesis ...
INFO: [HLS 200-0] Synthesizing C/C++ design ...
INFO: [HLS 200-10] Synthesizing 'dct' ...
INFO: [HLS 200-100] Execute       ap_set_top_model dct 
INFO: [HLS 200-100] Command       ap_set_top_model returned 0; 0 sec.
INFO: [HLS 200-100] Execute       get_model_list dct -filter all-wo-channel -topdown 
INFO: [HLS 200-100] Command       get_model_list returned 0; 0 sec.
INFO: [HLS 200-100] Execute       preproc_iomode -model dct 
INFO: [HLS 200-100] Command       preproc_iomode returned 0; 0 sec.
INFO: [HLS 200-100] Execute       preproc_iomode -model dct_2d 
INFO: [HLS 200-100] Command       preproc_iomode returned 0; 0 sec.
INFO: [HLS 200-100] Execute       preproc_iomode -model dct_1d2 
INFO: [HLS 200-100] Command       preproc_iomode returned 0; 0 sec.
INFO: [HLS 200-100] Execute       get_model_list dct -filter all-wo-channel 
INFO: [HLS 200-100] Command       get_model_list returned 0; 0 sec.
INFO: [HLS 200-0] Model list for configure: dct_1d2 dct_2d dct
INFO: [HLS 200-0] Configuring Module : dct_1d2 ...
INFO: [HLS 200-100] Execute       set_default_model dct_1d2 
INFO: [HLS 200-100] Command       set_default_model returned 0; 0 sec.
INFO: [HLS 200-100] Execute       apply_spec_resource_limit dct_1d2 
INFO: [HLS 200-100] Command       apply_spec_resource_limit returned 0; 0 sec.
INFO: [HLS 200-0] Configuring Module : dct_2d ...
INFO: [HLS 200-100] Execute       set_default_model dct_2d 
INFO: [HLS 200-100] Command       set_default_model returned 0; 0 sec.
INFO: [HLS 200-100] Execute       apply_spec_resource_limit dct_2d 
INFO: [HLS 200-100] Command       apply_spec_resource_limit returned 0; 0 sec.
INFO: [HLS 200-0] Configuring Module : dct ...
INFO: [HLS 200-100] Execute       set_default_model dct 
INFO: [HLS 200-100] Command       set_default_model returned 0; 0 sec.
INFO: [HLS 200-100] Execute       apply_spec_resource_limit dct 
INFO: [HLS 200-100] Command       apply_spec_resource_limit returned 0; 0 sec.
INFO: [HLS 200-0] Model list for preprocess: dct_1d2 dct_2d dct
INFO: [HLS 200-0] Preprocessing Module: dct_1d2 ...
INFO: [HLS 200-100] Execute       set_default_model dct_1d2 
INFO: [HLS 200-100] Command       set_default_model returned 0; 0.01 sec.
INFO: [HLS 200-100] Execute       cdfg_preprocess -model dct_1d2 
INFO: [HLS 200-100] Command       cdfg_preprocess returned 0; 0 sec.
INFO: [HLS 200-100] Execute       rtl_gen_preprocess dct_1d2 
INFO: [HLS 200-100] Command       rtl_gen_preprocess returned 0; 0 sec.
INFO: [HLS 200-0] Preprocessing Module: dct_2d ...
INFO: [HLS 200-100] Execute       set_default_model dct_2d 
INFO: [HLS 200-100] Command       set_default_model returned 0; 0 sec.
INFO: [HLS 200-100] Execute       cdfg_preprocess -model dct_2d 
INFO: [HLS 200-100] Command       cdfg_preprocess returned 0; 0 sec.
INFO: [HLS 200-100] Execute       rtl_gen_preprocess dct_2d 
INFO: [HLS 200-100] Command       rtl_gen_preprocess returned 0; 0 sec.
INFO: [HLS 200-0] Preprocessing Module: dct ...
INFO: [HLS 200-100] Execute       set_default_model dct 
INFO: [HLS 200-100] Command       set_default_model returned 0; 0 sec.
INFO: [HLS 200-100] Execute       cdfg_preprocess -model dct 
INFO: [HLS 200-100] Command       cdfg_preprocess returned 0; 0 sec.
INFO: [HLS 200-100] Execute       rtl_gen_preprocess dct 
WARNING: [SYN 201-107] Renaming port name 'dct/input' to 'dct/input_r' to avoid the conflict with HDL keywords or other object names.
WARNING: [SYN 201-107] Renaming port name 'dct/output' to 'dct/output_r' to avoid the conflict with HDL keywords or other object names.
INFO: [HLS 200-100] Command       rtl_gen_preprocess returned 0; 0 sec.
INFO: [HLS 200-0] Model list for synthesis: dct_1d2 dct_2d dct
INFO: [HLS 200-10] ----------------------------------------------------------------
INFO: [HLS 200-10] -- Implementing module 'dct_1d2' 
INFO: [HLS 200-10] ----------------------------------------------------------------
INFO: [HLS 200-100] Execute       set_default_model dct_1d2 
INFO: [HLS 200-100] Command       set_default_model returned 0; 0 sec.
INFO: [HLS 200-100] Execute       schedule -model dct_1d2 
INFO: [SCHED 204-11] Starting scheduling ...
INFO: [SCHED 204-61] Pipelining loop 'DCT_Outer_Loop'.
WARNING: [SCHED 204-69] Unable to schedule 'load' operation ('src_load_5', dct.c:17) on array 'src' due to limited memory ports.
INFO: [SCHED 204-61] Pipelining result: Target II: 1, Final II: 4, Depth: 8.
WARNING: [SCHED 204-21] Estimated clock period (9.73ns) exceeds the target (target clock period: 8ns, clock uncertainty: 1ns, effective delay budget: 7ns).
WARNING: [SCHED 204-21] The critical path consists of the following:
	'mul' operation ('tmp_18_2', dct.c:17) (3.36 ns)
	'add' operation ('tmp3', dct.c:19) (3.02 ns)
	'add' operation ('tmp1', dct.c:19) (3.35 ns)
INFO: [SCHED 204-11] Finished scheduling.
INFO: [HLS 200-100] Command       schedule returned 0; 0.13 sec.
INFO: [HLS 200-111]  Elapsed time: 3.82 seconds; current allocated memory: 80.197 MB.
INFO: [HLS 200-100] Execute       report -o /home/lfvelez/Documentos/ISPR/HLS/labsource/labs/lab3/dct.prj/solution3/.autopilot/db/dct_1d2.verbose.sched.rpt -verbose -f 
INFO: [HLS 200-100] Command       report returned 0; 0.02 sec.
INFO: [HLS 200-100] Execute       db_write -o /home/lfvelez/Documentos/ISPR/HLS/labsource/labs/lab3/dct.prj/solution3/.autopilot/db/dct_1d2.sched.adb -f 
INFO: [HLS 200-100] Command       db_write returned 0; 0.01 sec.
INFO: [HLS 200-0] Finish scheduling dct_1d2.
INFO: [HLS 200-100] Execute       set_default_model dct_1d2 
INFO: [HLS 200-100] Command       set_default_model returned 0; 0 sec.
INFO: [HLS 200-100] Execute       bind -model dct_1d2 
INFO: [BIND 205-110] clear=
INFO: [BIND 205-110] debug=
INFO: [BIND 205-110] drf=
INFO: [BIND 205-110] effort=
INFO: [BIND 205-110] fast_refine=
INFO: [BIND 205-110] fu_weight=[ 0.0 -- 1.0 ]
INFO: [BIND 205-110] global_opt=
INFO: [BIND 205-110] gsearch=
INFO: [BIND 205-110] help=
INFO: [BIND 205-110] help-hidden=
INFO: [BIND 205-110] min_mem_port=
INFO: [BIND 205-110] min_op=
INFO: [BIND 205-110] minreg=
INFO: [BIND 205-110] ml=
INFO: [BIND 205-110] model=dct_1d2
INFO: [BIND 205-110] no_false_path=
INFO: [BIND 205-110] no_min_op=
INFO: [BIND 205-110] normalize=
INFO: [BIND 205-110] quiet=
INFO: [BIND 205-110] refine=
INFO: [BIND 205-110] reg_weight=[ 0.0 -- 1.0 ]
INFO: [BIND 205-110] search=
INFO: [BIND 205-110] tight_delay=
INFO: [BIND 205-110] verbose=
INFO: [BIND 205-110] wFF=
INFO: [BIND 205-110] wFU=
INFO: [BIND 205-110] wMUX=
INFO: [BIND 205-110] wNET=
INFO: [BIND 205-100] Starting micro-architecture generation ...
INFO: [BIND 205-101] Performing variable lifetime analysis.
INFO: [BIND 205-101] Exploring resource sharing.
INFO: [BIND 205-101] Binding ...
INFO: [BIND 205-100] Finished micro-architecture generation.
INFO: [HLS 200-100] Command       bind returned 0; 0.03 sec.
INFO: [HLS 200-111]  Elapsed time: 0.07 seconds; current allocated memory: 80.635 MB.
INFO: [HLS 200-100] Execute       report -o /home/lfvelez/Documentos/ISPR/HLS/labsource/labs/lab3/dct.prj/solution3/.autopilot/db/dct_1d2.verbose.bind.rpt -verbose -f 
INFO: [HLS 200-100] Command       report returned 0; 0.03 sec.
INFO: [HLS 200-100] Execute       db_write -o /home/lfvelez/Documentos/ISPR/HLS/labsource/labs/lab3/dct.prj/solution3/.autopilot/db/dct_1d2.bind.adb -f 
INFO: [HLS 200-100] Command       db_write returned 0; 0.01 sec.
INFO: [HLS 200-0] Finish binding dct_1d2.
INFO: [HLS 200-10] ----------------------------------------------------------------
INFO: [HLS 200-10] -- Implementing module 'dct_2d' 
INFO: [HLS 200-10] ----------------------------------------------------------------
INFO: [HLS 200-100] Execute       set_default_model dct_2d 
INFO: [HLS 200-100] Command       set_default_model returned 0; 0 sec.
INFO: [HLS 200-100] Execute       schedule -model dct_2d 
INFO: [SCHED 204-11] Starting scheduling ...
INFO: [SCHED 204-61] Pipelining loop 'Xpose_Row_Outer_Loop_Xpose_Row_Inner_Loop'.
INFO: [SCHED 204-61] Pipelining result: Target II: 1, Final II: 1, Depth: 3.
INFO: [SCHED 204-61] Pipelining loop 'Xpose_Col_Outer_Loop_Xpose_Col_Inner_Loop'.
INFO: [SCHED 204-61] Pipelining result: Target II: 1, Final II: 1, Depth: 3.
INFO: [SCHED 204-11] Finished scheduling.
INFO: [HLS 200-100] Command       schedule returned 0; 0.08 sec.
INFO: [HLS 200-111]  Elapsed time: 0.13 seconds; current allocated memory: 81.054 MB.
INFO: [HLS 200-100] Execute       report -o /home/lfvelez/Documentos/ISPR/HLS/labsource/labs/lab3/dct.prj/solution3/.autopilot/db/dct_2d.verbose.sched.rpt -verbose -f 
INFO: [HLS 200-100] Command       report returned 0; 0.04 sec.
INFO: [HLS 200-100] Execute       db_write -o /home/lfvelez/Documentos/ISPR/HLS/labsource/labs/lab3/dct.prj/solution3/.autopilot/db/dct_2d.sched.adb -f 
INFO: [HLS 200-100] Command       db_write returned 0; 0 sec.
INFO: [HLS 200-0] Finish scheduling dct_2d.
INFO: [HLS 200-100] Execute       set_default_model dct_2d 
INFO: [HLS 200-100] Command       set_default_model returned 0; 0 sec.
INFO: [HLS 200-100] Execute       bind -model dct_2d 
INFO: [BIND 205-110] clear=
INFO: [BIND 205-110] debug=
INFO: [BIND 205-110] drf=
INFO: [BIND 205-110] effort=
INFO: [BIND 205-110] fast_refine=
INFO: [BIND 205-110] fu_weight=[ 0.0 -- 1.0 ]
INFO: [BIND 205-110] global_opt=
INFO: [BIND 205-110] gsearch=
INFO: [BIND 205-110] help=
INFO: [BIND 205-110] help-hidden=
INFO: [BIND 205-110] min_mem_port=
INFO: [BIND 205-110] min_op=
INFO: [BIND 205-110] minreg=
INFO: [BIND 205-110] ml=
INFO: [BIND 205-110] model=dct_2d
INFO: [BIND 205-110] no_false_path=
INFO: [BIND 205-110] no_min_op=
INFO: [BIND 205-110] normalize=
INFO: [BIND 205-110] quiet=
INFO: [BIND 205-110] refine=
INFO: [BIND 205-110] reg_weight=[ 0.0 -- 1.0 ]
INFO: [BIND 205-110] search=
INFO: [BIND 205-110] tight_delay=
INFO: [BIND 205-110] verbose=
INFO: [BIND 205-110] wFF=
INFO: [BIND 205-110] wFU=
INFO: [BIND 205-110] wMUX=
INFO: [BIND 205-110] wNET=
INFO: [BIND 205-100] Starting micro-architecture generation ...
INFO: [BIND 205-101] Performing variable lifetime analysis.
INFO: [BIND 205-101] Exploring resource sharing.
INFO: [BIND 205-101] Binding ...
INFO: [BIND 205-100] Finished micro-architecture generation.
INFO: [HLS 200-100] Command       bind returned 0; 0.09 sec.
INFO: [HLS 200-111]  Elapsed time: 0.13 seconds; current allocated memory: 81.412 MB.
INFO: [HLS 200-100] Execute       report -o /home/lfvelez/Documentos/ISPR/HLS/labsource/labs/lab3/dct.prj/solution3/.autopilot/db/dct_2d.verbose.bind.rpt -verbose -f 
INFO: [HLS 200-100] Command       report returned 0; 0.1 sec.
INFO: [HLS 200-100] Execute       db_write -o /home/lfvelez/Documentos/ISPR/HLS/labsource/labs/lab3/dct.prj/solution3/.autopilot/db/dct_2d.bind.adb -f 
INFO: [HLS 200-100] Command       db_write returned 0; 0.01 sec.
INFO: [HLS 200-0] Finish binding dct_2d.
INFO: [HLS 200-10] ----------------------------------------------------------------
INFO: [HLS 200-10] -- Implementing module 'dct' 
INFO: [HLS 200-10] ----------------------------------------------------------------
INFO: [HLS 200-100] Execute       set_default_model dct 
INFO: [HLS 200-100] Command       set_default_model returned 0; 0 sec.
INFO: [HLS 200-100] Execute       schedule -model dct 
INFO: [SCHED 204-11] Starting scheduling ...
INFO: [SCHED 204-61] Pipelining loop 'RD_Loop_Row_RD_Loop_Col'.
INFO: [SCHED 204-61] Pipelining result: Target II: 1, Final II: 1, Depth: 3.
INFO: [SCHED 204-61] Pipelining loop 'WR_Loop_Row_WR_Loop_Col'.
INFO: [SCHED 204-61] Pipelining result: Target II: 1, Final II: 1, Depth: 3.
INFO: [SCHED 204-11] Finished scheduling.
INFO: [HLS 200-100] Command       schedule returned 0; 0.08 sec.
INFO: [HLS 200-111]  Elapsed time: 0.19 seconds; current allocated memory: 81.713 MB.
INFO: [HLS 200-100] Execute       report -o /home/lfvelez/Documentos/ISPR/HLS/labsource/labs/lab3/dct.prj/solution3/.autopilot/db/dct.verbose.sched.rpt -verbose -f 
INFO: [HLS 200-100] Command       report returned 0; 0.02 sec.
INFO: [HLS 200-100] Execute       db_write -o /home/lfvelez/Documentos/ISPR/HLS/labsource/labs/lab3/dct.prj/solution3/.autopilot/db/dct.sched.adb -f 
INFO: [HLS 200-100] Command       db_write returned 0; 0 sec.
INFO: [HLS 200-0] Finish scheduling dct.
INFO: [HLS 200-100] Execute       set_default_model dct 
INFO: [HLS 200-100] Command       set_default_model returned 0; 0 sec.
INFO: [HLS 200-100] Execute       bind -model dct 
INFO: [BIND 205-110] clear=
INFO: [BIND 205-110] debug=
INFO: [BIND 205-110] drf=
INFO: [BIND 205-110] effort=
INFO: [BIND 205-110] fast_refine=
INFO: [BIND 205-110] fu_weight=[ 0.0 -- 1.0 ]
INFO: [BIND 205-110] global_opt=
INFO: [BIND 205-110] gsearch=
INFO: [BIND 205-110] help=
INFO: [BIND 205-110] help-hidden=
INFO: [BIND 205-110] min_mem_port=
INFO: [BIND 205-110] min_op=
INFO: [BIND 205-110] minreg=
INFO: [BIND 205-110] ml=
INFO: [BIND 205-110] model=dct
INFO: [BIND 205-110] no_false_path=
INFO: [BIND 205-110] no_min_op=
INFO: [BIND 205-110] normalize=
INFO: [BIND 205-110] quiet=
INFO: [BIND 205-110] refine=
INFO: [BIND 205-110] reg_weight=[ 0.0 -- 1.0 ]
INFO: [BIND 205-110] search=
INFO: [BIND 205-110] tight_delay=
INFO: [BIND 205-110] verbose=
INFO: [BIND 205-110] wFF=
INFO: [BIND 205-110] wFU=
INFO: [BIND 205-110] wMUX=
INFO: [BIND 205-110] wNET=
INFO: [BIND 205-100] Starting micro-architecture generation ...
INFO: [BIND 205-101] Performing variable lifetime analysis.
INFO: [BIND 205-101] Exploring resource sharing.
INFO: [BIND 205-101] Binding ...
INFO: [BIND 205-100] Finished micro-architecture generation.
INFO: [HLS 200-100] Command       bind returned 0; 0.1 sec.
INFO: [HLS 200-111]  Elapsed time: 0.12 seconds; current allocated memory: 82.028 MB.
INFO: [HLS 200-100] Execute       report -o /home/lfvelez/Documentos/ISPR/HLS/labsource/labs/lab3/dct.prj/solution3/.autopilot/db/dct.verbose.bind.rpt -verbose -f 
INFO: [HLS 200-100] Command       report returned 0; 0.15 sec.
INFO: [HLS 200-100] Execute       db_write -o /home/lfvelez/Documentos/ISPR/HLS/labsource/labs/lab3/dct.prj/solution3/.autopilot/db/dct.bind.adb -f 
INFO: [HLS 200-100] Command       db_write returned 0; 0.01 sec.
INFO: [HLS 200-0] Finish binding dct.
INFO: [HLS 200-100] Execute       get_model_list dct -filter all-wo-channel 
INFO: [HLS 200-100] Command       get_model_list returned 0; 0 sec.
INFO: [HLS 200-0] Preprocessing for RTLGen ...
INFO: [HLS 200-100] Execute       rtl_gen_preprocess dct_1d2 
INFO: [HLS 200-100] Command       rtl_gen_preprocess returned 0; 0 sec.
INFO: [HLS 200-100] Execute       rtl_gen_preprocess dct_2d 
INFO: [HLS 200-100] Command       rtl_gen_preprocess returned 0; 0 sec.
INFO: [HLS 200-100] Execute       rtl_gen_preprocess dct 
INFO: [HLS 200-100] Command       rtl_gen_preprocess returned 0; 0 sec.
INFO: [HLS 200-0] Model list for RTL generation: dct_1d2 dct_2d dct
INFO: [HLS 200-10] ----------------------------------------------------------------
INFO: [HLS 200-10] -- Generating RTL for module 'dct_1d2' 
INFO: [HLS 200-10] ----------------------------------------------------------------
INFO: [HLS 200-100] Execute       create_rtl_model dct_1d2 -vendor xilinx -mg_file /home/lfvelez/Documentos/ISPR/HLS/labsource/labs/lab3/dct.prj/solution3/.autopilot/db/dct_1d2.compgen.tcl 
INFO: [SYN 201-210] Renamed object name 'dct_1d2_dct_coeff_table_0' to 'dct_1d2_dct_coeffbkb' due to the length limit 20
INFO: [SYN 201-210] Renamed object name 'dct_1d2_dct_coeff_table_1' to 'dct_1d2_dct_coeffcud' due to the length limit 20
INFO: [SYN 201-210] Renamed object name 'dct_1d2_dct_coeff_table_2' to 'dct_1d2_dct_coeffdEe' due to the length limit 20
INFO: [SYN 201-210] Renamed object name 'dct_1d2_dct_coeff_table_3' to 'dct_1d2_dct_coeffeOg' due to the length limit 20
INFO: [SYN 201-210] Renamed object name 'dct_1d2_dct_coeff_table_4' to 'dct_1d2_dct_coefffYi' due to the length limit 20
INFO: [SYN 201-210] Renamed object name 'dct_1d2_dct_coeff_table_5' to 'dct_1d2_dct_coeffg8j' due to the length limit 20
INFO: [SYN 201-210] Renamed object name 'dct_1d2_dct_coeff_table_6' to 'dct_1d2_dct_coeffhbi' due to the length limit 20
INFO: [SYN 201-210] Renamed object name 'dct_1d2_dct_coeff_table_7' to 'dct_1d2_dct_coeffibs' due to the length limit 20
INFO: [SYN 201-210] Renamed object name 'dct_mul_mul_16s_15s_29_1' to 'dct_mul_mul_16s_1jbC' due to the length limit 20
INFO: [SYN 201-210] Renamed object name 'dct_mac_muladd_16s_14ns_29s_29_1' to 'dct_mac_muladd_16kbM' due to the length limit 20
INFO: [SYN 201-210] Renamed object name 'dct_mac_muladd_16s_15s_29s_29_1' to 'dct_mac_muladd_16lbW' due to the length limit 20
INFO: [SYN 201-210] Renamed object name 'dct_mac_muladd_16s_15s_14ns_29_1' to 'dct_mac_muladd_16mb6' due to the length limit 20
INFO: [RTGEN 206-100] Generating core module 'dct_mac_muladd_16kbM': 1 instance(s).
INFO: [RTGEN 206-100] Generating core module 'dct_mac_muladd_16lbW': 3 instance(s).
INFO: [RTGEN 206-100] Generating core module 'dct_mac_muladd_16mb6': 1 instance(s).
INFO: [RTGEN 206-100] Generating core module 'dct_mul_mul_16s_1jbC': 3 instance(s).
INFO: [RTGEN 206-100] Finished creating RTL model for 'dct_1d2'.
INFO: [HLS 200-100] Command       create_rtl_model returned 0; 0.07 sec.
INFO: [HLS 200-111]  Elapsed time: 0.23 seconds; current allocated memory: 82.950 MB.
INFO: [HLS 200-100] Execute       source /home/lfvelez/Documentos/ISPR/HLS/labsource/labs/lab3/dct.prj/solution3/.autopilot/db/dct.rtl_wrap.cfg.tcl 
INFO: [HLS 200-100] Command       ap_source returned 0; 0 sec.
INFO: [HLS 200-100] Execute       gen_rtl dct_1d2 -style xilinx -tracefl mytrace -tracefmt vcd -traceopt all -f -lang sc -o /home/lfvelez/Documentos/ISPR/HLS/labsource/labs/lab3/dct.prj/solution3/syn/systemc/dct_1d2 -synmodules dct_1d2 dct_2d dct 
INFO: [HLS 200-100] Command       gen_rtl returned 0; 0 sec.
INFO: [HLS 200-100] Execute       gen_rtl dct_1d2 -style xilinx -f -lang vhdl -o /home/lfvelez/Documentos/ISPR/HLS/labsource/labs/lab3/dct.prj/solution3/syn/vhdl/dct_1d2 
INFO: [HLS 200-100] Command       gen_rtl returned 0; 0 sec.
INFO: [HLS 200-100] Execute       gen_rtl dct_1d2 -style xilinx -f -lang vlog -o /home/lfvelez/Documentos/ISPR/HLS/labsource/labs/lab3/dct.prj/solution3/syn/verilog/dct_1d2 
INFO: [HLS 200-100] Command       gen_rtl returned 0; 0 sec.
INFO: [HLS 200-100] Execute       gen_tb_info dct_1d2 -o /home/lfvelez/Documentos/ISPR/HLS/labsource/labs/lab3/dct.prj/solution3/.autopilot/db/dct_1d2 -p /home/lfvelez/Documentos/ISPR/HLS/labsource/labs/lab3/dct.prj/solution3/.autopilot/db 
INFO: [HLS 200-100] Command       gen_tb_info returned 0; 0.02 sec.
INFO: [HLS 200-100] Execute       report -model dct_1d2 -o /home/lfvelez/Documentos/ISPR/HLS/labsource/labs/lab3/dct.prj/solution3/syn/report/dct_1d2_csynth.rpt -f 
INFO: [HLS 200-100] Command       report returned 0; 0.03 sec.
INFO: [HLS 200-100] Execute       report -model dct_1d2 -o /home/lfvelez/Documentos/ISPR/HLS/labsource/labs/lab3/dct.prj/solution3/syn/report/dct_1d2_csynth.xml -f -x 
INFO: [HLS 200-100] Command       report returned 0; 0.02 sec.
INFO: [HLS 200-100] Execute       report -model dct_1d2 -o /home/lfvelez/Documentos/ISPR/HLS/labsource/labs/lab3/dct.prj/solution3/.autopilot/db/dct_1d2.verbose.rpt -verbose -f 
INFO: [HLS 200-100] Command       report returned 0; 0.07 sec.
INFO: [HLS 200-100] Execute       db_write -model dct_1d2 -o /home/lfvelez/Documentos/ISPR/HLS/labsource/labs/lab3/dct.prj/solution3/.autopilot/db/dct_1d2.adb -f 
INFO: [HLS 200-100] Command       db_write returned 0; 0.04 sec.
INFO: [HLS 200-10] ----------------------------------------------------------------
INFO: [HLS 200-10] -- Generating RTL for module 'dct_2d' 
INFO: [HLS 200-10] ----------------------------------------------------------------
INFO: [HLS 200-100] Execute       create_rtl_model dct_2d -vendor xilinx -mg_file /home/lfvelez/Documentos/ISPR/HLS/labsource/labs/lab3/dct.prj/solution3/.autopilot/db/dct_2d.compgen.tcl 
INFO: [RTGEN 206-100] Finished creating RTL model for 'dct_2d'.
INFO: [HLS 200-100] Command       create_rtl_model returned 0; 0.06 sec.
INFO: [HLS 200-111]  Elapsed time: 0.29 seconds; current allocated memory: 85.118 MB.
INFO: [HLS 200-100] Execute       source /home/lfvelez/Documentos/ISPR/HLS/labsource/labs/lab3/dct.prj/solution3/.autopilot/db/dct.rtl_wrap.cfg.tcl 
INFO: [HLS 200-100] Command       ap_source returned 0; 0 sec.
INFO: [HLS 200-100] Execute       gen_rtl dct_2d -style xilinx -tracefl mytrace -tracefmt vcd -traceopt all -f -lang sc -o /home/lfvelez/Documentos/ISPR/HLS/labsource/labs/lab3/dct.prj/solution3/syn/systemc/dct_2d -synmodules dct_1d2 dct_2d dct 
INFO: [HLS 200-100] Command       gen_rtl returned 0; 0 sec.
INFO: [HLS 200-100] Execute       gen_rtl dct_2d -style xilinx -f -lang vhdl -o /home/lfvelez/Documentos/ISPR/HLS/labsource/labs/lab3/dct.prj/solution3/syn/vhdl/dct_2d 
INFO: [HLS 200-100] Command       gen_rtl returned 0; 0 sec.
INFO: [HLS 200-100] Execute       gen_rtl dct_2d -style xilinx -f -lang vlog -o /home/lfvelez/Documentos/ISPR/HLS/labsource/labs/lab3/dct.prj/solution3/syn/verilog/dct_2d 
INFO: [HLS 200-100] Command       gen_rtl returned 0; 0.01 sec.
INFO: [HLS 200-100] Execute       gen_tb_info dct_2d -o /home/lfvelez/Documentos/ISPR/HLS/labsource/labs/lab3/dct.prj/solution3/.autopilot/db/dct_2d -p /home/lfvelez/Documentos/ISPR/HLS/labsource/labs/lab3/dct.prj/solution3/.autopilot/db 
INFO: [HLS 200-100] Command       gen_tb_info returned 0; 0.03 sec.
INFO: [HLS 200-100] Execute       report -model dct_2d -o /home/lfvelez/Documentos/ISPR/HLS/labsource/labs/lab3/dct.prj/solution3/syn/report/dct_2d_csynth.rpt -f 
INFO: [HLS 200-100] Command       report returned 0; 0.03 sec.
INFO: [HLS 200-100] Execute       report -model dct_2d -o /home/lfvelez/Documentos/ISPR/HLS/labsource/labs/lab3/dct.prj/solution3/syn/report/dct_2d_csynth.xml -f -x 
INFO: [HLS 200-100] Command       report returned 0; 0.03 sec.
INFO: [HLS 200-100] Execute       report -model dct_2d -o /home/lfvelez/Documentos/ISPR/HLS/labsource/labs/lab3/dct.prj/solution3/.autopilot/db/dct_2d.verbose.rpt -verbose -f 
INFO: [HLS 200-100] Command       report returned 0; 0.13 sec.
INFO: [HLS 200-100] Execute       db_write -model dct_2d -o /home/lfvelez/Documentos/ISPR/HLS/labsource/labs/lab3/dct.prj/solution3/.autopilot/db/dct_2d.adb -f 
INFO: [HLS 200-100] Command       db_write returned 0; 0.05 sec.
INFO: [HLS 200-10] ----------------------------------------------------------------
INFO: [HLS 200-10] -- Generating RTL for module 'dct' 
INFO: [HLS 200-10] ----------------------------------------------------------------
INFO: [HLS 200-100] Execute       create_rtl_model dct -vendor xilinx -mg_file /home/lfvelez/Documentos/ISPR/HLS/labsource/labs/lab3/dct.prj/solution3/.autopilot/db/dct.compgen.tcl 
INFO: [RTGEN 206-500] Setting interface mode on port 'dct/input_r' to 'ap_memory'.
INFO: [RTGEN 206-500] Setting interface mode on port 'dct/output_r' to 'ap_memory'.
INFO: [RTGEN 206-500] Setting interface mode on function 'dct' to 'ap_ctrl_hs'.
INFO: [RTGEN 206-100] Finished creating RTL model for 'dct'.
INFO: [HLS 200-100] Command       create_rtl_model returned 0; 0.05 sec.
INFO: [HLS 200-111]  Elapsed time: 0.35 seconds; current allocated memory: 87.134 MB.
INFO: [HLS 200-100] Execute       source /home/lfvelez/Documentos/ISPR/HLS/labsource/labs/lab3/dct.prj/solution3/.autopilot/db/dct.rtl_wrap.cfg.tcl 
INFO: [HLS 200-100] Command       ap_source returned 0; 0 sec.
INFO: [HLS 200-100] Execute       gen_rtl dct -istop -style xilinx -tracefl mytrace -tracefmt vcd -traceopt all -f -lang sc -o /home/lfvelez/Documentos/ISPR/HLS/labsource/labs/lab3/dct.prj/solution3/syn/systemc/dct -synmodules dct_1d2 dct_2d dct 
INFO: [HLS 200-100] Command       gen_rtl returned 0; 0 sec.
INFO: [HLS 200-100] Execute       gen_rtl dct -istop -style xilinx -f -lang vhdl -o /home/lfvelez/Documentos/ISPR/HLS/labsource/labs/lab3/dct.prj/solution3/syn/vhdl/dct 
INFO: [HLS 200-100] Command       gen_rtl returned 0; 0.05 sec.
INFO: [HLS 200-100] Execute       gen_rtl dct -istop -style xilinx -f -lang vlog -o /home/lfvelez/Documentos/ISPR/HLS/labsource/labs/lab3/dct.prj/solution3/syn/verilog/dct 
INFO: [HLS 200-100] Command       gen_rtl returned 0; 0.03 sec.
INFO: [HLS 200-100] Execute       export_constraint_db -o /home/lfvelez/Documentos/ISPR/HLS/labsource/labs/lab3/dct.prj/solution3/.autopilot/db/dct.constraint.tcl -f -tool general 
INFO: [HLS 200-100] Command       export_constraint_db returned 0; 0 sec.
INFO: [HLS 200-100] Execute       report -model dct -o /home/lfvelez/Documentos/ISPR/HLS/labsource/labs/lab3/dct.prj/solution3/.autopilot/db/dct.design.xml -verbose -f -dv 
INFO: [HLS 200-100] Command       report returned 0; 0.16 sec.
INFO: [HLS 200-100] Execute       report -model dct -o /home/lfvelez/Documentos/ISPR/HLS/labsource/labs/lab3/dct.prj/solution3/.autopilot/db/dct.sdaccel.xml -verbose -f -sdaccel 
INFO: [HLS 200-100] Command       report returned 0; 0.07 sec.
INFO: [HLS 200-100] Execute       gen_tb_info dct -o /home/lfvelez/Documentos/ISPR/HLS/labsource/labs/lab3/dct.prj/solution3/.autopilot/db/dct -p /home/lfvelez/Documentos/ISPR/HLS/labsource/labs/lab3/dct.prj/solution3/.autopilot/db 
INFO: [HLS 200-100] Command       gen_tb_info returned 0; 0 sec.
INFO: [HLS 200-100] Execute       report -model dct -o /home/lfvelez/Documentos/ISPR/HLS/labsource/labs/lab3/dct.prj/solution3/syn/report/dct_csynth.rpt -f 
INFO: [HLS 200-100] Command       report returned 0; 0.03 sec.
INFO: [HLS 200-100] Execute       report -model dct -o /home/lfvelez/Documentos/ISPR/HLS/labsource/labs/lab3/dct.prj/solution3/syn/report/dct_csynth.xml -f -x 
INFO: [HLS 200-100] Command       report returned 0; 0.03 sec.
INFO: [HLS 200-100] Execute       report -model dct -o /home/lfvelez/Documentos/ISPR/HLS/labsource/labs/lab3/dct.prj/solution3/.autopilot/db/dct.verbose.rpt -verbose -f 
INFO: [HLS 200-100] Command       report returned 0; 0.17 sec.
INFO: [HLS 200-100] Execute       db_write -model dct -o /home/lfvelez/Documentos/ISPR/HLS/labsource/labs/lab3/dct.prj/solution3/.autopilot/db/dct.adb -f 
INFO: [HLS 200-100] Command       db_write returned 0; 0.04 sec.
INFO: [HLS 200-100] Execute       sc_get_clocks dct 
INFO: [HLS 200-100] Command       sc_get_clocks returned 0; 0 sec.
INFO: [HLS 200-100] Execute       sc_get_portdomain dct 
INFO: [HLS 200-100] Command       sc_get_portdomain returned 0; 0 sec.
INFO: [HLS 200-0] Model list for RTL component generation: dct_1d2 dct_2d dct
INFO: [HLS 200-0] Handling components in module [dct_1d2] ... 
INFO: [HLS 200-100] Execute       source /home/lfvelez/Documentos/ISPR/HLS/labsource/labs/lab3/dct.prj/solution3/.autopilot/db/dct_1d2.compgen.tcl 
INFO: [HLS 200-0] Found component dct_mul_mul_16s_1jbC.
INFO: [HLS 200-0] Append model dct_mul_mul_16s_1jbC
INFO: [HLS 200-0] Found component dct_mac_muladd_16kbM.
INFO: [HLS 200-0] Append model dct_mac_muladd_16kbM
INFO: [HLS 200-0] Found component dct_mac_muladd_16lbW.
INFO: [HLS 200-0] Append model dct_mac_muladd_16lbW
INFO: [HLS 200-0] Found component dct_mac_muladd_16mb6.
INFO: [HLS 200-0] Append model dct_mac_muladd_16mb6
INFO: [HLS 200-0] Found component dct_1d2_dct_coeffbkb.
INFO: [HLS 200-0] Append model dct_1d2_dct_coeffbkb
INFO: [HLS 200-0] Found component dct_1d2_dct_coeffcud.
INFO: [HLS 200-0] Append model dct_1d2_dct_coeffcud
INFO: [HLS 200-0] Found component dct_1d2_dct_coeffdEe.
INFO: [HLS 200-0] Append model dct_1d2_dct_coeffdEe
INFO: [HLS 200-0] Found component dct_1d2_dct_coeffeOg.
INFO: [HLS 200-0] Append model dct_1d2_dct_coeffeOg
INFO: [HLS 200-0] Found component dct_1d2_dct_coefffYi.
INFO: [HLS 200-0] Append model dct_1d2_dct_coefffYi
INFO: [HLS 200-0] Found component dct_1d2_dct_coeffg8j.
INFO: [HLS 200-0] Append model dct_1d2_dct_coeffg8j
INFO: [HLS 200-0] Found component dct_1d2_dct_coeffhbi.
INFO: [HLS 200-0] Append model dct_1d2_dct_coeffhbi
INFO: [HLS 200-0] Found component dct_1d2_dct_coeffibs.
INFO: [HLS 200-0] Append model dct_1d2_dct_coeffibs
INFO: [HLS 200-100] Command       ap_source returned 0; 0 sec.
INFO: [HLS 200-0] Handling components in module [dct_2d] ... 
INFO: [HLS 200-100] Execute       source /home/lfvelez/Documentos/ISPR/HLS/labsource/labs/lab3/dct.prj/solution3/.autopilot/db/dct_2d.compgen.tcl 
INFO: [HLS 200-0] Found component dct_2d_row_outbuf.
INFO: [HLS 200-0] Append model dct_2d_row_outbuf
INFO: [HLS 200-0] Found component dct_2d_col_inbuf.
INFO: [HLS 200-0] Append model dct_2d_col_inbuf
INFO: [HLS 200-100] Command       ap_source returned 0; 0.01 sec.
INFO: [HLS 200-0] Handling components in module [dct] ... 
INFO: [HLS 200-100] Execute       source /home/lfvelez/Documentos/ISPR/HLS/labsource/labs/lab3/dct.prj/solution3/.autopilot/db/dct.compgen.tcl 
INFO: [HLS 200-100] Command       ap_source returned 0; 0 sec.
INFO: [HLS 200-0] Append model dct_1d2
INFO: [HLS 200-0] Append model dct_2d
INFO: [HLS 200-0] Append model dct
INFO: [HLS 200-0] Generating RTL model list ...
INFO: [HLS 200-0] All models in this session: dct_mul_mul_16s_1jbC dct_mac_muladd_16kbM dct_mac_muladd_16lbW dct_mac_muladd_16mb6 dct_1d2_dct_coeffbkb dct_1d2_dct_coeffcud dct_1d2_dct_coeffdEe dct_1d2_dct_coeffeOg dct_1d2_dct_coefffYi dct_1d2_dct_coeffg8j dct_1d2_dct_coeffhbi dct_1d2_dct_coeffibs dct_2d_row_outbuf dct_2d_col_inbuf dct_1d2 dct_2d dct
INFO: [HLS 200-0] To file: write model dct_mul_mul_16s_1jbC
INFO: [HLS 200-0] To file: write model dct_mac_muladd_16kbM
INFO: [HLS 200-0] To file: write model dct_mac_muladd_16lbW
INFO: [HLS 200-0] To file: write model dct_mac_muladd_16mb6
INFO: [HLS 200-0] To file: write model dct_1d2_dct_coeffbkb
INFO: [HLS 200-0] To file: write model dct_1d2_dct_coeffcud
INFO: [HLS 200-0] To file: write model dct_1d2_dct_coeffdEe
INFO: [HLS 200-0] To file: write model dct_1d2_dct_coeffeOg
INFO: [HLS 200-0] To file: write model dct_1d2_dct_coefffYi
INFO: [HLS 200-0] To file: write model dct_1d2_dct_coeffg8j
INFO: [HLS 200-0] To file: write model dct_1d2_dct_coeffhbi
INFO: [HLS 200-0] To file: write model dct_1d2_dct_coeffibs
INFO: [HLS 200-0] To file: write model dct_2d_row_outbuf
INFO: [HLS 200-0] To file: write model dct_2d_col_inbuf
INFO: [HLS 200-0] To file: write model dct_1d2
INFO: [HLS 200-0] To file: write model dct_2d
INFO: [HLS 200-0] To file: write model dct
INFO: [HLS 200-0] Finished generating RTL model list.


INFO: [HLS 200-0] RTL Generation done.
INFO: [HLS 200-0] CAS Generation done.
INFO: [HLS 200-0] CBC Generation done.
INFO: [HLS 200-100] Execute       export_ssdm /home/lfvelez/Documentos/ISPR/HLS/labsource/labs/lab3/dct.prj/solution3/.autopilot/db/a.export.ll 
INFO: [HLS 200-100] Command       export_ssdm returned 0; 0 sec.
INFO: [HLS 200-100] Execute       source /home/lfvelez/Documentos/ISPR/HLS/labsource/labs/lab3/dct.prj/solution3/.autopilot/db/global.setting.tcl 
INFO: [HLS 200-100] Command       ap_source returned 0; 0 sec.
INFO: [HLS 200-100] Execute       source /opt/Xilinx/Vivado_HLS/2017.1/common/technology/generic/autopilot/common.gen 
INFO: [HLS 200-100] Execute         source /opt/Xilinx/Vivado_HLS/2017.1/common/technology/generic/autopilot/APCoreGen.gen 
INFO: [HLS 200-100] Command         ap_source returned 0; 0 sec.
INFO: [HLS 200-100] Command       ap_source returned 0; 0 sec.
INFO: [HLS 200-100] Execute       source /opt/Xilinx/Vivado_HLS/2017.1/common/technology/generic/autopilot/op.gen 
INFO: [HLS 200-100] Command       ap_source returned 0; 0 sec.
INFO: [HLS 200-100] Execute       source /opt/Xilinx/Vivado_HLS/2017.1/common/technology/generic/autopilot/op_simcore.gen 
INFO: [HLS 200-100] Command       ap_source returned 0; 0 sec.
INFO: [HLS 200-100] Execute       source /opt/Xilinx/Vivado_HLS/2017.1/common/technology/generic/autopilot/interface.gen 
INFO: [HLS 200-100] Command       ap_source returned 0; 0 sec.
INFO: [HLS 200-100] Execute       source /home/lfvelez/Documentos/ISPR/HLS/labsource/labs/lab3/dct.prj/solution3/.autopilot/db/global.setting.tcl 
INFO: [HLS 200-100] Command       ap_source returned 0; 0 sec.
INFO: [HLS 200-100] Execute       source /opt/Xilinx/Vivado_HLS/2017.1/common/technology/xilinx/zynq/zynq.gen 
INFO: [HLS 200-100] Execute         source /opt/Xilinx/Vivado_HLS/2017.1/common/technology/xilinx/common/virtex.gen 
INFO: [HLS 200-100] Execute           source /opt/Xilinx/Vivado_HLS/2017.1/common/technology/xilinx/common/xilinx.gen 
INFO: [HLS 200-100] Execute             source /opt/Xilinx/Vivado_HLS/2017.1/common/technology/xilinx/interface/plb46.gen 
INFO: [HLS 200-100] Command             ap_source returned 0; 0 sec.
INFO: [HLS 200-100] Execute             source /opt/Xilinx/Vivado_HLS/2017.1/common/technology/xilinx/interface/fsl.gen 
INFO: [HLS 200-100] Command             ap_source returned 0; 0 sec.
INFO: [HLS 200-100] Execute             source /opt/Xilinx/Vivado_HLS/2017.1/common/technology/xilinx/interface/axi4.gen 
INFO: [HLS 200-100] Command             ap_source returned 0; 0 sec.
INFO: [HLS 200-100] Execute             source /opt/Xilinx/Vivado_HLS/2017.1/common/technology/xilinx/interface/nativeAXI4.gen 
INFO: [HLS 200-100] Execute               source /opt/Xilinx/Vivado_HLS/2017.1/common/technology/xilinx/interface/saxilite.gen 
INFO: [HLS 200-100] Command               ap_source returned 0; 0 sec.
INFO: [HLS 200-100] Execute               source /opt/Xilinx/Vivado_HLS/2017.1/common/technology/xilinx/interface/maxi.gen 
INFO: [HLS 200-100] Command               ap_source returned 0; 0.01 sec.
INFO: [HLS 200-100] Command             ap_source returned 0; 0.02 sec.
INFO: [HLS 200-100] Execute             source /opt/Xilinx/Vivado_HLS/2017.1/common/technology/xilinx/scripts/xilinxcoregen.gen 
INFO: [HLS 200-100] Command             ap_source returned 0; 0.01 sec.
INFO: [HLS 200-100] Execute             source /opt/Xilinx/Vivado_HLS/2017.1/common/technology/xilinx/interface/XilEDKCoreGen.gen 
INFO: [HLS 200-100] Command             ap_source returned 0; 0.01 sec.
INFO: [HLS 200-100] Execute             source /opt/Xilinx/Vivado_HLS/2017.1/common/technology/xilinx/ip/xfft.gen 
INFO: [HLS 200-100] Command             ap_source returned 0; 0.12 sec.
INFO: [HLS 200-100] Execute             source /opt/Xilinx/Vivado_HLS/2017.1/common/technology/xilinx/ip/dds_compiler.gen 
INFO: [HLS 200-100] Command             ap_source returned 0; 0.01 sec.
INFO: [HLS 200-100] Execute             source /opt/Xilinx/Vivado_HLS/2017.1/common/technology/xilinx/ip/xfir.gen 
INFO: [HLS 200-100] Command             ap_source returned 0; 0 sec.
INFO: [HLS 200-100] Execute             source /opt/Xilinx/Vivado_HLS/2017.1/common/technology/xilinx/ip/util.gen 
INFO: [HLS 200-100] Command             ap_source returned 0; 0 sec.
INFO: [HLS 200-100] Command           ap_source returned 0; 0.17 sec.
INFO: [HLS 200-100] Execute           source /opt/Xilinx/Vivado_HLS/2017.1/common/technology/xilinx/common/dsp48.gen 
INFO: [HLS 200-100] Command           ap_source returned 0; 0 sec.
INFO: [HLS 200-100] Command         ap_source returned 0; 0.17 sec.
INFO: [HLS 200-100] Command       ap_source returned 0; 0.17 sec.
INFO: [HLS 200-100] Execute       source /opt/Xilinx/Vivado_HLS/2017.1/common/technology/xilinx/zynq/zynq_fpv6.gen 
INFO: [HLS 200-100] Execute         source /opt/Xilinx/Vivado_HLS/2017.1/common/technology/xilinx/common/xilinx_fpv6.gen 
INFO: [HLS 200-100] Command         ap_source returned 0; 0 sec.
INFO: [HLS 200-100] Command       ap_source returned 0; 0 sec.
INFO: [HLS 200-100] Execute       source /home/lfvelez/Documentos/ISPR/HLS/labsource/labs/lab3/dct.prj/solution3/.autopilot/db/global.setting.tcl 
INFO: [HLS 200-100] Command       ap_source returned 0; 0 sec.
INFO: [HLS 200-100] Execute       source /home/lfvelez/Documentos/ISPR/HLS/labsource/labs/lab3/dct.prj/solution3/.autopilot/db/global.setting.tcl 
INFO: [HLS 200-100] Command       ap_source returned 0; 0 sec.
INFO: [HLS 200-100] Execute       source /home/lfvelez/Documentos/ISPR/HLS/labsource/labs/lab3/dct.prj/solution3/.autopilot/db/global.setting.tcl 
INFO: [HLS 200-100] Command       ap_source returned 0; 0 sec.
INFO: [HLS 200-100] Execute       source /home/lfvelez/Documentos/ISPR/HLS/labsource/labs/lab3/dct.prj/solution3/.autopilot/db/global.setting.tcl 
INFO: [HLS 200-100] Command       ap_source returned 0; 0 sec.
INFO: [HLS 200-100] Execute       source /home/lfvelez/Documentos/ISPR/HLS/labsource/labs/lab3/dct.prj/solution3/.autopilot/db/dct_1d2.compgen.tcl 
INFO: [RTMG 210-279] Implementing memory 'dct_1d2_dct_coeffbkb_rom' using distributed ROMs.
INFO: [RTMG 210-279] Implementing memory 'dct_1d2_dct_coeffcud_rom' using distributed ROMs.
INFO: [RTMG 210-279] Implementing memory 'dct_1d2_dct_coeffdEe_rom' using distributed ROMs.
INFO: [RTMG 210-279] Implementing memory 'dct_1d2_dct_coeffeOg_rom' using distributed ROMs.
INFO: [RTMG 210-279] Implementing memory 'dct_1d2_dct_coefffYi_rom' using distributed ROMs.
INFO: [RTMG 210-279] Implementing memory 'dct_1d2_dct_coeffg8j_rom' using distributed ROMs.
INFO: [RTMG 210-279] Implementing memory 'dct_1d2_dct_coeffhbi_rom' using distributed ROMs.
INFO: [RTMG 210-279] Implementing memory 'dct_1d2_dct_coeffibs_rom' using distributed ROMs.
INFO: [HLS 200-100] Command       ap_source returned 0; 0.13 sec.
INFO: [HLS 200-100] Execute       source /home/lfvelez/Documentos/ISPR/HLS/labsource/labs/lab3/dct.prj/solution3/.autopilot/db/dct_2d.compgen.tcl 
INFO: [RTMG 210-278] Implementing memory 'dct_2d_row_outbuf_ram' using block RAMs.
INFO: [RTMG 210-278] Implementing memory 'dct_2d_col_inbuf_ram' using block RAMs.
INFO: [HLS 200-100] Command       ap_source returned 0; 0.02 sec.
INFO: [HLS 200-100] Execute       source /home/lfvelez/Documentos/ISPR/HLS/labsource/labs/lab3/dct.prj/solution3/.autopilot/db/dct.compgen.tcl 
INFO: [HLS 200-100] Command       ap_source returned 0; 0 sec.
INFO: [HLS 200-111] Finished generating all RTL models Time (s): cpu = 00:00:07 ; elapsed = 00:00:06 . Memory (MB): peak = 453.777 ; gain = 140.582 ; free physical = 400 ; free virtual = 4608
INFO: [SYSC 207-301] Generating SystemC RTL for dct.
INFO: [VHDL 208-304] Generating VHDL RTL for dct.
INFO: [VLOG 209-307] Generating Verilog RTL for dct.
INFO: [HLS 200-100] Command     autosyn returned 0; 2.63 sec.
INFO: [HLS 200-100] Command   csynth_design returned 0; 5.51 sec.
INFO: [HLS 200-100] Command ap_source returned 0; 5.91 sec.
INFO: [HLS 200-100] Execute cleanup_all 
INFO: [HLS 200-100] Command cleanup_all returned 0; 0.01 sec.
