

================================================================
== Vivado HLS Report for 'dct'
================================================================
* Date:           Wed May 26 17:45:09 2021

* Version:        2017.1 (Build 1846317 on Fri Apr 14 19:19:38 MDT 2017)
* Project:        dct.prj
* Solution:       solution3
* Product family: zynq
* Target device:  xc7z020clg484-1


================================================================
== Performance Estimates
================================================================
+ Timing (ns): 
    * Summary: 
    +--------+-------+----------+------------+
    |  Clock | Target| Estimated| Uncertainty|
    +--------+-------+----------+------------+
    |ap_clk  |   8.00|      9.73|        1.00|
    +--------+-------+----------+------------+

+ Latency (clock cycles): 
    * Summary: 
    +-----+-----+-----+-----+---------+
    |  Latency  |  Interval | Pipeline|
    | min | max | min | max |   Type  |
    +-----+-----+-----+-----+---------+
    |  895|  895|  896|  896|   none  |
    +-----+-----+-----+-----+---------+

    + Detail: 
        * Instance: 
        N/A

        * Loop: 
        +---------------------------+-----+-----+----------+-----------+-----------+------+----------+
        |                           |  Latency  | Iteration|  Initiation Interval  | Trip |          |
        |         Loop Name         | min | max |  Latency |  achieved |   target  | Count| Pipelined|
        +---------------------------+-----+-----+----------+-----------+-----------+------+----------+
        |- RD_Loop_Row_RD_Loop_Col  |   65|   65|         3|          1|          1|    64|    yes   |
        |- WR_Loop_Row_WR_Loop_Col  |   65|   65|         3|          1|          1|    64|    yes   |
        +---------------------------+-----+-----+----------+-----------+-----------+------+----------+

============================================================
+ Verbose Summary: Synthesis Manager
============================================================
InlineROM: 1
ExposeGlobal: 0
============================================================
+ Verbose Summary: CDFG Model
============================================================
IsTopModel: 1
ResetActiveHigh: 1
IsCombinational: 0
IsDatapathOnly: 0
HasWiredReturn: 1
HasMFsm: 0
HasVarLatency: 1
IsPipeline: 0
IsRtlPipelined: 0
IsInstanceOverlapped: 0
IsDontTouch: 0
HasImplIP: 0
IsGatedGlobalClock: 0

+ Individual pipeline summary: 
  * Pipeline-0: initiation interval (II) = 1, depth = 3
  * Pipeline-1: initiation interval (II) = 1, depth = 3


============================================================
+ Verbose Summary: Schedule
============================================================
* Number of FSM states: 10
* Pipeline: 2
  Pipeline-0: II = 1, D = 3, States = { 2 3 4 }
  Pipeline-1: II = 1, D = 3, States = { 7 8 9 }
* Dataflow Pipeline: 0

* FSM state transitions: 
1 --> 
	2  / true
2 --> 
	5  / (exitcond_flatten)
	3  / (!exitcond_flatten)
3 --> 
	4  / true
4 --> 
	2  / true
5 --> 
	6  / true
6 --> 
	7  / true
7 --> 
	10  / (exitcond_flatten2)
	8  / (!exitcond_flatten2)
8 --> 
	9  / true
9 --> 
	7  / true
10 --> 
* FSM state operations: 

 <State 1>: 1.77ns
ST_1: StgValue_11 (11)  [1/1] 0.00ns
:0  call void (...)* @_ssdm_op_SpecBitsMap([64 x i16]* %input_r) nounwind, !map !19

ST_1: StgValue_12 (12)  [1/1] 0.00ns
:1  call void (...)* @_ssdm_op_SpecBitsMap([64 x i16]* %output_r) nounwind, !map !25

ST_1: StgValue_13 (13)  [1/1] 0.00ns
:2  call void (...)* @_ssdm_op_SpecTopModule([4 x i8]* @dct_str) nounwind

ST_1: buf_2d_in (14)  [1/1] 0.00ns  loc: dct.c:81
:3  %buf_2d_in = alloca [64 x i16], align 2

ST_1: buf_2d_out (15)  [1/1] 0.00ns
:4  %buf_2d_out = alloca [64 x i16], align 2

ST_1: StgValue_16 (16)  [1/1] 1.77ns  loc: dct.c:59->dct.c:85
:5  br label %1


 <State 2>: 5.17ns
ST_2: indvar_flatten (18)  [1/1] 0.00ns
:0  %indvar_flatten = phi i7 [ 0, %0 ], [ %indvar_flatten_next, %.reset ]

ST_2: r_i (19)  [1/1] 0.00ns  loc: dct.c:62->dct.c:85
:1  %r_i = phi i4 [ 0, %0 ], [ %tmp_i_mid2_v_v, %.reset ]

ST_2: c_i (20)  [1/1] 0.00ns
:2  %c_i = phi i4 [ 0, %0 ], [ %c, %.reset ]

ST_2: exitcond_flatten (21)  [1/1] 2.91ns
:3  %exitcond_flatten = icmp eq i7 %indvar_flatten, -64

ST_2: indvar_flatten_next (22)  [1/1] 2.75ns
:4  %indvar_flatten_next = add i7 %indvar_flatten, 1

ST_2: StgValue_22 (23)  [1/1] 0.00ns
:5  br i1 %exitcond_flatten, label %read_data.exit, label %.reset

ST_2: r (25)  [1/1] 2.62ns  loc: dct.c:59->dct.c:85
.reset:0  %r = add i4 1, %r_i

ST_2: exitcond_i (28)  [1/1] 3.10ns  loc: dct.c:61->dct.c:85
.reset:3  %exitcond_i = icmp eq i4 %c_i, -8

ST_2: c_i_mid2 (29)  [1/1] 2.07ns  loc: dct.c:61->dct.c:85
.reset:4  %c_i_mid2 = select i1 %exitcond_i, i4 0, i4 %c_i

ST_2: tmp_i_mid2_v_v (30)  [1/1] 2.07ns  loc: dct.c:62->dct.c:85
.reset:5  %tmp_i_mid2_v_v = select i1 %exitcond_i, i4 %r, i4 %r_i

ST_2: tmp (31)  [1/1] 0.00ns  loc: dct.c:62->dct.c:85
.reset:6  %tmp = trunc i4 %tmp_i_mid2_v_v to i3


 <State 3>: 5.96ns
ST_3: tmp_i_mid2 (32)  [1/1] 0.00ns  loc: dct.c:62->dct.c:85
.reset:7  %tmp_i_mid2 = call i6 @_ssdm_op_BitConcatenate.i6.i3.i3(i3 %tmp, i3 0)

ST_3: c_i_cast6 (35)  [1/1] 0.00ns  loc: dct.c:61->dct.c:85
.reset:10  %c_i_cast6 = zext i4 %c_i_mid2 to i6

ST_3: tmp_9_i (39)  [1/1] 2.71ns  loc: dct.c:62->dct.c:85
.reset:14  %tmp_9_i = add i6 %c_i_cast6, %tmp_i_mid2

ST_3: tmp_i (40)  [1/1] 0.00ns  loc: dct.c:62->dct.c:85
.reset:15  %tmp_i = zext i6 %tmp_9_i to i64

ST_3: input_addr (41)  [1/1] 0.00ns  loc: dct.c:62->dct.c:85
.reset:16  %input_addr = getelementptr [64 x i16]* %input_r, i64 0, i64 %tmp_i

ST_3: input_load (42)  [2/2] 3.25ns  loc: dct.c:62->dct.c:85
.reset:17  %input_load = load i16* %input_addr, align 2

ST_3: c (49)  [1/1] 2.62ns  loc: dct.c:61->dct.c:85
.reset:24  %c = add i4 1, %c_i_mid2


 <State 4>: 6.51ns
ST_4: StgValue_35 (26)  [1/1] 0.00ns
.reset:1  call void (...)* @_ssdm_op_SpecLoopName([24 x i8]* @RD_Loop_Row_RD_Loop_s)

ST_4: empty (27)  [1/1] 0.00ns
.reset:2  %empty = call i32 (...)* @_ssdm_op_SpecLoopTripCount(i64 64, i64 64, i64 64) nounwind

ST_4: tmp_s (33)  [1/1] 0.00ns  loc: dct.c:62->dct.c:85
.reset:8  %tmp_s = call i7 @_ssdm_op_BitConcatenate.i7.i4.i3(i4 %tmp_i_mid2_v_v, i3 0)

ST_4: tmp_40_cast (34)  [1/1] 0.00ns  loc: dct.c:61->dct.c:85
.reset:9  %tmp_40_cast = zext i7 %tmp_s to i8

ST_4: StgValue_39 (36)  [1/1] 0.00ns  loc: dct.c:62->dct.c:85
.reset:11  call void (...)* @_ssdm_op_SpecLoopName([12 x i8]* @p_str10) nounwind

ST_4: tmp_10_i (37)  [1/1] 0.00ns  loc: dct.c:62->dct.c:85
.reset:12  %tmp_10_i = call i32 (...)* @_ssdm_op_SpecRegionBegin([12 x i8]* @p_str10) nounwind

ST_4: StgValue_41 (38)  [1/1] 0.00ns  loc: dct.c:63->dct.c:85
.reset:13  call void (...)* @_ssdm_op_SpecPipeline(i32 -1, i32 1, i32 1, i32 0, [1 x i8]* @p_str1) nounwind

ST_4: input_load (42)  [1/2] 3.25ns  loc: dct.c:62->dct.c:85
.reset:17  %input_load = load i16* %input_addr, align 2

ST_4: tmp_1_i_cast (43)  [1/1] 0.00ns  loc: dct.c:62->dct.c:85
.reset:18  %tmp_1_i_cast = zext i4 %c_i_mid2 to i8

ST_4: tmp_33 (44)  [1/1] 2.75ns  loc: dct.c:62->dct.c:85
.reset:19  %tmp_33 = add i8 %tmp_40_cast, %tmp_1_i_cast

ST_4: tmp_41_cast (45)  [1/1] 0.00ns  loc: dct.c:62->dct.c:85
.reset:20  %tmp_41_cast = zext i8 %tmp_33 to i64

ST_4: buf_2d_in_addr (46)  [1/1] 0.00ns  loc: dct.c:62->dct.c:85
.reset:21  %buf_2d_in_addr = getelementptr [64 x i16]* %buf_2d_in, i64 0, i64 %tmp_41_cast

ST_4: StgValue_47 (47)  [1/1] 3.25ns  loc: dct.c:62->dct.c:85
.reset:22  store i16 %input_load, i16* %buf_2d_in_addr, align 2

ST_4: empty_11 (48)  [1/1] 0.00ns  loc: dct.c:62->dct.c:85
.reset:23  %empty_11 = call i32 (...)* @_ssdm_op_SpecRegionEnd([12 x i8]* @p_str10, i32 %tmp_10_i) nounwind

ST_4: StgValue_49 (50)  [1/1] 0.00ns
.reset:25  br label %1


 <State 5>: 0.00ns
ST_5: StgValue_50 (52)  [2/2] 0.00ns  loc: dct.c:87
read_data.exit:0  call fastcc void @dct_2d([64 x i16]* %buf_2d_in, [64 x i16]* %buf_2d_out) nounwind


 <State 6>: 1.77ns
ST_6: StgValue_51 (52)  [1/2] 0.00ns  loc: dct.c:87
read_data.exit:0  call fastcc void @dct_2d([64 x i16]* %buf_2d_in, [64 x i16]* %buf_2d_out) nounwind

ST_6: StgValue_52 (53)  [1/1] 1.77ns  loc: dct.c:71->dct.c:90
read_data.exit:1  br label %2


 <State 7>: 5.17ns
ST_7: indvar_flatten2 (55)  [1/1] 0.00ns
:0  %indvar_flatten2 = phi i7 [ 0, %read_data.exit ], [ %indvar_flatten_next2, %.reset10 ]

ST_7: r_i2 (56)  [1/1] 0.00ns  loc: dct.c:74->dct.c:90
:1  %r_i2 = phi i4 [ 0, %read_data.exit ], [ %tmp_i4_mid2_v, %.reset10 ]

ST_7: c_i6 (57)  [1/1] 0.00ns
:2  %c_i6 = phi i4 [ 0, %read_data.exit ], [ %c_1, %.reset10 ]

ST_7: exitcond_flatten2 (58)  [1/1] 2.91ns
:3  %exitcond_flatten2 = icmp eq i7 %indvar_flatten2, -64

ST_7: indvar_flatten_next2 (59)  [1/1] 2.75ns
:4  %indvar_flatten_next2 = add i7 %indvar_flatten2, 1

ST_7: StgValue_58 (60)  [1/1] 0.00ns
:5  br i1 %exitcond_flatten2, label %write_data.exit, label %.reset10

ST_7: r_1 (62)  [1/1] 2.62ns  loc: dct.c:71->dct.c:90
.reset10:0  %r_1 = add i4 1, %r_i2

ST_7: exitcond_i1 (65)  [1/1] 3.10ns  loc: dct.c:73->dct.c:90
.reset10:3  %exitcond_i1 = icmp eq i4 %c_i6, -8

ST_7: c_i6_mid2 (66)  [1/1] 2.07ns  loc: dct.c:73->dct.c:90
.reset10:4  %c_i6_mid2 = select i1 %exitcond_i1, i4 0, i4 %c_i6

ST_7: tmp_i4_mid2_v (67)  [1/1] 2.07ns  loc: dct.c:74->dct.c:90
.reset10:5  %tmp_i4_mid2_v = select i1 %exitcond_i1, i4 %r_1, i4 %r_i2

ST_7: tmp_1 (70)  [1/1] 0.00ns  loc: dct.c:74->dct.c:90
.reset10:8  %tmp_1 = trunc i4 %tmp_i4_mid2_v to i3


 <State 8>: 6.01ns
ST_8: tmp_34 (68)  [1/1] 0.00ns  loc: dct.c:74->dct.c:90
.reset10:6  %tmp_34 = call i7 @_ssdm_op_BitConcatenate.i7.i4.i3(i4 %tmp_i4_mid2_v, i3 0)

ST_8: tmp_43_cast (69)  [1/1] 0.00ns  loc: dct.c:74->dct.c:90
.reset10:7  %tmp_43_cast = zext i7 %tmp_34 to i8

ST_8: tmp_1_i5_mid2 (71)  [1/1] 0.00ns  loc: dct.c:74->dct.c:90
.reset10:9  %tmp_1_i5_mid2 = call i6 @_ssdm_op_BitConcatenate.i6.i3.i3(i3 %tmp_1, i3 0)

ST_8: c_i6_cast2 (72)  [1/1] 0.00ns  loc: dct.c:73->dct.c:90
.reset10:10  %c_i6_cast2 = zext i4 %c_i6_mid2 to i6

ST_8: tmp_3_i_cast (76)  [1/1] 0.00ns  loc: dct.c:74->dct.c:90
.reset10:14  %tmp_3_i_cast = zext i4 %c_i6_mid2 to i8

ST_8: tmp_35 (77)  [1/1] 2.75ns  loc: dct.c:74->dct.c:90
.reset10:15  %tmp_35 = add i8 %tmp_43_cast, %tmp_3_i_cast

ST_8: tmp_45_cast (78)  [1/1] 0.00ns  loc: dct.c:74->dct.c:90
.reset10:16  %tmp_45_cast = zext i8 %tmp_35 to i64

ST_8: buf_2d_out_addr (79)  [1/1] 0.00ns  loc: dct.c:74->dct.c:90
.reset10:17  %buf_2d_out_addr = getelementptr [64 x i16]* %buf_2d_out, i64 0, i64 %tmp_45_cast

ST_8: buf_2d_out_load (80)  [2/2] 3.25ns  loc: dct.c:74->dct.c:90
.reset10:18  %buf_2d_out_load = load i16* %buf_2d_out_addr, align 2

ST_8: tmp_4_i (81)  [1/1] 2.71ns  loc: dct.c:74->dct.c:90
.reset10:19  %tmp_4_i = add i6 %c_i6_cast2, %tmp_1_i5_mid2

ST_8: c_1 (86)  [1/1] 2.62ns  loc: dct.c:73->dct.c:90
.reset10:24  %c_1 = add i4 1, %c_i6_mid2


 <State 9>: 6.51ns
ST_9: StgValue_75 (63)  [1/1] 0.00ns
.reset10:1  call void (...)* @_ssdm_op_SpecLoopName([24 x i8]* @WR_Loop_Row_WR_Loop_s)

ST_9: empty_12 (64)  [1/1] 0.00ns
.reset10:2  %empty_12 = call i32 (...)* @_ssdm_op_SpecLoopTripCount(i64 64, i64 64, i64 64) nounwind

ST_9: StgValue_77 (73)  [1/1] 0.00ns  loc: dct.c:74->dct.c:90
.reset10:11  call void (...)* @_ssdm_op_SpecLoopName([12 x i8]* @p_str12) nounwind

ST_9: tmp_6_i (74)  [1/1] 0.00ns  loc: dct.c:74->dct.c:90
.reset10:12  %tmp_6_i = call i32 (...)* @_ssdm_op_SpecRegionBegin([12 x i8]* @p_str12) nounwind

ST_9: StgValue_79 (75)  [1/1] 0.00ns  loc: dct.c:75->dct.c:90
.reset10:13  call void (...)* @_ssdm_op_SpecPipeline(i32 -1, i32 1, i32 1, i32 0, [1 x i8]* @p_str1) nounwind

ST_9: buf_2d_out_load (80)  [1/2] 3.25ns  loc: dct.c:74->dct.c:90
.reset10:18  %buf_2d_out_load = load i16* %buf_2d_out_addr, align 2

ST_9: tmp_5_i (82)  [1/1] 0.00ns  loc: dct.c:74->dct.c:90
.reset10:20  %tmp_5_i = zext i6 %tmp_4_i to i64

ST_9: output_addr (83)  [1/1] 0.00ns  loc: dct.c:74->dct.c:90
.reset10:21  %output_addr = getelementptr [64 x i16]* %output_r, i64 0, i64 %tmp_5_i

ST_9: StgValue_83 (84)  [1/1] 3.25ns  loc: dct.c:74->dct.c:90
.reset10:22  store i16 %buf_2d_out_load, i16* %output_addr, align 2

ST_9: empty_13 (85)  [1/1] 0.00ns  loc: dct.c:74->dct.c:90
.reset10:23  %empty_13 = call i32 (...)* @_ssdm_op_SpecRegionEnd([12 x i8]* @p_str12, i32 %tmp_6_i) nounwind

ST_9: StgValue_85 (87)  [1/1] 0.00ns
.reset10:25  br label %2


 <State 10>: 0.00ns
ST_10: StgValue_86 (89)  [1/1] 0.00ns  loc: dct.c:91
write_data.exit:0  ret void



============================================================
+ Verbose Summary: Timing violations
============================================================
Target clock period: 8ns, clock uncertainty: 1ns.

 <State 1>: 1.77ns
The critical path consists of the following:
	multiplexor before 'phi' operation ('indvar_flatten') with incoming values : ('indvar_flatten_next') [18]  (1.77 ns)

 <State 2>: 5.17ns
The critical path consists of the following:
	'phi' operation ('c') with incoming values : ('c', dct.c:61->dct.c:85) [20]  (0 ns)
	'icmp' operation ('exitcond_i', dct.c:61->dct.c:85) [28]  (3.1 ns)
	'select' operation ('c_i_mid2', dct.c:61->dct.c:85) [29]  (2.07 ns)

 <State 3>: 5.96ns
The critical path consists of the following:
	'add' operation ('tmp_9_i', dct.c:62->dct.c:85) [39]  (2.71 ns)
	'getelementptr' operation ('input_addr', dct.c:62->dct.c:85) [41]  (0 ns)
	'load' operation ('input_load', dct.c:62->dct.c:85) on array 'input_r' [42]  (3.25 ns)

 <State 4>: 6.51ns
The critical path consists of the following:
	'load' operation ('input_load', dct.c:62->dct.c:85) on array 'input_r' [42]  (3.25 ns)
	'store' operation (dct.c:62->dct.c:85) of variable 'input_load', dct.c:62->dct.c:85 on array 'buf_2d_in', dct.c:81 [47]  (3.25 ns)

 <State 5>: 0ns
The critical path consists of the following:

 <State 6>: 1.77ns
The critical path consists of the following:
	multiplexor before 'phi' operation ('indvar_flatten2') with incoming values : ('indvar_flatten_next2') [55]  (1.77 ns)

 <State 7>: 5.17ns
The critical path consists of the following:
	'phi' operation ('c') with incoming values : ('c', dct.c:73->dct.c:90) [57]  (0 ns)
	'icmp' operation ('exitcond_i1', dct.c:73->dct.c:90) [65]  (3.1 ns)
	'select' operation ('c_i6_mid2', dct.c:73->dct.c:90) [66]  (2.07 ns)

 <State 8>: 6.01ns
The critical path consists of the following:
	'add' operation ('tmp_35', dct.c:74->dct.c:90) [77]  (2.75 ns)
	'getelementptr' operation ('buf_2d_out_addr', dct.c:74->dct.c:90) [79]  (0 ns)
	'load' operation ('buf_2d_out_load', dct.c:74->dct.c:90) on array 'buf_2d_out' [80]  (3.25 ns)

 <State 9>: 6.51ns
The critical path consists of the following:
	'load' operation ('buf_2d_out_load', dct.c:74->dct.c:90) on array 'buf_2d_out' [80]  (3.25 ns)
	'store' operation (dct.c:74->dct.c:90) of variable 'buf_2d_out_load', dct.c:74->dct.c:90 on array 'output_r' [84]  (3.25 ns)

 <State 10>: 0ns
The critical path consists of the following:


============================================================
+ Verbose Summary: Binding
============================================================
N/A
* FSMD analyzer results:
  - Output states:
 - Input state : 
  - Chain level:
	State 1
	State 2
	State 3
	State 4
	State 5
	State 6
	State 7
	State 8
	State 9
	State 10


============================================================
+ Verbose Summary: Datapath Resource usage 
============================================================
N/A
