
*** Running vivado
    with args -log system_auto_pc_0.vds -m64 -product Vivado -mode batch -messageDb vivado.pb -notrace -source system_auto_pc_0.tcl


****** Vivado v2017.2 (64-bit)
  **** SW Build 1909853 on Thu Jun 15 18:39:10 MDT 2017
  **** IP Build 1909766 on Thu Jun 15 19:58:00 MDT 2017
    ** Copyright 1986-2017 Xilinx, Inc. All Rights Reserved.

source system_auto_pc_0.tcl -notrace
Starting RTL Elaboration : Time (s): cpu = 00:00:05 ; elapsed = 00:00:05 . Memory (MB): peak = 1141.180 ; gain = 62.000 ; free physical = 120 ; free virtual = 3594
INFO: [Synth 8-638] synthesizing module 'system_auto_pc_0' [/home/lf-securitas/Documentos/ISPR/lab6/lab6.srcs/sources_1/bd/system/ip/system_auto_pc_0/synth/system_auto_pc_0.v:58]
INFO: [Synth 8-638] synthesizing module 'axi_protocol_converter_v2_1_13_axi_protocol_converter' [/home/lf-securitas/Documentos/ISPR/lab6/lab6.srcs/sources_1/bd/system/ipshared/f0ae/hdl/axi_protocol_converter_v2_1_vl_rfs.v:4811]
INFO: [Synth 8-638] synthesizing module 'axi_protocol_converter_v2_1_13_b2s' [/home/lf-securitas/Documentos/ISPR/lab6/lab6.srcs/sources_1/bd/system/ipshared/f0ae/hdl/axi_protocol_converter_v2_1_vl_rfs.v:4229]
INFO: [Synth 8-638] synthesizing module 'axi_protocol_converter_v2_1_13_b2s_aw_channel' [/home/lf-securitas/Documentos/ISPR/lab6/lab6.srcs/sources_1/bd/system/ipshared/f0ae/hdl/axi_protocol_converter_v2_1_vl_rfs.v:3974]
INFO: [Synth 8-638] synthesizing module 'axi_protocol_converter_v2_1_13_b2s_cmd_translator' [/home/lf-securitas/Documentos/ISPR/lab6/lab6.srcs/sources_1/bd/system/ipshared/f0ae/hdl/axi_protocol_converter_v2_1_vl_rfs.v:3467]
INFO: [Synth 8-638] synthesizing module 'axi_protocol_converter_v2_1_13_b2s_incr_cmd' [/home/lf-securitas/Documentos/ISPR/lab6/lab6.srcs/sources_1/bd/system/ipshared/f0ae/hdl/axi_protocol_converter_v2_1_vl_rfs.v:3093]
INFO: [Synth 8-256] done synthesizing module 'axi_protocol_converter_v2_1_13_b2s_incr_cmd' (1#1) [/home/lf-securitas/Documentos/ISPR/lab6/lab6.srcs/sources_1/bd/system/ipshared/f0ae/hdl/axi_protocol_converter_v2_1_vl_rfs.v:3093]
INFO: [Synth 8-638] synthesizing module 'axi_protocol_converter_v2_1_13_b2s_wrap_cmd' [/home/lf-securitas/Documentos/ISPR/lab6/lab6.srcs/sources_1/bd/system/ipshared/f0ae/hdl/axi_protocol_converter_v2_1_vl_rfs.v:2903]
INFO: [Synth 8-256] done synthesizing module 'axi_protocol_converter_v2_1_13_b2s_wrap_cmd' (2#1) [/home/lf-securitas/Documentos/ISPR/lab6/lab6.srcs/sources_1/bd/system/ipshared/f0ae/hdl/axi_protocol_converter_v2_1_vl_rfs.v:2903]
INFO: [Synth 8-256] done synthesizing module 'axi_protocol_converter_v2_1_13_b2s_cmd_translator' (3#1) [/home/lf-securitas/Documentos/ISPR/lab6/lab6.srcs/sources_1/bd/system/ipshared/f0ae/hdl/axi_protocol_converter_v2_1_vl_rfs.v:3467]
INFO: [Synth 8-638] synthesizing module 'axi_protocol_converter_v2_1_13_b2s_wr_cmd_fsm' [/home/lf-securitas/Documentos/ISPR/lab6/lab6.srcs/sources_1/bd/system/ipshared/f0ae/hdl/axi_protocol_converter_v2_1_vl_rfs.v:3225]
INFO: [Synth 8-256] done synthesizing module 'axi_protocol_converter_v2_1_13_b2s_wr_cmd_fsm' (4#1) [/home/lf-securitas/Documentos/ISPR/lab6/lab6.srcs/sources_1/bd/system/ipshared/f0ae/hdl/axi_protocol_converter_v2_1_vl_rfs.v:3225]
INFO: [Synth 8-256] done synthesizing module 'axi_protocol_converter_v2_1_13_b2s_aw_channel' (5#1) [/home/lf-securitas/Documentos/ISPR/lab6/lab6.srcs/sources_1/bd/system/ipshared/f0ae/hdl/axi_protocol_converter_v2_1_vl_rfs.v:3974]
INFO: [Synth 8-638] synthesizing module 'axi_protocol_converter_v2_1_13_b2s_b_channel' [/home/lf-securitas/Documentos/ISPR/lab6/lab6.srcs/sources_1/bd/system/ipshared/f0ae/hdl/axi_protocol_converter_v2_1_vl_rfs.v:3609]
INFO: [Synth 8-638] synthesizing module 'axi_protocol_converter_v2_1_13_b2s_simple_fifo' [/home/lf-securitas/Documentos/ISPR/lab6/lab6.srcs/sources_1/bd/system/ipshared/f0ae/hdl/axi_protocol_converter_v2_1_vl_rfs.v:2816]
INFO: [Synth 8-256] done synthesizing module 'axi_protocol_converter_v2_1_13_b2s_simple_fifo' (6#1) [/home/lf-securitas/Documentos/ISPR/lab6/lab6.srcs/sources_1/bd/system/ipshared/f0ae/hdl/axi_protocol_converter_v2_1_vl_rfs.v:2816]
INFO: [Synth 8-638] synthesizing module 'axi_protocol_converter_v2_1_13_b2s_simple_fifo__parameterized0' [/home/lf-securitas/Documentos/ISPR/lab6/lab6.srcs/sources_1/bd/system/ipshared/f0ae/hdl/axi_protocol_converter_v2_1_vl_rfs.v:2816]
INFO: [Synth 8-256] done synthesizing module 'axi_protocol_converter_v2_1_13_b2s_simple_fifo__parameterized0' (6#1) [/home/lf-securitas/Documentos/ISPR/lab6/lab6.srcs/sources_1/bd/system/ipshared/f0ae/hdl/axi_protocol_converter_v2_1_vl_rfs.v:2816]
INFO: [Synth 8-256] done synthesizing module 'axi_protocol_converter_v2_1_13_b2s_b_channel' (7#1) [/home/lf-securitas/Documentos/ISPR/lab6/lab6.srcs/sources_1/bd/system/ipshared/f0ae/hdl/axi_protocol_converter_v2_1_vl_rfs.v:3609]
INFO: [Synth 8-638] synthesizing module 'axi_protocol_converter_v2_1_13_b2s_ar_channel' [/home/lf-securitas/Documentos/ISPR/lab6/lab6.srcs/sources_1/bd/system/ipshared/f0ae/hdl/axi_protocol_converter_v2_1_vl_rfs.v:4085]
INFO: [Synth 8-638] synthesizing module 'axi_protocol_converter_v2_1_13_b2s_rd_cmd_fsm' [/home/lf-securitas/Documentos/ISPR/lab6/lab6.srcs/sources_1/bd/system/ipshared/f0ae/hdl/axi_protocol_converter_v2_1_vl_rfs.v:3336]
INFO: [Synth 8-256] done synthesizing module 'axi_protocol_converter_v2_1_13_b2s_rd_cmd_fsm' (8#1) [/home/lf-securitas/Documentos/ISPR/lab6/lab6.srcs/sources_1/bd/system/ipshared/f0ae/hdl/axi_protocol_converter_v2_1_vl_rfs.v:3336]
INFO: [Synth 8-256] done synthesizing module 'axi_protocol_converter_v2_1_13_b2s_ar_channel' (9#1) [/home/lf-securitas/Documentos/ISPR/lab6/lab6.srcs/sources_1/bd/system/ipshared/f0ae/hdl/axi_protocol_converter_v2_1_vl_rfs.v:4085]
INFO: [Synth 8-638] synthesizing module 'axi_protocol_converter_v2_1_13_b2s_r_channel' [/home/lf-securitas/Documentos/ISPR/lab6/lab6.srcs/sources_1/bd/system/ipshared/f0ae/hdl/axi_protocol_converter_v2_1_vl_rfs.v:3814]
INFO: [Synth 8-638] synthesizing module 'axi_protocol_converter_v2_1_13_b2s_simple_fifo__parameterized1' [/home/lf-securitas/Documentos/ISPR/lab6/lab6.srcs/sources_1/bd/system/ipshared/f0ae/hdl/axi_protocol_converter_v2_1_vl_rfs.v:2816]
INFO: [Synth 8-256] done synthesizing module 'axi_protocol_converter_v2_1_13_b2s_simple_fifo__parameterized1' (9#1) [/home/lf-securitas/Documentos/ISPR/lab6/lab6.srcs/sources_1/bd/system/ipshared/f0ae/hdl/axi_protocol_converter_v2_1_vl_rfs.v:2816]
INFO: [Synth 8-638] synthesizing module 'axi_protocol_converter_v2_1_13_b2s_simple_fifo__parameterized2' [/home/lf-securitas/Documentos/ISPR/lab6/lab6.srcs/sources_1/bd/system/ipshared/f0ae/hdl/axi_protocol_converter_v2_1_vl_rfs.v:2816]
INFO: [Synth 8-256] done synthesizing module 'axi_protocol_converter_v2_1_13_b2s_simple_fifo__parameterized2' (9#1) [/home/lf-securitas/Documentos/ISPR/lab6/lab6.srcs/sources_1/bd/system/ipshared/f0ae/hdl/axi_protocol_converter_v2_1_vl_rfs.v:2816]
INFO: [Synth 8-256] done synthesizing module 'axi_protocol_converter_v2_1_13_b2s_r_channel' (10#1) [/home/lf-securitas/Documentos/ISPR/lab6/lab6.srcs/sources_1/bd/system/ipshared/f0ae/hdl/axi_protocol_converter_v2_1_vl_rfs.v:3814]
INFO: [Synth 8-638] synthesizing module 'axi_register_slice_v2_1_13_axi_register_slice' [/home/lf-securitas/Documentos/ISPR/lab6/lab6.srcs/sources_1/bd/system/ipshared/55c0/hdl/axi_register_slice_v2_1_vl_rfs.v:791]
INFO: [Synth 8-638] synthesizing module 'axi_infrastructure_v1_1_0_axi2vector' [/home/lf-securitas/Documentos/ISPR/lab6/lab6.srcs/sources_1/bd/system/ipshared/7e3a/hdl/axi_infrastructure_v1_1_vl_rfs.v:60]
INFO: [Synth 8-256] done synthesizing module 'axi_infrastructure_v1_1_0_axi2vector' (11#1) [/home/lf-securitas/Documentos/ISPR/lab6/lab6.srcs/sources_1/bd/system/ipshared/7e3a/hdl/axi_infrastructure_v1_1_vl_rfs.v:60]
INFO: [Synth 8-638] synthesizing module 'axi_register_slice_v2_1_13_axic_register_slice' [/home/lf-securitas/Documentos/ISPR/lab6/lab6.srcs/sources_1/bd/system/ipshared/55c0/hdl/axi_register_slice_v2_1_vl_rfs.v:85]
INFO: [Synth 8-256] done synthesizing module 'axi_register_slice_v2_1_13_axic_register_slice' (12#1) [/home/lf-securitas/Documentos/ISPR/lab6/lab6.srcs/sources_1/bd/system/ipshared/55c0/hdl/axi_register_slice_v2_1_vl_rfs.v:85]
INFO: [Synth 8-638] synthesizing module 'axi_register_slice_v2_1_13_axic_register_slice__parameterized0' [/home/lf-securitas/Documentos/ISPR/lab6/lab6.srcs/sources_1/bd/system/ipshared/55c0/hdl/axi_register_slice_v2_1_vl_rfs.v:85]
INFO: [Synth 8-256] done synthesizing module 'axi_register_slice_v2_1_13_axic_register_slice__parameterized0' (12#1) [/home/lf-securitas/Documentos/ISPR/lab6/lab6.srcs/sources_1/bd/system/ipshared/55c0/hdl/axi_register_slice_v2_1_vl_rfs.v:85]
INFO: [Synth 8-638] synthesizing module 'axi_register_slice_v2_1_13_axic_register_slice__parameterized1' [/home/lf-securitas/Documentos/ISPR/lab6/lab6.srcs/sources_1/bd/system/ipshared/55c0/hdl/axi_register_slice_v2_1_vl_rfs.v:85]
INFO: [Synth 8-256] done synthesizing module 'axi_register_slice_v2_1_13_axic_register_slice__parameterized1' (12#1) [/home/lf-securitas/Documentos/ISPR/lab6/lab6.srcs/sources_1/bd/system/ipshared/55c0/hdl/axi_register_slice_v2_1_vl_rfs.v:85]
INFO: [Synth 8-638] synthesizing module 'axi_register_slice_v2_1_13_axic_register_slice__parameterized2' [/home/lf-securitas/Documentos/ISPR/lab6/lab6.srcs/sources_1/bd/system/ipshared/55c0/hdl/axi_register_slice_v2_1_vl_rfs.v:85]
INFO: [Synth 8-256] done synthesizing module 'axi_register_slice_v2_1_13_axic_register_slice__parameterized2' (12#1) [/home/lf-securitas/Documentos/ISPR/lab6/lab6.srcs/sources_1/bd/system/ipshared/55c0/hdl/axi_register_slice_v2_1_vl_rfs.v:85]
INFO: [Synth 8-638] synthesizing module 'axi_infrastructure_v1_1_0_vector2axi' [/home/lf-securitas/Documentos/ISPR/lab6/lab6.srcs/sources_1/bd/system/ipshared/7e3a/hdl/axi_infrastructure_v1_1_vl_rfs.v:474]
INFO: [Synth 8-256] done synthesizing module 'axi_infrastructure_v1_1_0_vector2axi' (13#1) [/home/lf-securitas/Documentos/ISPR/lab6/lab6.srcs/sources_1/bd/system/ipshared/7e3a/hdl/axi_infrastructure_v1_1_vl_rfs.v:474]
INFO: [Synth 8-256] done synthesizing module 'axi_register_slice_v2_1_13_axi_register_slice' (14#1) [/home/lf-securitas/Documentos/ISPR/lab6/lab6.srcs/sources_1/bd/system/ipshared/55c0/hdl/axi_register_slice_v2_1_vl_rfs.v:791]
INFO: [Synth 8-638] synthesizing module 'axi_register_slice_v2_1_13_axi_register_slice__parameterized0' [/home/lf-securitas/Documentos/ISPR/lab6/lab6.srcs/sources_1/bd/system/ipshared/55c0/hdl/axi_register_slice_v2_1_vl_rfs.v:791]
INFO: [Synth 8-638] synthesizing module 'axi_infrastructure_v1_1_0_axi2vector__parameterized0' [/home/lf-securitas/Documentos/ISPR/lab6/lab6.srcs/sources_1/bd/system/ipshared/7e3a/hdl/axi_infrastructure_v1_1_vl_rfs.v:60]
INFO: [Synth 8-256] done synthesizing module 'axi_infrastructure_v1_1_0_axi2vector__parameterized0' (14#1) [/home/lf-securitas/Documentos/ISPR/lab6/lab6.srcs/sources_1/bd/system/ipshared/7e3a/hdl/axi_infrastructure_v1_1_vl_rfs.v:60]
INFO: [Synth 8-638] synthesizing module 'axi_register_slice_v2_1_13_axic_register_slice__parameterized3' [/home/lf-securitas/Documentos/ISPR/lab6/lab6.srcs/sources_1/bd/system/ipshared/55c0/hdl/axi_register_slice_v2_1_vl_rfs.v:85]
INFO: [Synth 8-256] done synthesizing module 'axi_register_slice_v2_1_13_axic_register_slice__parameterized3' (14#1) [/home/lf-securitas/Documentos/ISPR/lab6/lab6.srcs/sources_1/bd/system/ipshared/55c0/hdl/axi_register_slice_v2_1_vl_rfs.v:85]
INFO: [Synth 8-638] synthesizing module 'axi_register_slice_v2_1_13_axic_register_slice__parameterized4' [/home/lf-securitas/Documentos/ISPR/lab6/lab6.srcs/sources_1/bd/system/ipshared/55c0/hdl/axi_register_slice_v2_1_vl_rfs.v:85]
INFO: [Synth 8-256] done synthesizing module 'axi_register_slice_v2_1_13_axic_register_slice__parameterized4' (14#1) [/home/lf-securitas/Documentos/ISPR/lab6/lab6.srcs/sources_1/bd/system/ipshared/55c0/hdl/axi_register_slice_v2_1_vl_rfs.v:85]
INFO: [Synth 8-638] synthesizing module 'axi_register_slice_v2_1_13_axic_register_slice__parameterized5' [/home/lf-securitas/Documentos/ISPR/lab6/lab6.srcs/sources_1/bd/system/ipshared/55c0/hdl/axi_register_slice_v2_1_vl_rfs.v:85]
INFO: [Synth 8-256] done synthesizing module 'axi_register_slice_v2_1_13_axic_register_slice__parameterized5' (14#1) [/home/lf-securitas/Documentos/ISPR/lab6/lab6.srcs/sources_1/bd/system/ipshared/55c0/hdl/axi_register_slice_v2_1_vl_rfs.v:85]
INFO: [Synth 8-638] synthesizing module 'axi_register_slice_v2_1_13_axic_register_slice__parameterized6' [/home/lf-securitas/Documentos/ISPR/lab6/lab6.srcs/sources_1/bd/system/ipshared/55c0/hdl/axi_register_slice_v2_1_vl_rfs.v:85]
INFO: [Synth 8-256] done synthesizing module 'axi_register_slice_v2_1_13_axic_register_slice__parameterized6' (14#1) [/home/lf-securitas/Documentos/ISPR/lab6/lab6.srcs/sources_1/bd/system/ipshared/55c0/hdl/axi_register_slice_v2_1_vl_rfs.v:85]
INFO: [Synth 8-638] synthesizing module 'axi_infrastructure_v1_1_0_vector2axi__parameterized0' [/home/lf-securitas/Documentos/ISPR/lab6/lab6.srcs/sources_1/bd/system/ipshared/7e3a/hdl/axi_infrastructure_v1_1_vl_rfs.v:474]
INFO: [Synth 8-256] done synthesizing module 'axi_infrastructure_v1_1_0_vector2axi__parameterized0' (14#1) [/home/lf-securitas/Documentos/ISPR/lab6/lab6.srcs/sources_1/bd/system/ipshared/7e3a/hdl/axi_infrastructure_v1_1_vl_rfs.v:474]
INFO: [Synth 8-256] done synthesizing module 'axi_register_slice_v2_1_13_axi_register_slice__parameterized0' (14#1) [/home/lf-securitas/Documentos/ISPR/lab6/lab6.srcs/sources_1/bd/system/ipshared/55c0/hdl/axi_register_slice_v2_1_vl_rfs.v:791]
INFO: [Synth 8-256] done synthesizing module 'axi_protocol_converter_v2_1_13_b2s' (15#1) [/home/lf-securitas/Documentos/ISPR/lab6/lab6.srcs/sources_1/bd/system/ipshared/f0ae/hdl/axi_protocol_converter_v2_1_vl_rfs.v:4229]
INFO: [Synth 8-256] done synthesizing module 'axi_protocol_converter_v2_1_13_axi_protocol_converter' (16#1) [/home/lf-securitas/Documentos/ISPR/lab6/lab6.srcs/sources_1/bd/system/ipshared/f0ae/hdl/axi_protocol_converter_v2_1_vl_rfs.v:4811]
INFO: [Synth 8-256] done synthesizing module 'system_auto_pc_0' (17#1) [/home/lf-securitas/Documentos/ISPR/lab6/lab6.srcs/sources_1/bd/system/ip/system_auto_pc_0/synth/system_auto_pc_0.v:58]
Finished RTL Elaboration : Time (s): cpu = 00:00:36 ; elapsed = 00:00:36 . Memory (MB): peak = 1261.680 ; gain = 182.500 ; free physical = 638 ; free virtual = 3080
Finished RTL Optimization Phase 1 : Time (s): cpu = 00:00:36 ; elapsed = 00:00:37 . Memory (MB): peak = 1261.680 ; gain = 182.500 ; free physical = 1277 ; free virtual = 3723
INFO: [Device 21-403] Loading part xc7z010clg400-1
Constraint Validation Runtime : Time (s): cpu = 00:00:00.11 ; elapsed = 00:00:00.06 . Memory (MB): peak = 1550.895 ; gain = 0.000 ; free physical = 1360 ; free virtual = 3924
Finished Constraint Validation : Time (s): cpu = 00:00:51 ; elapsed = 00:00:52 . Memory (MB): peak = 1550.895 ; gain = 471.715 ; free physical = 1238 ; free virtual = 3901
Finished Loading Part and Timing Information : Time (s): cpu = 00:00:51 ; elapsed = 00:00:52 . Memory (MB): peak = 1550.895 ; gain = 471.715 ; free physical = 1238 ; free virtual = 3901
Finished applying 'set_property' XDC Constraints : Time (s): cpu = 00:00:51 ; elapsed = 00:00:52 . Memory (MB): peak = 1550.895 ; gain = 471.715 ; free physical = 1240 ; free virtual = 3904
Finished RTL Optimization Phase 2 : Time (s): cpu = 00:00:51 ; elapsed = 00:00:53 . Memory (MB): peak = 1550.895 ; gain = 471.715 ; free physical = 1200 ; free virtual = 3864
Finished Cross Boundary and Area Optimization : Time (s): cpu = 00:00:54 ; elapsed = 00:00:56 . Memory (MB): peak = 1550.895 ; gain = 471.715 ; free physical = 1181 ; free virtual = 3867
Finished Applying XDC Timing Constraints : Time (s): cpu = 00:01:01 ; elapsed = 00:01:03 . Memory (MB): peak = 1550.895 ; gain = 471.715 ; free physical = 857 ; free virtual = 3547
Finished Timing Optimization : Time (s): cpu = 00:01:03 ; elapsed = 00:01:05 . Memory (MB): peak = 1550.895 ; gain = 471.715 ; free physical = 777 ; free virtual = 3467
Finished Technology Mapping : Time (s): cpu = 00:01:03 ; elapsed = 00:01:06 . Memory (MB): peak = 1551.496 ; gain = 472.316 ; free physical = 730 ; free virtual = 3420
Finished IO Insertion : Time (s): cpu = 00:01:04 ; elapsed = 00:01:06 . Memory (MB): peak = 1551.496 ; gain = 472.316 ; free physical = 795 ; free virtual = 3485
Finished Renaming Generated Instances : Time (s): cpu = 00:01:04 ; elapsed = 00:01:06 . Memory (MB): peak = 1551.496 ; gain = 472.316 ; free physical = 795 ; free virtual = 3485
Finished Rebuilding User Hierarchy : Time (s): cpu = 00:01:04 ; elapsed = 00:01:07 . Memory (MB): peak = 1551.496 ; gain = 472.316 ; free physical = 794 ; free virtual = 3485
Finished Renaming Generated Ports : Time (s): cpu = 00:01:04 ; elapsed = 00:01:07 . Memory (MB): peak = 1551.496 ; gain = 472.316 ; free physical = 793 ; free virtual = 3484
Finished Handling Custom Attributes : Time (s): cpu = 00:01:04 ; elapsed = 00:01:07 . Memory (MB): peak = 1551.496 ; gain = 472.316 ; free physical = 789 ; free virtual = 3479
Finished Renaming Generated Nets : Time (s): cpu = 00:01:04 ; elapsed = 00:01:07 . Memory (MB): peak = 1551.496 ; gain = 472.316 ; free physical = 788 ; free virtual = 3478

Report Cell Usage: 
+------+--------+------+
|      |Cell    |Count |
+------+--------+------+
|1     |CARRY4  |    18|
|2     |LUT1    |    38|
|3     |LUT2    |    18|
|4     |LUT3    |   236|
|5     |LUT4    |    48|
|6     |LUT5    |    73|
|7     |LUT6    |   103|
|8     |SRL16E  |    18|
|9     |SRLC32E |    47|
|10    |FDRE    |   550|
|11    |FDSE    |    48|
+------+--------+------+
Finished Writing Synthesis Report : Time (s): cpu = 00:01:04 ; elapsed = 00:01:07 . Memory (MB): peak = 1551.496 ; gain = 472.316 ; free physical = 787 ; free virtual = 3478
synth_design: Time (s): cpu = 00:01:06 ; elapsed = 00:01:08 . Memory (MB): peak = 1583.512 ; gain = 516.914 ; free physical = 830 ; free virtual = 3521
