
*** Running vivado
    with args -log system_axi_bram_ctrl_0_bram_0.vds -m64 -product Vivado -mode batch -messageDb vivado.pb -notrace -source system_axi_bram_ctrl_0_bram_0.tcl


****** Vivado v2017.2 (64-bit)
  **** SW Build 1909853 on Thu Jun 15 18:39:10 MDT 2017
  **** IP Build 1909766 on Thu Jun 15 19:58:00 MDT 2017
    ** Copyright 1986-2017 Xilinx, Inc. All Rights Reserved.

source system_axi_bram_ctrl_0_bram_0.tcl -notrace
Starting RTL Elaboration : Time (s): cpu = 00:00:05 ; elapsed = 00:00:05 . Memory (MB): peak = 1136.188 ; gain = 57.000 ; free physical = 687 ; free virtual = 4832
INFO: [Synth 8-638] synthesizing module 'system_axi_bram_ctrl_0_bram_0' [/home/lf-securitas/Documentos/ISPR/lab3/lab3.srcs/sources_1/bd/system/ip/system_axi_bram_ctrl_0_bram_0/synth/system_axi_bram_ctrl_0_bram_0.vhd:78]
INFO: [Synth 8-256] done synthesizing module 'system_axi_bram_ctrl_0_bram_0' (11#1) [/home/lf-securitas/Documentos/ISPR/lab3/lab3.srcs/sources_1/bd/system/ip/system_axi_bram_ctrl_0_bram_0/synth/system_axi_bram_ctrl_0_bram_0.vhd:78]
Finished RTL Elaboration : Time (s): cpu = 00:00:52 ; elapsed = 00:00:52 . Memory (MB): peak = 1337.586 ; gain = 258.398 ; free physical = 2008 ; free virtual = 6180
Finished RTL Optimization Phase 1 : Time (s): cpu = 00:00:52 ; elapsed = 00:00:52 . Memory (MB): peak = 1337.586 ; gain = 258.398 ; free physical = 2017 ; free virtual = 6189
INFO: [Device 21-403] Loading part xc7z010clg400-1
Constraint Validation Runtime : Time (s): cpu = 00:00:00.03 ; elapsed = 00:00:00.02 . Memory (MB): peak = 1518.793 ; gain = 0.000 ; free physical = 1795 ; free virtual = 5966
Finished Constraint Validation : Time (s): cpu = 00:00:59 ; elapsed = 00:01:00 . Memory (MB): peak = 1518.793 ; gain = 439.605 ; free physical = 1872 ; free virtual = 6044
Finished Loading Part and Timing Information : Time (s): cpu = 00:00:59 ; elapsed = 00:01:00 . Memory (MB): peak = 1518.793 ; gain = 439.605 ; free physical = 1872 ; free virtual = 6044
Finished applying 'set_property' XDC Constraints : Time (s): cpu = 00:00:59 ; elapsed = 00:01:00 . Memory (MB): peak = 1518.793 ; gain = 439.605 ; free physical = 1876 ; free virtual = 6048
Finished RTL Optimization Phase 2 : Time (s): cpu = 00:01:00 ; elapsed = 00:01:00 . Memory (MB): peak = 1518.793 ; gain = 439.605 ; free physical = 1868 ; free virtual = 6040
Finished Cross Boundary and Area Optimization : Time (s): cpu = 00:01:00 ; elapsed = 00:01:00 . Memory (MB): peak = 1518.793 ; gain = 439.605 ; free physical = 1860 ; free virtual = 6032
Finished Applying XDC Timing Constraints : Time (s): cpu = 00:01:05 ; elapsed = 00:01:05 . Memory (MB): peak = 1518.793 ; gain = 439.605 ; free physical = 1732 ; free virtual = 5904
Finished Timing Optimization : Time (s): cpu = 00:01:05 ; elapsed = 00:01:05 . Memory (MB): peak = 1518.793 ; gain = 439.605 ; free physical = 1731 ; free virtual = 5903
Finished Technology Mapping : Time (s): cpu = 00:01:05 ; elapsed = 00:01:05 . Memory (MB): peak = 1518.793 ; gain = 439.605 ; free physical = 1729 ; free virtual = 5900
Finished IO Insertion : Time (s): cpu = 00:01:05 ; elapsed = 00:01:06 . Memory (MB): peak = 1518.793 ; gain = 439.605 ; free physical = 1729 ; free virtual = 5900
Finished Renaming Generated Instances : Time (s): cpu = 00:01:05 ; elapsed = 00:01:06 . Memory (MB): peak = 1518.793 ; gain = 439.605 ; free physical = 1729 ; free virtual = 5900
Finished Rebuilding User Hierarchy : Time (s): cpu = 00:01:05 ; elapsed = 00:01:06 . Memory (MB): peak = 1518.793 ; gain = 439.605 ; free physical = 1729 ; free virtual = 5900
Finished Renaming Generated Ports : Time (s): cpu = 00:01:05 ; elapsed = 00:01:06 . Memory (MB): peak = 1518.793 ; gain = 439.605 ; free physical = 1729 ; free virtual = 5900
Finished Handling Custom Attributes : Time (s): cpu = 00:01:05 ; elapsed = 00:01:06 . Memory (MB): peak = 1518.793 ; gain = 439.605 ; free physical = 1729 ; free virtual = 5900
Finished Renaming Generated Nets : Time (s): cpu = 00:01:05 ; elapsed = 00:01:06 . Memory (MB): peak = 1518.793 ; gain = 439.605 ; free physical = 1729 ; free virtual = 5900

Report Cell Usage: 
+------+---------+------+
|      |Cell     |Count |
+------+---------+------+
|1     |RAMB36E1 |    16|
+------+---------+------+
Finished Writing Synthesis Report : Time (s): cpu = 00:01:05 ; elapsed = 00:01:06 . Memory (MB): peak = 1518.793 ; gain = 439.605 ; free physical = 1729 ; free virtual = 5900
synth_design: Time (s): cpu = 00:01:06 ; elapsed = 00:01:07 . Memory (MB): peak = 1518.793 ; gain = 452.188 ; free physical = 1754 ; free virtual = 5926
